2017-07-31 11:24:28.6789|DEBUG|GroupHRIS.EmployeeLeave.webFrmEmployeeLeaveSheet|IP:::1webFrmEmployeeLeaveSheet : Page_Load
2017-07-31 11:24:28.8349|DEBUG|GroupHRIS.EmployeeLeave.webFrmEmployeeLeaveSheet|webFrmEmployeeLeaveSheet : createLeaveBucket()
2017-07-31 11:24:28.8349|DEBUG|GroupHRIS.EmployeeLeave.webFrmEmployeeLeaveSheet|webFrmEmployeeLeaveSheet : fillHours()
2017-07-31 11:24:28.8349|DEBUG|GroupHRIS.EmployeeLeave.webFrmEmployeeLeaveSheet|webFrmEmployeeLeaveSheet : fillMinutes()
2017-07-31 11:24:28.8349|DEBUG|GroupHRIS.EmployeeLeave.webFrmEmployeeLeaveSheet|webFrmEmployeeLeaveSheet : fillHours()
2017-07-31 11:24:28.8349|DEBUG|GroupHRIS.EmployeeLeave.webFrmEmployeeLeaveSheet|webFrmEmployeeLeaveSheet : fillMinutes()
2017-07-31 11:24:28.9009|DEBUG|GroupHRIS.EmployeeLeave.webFrmEmployeeLeaveSheet|webFrmEmployeeLeaveSheet : fillLeaveSummary()
2017-07-31 11:24:28.9509|DEBUG|GroupHRIS.EmployeeLeave.webFrmEmployeeLeaveSheet|webFrmEmployeeLeaveSheet : getSupervisor()
2017-07-31 11:24:28.9509|DEBUG|GroupHRIS.EmployeeLeave.webFrmEmployeeLeaveSheet|webFrmEmployeeLeaveSheet : LoadEmployeeName()
2017-07-31 11:24:28.9659|DEBUG|GroupHRIS.EmployeeLeave.webFrmEmployeeLeaveSheet|webFrmEmployeeLeaveSheet : fillHistory()
2017-07-31 11:24:28.9659|DEBUG|GroupHRIS.EmployeeLeave.webFrmEmployeeLeaveSheet|webFrmEmployeeLeaveSheet : LoadEmployeeName()
2017-07-31 11:25:07.7881|DEBUG|GroupHRIS.EmployeeLeave.webFrmEmployeeLeaveScheme|IP:::1webFrmEmployeeLeaveScheme : Page_Load
2017-07-31 11:25:07.7981|DEBUG|GroupHRIS.EmployeeLeave.webFrmEmployeeLeaveScheme|webFrmEmployeeLeaveScheme : fillLeaveSchemes()
2017-07-31 11:25:20.8329|DEBUG|GroupHRIS.EmployeeLeave.webFrmEmployeeLeaveSheet|IP:::1webFrmEmployeeLeaveSheet : Page_Load
2017-07-31 11:25:20.8329|DEBUG|GroupHRIS.EmployeeLeave.webFrmEmployeeLeaveSheet|webFrmEmployeeLeaveSheet : createLeaveBucket()
2017-07-31 11:25:20.8349|DEBUG|GroupHRIS.EmployeeLeave.webFrmEmployeeLeaveSheet|webFrmEmployeeLeaveSheet : fillHours()
2017-07-31 11:25:20.8349|DEBUG|GroupHRIS.EmployeeLeave.webFrmEmployeeLeaveSheet|webFrmEmployeeLeaveSheet : fillMinutes()
2017-07-31 11:25:20.8349|DEBUG|GroupHRIS.EmployeeLeave.webFrmEmployeeLeaveSheet|webFrmEmployeeLeaveSheet : fillHours()
2017-07-31 11:25:20.8349|DEBUG|GroupHRIS.EmployeeLeave.webFrmEmployeeLeaveSheet|webFrmEmployeeLeaveSheet : fillMinutes()
2017-07-31 11:25:20.8349|DEBUG|GroupHRIS.EmployeeLeave.webFrmEmployeeLeaveSheet|webFrmEmployeeLeaveSheet : fillLeaveSummary()
2017-07-31 11:25:20.9619|DEBUG|GroupHRIS.EmployeeLeave.webFrmEmployeeLeaveSheet|webFrmEmployeeLeaveSheet : getSupervisor()
2017-07-31 11:25:20.9619|DEBUG|GroupHRIS.EmployeeLeave.webFrmEmployeeLeaveSheet|webFrmEmployeeLeaveSheet : LoadEmployeeName()
2017-07-31 11:25:20.9779|DEBUG|GroupHRIS.EmployeeLeave.webFrmEmployeeLeaveSheet|webFrmEmployeeLeaveSheet : fillHistory()
2017-07-31 11:25:20.9779|DEBUG|GroupHRIS.EmployeeLeave.webFrmEmployeeLeaveSheet|webFrmEmployeeLeaveSheet : LoadEmployeeName()
2017-07-31 11:25:47.3764|DEBUG|GroupHRIS.Employee.webFrmEmployeeSearch|Page_Load()
2017-07-31 11:25:47.3764|DEBUG|GroupHRIS.Employee.webFrmEmployeeSearch|fillCompanies() - companyId:CP64
2017-07-31 11:25:47.4264|DEBUG|GroupHRIS.Employee.webFrmEmployeeSearch|fillEmployeeStatus():
2017-07-31 11:25:53.8535|DEBUG|GroupHRIS.Employee.webFrmEmployeeSearch|Page_Load()
2017-07-31 11:25:57.0983|DEBUG|GroupHRIS.Employee.webFrmEmployeeSearch|Page_Load()
2017-07-31 11:25:59.7347|DEBUG|GroupHRIS.EmployeeLeave.webFrmEmployeeLeaveSheet|IP:::1webFrmEmployeeLeaveSheet : Page_Load
2017-07-31 11:25:59.7347|DEBUG|GroupHRIS.EmployeeLeave.webFrmEmployeeLeaveSheet|webFrmEmployeeLeaveSheet : LoadEmployeeName()
2017-07-31 11:26:00.5615|DEBUG|GroupHRIS.Employee.webFrmEmployeeSearch|Page_Load()
2017-07-31 11:26:20.0459|DEBUG|GroupHRIS.EmployeeLeave.webFrmEmployeeLeaveSheet|IP:::1webFrmEmployeeLeaveSheet : Page_Load
2017-07-31 11:26:20.2643|DEBUG|GroupHRIS.EmployeeLeave.webFrmEmployeeLeaveSheet|webFrmEmployeeLeaveSheet : btnApply_Click()
2017-07-31 11:26:20.2955|DEBUG|GroupHRIS.EmployeeLeave.webFrmEmployeeLeaveSheet|webFrmEmployeeLeaveSheet : isLeaveExist()
2017-07-31 11:26:20.3111|DEBUG|GroupHRIS.EmployeeLeave.webFrmEmployeeLeaveSheet|webFrmEmployeeLeaveSheet : isLeaveExist()
2017-07-31 11:26:20.3423|DEBUG|GroupHRIS.EmployeeLeave.webFrmEmployeeLeaveSheet|webFrmEmployeeLeaveSheet : isLeaveExist()
2017-07-31 11:26:20.3579|DEBUG|GroupHRIS.EmployeeLeave.webFrmEmployeeLeaveSheet|webFrmEmployeeLeaveSheet : gvLeaveSheet_RowDataBound()
2017-07-31 11:26:20.3579|DEBUG|GroupHRIS.EmployeeLeave.webFrmEmployeeLeaveSheet|webFrmEmployeeLeaveSheet : gvLeaveSheet_RowDataBound()
2017-07-31 11:26:20.3735|DEBUG|GroupHRIS.EmployeeLeave.webFrmEmployeeLeaveSheet|webFrmEmployeeLeaveSheet : gvLeaveSheet_RowDataBound()
2017-07-31 11:26:20.3891|DEBUG|GroupHRIS.EmployeeLeave.webFrmEmployeeLeaveSheet|webFrmEmployeeLeaveSheet : gvLeaveSheet_RowDataBound()
2017-07-31 11:26:20.3891|DEBUG|GroupHRIS.EmployeeLeave.webFrmEmployeeLeaveSheet|webFrmEmployeeLeaveSheet : gvLeaveSheet_RowDataBound()
2017-07-31 11:26:25.0847|DEBUG|GroupHRIS.EmployeeLeave.webFrmEmployeeLeaveSheet|IP:::1webFrmEmployeeLeaveSheet : Page_Load
2017-07-31 11:26:25.0847|DEBUG|GroupHRIS.EmployeeLeave.webFrmEmployeeLeaveSheet|webFrmEmployeeLeaveSheet : ddlLeaveType_Update()
2017-07-31 11:26:25.0847|DEBUG|GroupHRIS.EmployeeLeave.webFrmEmployeeLeaveSheet|webFrmEmployeeLeaveSheet : gvLeaveSheet_RowDataBound()
2017-07-31 11:26:25.0847|DEBUG|GroupHRIS.EmployeeLeave.webFrmEmployeeLeaveSheet|webFrmEmployeeLeaveSheet : gvLeaveSheet_RowDataBound()
2017-07-31 11:26:25.1003|DEBUG|GroupHRIS.EmployeeLeave.webFrmEmployeeLeaveSheet|webFrmEmployeeLeaveSheet : gvLeaveSheet_RowDataBound()
2017-07-31 11:26:25.1159|DEBUG|GroupHRIS.EmployeeLeave.webFrmEmployeeLeaveSheet|webFrmEmployeeLeaveSheet : gvLeaveSheet_RowDataBound()
2017-07-31 11:26:25.1159|DEBUG|GroupHRIS.EmployeeLeave.webFrmEmployeeLeaveSheet|webFrmEmployeeLeaveSheet : gvLeaveSheet_RowDataBound()
2017-07-31 11:26:27.7991|DEBUG|GroupHRIS.EmployeeLeave.webFrmEmployeeLeaveSheet|IP:::1webFrmEmployeeLeaveSheet : Page_Load
2017-07-31 11:26:27.7991|DEBUG|GroupHRIS.EmployeeLeave.webFrmEmployeeLeaveSheet|webFrmEmployeeLeaveSheet : ddlLeaveType_Update()
2017-07-31 11:26:27.7991|DEBUG|GroupHRIS.EmployeeLeave.webFrmEmployeeLeaveSheet|webFrmEmployeeLeaveSheet : gvLeaveSheet_RowDataBound()
2017-07-31 11:26:27.7991|DEBUG|GroupHRIS.EmployeeLeave.webFrmEmployeeLeaveSheet|webFrmEmployeeLeaveSheet : gvLeaveSheet_RowDataBound()
2017-07-31 11:26:27.8147|DEBUG|GroupHRIS.EmployeeLeave.webFrmEmployeeLeaveSheet|webFrmEmployeeLeaveSheet : gvLeaveSheet_RowDataBound()
2017-07-31 11:26:27.8147|DEBUG|GroupHRIS.EmployeeLeave.webFrmEmployeeLeaveSheet|webFrmEmployeeLeaveSheet : gvLeaveSheet_RowDataBound()
2017-07-31 11:26:27.8147|DEBUG|GroupHRIS.EmployeeLeave.webFrmEmployeeLeaveSheet|webFrmEmployeeLeaveSheet : gvLeaveSheet_RowDataBound()
2017-07-31 11:26:29.5463|DEBUG|GroupHRIS.EmployeeLeave.webFrmEmployeeLeaveSheet|IP:::1webFrmEmployeeLeaveSheet : Page_Load
2017-07-31 11:26:29.5463|DEBUG|GroupHRIS.EmployeeLeave.webFrmEmployeeLeaveSheet|webFrmEmployeeLeaveSheet : ddlLeaveType_Update()
2017-07-31 11:26:29.5619|DEBUG|GroupHRIS.EmployeeLeave.webFrmEmployeeLeaveSheet|webFrmEmployeeLeaveSheet : gvLeaveSheet_RowDataBound()
2017-07-31 11:26:29.5619|DEBUG|GroupHRIS.EmployeeLeave.webFrmEmployeeLeaveSheet|webFrmEmployeeLeaveSheet : gvLeaveSheet_RowDataBound()
2017-07-31 11:26:29.5619|DEBUG|GroupHRIS.EmployeeLeave.webFrmEmployeeLeaveSheet|webFrmEmployeeLeaveSheet : gvLeaveSheet_RowDataBound()
2017-07-31 11:26:29.6243|DEBUG|GroupHRIS.EmployeeLeave.webFrmEmployeeLeaveSheet|webFrmEmployeeLeaveSheet : gvLeaveSheet_RowDataBound()
2017-07-31 11:26:29.6399|DEBUG|GroupHRIS.EmployeeLeave.webFrmEmployeeLeaveSheet|webFrmEmployeeLeaveSheet : gvLeaveSheet_RowDataBound()
2017-07-31 11:26:31.5275|DEBUG|GroupHRIS.EmployeeLeave.webFrmEmployeeLeaveSheet|IP:::1webFrmEmployeeLeaveSheet : Page_Load
2017-07-31 11:26:31.6835|DEBUG|GroupHRIS.EmployeeLeave.webFrmEmployeeLeaveSheet|webFrmEmployeeLeaveSheet : btnSave_Click()
2017-07-31 11:26:31.6835|DEBUG|GroupHRIS.EmployeeLeave.webFrmEmployeeLeaveSheet|webFrmEmployeeLeaveSheet : isLeaveTypeNotSelected()
2017-07-31 11:26:31.7459|DEBUG|GroupHRIS.EmployeeLeave.webFrmEmployeeLeaveSheet|webFrmEmployeeLeaveSheet : btnSave_Click() -> Insert
2017-07-31 11:26:31.8083|DEBUG|GroupHRIS.EmployeeLeave.webFrmEmployeeLeaveSheet|webFrmEmployeeLeaveSheet : fillHistory()
2017-07-31 11:26:31.8083|DEBUG|GroupHRIS.EmployeeLeave.webFrmEmployeeLeaveSheet|webFrmEmployeeLeaveSheet : gvLeaveHistory_RowDataBound()
2017-07-31 11:26:31.8239|DEBUG|GroupHRIS.EmployeeLeave.webFrmEmployeeLeaveSheet|webFrmEmployeeLeaveSheet : gvLeaveHistory_RowDataBound()
2017-07-31 11:26:31.8239|DEBUG|GroupHRIS.EmployeeLeave.webFrmEmployeeLeaveSheet|webFrmEmployeeLeaveSheet : gvLeaveHistory_RowDataBound()
2017-07-31 11:26:31.8395|DEBUG|GroupHRIS.EmployeeLeave.webFrmEmployeeLeaveSheet|webFrmEmployeeLeaveSheet : getMailBodyHtml()
2017-07-31 12:42:03.7473|DEBUG|GroupHRIS.EmployeeLeave.webFrmEmployeeLeaveSheet|IP:::1webFrmEmployeeLeaveSheet : Page_Load
2017-07-31 12:42:03.8693|DEBUG|GroupHRIS.EmployeeLeave.webFrmEmployeeLeaveSheet|webFrmEmployeeLeaveSheet : createLeaveBucket()
2017-07-31 12:42:03.8693|DEBUG|GroupHRIS.EmployeeLeave.webFrmEmployeeLeaveSheet|webFrmEmployeeLeaveSheet : fillHours()
2017-07-31 12:42:03.8693|DEBUG|GroupHRIS.EmployeeLeave.webFrmEmployeeLeaveSheet|webFrmEmployeeLeaveSheet : fillMinutes()
2017-07-31 12:42:03.8693|DEBUG|GroupHRIS.EmployeeLeave.webFrmEmployeeLeaveSheet|webFrmEmployeeLeaveSheet : fillHours()
2017-07-31 12:42:03.8693|DEBUG|GroupHRIS.EmployeeLeave.webFrmEmployeeLeaveSheet|webFrmEmployeeLeaveSheet : fillMinutes()
2017-07-31 12:42:03.9363|DEBUG|GroupHRIS.EmployeeLeave.webFrmEmployeeLeaveSheet|webFrmEmployeeLeaveSheet : fillLeaveSummary()
2017-07-31 12:42:04.0213|DEBUG|GroupHRIS.EmployeeLeave.webFrmEmployeeLeaveSheet|webFrmEmployeeLeaveSheet : getSupervisor()
2017-07-31 12:42:04.0213|DEBUG|GroupHRIS.EmployeeLeave.webFrmEmployeeLeaveSheet|webFrmEmployeeLeaveSheet : LoadEmployeeName()
2017-07-31 12:42:04.0413|DEBUG|GroupHRIS.EmployeeLeave.webFrmEmployeeLeaveSheet|webFrmEmployeeLeaveSheet : fillHistory()
2017-07-31 12:42:04.0533|DEBUG|GroupHRIS.EmployeeLeave.webFrmEmployeeLeaveSheet|webFrmEmployeeLeaveSheet : LoadEmployeeName()
2017-07-31 12:42:08.9476|DEBUG|GroupHRIS.EmployeeLeave.webFrmEmployeeLeaveSheet|IP:::1webFrmEmployeeLeaveSheet : Page_Load
2017-07-31 12:42:08.9486|DEBUG|GroupHRIS.EmployeeLeave.webFrmEmployeeLeaveSheet|webFrmEmployeeLeaveSheet : createLeaveBucket()
2017-07-31 12:42:08.9486|DEBUG|GroupHRIS.EmployeeLeave.webFrmEmployeeLeaveSheet|webFrmEmployeeLeaveSheet : fillHours()
2017-07-31 12:42:08.9486|DEBUG|GroupHRIS.EmployeeLeave.webFrmEmployeeLeaveSheet|webFrmEmployeeLeaveSheet : fillMinutes()
2017-07-31 12:42:08.9486|DEBUG|GroupHRIS.EmployeeLeave.webFrmEmployeeLeaveSheet|webFrmEmployeeLeaveSheet : fillHours()
2017-07-31 12:42:08.9486|DEBUG|GroupHRIS.EmployeeLeave.webFrmEmployeeLeaveSheet|webFrmEmployeeLeaveSheet : fillMinutes()
2017-07-31 12:42:08.9486|DEBUG|GroupHRIS.EmployeeLeave.webFrmEmployeeLeaveSheet|webFrmEmployeeLeaveSheet : fillLeaveSummary()
2017-07-31 12:42:09.3966|DEBUG|GroupHRIS.EmployeeLeave.webFrmEmployeeLeaveSheet|webFrmEmployeeLeaveSheet : getSupervisor()
2017-07-31 12:42:09.4056|DEBUG|GroupHRIS.EmployeeLeave.webFrmEmployeeLeaveSheet|webFrmEmployeeLeaveSheet : LoadEmployeeName()
2017-07-31 12:42:09.4056|DEBUG|GroupHRIS.EmployeeLeave.webFrmEmployeeLeaveSheet|webFrmEmployeeLeaveSheet : fillHistory()
2017-07-31 12:42:09.4196|DEBUG|GroupHRIS.EmployeeLeave.webFrmEmployeeLeaveSheet|webFrmEmployeeLeaveSheet : LoadEmployeeName()
2017-07-31 12:42:22.8114|DEBUG|GroupHRIS.Employee.webFrmEmployeeSearch|Page_Load()
2017-07-31 12:42:22.8164|DEBUG|GroupHRIS.Employee.webFrmEmployeeSearch|fillCompanies() - companyId:CP64
2017-07-31 12:42:22.8164|DEBUG|GroupHRIS.Employee.webFrmEmployeeSearch|fillEmployeeStatus():
2017-07-31 12:42:28.7927|DEBUG|GroupHRIS.Employee.webFrmEmployeeSearch|Page_Load()
2017-07-31 12:42:28.7927|DEBUG|GroupHRIS.Employee.webFrmEmployeeSearch|ddlCompany_SelectedIndexChanged()
2017-07-31 12:42:28.7927|DEBUG|GroupHRIS.Employee.webFrmEmployeeSearch|fillDepartment() - companyId:CP64
2017-07-31 12:42:28.8207|DEBUG|GroupHRIS.Employee.webFrmEmployeeSearch|fillDesignations() - companyID:CP64
2017-07-31 12:42:41.6004|DEBUG|GroupHRIS.Employee.webFrmEmployeeSearch|Page_Load()
2017-07-31 12:42:45.3557|DEBUG|GroupHRIS.Employee.webFrmEmployeeSearch|Page_Load()
2017-07-31 12:42:48.6388|DEBUG|GroupHRIS.EmployeeLeave.webFrmEmployeeLeaveSheet|IP:::1webFrmEmployeeLeaveSheet : Page_Load
2017-07-31 12:42:48.6388|DEBUG|GroupHRIS.EmployeeLeave.webFrmEmployeeLeaveSheet|webFrmEmployeeLeaveSheet : LoadEmployeeName()
2017-07-31 12:42:49.3389|DEBUG|GroupHRIS.Employee.webFrmEmployeeSearch|Page_Load()
2017-07-31 12:43:04.1537|DEBUG|GroupHRIS.EmployeeLeave.webFrmEmployeeLeaveSheet|IP:::1webFrmEmployeeLeaveSheet : Page_Load
2017-07-31 12:43:04.3487|DEBUG|GroupHRIS.EmployeeLeave.webFrmEmployeeLeaveSheet|webFrmEmployeeLeaveSheet : btnApply_Click()
2017-07-31 12:43:04.3727|DEBUG|GroupHRIS.EmployeeLeave.webFrmEmployeeLeaveSheet|webFrmEmployeeLeaveSheet : isLeaveExist()
2017-07-31 12:43:04.4017|DEBUG|GroupHRIS.EmployeeLeave.webFrmEmployeeLeaveSheet|webFrmEmployeeLeaveSheet : isLeaveExist()
2017-07-31 12:43:04.4267|DEBUG|GroupHRIS.EmployeeLeave.webFrmEmployeeLeaveSheet|webFrmEmployeeLeaveSheet : isLeaveExist()
2017-07-31 12:43:04.4427|DEBUG|GroupHRIS.EmployeeLeave.webFrmEmployeeLeaveSheet|webFrmEmployeeLeaveSheet : gvLeaveSheet_RowDataBound()
2017-07-31 12:43:04.4427|DEBUG|GroupHRIS.EmployeeLeave.webFrmEmployeeLeaveSheet|webFrmEmployeeLeaveSheet : gvLeaveSheet_RowDataBound()
2017-07-31 12:43:04.4607|DEBUG|GroupHRIS.EmployeeLeave.webFrmEmployeeLeaveSheet|webFrmEmployeeLeaveSheet : gvLeaveSheet_RowDataBound()
2017-07-31 12:43:04.4697|DEBUG|GroupHRIS.EmployeeLeave.webFrmEmployeeLeaveSheet|webFrmEmployeeLeaveSheet : gvLeaveSheet_RowDataBound()
2017-07-31 12:43:04.4697|DEBUG|GroupHRIS.EmployeeLeave.webFrmEmployeeLeaveSheet|webFrmEmployeeLeaveSheet : gvLeaveSheet_RowDataBound()
2017-07-31 12:43:08.3060|DEBUG|GroupHRIS.EmployeeLeave.webFrmEmployeeLeaveSheet|IP:::1webFrmEmployeeLeaveSheet : Page_Load
2017-07-31 12:43:08.3070|DEBUG|GroupHRIS.EmployeeLeave.webFrmEmployeeLeaveSheet|webFrmEmployeeLeaveSheet : ddlLeaveType_Update()
2017-07-31 12:43:08.3070|DEBUG|GroupHRIS.EmployeeLeave.webFrmEmployeeLeaveSheet|webFrmEmployeeLeaveSheet : gvLeaveSheet_RowDataBound()
2017-07-31 12:43:08.3070|DEBUG|GroupHRIS.EmployeeLeave.webFrmEmployeeLeaveSheet|webFrmEmployeeLeaveSheet : gvLeaveSheet_RowDataBound()
2017-07-31 12:43:08.3290|DEBUG|GroupHRIS.EmployeeLeave.webFrmEmployeeLeaveSheet|webFrmEmployeeLeaveSheet : gvLeaveSheet_RowDataBound()
2017-07-31 12:43:08.3380|DEBUG|GroupHRIS.EmployeeLeave.webFrmEmployeeLeaveSheet|webFrmEmployeeLeaveSheet : gvLeaveSheet_RowDataBound()
2017-07-31 12:43:08.3380|DEBUG|GroupHRIS.EmployeeLeave.webFrmEmployeeLeaveSheet|webFrmEmployeeLeaveSheet : gvLeaveSheet_RowDataBound()
2017-07-31 12:43:10.0671|DEBUG|GroupHRIS.EmployeeLeave.webFrmEmployeeLeaveSheet|IP:::1webFrmEmployeeLeaveSheet : Page_Load
2017-07-31 12:43:10.0691|DEBUG|GroupHRIS.EmployeeLeave.webFrmEmployeeLeaveSheet|webFrmEmployeeLeaveSheet : ddlLeaveType_Update()
2017-07-31 12:43:10.0691|DEBUG|GroupHRIS.EmployeeLeave.webFrmEmployeeLeaveSheet|webFrmEmployeeLeaveSheet : gvLeaveSheet_RowDataBound()
2017-07-31 12:43:10.0691|DEBUG|GroupHRIS.EmployeeLeave.webFrmEmployeeLeaveSheet|webFrmEmployeeLeaveSheet : gvLeaveSheet_RowDataBound()
2017-07-31 12:43:10.0691|DEBUG|GroupHRIS.EmployeeLeave.webFrmEmployeeLeaveSheet|webFrmEmployeeLeaveSheet : gvLeaveSheet_RowDataBound()
2017-07-31 12:43:10.0891|DEBUG|GroupHRIS.EmployeeLeave.webFrmEmployeeLeaveSheet|webFrmEmployeeLeaveSheet : gvLeaveSheet_RowDataBound()
2017-07-31 12:43:10.0891|DEBUG|GroupHRIS.EmployeeLeave.webFrmEmployeeLeaveSheet|webFrmEmployeeLeaveSheet : gvLeaveSheet_RowDataBound()
2017-07-31 12:43:11.7252|DEBUG|GroupHRIS.EmployeeLeave.webFrmEmployeeLeaveSheet|IP:::1webFrmEmployeeLeaveSheet : Page_Load
2017-07-31 12:43:11.7252|DEBUG|GroupHRIS.EmployeeLeave.webFrmEmployeeLeaveSheet|webFrmEmployeeLeaveSheet : ddlLeaveType_Update()
2017-07-31 12:43:11.7252|DEBUG|GroupHRIS.EmployeeLeave.webFrmEmployeeLeaveSheet|webFrmEmployeeLeaveSheet : gvLeaveSheet_RowDataBound()
2017-07-31 12:43:11.7252|DEBUG|GroupHRIS.EmployeeLeave.webFrmEmployeeLeaveSheet|webFrmEmployeeLeaveSheet : gvLeaveSheet_RowDataBound()
2017-07-31 12:43:11.7382|DEBUG|GroupHRIS.EmployeeLeave.webFrmEmployeeLeaveSheet|webFrmEmployeeLeaveSheet : gvLeaveSheet_RowDataBound()
2017-07-31 12:43:11.7382|DEBUG|GroupHRIS.EmployeeLeave.webFrmEmployeeLeaveSheet|webFrmEmployeeLeaveSheet : gvLeaveSheet_RowDataBound()
2017-07-31 12:43:11.7382|DEBUG|GroupHRIS.EmployeeLeave.webFrmEmployeeLeaveSheet|webFrmEmployeeLeaveSheet : gvLeaveSheet_RowDataBound()
2017-07-31 12:43:12.5852|DEBUG|GroupHRIS.EmployeeLeave.webFrmEmployeeLeaveSheet|IP:::1webFrmEmployeeLeaveSheet : Page_Load
2017-07-31 12:43:12.6782|DEBUG|GroupHRIS.EmployeeLeave.webFrmEmployeeLeaveSheet|webFrmEmployeeLeaveSheet : btnSave_Click()
2017-07-31 12:43:12.6782|DEBUG|GroupHRIS.EmployeeLeave.webFrmEmployeeLeaveSheet|webFrmEmployeeLeaveSheet : isLeaveTypeNotSelected()
2017-07-31 12:43:12.7442|DEBUG|GroupHRIS.EmployeeLeave.webFrmEmployeeLeaveSheet|webFrmEmployeeLeaveSheet : btnSave_Click() -> Insert
2017-07-31 12:43:12.8022|DEBUG|GroupHRIS.EmployeeLeave.webFrmEmployeeLeaveSheet|webFrmEmployeeLeaveSheet : fillHistory()
2017-07-31 12:43:12.8022|DEBUG|GroupHRIS.EmployeeLeave.webFrmEmployeeLeaveSheet|webFrmEmployeeLeaveSheet : gvLeaveHistory_RowDataBound()
2017-07-31 12:43:12.8162|DEBUG|GroupHRIS.EmployeeLeave.webFrmEmployeeLeaveSheet|webFrmEmployeeLeaveSheet : gvLeaveHistory_RowDataBound()
2017-07-31 12:43:12.8162|DEBUG|GroupHRIS.EmployeeLeave.webFrmEmployeeLeaveSheet|webFrmEmployeeLeaveSheet : gvLeaveHistory_RowDataBound()
2017-07-31 12:43:12.8372|DEBUG|GroupHRIS.EmployeeLeave.webFrmEmployeeLeaveSheet|webFrmEmployeeLeaveSheet : getMailBodyHtml()
2017-07-31 12:44:51.0034|DEBUG|GroupHRIS.EmployeeLeave.WebFrmApprove|webFrmEmployeeLeaveSheet : getMailBodyHtml()
2017-07-31 12:44:51.8585|DEBUG|GroupHRIS.EmployeeLeave.WebFrmApprove|webFrmLeaveApproval : gvLeaves_RowCommand()
2017-07-31 12:49:19.1828|DEBUG|GroupHRIS.EmployeeLeave.WebFrmApprove|webFrmLeaveApproval : gvLeaves_RowCommand()
