2015-05-07 08:56:37.1158|DEBUG|GroupHRIS.Employee.webFrmEmployeeSearch|Page_Load()
2015-05-07 08:56:37.1568|DEBUG|GroupHRIS.Employee.webFrmEmployeeSearch|fillCompanies()
2015-05-07 08:56:37.2678|DEBUG|GroupHRIS.Employee.webFrmEmployeeSearch|fillEmployeeStatus():
2015-05-07 08:56:41.1320|DEBUG|GroupHRIS.Employee.webFrmEmployeeSearch|Page_Load()
2015-05-07 08:56:41.1320|DEBUG|GroupHRIS.Employee.webFrmEmployeeSearch|ddlCompany_SelectedIndexChanged()
2015-05-07 08:56:41.1320|DEBUG|GroupHRIS.Employee.webFrmEmployeeSearch|fillDepartment() - companyId:CP27
2015-05-07 08:56:41.2500|DEBUG|GroupHRIS.Employee.webFrmEmployeeSearch|fillDesignations() - companyID:CP27
2015-05-07 08:56:42.3581|DEBUG|GroupHRIS.Employee.webFrmEmployeeSearch|Page_Load()
2015-05-07 08:56:45.5682|DEBUG|GroupHRIS.Employee.webFrmEmployeeSearch|Page_Load()
2015-05-07 08:56:54.1667|DEBUG|GroupHRIS.Employee.webFrmEmployeeSearch|Page_Load()
2015-05-07 08:57:21.9343|DEBUG|GroupHRIS.Employee.webFrmEmployeeSearch|Page_Load()
2015-05-07 08:57:21.9343|DEBUG|GroupHRIS.Employee.webFrmEmployeeSearch|fillCompanies()
2015-05-07 08:57:22.0633|DEBUG|GroupHRIS.Employee.webFrmEmployeeSearch|fillEmployeeStatus():
2015-05-07 08:57:24.3515|DEBUG|GroupHRIS.Employee.webFrmEmployeeSearch|Page_Load()
2015-05-07 08:57:26.7166|DEBUG|GroupHRIS.Employee.webFrmEmployeeSearch|Page_Load()
2015-05-07 09:10:51.6965|DEBUG|GroupHRIS.Employee.webFrmEmployeeSearch|Page_Load()
2015-05-07 09:10:51.7025|DEBUG|GroupHRIS.Employee.webFrmEmployeeSearch|fillCompanies()
2015-05-07 09:10:51.8335|DEBUG|GroupHRIS.Employee.webFrmEmployeeSearch|fillEmployeeStatus():
2015-05-07 09:10:53.4266|DEBUG|GroupHRIS.Employee.webFrmEmployeeSearch|Page_Load()
2015-05-07 09:10:56.0777|DEBUG|GroupHRIS.Employee.webFrmEmployeeSearch|Page_Load()
2015-05-07 09:10:58.4899|DEBUG|GroupHRIS.Employee.webFrmEmployeeSearch|Page_Load()
2015-05-07 09:12:23.9040|DEBUG|GroupHRIS.Employee.webFrmEmployeeSearch|Page_Load()
2015-05-07 09:12:23.9040|DEBUG|GroupHRIS.Employee.webFrmEmployeeSearch|fillCompanies()
2015-05-07 09:12:24.0132|DEBUG|GroupHRIS.Employee.webFrmEmployeeSearch|fillEmployeeStatus():
2015-05-07 09:12:27.5856|DEBUG|GroupHRIS.Employee.webFrmEmployeeSearch|Page_Load()
2015-05-07 09:12:27.5856|DEBUG|GroupHRIS.Employee.webFrmEmployeeSearch|ddlCompany_SelectedIndexChanged()
2015-05-07 09:12:27.5856|DEBUG|GroupHRIS.Employee.webFrmEmployeeSearch|fillDepartment() - companyId:CP27
2015-05-07 09:12:27.7104|DEBUG|GroupHRIS.Employee.webFrmEmployeeSearch|fillDesignations() - companyID:CP27
2015-05-07 09:12:30.3624|DEBUG|GroupHRIS.Employee.webFrmEmployeeSearch|Page_Load()
2015-05-07 09:12:31.5012|DEBUG|GroupHRIS.Employee.webFrmEmployeeSearch|Page_Load()
2015-05-07 09:12:33.0612|DEBUG|GroupHRIS.Employee.webFrmEmployeeSearch|Page_Load()
2015-05-07 09:18:50.4201|DEBUG|GroupHRIS.Employee.webFrmEmployeeSearch|Page_Load()
2015-05-07 09:18:50.4261|DEBUG|GroupHRIS.Employee.webFrmEmployeeSearch|fillCompanies()
2015-05-07 09:18:50.8571|DEBUG|GroupHRIS.Employee.webFrmEmployeeSearch|fillEmployeeStatus():
2015-05-07 09:18:54.5773|DEBUG|GroupHRIS.Employee.webFrmEmployeeSearch|Page_Load()
2015-05-07 09:18:54.5773|DEBUG|GroupHRIS.Employee.webFrmEmployeeSearch|ddlCompany_SelectedIndexChanged()
2015-05-07 09:18:54.5773|DEBUG|GroupHRIS.Employee.webFrmEmployeeSearch|fillDepartment() - companyId:CP27
2015-05-07 09:18:54.6923|DEBUG|GroupHRIS.Employee.webFrmEmployeeSearch|fillDesignations() - companyID:CP27
2015-05-07 09:18:55.5444|DEBUG|GroupHRIS.Employee.webFrmEmployeeSearch|Page_Load()
2015-05-07 09:18:56.5914|DEBUG|GroupHRIS.Employee.webFrmEmployeeSearch|Page_Load()
2015-05-07 09:18:58.4725|DEBUG|GroupHRIS.Employee.webFrmEmployeeSearch|Page_Load()
2015-05-07 09:23:49.3550|DEBUG|GroupHRIS.Employee.webFrmEmployeeSearch|Page_Load()
2015-05-07 09:23:49.3690|DEBUG|GroupHRIS.Employee.webFrmEmployeeSearch|fillCompanies()
2015-05-07 09:23:49.8421|DEBUG|GroupHRIS.Employee.webFrmEmployeeSearch|fillEmployeeStatus():
2015-05-07 09:23:52.0572|DEBUG|GroupHRIS.Employee.webFrmEmployeeSearch|Page_Load()
2015-05-07 09:23:52.0572|DEBUG|GroupHRIS.Employee.webFrmEmployeeSearch|ddlCompany_SelectedIndexChanged()
2015-05-07 09:23:52.0572|DEBUG|GroupHRIS.Employee.webFrmEmployeeSearch|fillDepartment() - companyId:CP27
2015-05-07 09:23:52.2442|DEBUG|GroupHRIS.Employee.webFrmEmployeeSearch|fillDesignations() - companyID:CP27
2015-05-07 09:23:53.5613|DEBUG|GroupHRIS.Employee.webFrmEmployeeSearch|Page_Load()
2015-05-07 09:23:55.0353|DEBUG|GroupHRIS.Employee.webFrmEmployeeSearch|Page_Load()
2015-05-07 09:23:58.9056|DEBUG|GroupHRIS.Employee.webFrmEmployeeSearch|Page_Load()
2015-05-07 09:24:53.1457|DEBUG|GroupHRIS.Employee.webFrmEmployeeSearch|Page_Load()
2015-05-07 09:24:53.1547|DEBUG|GroupHRIS.Employee.webFrmEmployeeSearch|fillCompanies()
2015-05-07 09:24:53.2917|DEBUG|GroupHRIS.Employee.webFrmEmployeeSearch|fillEmployeeStatus():
2015-05-07 09:24:55.5898|DEBUG|GroupHRIS.Employee.webFrmEmployeeSearch|Page_Load()
2015-05-07 09:24:55.5898|DEBUG|GroupHRIS.Employee.webFrmEmployeeSearch|ddlCompany_SelectedIndexChanged()
2015-05-07 09:24:55.5898|DEBUG|GroupHRIS.Employee.webFrmEmployeeSearch|fillDepartment() - companyId:CP27
2015-05-07 09:24:56.0228|DEBUG|GroupHRIS.Employee.webFrmEmployeeSearch|fillDesignations() - companyID:CP27
2015-05-07 09:24:56.6789|DEBUG|GroupHRIS.Employee.webFrmEmployeeSearch|Page_Load()
2015-05-07 09:24:58.0290|DEBUG|GroupHRIS.Employee.webFrmEmployeeSearch|Page_Load()
2015-05-07 09:25:00.0221|DEBUG|GroupHRIS.Employee.webFrmEmployeeSearch|Page_Load()
2015-05-07 09:29:09.3809|DEBUG|GroupHRIS.Employee.webFrmEmployeeSearch|Page_Load()
2015-05-07 09:29:09.3869|DEBUG|GroupHRIS.Employee.webFrmEmployeeSearch|fillCompanies()
2015-05-07 09:29:09.8770|DEBUG|GroupHRIS.Employee.webFrmEmployeeSearch|fillEmployeeStatus():
2015-05-07 09:29:12.2691|DEBUG|GroupHRIS.Employee.webFrmEmployeeSearch|Page_Load()
2015-05-07 09:29:12.2721|DEBUG|GroupHRIS.Employee.webFrmEmployeeSearch|ddlCompany_SelectedIndexChanged()
2015-05-07 09:29:12.2721|DEBUG|GroupHRIS.Employee.webFrmEmployeeSearch|fillDepartment() - companyId:CP27
2015-05-07 09:29:13.2972|DEBUG|GroupHRIS.Employee.webFrmEmployeeSearch|fillDesignations() - companyID:CP27
2015-05-07 09:29:17.6344|DEBUG|GroupHRIS.Employee.webFrmEmployeeSearch|Page_Load()
2015-05-07 09:29:19.0055|DEBUG|GroupHRIS.Employee.webFrmEmployeeSearch|Page_Load()
2015-05-07 09:29:20.8396|DEBUG|GroupHRIS.Employee.webFrmEmployeeSearch|Page_Load()
2015-05-07 09:30:31.1966|DEBUG|GroupHRIS.Employee.webFrmEmployeeSearch|Page_Load()
2015-05-07 09:30:31.2106|DEBUG|GroupHRIS.Employee.webFrmEmployeeSearch|fillCompanies()
2015-05-07 09:30:31.4846|DEBUG|GroupHRIS.Employee.webFrmEmployeeSearch|fillEmployeeStatus():
2015-05-07 09:30:33.9928|DEBUG|GroupHRIS.Employee.webFrmEmployeeSearch|Page_Load()
2015-05-07 09:30:33.9928|DEBUG|GroupHRIS.Employee.webFrmEmployeeSearch|ddlCompany_SelectedIndexChanged()
2015-05-07 09:30:33.9928|DEBUG|GroupHRIS.Employee.webFrmEmployeeSearch|fillDepartment() - companyId:CP27
2015-05-07 09:30:34.1198|DEBUG|GroupHRIS.Employee.webFrmEmployeeSearch|fillDesignations() - companyID:CP27
2015-05-07 09:30:34.9858|DEBUG|GroupHRIS.Employee.webFrmEmployeeSearch|Page_Load()
2015-05-07 09:30:35.9629|DEBUG|GroupHRIS.Employee.webFrmEmployeeSearch|Page_Load()
2015-05-07 09:30:37.8450|DEBUG|GroupHRIS.Employee.webFrmEmployeeSearch|Page_Load()
2015-05-07 09:33:01.4113|DEBUG|GroupHRIS.Employee.webFrmEmployeeSearch|Page_Load()
2015-05-07 09:33:01.4243|DEBUG|GroupHRIS.Employee.webFrmEmployeeSearch|fillCompanies()
2015-05-07 09:33:01.5303|DEBUG|GroupHRIS.Employee.webFrmEmployeeSearch|fillEmployeeStatus():
2015-05-07 09:33:04.2365|DEBUG|GroupHRIS.Employee.webFrmEmployeeSearch|Page_Load()
2015-05-07 09:33:04.2365|DEBUG|GroupHRIS.Employee.webFrmEmployeeSearch|ddlCompany_SelectedIndexChanged()
2015-05-07 09:33:04.2365|DEBUG|GroupHRIS.Employee.webFrmEmployeeSearch|fillDepartment() - companyId:CP27
2015-05-07 09:33:04.3605|DEBUG|GroupHRIS.Employee.webFrmEmployeeSearch|fillDesignations() - companyID:CP27
2015-05-07 09:33:05.0585|DEBUG|GroupHRIS.Employee.webFrmEmployeeSearch|Page_Load()
2015-05-07 09:33:07.8577|DEBUG|GroupHRIS.Employee.webFrmEmployeeSearch|Page_Load()
2015-05-07 09:33:09.9428|DEBUG|GroupHRIS.Employee.webFrmEmployeeSearch|Page_Load()
2015-05-07 09:36:52.9372|DEBUG|GroupHRIS.Employee.webFrmEmployeeSearch|Page_Load()
2015-05-07 09:36:52.9372|DEBUG|GroupHRIS.Employee.webFrmEmployeeSearch|fillCompanies()
2015-05-07 09:36:53.1992|DEBUG|GroupHRIS.Employee.webFrmEmployeeSearch|fillEmployeeStatus():
2015-05-07 09:36:55.9454|DEBUG|GroupHRIS.Employee.webFrmEmployeeSearch|Page_Load()
2015-05-07 09:36:55.9454|DEBUG|GroupHRIS.Employee.webFrmEmployeeSearch|ddlCompany_SelectedIndexChanged()
2015-05-07 09:36:55.9454|DEBUG|GroupHRIS.Employee.webFrmEmployeeSearch|fillDepartment() - companyId:CP27
2015-05-07 09:36:56.0594|DEBUG|GroupHRIS.Employee.webFrmEmployeeSearch|fillDesignations() - companyID:CP27
2015-05-07 09:36:56.9105|DEBUG|GroupHRIS.Employee.webFrmEmployeeSearch|Page_Load()
2015-05-07 09:36:59.3446|DEBUG|GroupHRIS.Employee.webFrmEmployeeSearch|Page_Load()
2015-05-07 09:37:04.2909|DEBUG|GroupHRIS.Employee.webFrmEmployeeSearch|Page_Load()
2015-05-07 10:07:30.8473|DEBUG|GroupHRIS.Employee.webFrmEmployeeSearch|Page_Load()
2015-05-07 10:07:30.8533|DEBUG|GroupHRIS.Employee.webFrmEmployeeSearch|fillCompanies()
2015-05-07 10:07:30.9773|DEBUG|GroupHRIS.Employee.webFrmEmployeeSearch|fillEmployeeStatus():
2015-05-07 10:07:33.1984|DEBUG|GroupHRIS.Employee.webFrmEmployeeSearch|Page_Load()
2015-05-07 10:07:33.1984|DEBUG|GroupHRIS.Employee.webFrmEmployeeSearch|ddlCompany_SelectedIndexChanged()
2015-05-07 10:07:33.1984|DEBUG|GroupHRIS.Employee.webFrmEmployeeSearch|fillDepartment() - companyId:CP27
2015-05-07 10:07:33.3304|DEBUG|GroupHRIS.Employee.webFrmEmployeeSearch|fillDesignations() - companyID:CP27
2015-05-07 10:07:34.7055|DEBUG|GroupHRIS.Employee.webFrmEmployeeSearch|Page_Load()
2015-05-07 10:07:36.4586|DEBUG|GroupHRIS.Employee.webFrmEmployeeSearch|Page_Load()
2015-05-07 10:07:38.7667|DEBUG|GroupHRIS.Employee.webFrmEmployeeSearch|Page_Load()
2015-05-07 10:08:38.7792|DEBUG|GroupHRIS.Employee.webFrmEmployeeSearch|Page_Load()
2015-05-07 10:08:38.7792|DEBUG|GroupHRIS.Employee.webFrmEmployeeSearch|fillCompanies()
2015-05-07 10:08:38.9042|DEBUG|GroupHRIS.Employee.webFrmEmployeeSearch|fillEmployeeStatus():
2015-05-07 10:08:41.3073|DEBUG|GroupHRIS.Employee.webFrmEmployeeSearch|Page_Load()
2015-05-07 10:08:41.3073|DEBUG|GroupHRIS.Employee.webFrmEmployeeSearch|ddlCompany_SelectedIndexChanged()
2015-05-07 10:08:41.3073|DEBUG|GroupHRIS.Employee.webFrmEmployeeSearch|fillDepartment() - companyId:CP27
2015-05-07 10:08:41.4363|DEBUG|GroupHRIS.Employee.webFrmEmployeeSearch|fillDesignations() - companyID:CP27
2015-05-07 10:08:45.0685|DEBUG|GroupHRIS.Employee.webFrmEmployeeSearch|Page_Load()
2015-05-07 10:08:46.8516|DEBUG|GroupHRIS.Employee.webFrmEmployeeSearch|Page_Load()
2015-05-07 10:08:49.7058|DEBUG|GroupHRIS.Employee.webFrmEmployeeSearch|Page_Load()
2015-05-07 10:10:08.0353|DEBUG|GroupHRIS.Employee.webFrmEmployeeSearch|Page_Load()
2015-05-07 10:10:08.0413|DEBUG|GroupHRIS.Employee.webFrmEmployeeSearch|fillCompanies()
2015-05-07 10:10:08.1823|DEBUG|GroupHRIS.Employee.webFrmEmployeeSearch|fillEmployeeStatus():
2015-05-07 10:10:10.4744|DEBUG|GroupHRIS.Employee.webFrmEmployeeSearch|Page_Load()
2015-05-07 10:10:10.4744|DEBUG|GroupHRIS.Employee.webFrmEmployeeSearch|ddlCompany_SelectedIndexChanged()
2015-05-07 10:10:10.4744|DEBUG|GroupHRIS.Employee.webFrmEmployeeSearch|fillDepartment() - companyId:CP27
2015-05-07 10:10:10.5994|DEBUG|GroupHRIS.Employee.webFrmEmployeeSearch|fillDesignations() - companyID:CP27
2015-05-07 10:10:12.0755|DEBUG|GroupHRIS.Employee.webFrmEmployeeSearch|Page_Load()
2015-05-07 10:10:13.5486|DEBUG|GroupHRIS.Employee.webFrmEmployeeSearch|Page_Load()
2015-05-07 10:10:15.3907|DEBUG|GroupHRIS.Employee.webFrmEmployeeSearch|Page_Load()
2015-05-07 10:21:17.5339|DEBUG|GroupHRIS.Employee.webFrmEmployeeSearch|Page_Load()
2015-05-07 10:21:17.5339|DEBUG|GroupHRIS.Employee.webFrmEmployeeSearch|fillCompanies()
2015-05-07 10:21:17.6629|DEBUG|GroupHRIS.Employee.webFrmEmployeeSearch|fillEmployeeStatus():
2015-05-07 10:21:20.3580|DEBUG|GroupHRIS.Employee.webFrmEmployeeSearch|Page_Load()
2015-05-07 10:21:20.3580|DEBUG|GroupHRIS.Employee.webFrmEmployeeSearch|ddlCompany_SelectedIndexChanged()
2015-05-07 10:21:20.3580|DEBUG|GroupHRIS.Employee.webFrmEmployeeSearch|fillDepartment() - companyId:CP27
2015-05-07 10:21:20.4750|DEBUG|GroupHRIS.Employee.webFrmEmployeeSearch|fillDesignations() - companyID:CP27
2015-05-07 10:21:21.5651|DEBUG|GroupHRIS.Employee.webFrmEmployeeSearch|Page_Load()
2015-05-07 10:21:22.8152|DEBUG|GroupHRIS.Employee.webFrmEmployeeSearch|Page_Load()
2015-05-07 10:21:25.5083|DEBUG|GroupHRIS.Employee.webFrmEmployeeSearch|Page_Load()
2015-05-07 10:30:27.6160|DEBUG|GroupHRIS.Employee.webFrmEmployeeSearch|Page_Load()
2015-05-07 10:30:27.6290|DEBUG|GroupHRIS.Employee.webFrmEmployeeSearch|fillCompanies()
2015-05-07 10:30:27.7450|DEBUG|GroupHRIS.Employee.webFrmEmployeeSearch|fillEmployeeStatus():
2015-05-07 10:30:30.5972|DEBUG|GroupHRIS.Employee.webFrmEmployeeSearch|Page_Load()
2015-05-07 10:30:30.5972|DEBUG|GroupHRIS.Employee.webFrmEmployeeSearch|ddlCompany_SelectedIndexChanged()
2015-05-07 10:30:30.6062|DEBUG|GroupHRIS.Employee.webFrmEmployeeSearch|fillDepartment() - companyId:CP27
2015-05-07 10:30:31.0292|DEBUG|GroupHRIS.Employee.webFrmEmployeeSearch|fillDesignations() - companyID:CP27
2015-05-07 10:30:31.8472|DEBUG|GroupHRIS.Employee.webFrmEmployeeSearch|Page_Load()
2015-05-07 10:30:33.5043|DEBUG|GroupHRIS.Employee.webFrmEmployeeSearch|Page_Load()
2015-05-07 10:30:34.9024|DEBUG|GroupHRIS.Employee.webFrmEmployeeSearch|Page_Load()
2015-05-07 10:33:33.7820|DEBUG|GroupHRIS.Employee.webFrmEmployeeSearch|Page_Load()
2015-05-07 10:33:33.7820|DEBUG|GroupHRIS.Employee.webFrmEmployeeSearch|fillCompanies()
2015-05-07 10:33:33.8756|DEBUG|GroupHRIS.Employee.webFrmEmployeeSearch|fillEmployeeStatus():
2015-05-07 10:33:37.2765|DEBUG|GroupHRIS.Employee.webFrmEmployeeSearch|Page_Load()
2015-05-07 10:33:37.2765|DEBUG|GroupHRIS.Employee.webFrmEmployeeSearch|ddlCompany_SelectedIndexChanged()
2015-05-07 10:33:37.2765|DEBUG|GroupHRIS.Employee.webFrmEmployeeSearch|fillDepartment() - companyId:CP27
2015-05-07 10:33:37.4013|DEBUG|GroupHRIS.Employee.webFrmEmployeeSearch|fillDesignations() - companyID:CP27
2015-05-07 10:33:39.1797|DEBUG|GroupHRIS.Employee.webFrmEmployeeSearch|Page_Load()
2015-05-07 10:33:40.6929|DEBUG|GroupHRIS.Employee.webFrmEmployeeSearch|Page_Load()
2015-05-07 10:33:43.2981|DEBUG|GroupHRIS.Employee.webFrmEmployeeSearch|Page_Load()
2015-05-07 10:38:23.6570|DEBUG|GroupHRIS.Employee.webFrmEmployeeSearch|Page_Load()
2015-05-07 10:38:23.6570|DEBUG|GroupHRIS.Employee.webFrmEmployeeSearch|fillCompanies()
2015-05-07 10:38:23.7540|DEBUG|GroupHRIS.Employee.webFrmEmployeeSearch|fillEmployeeStatus():
2015-05-07 10:38:27.4072|DEBUG|GroupHRIS.Employee.webFrmEmployeeSearch|Page_Load()
2015-05-07 10:38:29.9344|DEBUG|GroupHRIS.Employee.webFrmEmployeeSearch|Page_Load()
2015-05-07 10:38:31.5125|DEBUG|GroupHRIS.Employee.webFrmEmployeeSearch|Page_Load()
2015-05-07 10:38:48.0614|DEBUG|GroupHRIS.Employee.webFrmEmployeeSearch|Page_Load()
2015-05-07 10:38:48.0614|DEBUG|GroupHRIS.Employee.webFrmEmployeeSearch|fillCompanies()
2015-05-07 10:38:48.4824|DEBUG|GroupHRIS.Employee.webFrmEmployeeSearch|fillEmployeeStatus():
2015-05-07 10:38:49.6135|DEBUG|GroupHRIS.Employee.webFrmEmployeeSearch|Page_Load()
2015-05-07 10:38:51.0546|DEBUG|GroupHRIS.Employee.webFrmEmployeeSearch|Page_Load()
2015-05-07 10:39:15.7590|DEBUG|GroupHRIS.Employee.webFrmEmployeeSearch|Page_Load()
2015-05-07 10:39:15.7590|DEBUG|GroupHRIS.Employee.webFrmEmployeeSearch|fillCompanies()
2015-05-07 10:39:15.8730|DEBUG|GroupHRIS.Employee.webFrmEmployeeSearch|fillEmployeeStatus():
2015-05-07 10:39:18.7182|DEBUG|GroupHRIS.Employee.webFrmEmployeeSearch|Page_Load()
2015-05-07 10:39:21.4593|DEBUG|GroupHRIS.Employee.webFrmEmployeeSearch|Page_Load()
2015-05-07 10:39:23.5744|DEBUG|GroupHRIS.Employee.webFrmEmployeeSearch|Page_Load()
2015-05-07 10:41:11.9973|DEBUG|GroupHRIS.Employee.webFrmEmployeeSearch|Page_Load()
2015-05-07 10:41:12.0033|DEBUG|GroupHRIS.Employee.webFrmEmployeeSearch|fillCompanies()
2015-05-07 10:41:12.4713|DEBUG|GroupHRIS.Employee.webFrmEmployeeSearch|fillEmployeeStatus():
2015-05-07 10:41:14.4654|DEBUG|GroupHRIS.Employee.webFrmEmployeeSearch|Page_Load()
2015-05-07 10:41:17.2976|DEBUG|GroupHRIS.Employee.webFrmEmployeeSearch|Page_Load()
2015-05-07 10:41:18.8467|DEBUG|GroupHRIS.Employee.webFrmEmployeeSearch|Page_Load()
2015-05-07 10:42:44.1768|DEBUG|GroupHRIS.Employee.webFrmEmployeeSearch|Page_Load()
2015-05-07 10:42:44.1848|DEBUG|GroupHRIS.Employee.webFrmEmployeeSearch|fillCompanies()
2015-05-07 10:42:44.3118|DEBUG|GroupHRIS.Employee.webFrmEmployeeSearch|fillEmployeeStatus():
2015-05-07 10:42:45.7929|DEBUG|GroupHRIS.Employee.webFrmEmployeeSearch|Page_Load()
2015-05-07 10:42:46.8590|DEBUG|GroupHRIS.Employee.webFrmEmployeeSearch|Page_Load()
2015-05-07 10:42:48.6961|DEBUG|GroupHRIS.Employee.webFrmEmployeeSearch|Page_Load()
2015-05-07 10:45:54.4363|DEBUG|GroupHRIS.Employee.webFrmEmployeeSearch|Page_Load()
2015-05-07 10:45:54.4423|DEBUG|GroupHRIS.Employee.webFrmEmployeeSearch|fillCompanies()
2015-05-07 10:45:54.5763|DEBUG|GroupHRIS.Employee.webFrmEmployeeSearch|fillEmployeeStatus():
2015-05-07 10:45:56.3774|DEBUG|GroupHRIS.Employee.webFrmEmployeeSearch|Page_Load()
2015-05-07 10:45:57.8905|DEBUG|GroupHRIS.Employee.webFrmEmployeeSearch|Page_Load()
2015-05-07 10:45:58.9476|DEBUG|GroupHRIS.Employee.webFrmEmployeeSearch|Page_Load()
2015-05-07 10:47:27.3956|DEBUG|GroupHRIS.Employee.webFrmEmployeeSearch|Page_Load()
2015-05-07 10:47:27.3956|DEBUG|GroupHRIS.Employee.webFrmEmployeeSearch|fillCompanies()
2015-05-07 10:47:27.7536|DEBUG|GroupHRIS.Employee.webFrmEmployeeSearch|fillEmployeeStatus():
2015-05-07 10:47:31.7069|DEBUG|GroupHRIS.Employee.webFrmEmployeeSearch|Page_Load()
2015-05-07 10:47:33.4270|DEBUG|GroupHRIS.Employee.webFrmEmployeeSearch|Page_Load()
2015-05-07 10:47:36.6281|DEBUG|GroupHRIS.Employee.webFrmEmployeeSearch|Page_Load()
2015-05-07 11:13:28.1956|DEBUG|GroupHRIS.Employee.webFrmEmployeeSearch|Page_Load()
2015-05-07 11:13:28.1956|DEBUG|GroupHRIS.Employee.webFrmEmployeeSearch|Session Expired
2015-05-07 11:13:33.0988|DEBUG|GroupHRIS.Employee.webFrmEmployeeSearch|Page_Load()
2015-05-07 11:13:33.0988|DEBUG|GroupHRIS.Employee.webFrmEmployeeSearch|Session Expired
2015-05-07 11:13:51.4859|DEBUG|GroupHRIS.Employee.webFrmEmployeeSearch|Page_Load()
2015-05-07 11:13:51.4859|DEBUG|GroupHRIS.Employee.webFrmEmployeeSearch|fillCompanies()
2015-05-07 11:13:51.6019|DEBUG|GroupHRIS.Employee.webFrmEmployeeSearch|fillEmployeeStatus():
2015-05-07 11:13:54.9971|DEBUG|GroupHRIS.Employee.webFrmEmployeeSearch|Page_Load()
2015-05-07 11:13:56.5582|DEBUG|GroupHRIS.Employee.webFrmEmployeeSearch|Page_Load()
2015-05-07 11:13:57.6362|DEBUG|GroupHRIS.Employee.webFrmEmployeeSearch|Page_Load()
2015-05-07 11:14:01.5554|DEBUG|GroupHRIS.Employee.webFrmEmployeeSearch|Page_Load()
2015-05-07 11:14:03.1685|DEBUG|GroupHRIS.Employee.webFrmEmployeeSearch|Page_Load()
2015-05-07 11:14:04.0266|DEBUG|GroupHRIS.Employee.webFrmEmployeeSearch|Page_Load()
2015-05-07 11:14:04.7676|DEBUG|GroupHRIS.Employee.webFrmEmployeeSearch|Page_Load()
2015-05-07 11:17:59.1971|DEBUG|GroupHRIS.Employee.webFrmEmployeeSearch|Page_Load()
2015-05-07 11:17:59.1971|DEBUG|GroupHRIS.Employee.webFrmEmployeeSearch|fillCompanies()
2015-05-07 11:17:59.3375|DEBUG|GroupHRIS.Employee.webFrmEmployeeSearch|fillEmployeeStatus():
2015-05-07 11:18:01.4123|DEBUG|GroupHRIS.Employee.webFrmEmployeeSearch|Page_Load()
2015-05-07 11:18:03.7523|DEBUG|GroupHRIS.Employee.webFrmEmployeeSearch|Page_Load()
2015-05-07 11:18:07.5119|DEBUG|GroupHRIS.Employee.webFrmEmployeeSearch|Page_Load()
2015-05-07 11:21:54.2875|DEBUG|GroupHRIS.Employee.webFrmEmployeeSearch|Page_Load()
2015-05-07 11:21:54.2935|DEBUG|GroupHRIS.Employee.webFrmEmployeeSearch|fillCompanies()
2015-05-07 11:21:54.4015|DEBUG|GroupHRIS.Employee.webFrmEmployeeSearch|fillEmployeeStatus():
2015-05-07 11:21:56.3246|DEBUG|GroupHRIS.Employee.webFrmEmployeeSearch|Page_Load()
2015-05-07 11:21:58.0367|DEBUG|GroupHRIS.Employee.webFrmEmployeeSearch|Page_Load()
2015-05-07 11:22:00.0678|DEBUG|GroupHRIS.Employee.webFrmEmployeeSearch|Page_Load()
2015-05-07 11:23:20.3964|DEBUG|GroupHRIS.Employee.webFrmEmployeeSearch|Page_Load()
2015-05-07 11:23:20.4044|DEBUG|GroupHRIS.Employee.webFrmEmployeeSearch|fillCompanies()
2015-05-07 11:23:20.5324|DEBUG|GroupHRIS.Employee.webFrmEmployeeSearch|fillEmployeeStatus():
2015-05-07 11:23:22.1185|DEBUG|GroupHRIS.Employee.webFrmEmployeeSearch|Page_Load()
2015-05-07 11:23:24.6426|DEBUG|GroupHRIS.Employee.webFrmEmployeeSearch|Page_Load()
2015-05-07 11:23:27.9028|DEBUG|GroupHRIS.Employee.webFrmEmployeeSearch|Page_Load()
2015-05-07 12:29:31.7183|DEBUG|GroupHRIS.Employee.webFrmEmployeeSearch|Page_Load()
2015-05-07 12:29:31.7233|DEBUG|GroupHRIS.Employee.webFrmEmployeeSearch|fillCompanies()
2015-05-07 12:29:31.8893|DEBUG|GroupHRIS.Employee.webFrmEmployeeSearch|fillEmployeeStatus():
2015-05-07 12:29:33.6484|DEBUG|GroupHRIS.Employee.webFrmEmployeeSearch|Page_Load()
2015-05-07 12:29:34.9164|DEBUG|GroupHRIS.Employee.webFrmEmployeeSearch|Page_Load()
2015-05-07 12:29:38.2886|DEBUG|GroupHRIS.Employee.webFrmEmployeeSearch|Page_Load()
2015-05-07 12:33:03.3795|DEBUG|GroupHRIS.Employee.webFrmEmployeeSearch|Page_Load()
2015-05-07 12:33:03.3855|DEBUG|GroupHRIS.Employee.webFrmEmployeeSearch|fillCompanies()
2015-05-07 12:33:03.5065|DEBUG|GroupHRIS.Employee.webFrmEmployeeSearch|fillEmployeeStatus():
2015-05-07 12:33:07.4618|DEBUG|GroupHRIS.Employee.webFrmEmployeeSearch|Page_Load()
2015-05-07 12:33:07.4618|DEBUG|GroupHRIS.Employee.webFrmEmployeeSearch|ddlCompany_SelectedIndexChanged()
2015-05-07 12:33:07.4708|DEBUG|GroupHRIS.Employee.webFrmEmployeeSearch|fillDepartment() - companyId:CP27
2015-05-07 12:33:07.5838|DEBUG|GroupHRIS.Employee.webFrmEmployeeSearch|fillDesignations() - companyID:CP27
2015-05-07 12:33:08.5238|DEBUG|GroupHRIS.Employee.webFrmEmployeeSearch|Page_Load()
2015-05-07 12:33:09.8539|DEBUG|GroupHRIS.Employee.webFrmEmployeeSearch|Page_Load()
2015-05-07 12:33:13.3811|DEBUG|GroupHRIS.Employee.webFrmEmployeeSearch|Page_Load()
2015-05-07 12:35:06.9424|DEBUG|GroupHRIS.Employee.webFrmEmployeeSearch|Page_Load()
2015-05-07 12:35:06.9584|DEBUG|GroupHRIS.Employee.webFrmEmployeeSearch|fillCompanies()
2015-05-07 12:35:07.0814|DEBUG|GroupHRIS.Employee.webFrmEmployeeSearch|fillEmployeeStatus():
2015-05-07 12:35:09.0445|DEBUG|GroupHRIS.Employee.webFrmEmployeeSearch|Page_Load()
2015-05-07 12:35:10.4756|DEBUG|GroupHRIS.Employee.webFrmEmployeeSearch|Page_Load()
2015-05-07 12:35:13.2568|DEBUG|GroupHRIS.Employee.webFrmEmployeeSearch|Page_Load()
2015-05-07 13:27:16.6886|DEBUG|GroupHRIS.Employee.webFrmEmployeeSearch|Page_Load()
2015-05-07 13:27:16.6886|DEBUG|GroupHRIS.Employee.webFrmEmployeeSearch|fillCompanies()
2015-05-07 13:27:16.8126|DEBUG|GroupHRIS.Employee.webFrmEmployeeSearch|fillEmployeeStatus():
2015-05-07 13:27:18.9527|DEBUG|GroupHRIS.Employee.webFrmEmployeeSearch|Page_Load()
2015-05-07 13:27:20.1188|DEBUG|GroupHRIS.Employee.webFrmEmployeeSearch|Page_Load()
2015-05-07 13:27:21.6079|DEBUG|GroupHRIS.Employee.webFrmEmployeeSearch|Page_Load()
2015-05-07 13:31:30.2079|DEBUG|GroupHRIS.Employee.webFrmEmployeeSearch|Page_Load()
2015-05-07 13:31:30.2279|DEBUG|GroupHRIS.Employee.webFrmEmployeeSearch|fillCompanies()
2015-05-07 13:31:30.6699|DEBUG|GroupHRIS.Employee.webFrmEmployeeSearch|fillEmployeeStatus():
2015-05-07 13:31:32.6410|DEBUG|GroupHRIS.Employee.webFrmEmployeeSearch|Page_Load()
2015-05-07 13:31:33.8581|DEBUG|GroupHRIS.Employee.webFrmEmployeeSearch|Page_Load()
2015-05-07 13:31:36.9703|DEBUG|GroupHRIS.Employee.webFrmEmployeeSearch|Page_Load()
2015-05-07 13:35:59.0250|DEBUG|GroupHRIS.Employee.webFrmEmployeeSearch|Page_Load()
2015-05-07 13:35:59.0310|DEBUG|GroupHRIS.Employee.webFrmEmployeeSearch|fillCompanies()
2015-05-07 13:35:59.1620|DEBUG|GroupHRIS.Employee.webFrmEmployeeSearch|fillEmployeeStatus():
2015-05-07 13:36:03.6913|DEBUG|GroupHRIS.Employee.webFrmEmployeeSearch|Page_Load()
2015-05-07 13:36:06.2514|DEBUG|GroupHRIS.Employee.webFrmEmployeeSearch|Page_Load()
2015-05-07 13:36:07.0905|DEBUG|GroupHRIS.Employee.webFrmEmployeeSearch|Page_Load()
2015-05-07 13:38:12.8769|DEBUG|GroupHRIS.Employee.webFrmEmployeeSearch|Page_Load()
2015-05-07 13:38:12.8769|DEBUG|GroupHRIS.Employee.webFrmEmployeeSearch|fillCompanies()
2015-05-07 13:38:12.9949|DEBUG|GroupHRIS.Employee.webFrmEmployeeSearch|fillEmployeeStatus():
2015-05-07 13:38:14.5290|DEBUG|GroupHRIS.Employee.webFrmEmployeeSearch|Page_Load()
2015-05-07 13:38:15.9561|DEBUG|GroupHRIS.Employee.webFrmEmployeeSearch|Page_Load()
2015-05-07 13:38:17.4222|DEBUG|GroupHRIS.Employee.webFrmEmployeeSearch|Page_Load()
2015-05-07 13:50:41.9517|DEBUG|GroupHRIS.Employee.webFrmEmployeeSearch|Page_Load()
2015-05-07 13:50:41.9517|DEBUG|GroupHRIS.Employee.webFrmEmployeeSearch|fillCompanies()
2015-05-07 13:50:42.0758|DEBUG|GroupHRIS.Employee.webFrmEmployeeSearch|fillEmployeeStatus():
2015-05-07 13:50:43.4448|DEBUG|GroupHRIS.Employee.webFrmEmployeeSearch|Page_Load()
2015-05-07 13:50:47.6161|DEBUG|GroupHRIS.Employee.webFrmEmployeeSearch|Page_Load()
2015-05-07 13:50:49.6122|DEBUG|GroupHRIS.Employee.webFrmEmployeeSearch|Page_Load()
2015-05-07 13:58:18.4681|DEBUG|GroupHRIS.Employee.webFrmEmployeeSearch|Page_Load()
2015-05-07 13:58:18.4681|DEBUG|GroupHRIS.Employee.webFrmEmployeeSearch|fillCompanies()
2015-05-07 13:58:18.5773|DEBUG|GroupHRIS.Employee.webFrmEmployeeSearch|fillEmployeeStatus():
2015-05-07 13:58:20.1373|DEBUG|GroupHRIS.Employee.webFrmEmployeeSearch|Page_Load()
2015-05-07 13:58:21.3853|DEBUG|GroupHRIS.Employee.webFrmEmployeeSearch|Page_Load()
2015-05-07 13:58:23.3977|DEBUG|GroupHRIS.Employee.webFrmEmployeeSearch|Page_Load()
2015-05-07 14:02:09.1723|DEBUG|GroupHRIS.Employee.webFrmEmployeeSearch|Page_Load()
2015-05-07 14:02:09.1803|DEBUG|GroupHRIS.Employee.webFrmEmployeeSearch|fillCompanies()
2015-05-07 14:02:09.2903|DEBUG|GroupHRIS.Employee.webFrmEmployeeSearch|fillEmployeeStatus():
2015-05-07 14:02:10.9624|DEBUG|GroupHRIS.Employee.webFrmEmployeeSearch|Page_Load()
2015-05-07 14:02:13.8885|DEBUG|GroupHRIS.Employee.webFrmEmployeeSearch|Page_Load()
2015-05-07 14:02:15.7997|DEBUG|GroupHRIS.Employee.webFrmEmployeeSearch|Page_Load()
2015-05-07 14:05:25.0335|DEBUG|GroupHRIS.Employee.webFrmEmployeeSearch|Page_Load()
2015-05-07 14:05:25.0415|DEBUG|GroupHRIS.Employee.webFrmEmployeeSearch|fillCompanies()
2015-05-07 14:05:25.4725|DEBUG|GroupHRIS.Employee.webFrmEmployeeSearch|fillEmployeeStatus():
2015-05-07 14:05:28.3987|DEBUG|GroupHRIS.Employee.webFrmEmployeeSearch|Page_Load()
2015-05-07 14:05:29.5508|DEBUG|GroupHRIS.Employee.webFrmEmployeeSearch|Page_Load()
2015-05-07 14:06:03.4917|DEBUG|GroupHRIS.Employee.webFrmEmployeeSearch|Page_Load()
2015-05-07 14:06:03.4917|DEBUG|GroupHRIS.Employee.webFrmEmployeeSearch|fillCompanies()
2015-05-07 14:06:03.6137|DEBUG|GroupHRIS.Employee.webFrmEmployeeSearch|fillEmployeeStatus():
2015-05-07 14:06:05.5098|DEBUG|GroupHRIS.Employee.webFrmEmployeeSearch|Page_Load()
2015-05-07 14:06:06.9509|DEBUG|GroupHRIS.Employee.webFrmEmployeeSearch|Page_Load()
2015-05-07 14:06:10.5681|DEBUG|GroupHRIS.Employee.webFrmEmployeeSearch|Page_Load()
2015-05-07 14:20:43.7599|DEBUG|GroupHRIS.Employee.webFrmEmployeeSearch|Page_Load()
2015-05-07 14:20:43.7749|DEBUG|GroupHRIS.Employee.webFrmEmployeeSearch|fillCompanies()
2015-05-07 14:20:43.8979|DEBUG|GroupHRIS.Employee.webFrmEmployeeSearch|fillEmployeeStatus():
2015-05-07 14:20:46.9851|DEBUG|GroupHRIS.Employee.webFrmEmployeeSearch|Page_Load()
2015-05-07 14:20:46.9851|DEBUG|GroupHRIS.Employee.webFrmEmployeeSearch|ddlCompany_SelectedIndexChanged()
2015-05-07 14:20:46.9851|DEBUG|GroupHRIS.Employee.webFrmEmployeeSearch|fillDepartment() - companyId:CP27
2015-05-07 14:20:47.1171|DEBUG|GroupHRIS.Employee.webFrmEmployeeSearch|fillDesignations() - companyID:CP27
2015-05-07 14:20:48.7672|DEBUG|GroupHRIS.Employee.webFrmEmployeeSearch|Page_Load()
2015-05-07 14:20:50.0652|DEBUG|GroupHRIS.Employee.webFrmEmployeeSearch|Page_Load()
2015-05-07 14:20:51.9524|DEBUG|GroupHRIS.Employee.webFrmEmployeeSearch|Page_Load()
2015-05-07 14:21:50.3597|DEBUG|GroupHRIS.Employee.webFrmEmployeeSearch|Page_Load()
2015-05-07 14:21:50.3727|DEBUG|GroupHRIS.Employee.webFrmEmployeeSearch|fillCompanies()
2015-05-07 14:21:50.5107|DEBUG|GroupHRIS.Employee.webFrmEmployeeSearch|fillEmployeeStatus():
2015-05-07 14:21:52.3188|DEBUG|GroupHRIS.Employee.webFrmEmployeeSearch|Page_Load()
2015-05-07 14:21:53.6319|DEBUG|GroupHRIS.Employee.webFrmEmployeeSearch|Page_Load()
2015-05-07 14:21:57.0751|DEBUG|GroupHRIS.Employee.webFrmEmployeeSearch|Page_Load()
2015-05-07 14:23:27.4592|DEBUG|GroupHRIS.Employee.webFrmEmployeeSearch|Page_Load()
2015-05-07 14:23:27.4722|DEBUG|GroupHRIS.Employee.webFrmEmployeeSearch|fillCompanies()
2015-05-07 14:23:27.5872|DEBUG|GroupHRIS.Employee.webFrmEmployeeSearch|fillEmployeeStatus():
2015-05-07 14:23:31.7515|DEBUG|GroupHRIS.Employee.webFrmEmployeeSearch|Page_Load()
2015-05-07 14:23:34.6016|DEBUG|GroupHRIS.Employee.webFrmEmployeeSearch|Page_Load()
2015-05-07 14:23:35.6327|DEBUG|GroupHRIS.Employee.webFrmEmployeeSearch|Page_Load()
2015-05-07 14:24:40.4584|DEBUG|GroupHRIS.Employee.webFrmEmployeeSearch|Page_Load()
2015-05-07 14:24:40.4644|DEBUG|GroupHRIS.Employee.webFrmEmployeeSearch|fillCompanies()
2015-05-07 14:24:40.5934|DEBUG|GroupHRIS.Employee.webFrmEmployeeSearch|fillEmployeeStatus():
2015-05-07 14:24:42.8305|DEBUG|GroupHRIS.Employee.webFrmEmployeeSearch|Page_Load()
2015-05-07 14:24:43.9896|DEBUG|GroupHRIS.Employee.webFrmEmployeeSearch|Page_Load()
2015-05-07 14:24:47.8998|DEBUG|GroupHRIS.Employee.webFrmEmployeeSearch|Page_Load()
2015-05-07 14:25:41.9419|DEBUG|GroupHRIS.Employee.webFrmEmployeeSearch|Page_Load()
2015-05-07 14:25:41.9419|DEBUG|GroupHRIS.Employee.webFrmEmployeeSearch|fillCompanies()
2015-05-07 14:25:42.0629|DEBUG|GroupHRIS.Employee.webFrmEmployeeSearch|fillEmployeeStatus():
2015-05-07 14:25:44.0470|DEBUG|GroupHRIS.Employee.webFrmEmployeeSearch|Page_Load()
2015-05-07 14:25:45.7831|DEBUG|GroupHRIS.Employee.webFrmEmployeeSearch|Page_Load()
2015-05-07 14:25:47.0142|DEBUG|GroupHRIS.Employee.webFrmEmployeeSearch|Page_Load()
2015-05-07 15:06:46.4650|DEBUG|GroupHRIS.Employee.webFrmEmployeeSearch|Page_Load()
2015-05-07 15:06:46.4806|DEBUG|GroupHRIS.Employee.webFrmEmployeeSearch|fillCompanies()
2015-05-07 15:06:46.5898|DEBUG|GroupHRIS.Employee.webFrmEmployeeSearch|fillEmployeeStatus():
2015-05-07 15:06:48.5554|DEBUG|GroupHRIS.Employee.webFrmEmployeeSearch|Page_Load()
2015-05-07 15:06:50.0686|DEBUG|GroupHRIS.Employee.webFrmEmployeeSearch|Page_Load()
2015-05-07 15:06:51.0202|DEBUG|GroupHRIS.Employee.webFrmEmployeeSearch|Page_Load()
