2015-06-08 10:11:00.6051|DEBUG|GroupHRIS.Employee.webFrmEmployeeSearch|Page_Load()
2015-06-08 10:11:00.6381|DEBUG|GroupHRIS.Employee.webFrmEmployeeSearch|fillCompanies()
2015-06-08 10:11:01.0522|DEBUG|GroupHRIS.Employee.webFrmEmployeeSearch|fillEmployeeStatus():
2015-06-08 10:11:03.0033|DEBUG|GroupHRIS.Employee.webFrmEmployeeSearch|Page_Load()
2015-06-08 10:11:11.6138|DEBUG|GroupHRIS.Employee.webFrmEmployeeSearch|Page_Load()
2015-06-08 10:11:24.8955|DEBUG|GroupHRIS.Employee.webFrmEmployeeSearch|Page_Load()
2015-06-08 10:30:24.9507|DEBUG|GroupHRIS.Employee.webFrmEmployeeSearch|Page_Load()
2015-06-08 10:30:24.9637|DEBUG|GroupHRIS.Employee.webFrmEmployeeSearch|fillCompanies()
2015-06-08 10:30:25.0797|DEBUG|GroupHRIS.Employee.webFrmEmployeeSearch|fillEmployeeStatus():
2015-06-08 10:30:26.4028|DEBUG|GroupHRIS.Employee.webFrmEmployeeSearch|Page_Load()
2015-06-08 10:30:27.9759|DEBUG|GroupHRIS.Employee.webFrmEmployeeSearch|Page_Load()
2015-06-08 10:30:50.2392|DEBUG|GroupHRIS.Employee.webFrmEmployeeSearch|Page_Load()
2015-06-08 10:32:19.3013|DEBUG|GroupHRIS.Employee.webFrmEmployeeSearch|Page_Load()
2015-06-08 10:32:19.3013|DEBUG|GroupHRIS.Employee.webFrmEmployeeSearch|fillCompanies()
2015-06-08 10:32:19.4263|DEBUG|GroupHRIS.Employee.webFrmEmployeeSearch|fillEmployeeStatus():
2015-06-08 10:32:21.0814|DEBUG|GroupHRIS.Employee.webFrmEmployeeSearch|Page_Load()
2015-06-08 10:32:25.7236|DEBUG|GroupHRIS.Employee.webFrmEmployeeSearch|Page_Load()
2015-06-08 10:32:36.4453|DEBUG|GroupHRIS.Employee.webFrmEmployeeSearch|Page_Load()
2015-06-08 11:00:16.6109|DEBUG|GroupHRIS.Employee.webFrmEmployeeSearch|Page_Load()
2015-06-08 11:00:16.6265|DEBUG|GroupHRIS.Employee.webFrmEmployeeSearch|fillCompanies()
2015-06-08 11:00:16.7201|DEBUG|GroupHRIS.Employee.webFrmEmployeeSearch|fillEmployeeStatus():
2015-06-08 11:00:18.3113|DEBUG|GroupHRIS.Employee.webFrmEmployeeSearch|Page_Load()
2015-06-08 11:00:19.5593|DEBUG|GroupHRIS.Employee.webFrmEmployeeSearch|Page_Load()
2015-06-08 11:00:21.1037|DEBUG|GroupHRIS.Employee.webFrmEmployeeSearch|Page_Load()
2015-06-08 11:10:15.4668|DEBUG|GroupHRIS.Employee.webFrmEmployeeSearch|Page_Load()
2015-06-08 11:10:15.4824|DEBUG|GroupHRIS.Employee.webFrmEmployeeSearch|fillCompanies()
2015-06-08 11:10:15.5916|DEBUG|GroupHRIS.Employee.webFrmEmployeeSearch|fillEmployeeStatus():
2015-06-08 11:10:31.3633|DEBUG|GroupHRIS.Employee.webFrmEmployeeSearch|Page_Load()
2015-06-08 11:10:31.3789|DEBUG|GroupHRIS.Employee.webFrmEmployeeSearch|fillCompanies()
2015-06-08 11:10:31.4725|DEBUG|GroupHRIS.Employee.webFrmEmployeeSearch|fillEmployeeStatus():
2015-06-08 11:10:33.0481|DEBUG|GroupHRIS.Employee.webFrmEmployeeSearch|Page_Load()
2015-06-08 11:10:34.3429|DEBUG|GroupHRIS.Employee.webFrmEmployeeSearch|Page_Load()
2015-06-08 11:10:35.2009|DEBUG|GroupHRIS.Employee.webFrmEmployeeSearch|Page_Load()
2015-06-08 12:14:03.8977|DEBUG|GroupHRIS.Employee.webFrmEmployeeSearch|Page_Load()
2015-06-08 12:14:03.8977|DEBUG|GroupHRIS.Employee.webFrmEmployeeSearch|fillCompanies()
2015-06-08 12:14:04.3438|DEBUG|GroupHRIS.Employee.webFrmEmployeeSearch|fillEmployeeStatus():
2015-06-08 12:14:06.3059|DEBUG|GroupHRIS.Employee.webFrmEmployeeSearch|Page_Load()
2015-06-08 12:14:08.2260|DEBUG|GroupHRIS.Employee.webFrmEmployeeSearch|Page_Load()
2015-06-08 12:14:38.5637|DEBUG|GroupHRIS.Employee.webFrmEmployeeSearch|Page_Load()
2015-06-08 12:14:38.5637|DEBUG|GroupHRIS.Employee.webFrmEmployeeSearch|fillCompanies()
2015-06-08 12:14:39.0547|DEBUG|GroupHRIS.Employee.webFrmEmployeeSearch|fillEmployeeStatus():
2015-06-08 12:14:39.5598|DEBUG|GroupHRIS.Employee.webFrmEmployeeSearch|Page_Load()
2015-06-08 12:15:02.4571|DEBUG|GroupHRIS.Employee.webFrmEmployeeSearch|Page_Load()
2015-06-08 12:15:02.4571|DEBUG|GroupHRIS.Employee.webFrmEmployeeSearch|fillCompanies()
2015-06-08 12:15:02.5761|DEBUG|GroupHRIS.Employee.webFrmEmployeeSearch|fillEmployeeStatus():
2015-06-08 12:15:04.2522|DEBUG|GroupHRIS.Employee.webFrmEmployeeSearch|Page_Load()
2015-06-08 12:15:05.6993|DEBUG|GroupHRIS.Employee.webFrmEmployeeSearch|Page_Load()
2015-06-08 12:16:16.0983|DEBUG|GroupHRIS.Employee.webFrmEmployeeSearch|Page_Load()
2015-06-08 12:31:16.0443|DEBUG|GroupHRIS.Employee.webFrmEmployeeSearch|Page_Load()
2015-06-08 12:31:16.0503|DEBUG|GroupHRIS.Employee.webFrmEmployeeSearch|fillCompanies()
2015-06-08 12:31:16.1723|DEBUG|GroupHRIS.Employee.webFrmEmployeeSearch|fillEmployeeStatus():
2015-06-08 12:31:17.8534|DEBUG|GroupHRIS.Employee.webFrmEmployeeSearch|Page_Load()
2015-06-08 12:31:19.8035|DEBUG|GroupHRIS.Employee.webFrmEmployeeSearch|Page_Load()
2015-06-08 12:31:55.8025|DEBUG|GroupHRIS.Employee.webFrmEmployeeSearch|Page_Load()
2015-06-08 12:33:07.0691|DEBUG|GroupHRIS.Employee.webFrmEmployeeSearch|Page_Load()
2015-06-08 12:33:07.0691|DEBUG|GroupHRIS.Employee.webFrmEmployeeSearch|fillCompanies()
2015-06-08 12:33:07.2781|DEBUG|GroupHRIS.Employee.webFrmEmployeeSearch|fillEmployeeStatus():
2015-06-08 12:33:08.8452|DEBUG|GroupHRIS.Employee.webFrmEmployeeSearch|Page_Load()
2015-06-08 12:33:11.2404|DEBUG|GroupHRIS.Employee.webFrmEmployeeSearch|Page_Load()
2015-06-08 12:33:40.4020|DEBUG|GroupHRIS.Employee.webFrmEmployeeSearch|Page_Load()
2015-06-08 12:34:34.4181|DEBUG|GroupHRIS.Employee.webFrmEmployeeSearch|Page_Load()
2015-06-08 12:34:34.4181|DEBUG|GroupHRIS.Employee.webFrmEmployeeSearch|fillCompanies()
2015-06-08 12:34:34.5251|DEBUG|GroupHRIS.Employee.webFrmEmployeeSearch|fillEmployeeStatus():
2015-06-08 12:34:37.5623|DEBUG|GroupHRIS.Employee.webFrmEmployeeSearch|Page_Load()
2015-06-08 12:34:38.8234|DEBUG|GroupHRIS.Employee.webFrmEmployeeSearch|Page_Load()
2015-06-08 12:36:48.7911|DEBUG|GroupHRIS.Employee.webFrmEmployeeSearch|Page_Load()
2015-06-08 12:39:23.4441|DEBUG|GroupHRIS.Employee.webFrmEmployeeSearch|Page_Load()
2015-06-08 12:39:23.4581|DEBUG|GroupHRIS.Employee.webFrmEmployeeSearch|fillCompanies()
2015-06-08 12:39:23.5761|DEBUG|GroupHRIS.Employee.webFrmEmployeeSearch|fillEmployeeStatus():
2015-06-08 12:39:24.8312|DEBUG|GroupHRIS.Employee.webFrmEmployeeSearch|Page_Load()
2015-06-08 12:39:25.9263|DEBUG|GroupHRIS.Employee.webFrmEmployeeSearch|Page_Load()
2015-06-08 12:40:04.0505|DEBUG|GroupHRIS.Employee.webFrmEmployeeSearch|Page_Load()
2015-06-08 12:42:18.4328|DEBUG|GroupHRIS.Employee.webFrmEmployeeSearch|Page_Load()
2015-06-08 12:42:18.4488|DEBUG|GroupHRIS.Employee.webFrmEmployeeSearch|fillCompanies()
2015-06-08 12:42:19.1159|DEBUG|GroupHRIS.Employee.webFrmEmployeeSearch|fillEmployeeStatus():
2015-06-08 12:42:21.1800|DEBUG|GroupHRIS.Employee.webFrmEmployeeSearch|Page_Load()
2015-06-08 12:42:23.1151|DEBUG|GroupHRIS.Employee.webFrmEmployeeSearch|Page_Load()
2015-06-08 12:43:12.2279|DEBUG|GroupHRIS.Employee.webFrmEmployeeSearch|Page_Load()
2015-06-08 12:44:50.1687|DEBUG|GroupHRIS.Employee.webFrmEmployeeSearch|Page_Load()
2015-06-08 12:44:50.1687|DEBUG|GroupHRIS.Employee.webFrmEmployeeSearch|fillCompanies()
2015-06-08 12:44:51.4937|DEBUG|GroupHRIS.Employee.webFrmEmployeeSearch|fillEmployeeStatus():
2015-06-08 12:44:53.3588|DEBUG|GroupHRIS.Employee.webFrmEmployeeSearch|Page_Load()
2015-06-08 12:44:54.6989|DEBUG|GroupHRIS.Employee.webFrmEmployeeSearch|Page_Load()
2015-06-08 12:45:57.1435|DEBUG|GroupHRIS.Employee.webFrmEmployeeSearch|Page_Load()
2015-06-08 12:46:30.5578|DEBUG|GroupHRIS.Employee.webFrmEmployeeSearch|Page_Load()
2015-06-08 12:46:30.5708|DEBUG|GroupHRIS.Employee.webFrmEmployeeSearch|fillCompanies()
2015-06-08 12:46:30.6948|DEBUG|GroupHRIS.Employee.webFrmEmployeeSearch|fillEmployeeStatus():
2015-06-08 12:46:32.1889|DEBUG|GroupHRIS.Employee.webFrmEmployeeSearch|Page_Load()
2015-06-08 12:46:33.8830|DEBUG|GroupHRIS.Employee.webFrmEmployeeSearch|Page_Load()
2015-06-08 12:47:53.9894|DEBUG|GroupHRIS.Employee.webFrmEmployeeSearch|Page_Load()
2015-06-08 12:48:21.6329|DEBUG|GroupHRIS.Employee.webFrmEmployeeSearch|Page_Load()
2015-06-08 12:48:21.6459|DEBUG|GroupHRIS.Employee.webFrmEmployeeSearch|fillCompanies()
2015-06-08 12:48:21.7589|DEBUG|GroupHRIS.Employee.webFrmEmployeeSearch|fillEmployeeStatus():
2015-06-08 12:48:23.5410|DEBUG|GroupHRIS.Employee.webFrmEmployeeSearch|Page_Load()
2015-06-08 12:48:24.7781|DEBUG|GroupHRIS.Employee.webFrmEmployeeSearch|Page_Load()
2015-06-08 12:52:12.5037|DEBUG|GroupHRIS.Employee.webFrmEmployeeSearch|Page_Load()
2015-06-08 12:59:15.7438|DEBUG|GroupHRIS.Employee.webFrmEmployeeSearch|Page_Load()
2015-06-08 12:59:15.7578|DEBUG|GroupHRIS.Employee.webFrmEmployeeSearch|fillCompanies()
2015-06-08 12:59:15.8558|DEBUG|GroupHRIS.Employee.webFrmEmployeeSearch|fillEmployeeStatus():
2015-06-08 12:59:17.1909|DEBUG|GroupHRIS.Employee.webFrmEmployeeSearch|Page_Load()
2015-06-08 12:59:18.7080|DEBUG|GroupHRIS.Employee.webFrmEmployeeSearch|Page_Load()
2015-06-08 12:59:20.4961|DEBUG|GroupHRIS.Employee.webFrmEmployeeSearch|Page_Load()
2015-06-08 13:00:11.8240|DEBUG|GroupHRIS.Employee.webFrmEmployeeSearch|Page_Load()
2015-06-08 13:00:11.8240|DEBUG|GroupHRIS.Employee.webFrmEmployeeSearch|fillCompanies()
2015-06-08 13:00:11.9450|DEBUG|GroupHRIS.Employee.webFrmEmployeeSearch|fillEmployeeStatus():
2015-06-08 13:00:13.5691|DEBUG|GroupHRIS.Employee.webFrmEmployeeSearch|Page_Load()
2015-06-08 13:00:15.6232|DEBUG|GroupHRIS.Employee.webFrmEmployeeSearch|Page_Load()
2015-06-08 13:00:19.2044|DEBUG|GroupHRIS.Employee.webFrmEmployeeSearch|Page_Load()
2015-06-08 13:00:19.2044|DEBUG|GroupHRIS.Employee.webFrmEmployeeSearch|ddlCompany_SelectedIndexChanged()
2015-06-08 13:00:19.2044|DEBUG|GroupHRIS.Employee.webFrmEmployeeSearch|fillDepartment() - companyId:CP16
2015-06-08 13:00:19.6324|DEBUG|GroupHRIS.Employee.webFrmEmployeeSearch|fillDesignations() - companyID:CP16
2015-06-08 13:00:21.7126|DEBUG|GroupHRIS.Employee.webFrmEmployeeSearch|Page_Load()
2015-06-08 13:00:22.9286|DEBUG|GroupHRIS.Employee.webFrmEmployeeSearch|Page_Load()
2015-06-08 13:00:25.4788|DEBUG|GroupHRIS.Employee.webFrmEmployeeSearch|Page_Load()
2015-06-08 13:00:34.0673|DEBUG|GroupHRIS.Employee.webFrmEmployeeSearch|Page_Load()
2015-06-08 13:00:34.0673|DEBUG|GroupHRIS.Employee.webFrmEmployeeSearch|fillCompanies()
2015-06-08 13:00:34.1893|DEBUG|GroupHRIS.Employee.webFrmEmployeeSearch|fillEmployeeStatus():
2015-06-08 13:10:14.7519|DEBUG|GroupHRIS.Employee.webFrmEmployeeSearch|Page_Load()
2015-06-08 13:10:14.7519|DEBUG|GroupHRIS.Employee.webFrmEmployeeSearch|fillCompanies()
2015-06-08 13:10:14.8799|DEBUG|GroupHRIS.Employee.webFrmEmployeeSearch|fillEmployeeStatus():
2015-06-08 13:10:16.4590|DEBUG|GroupHRIS.Employee.webFrmEmployeeSearch|Page_Load()
2015-06-08 13:10:18.6351|DEBUG|GroupHRIS.Employee.webFrmEmployeeSearch|Page_Load()
2015-06-08 13:10:24.1754|DEBUG|GroupHRIS.Employee.webFrmEmployeeSearch|Page_Load()
2015-06-08 13:10:27.5386|DEBUG|GroupHRIS.Employee.webFrmEmployeeSearch|Page_Load()
2015-06-08 13:10:27.5386|DEBUG|GroupHRIS.Employee.webFrmEmployeeSearch|fillCompanies()
2015-06-08 13:10:27.9597|DEBUG|GroupHRIS.Employee.webFrmEmployeeSearch|fillEmployeeStatus():
2015-06-08 13:10:30.9358|DEBUG|GroupHRIS.Employee.webFrmEmployeeSearch|Page_Load()
2015-06-08 13:10:30.9358|DEBUG|GroupHRIS.Employee.webFrmEmployeeSearch|ddlCompany_SelectedIndexChanged()
2015-06-08 13:10:30.9358|DEBUG|GroupHRIS.Employee.webFrmEmployeeSearch|fillDepartment() - companyId:CP16
2015-06-08 13:10:31.3538|DEBUG|GroupHRIS.Employee.webFrmEmployeeSearch|fillDesignations() - companyID:CP16
2015-06-08 13:10:31.8869|DEBUG|GroupHRIS.Employee.webFrmEmployeeSearch|Page_Load()
2015-06-08 13:10:33.0789|DEBUG|GroupHRIS.Employee.webFrmEmployeeSearch|Page_Load()
2015-06-08 13:10:34.9091|DEBUG|GroupHRIS.Employee.webFrmEmployeeSearch|Page_Load()
2015-06-08 13:12:24.1985|DEBUG|GroupHRIS.Employee.webFrmEmployeeSearch|Page_Load()
2015-06-08 13:12:24.2045|DEBUG|GroupHRIS.Employee.webFrmEmployeeSearch|fillCompanies()
2015-06-08 13:12:24.3295|DEBUG|GroupHRIS.Employee.webFrmEmployeeSearch|fillEmployeeStatus():
2015-06-08 13:12:25.6286|DEBUG|GroupHRIS.Employee.webFrmEmployeeSearch|Page_Load()
2015-06-08 13:12:29.0778|DEBUG|GroupHRIS.Employee.webFrmEmployeeSearch|Page_Load()
2015-06-08 13:12:29.0838|DEBUG|GroupHRIS.Employee.webFrmEmployeeSearch|ddlCompany_SelectedIndexChanged()
2015-06-08 13:12:29.0838|DEBUG|GroupHRIS.Employee.webFrmEmployeeSearch|fillDepartment() - companyId:CP16
2015-06-08 13:12:29.1908|DEBUG|GroupHRIS.Employee.webFrmEmployeeSearch|fillDesignations() - companyID:CP16
2015-06-08 13:12:31.6540|DEBUG|GroupHRIS.Employee.webFrmEmployeeSearch|Page_Load()
2015-06-08 13:12:33.6181|DEBUG|GroupHRIS.Employee.webFrmEmployeeSearch|Page_Load()
2015-06-08 13:12:37.9313|DEBUG|GroupHRIS.Employee.webFrmEmployeeSearch|Page_Load()
2015-06-08 13:12:42.6106|DEBUG|GroupHRIS.Employee.webFrmEmployeeSearch|Page_Load()
2015-06-08 13:12:42.6106|DEBUG|GroupHRIS.Employee.webFrmEmployeeSearch|fillCompanies()
2015-06-08 13:12:43.0296|DEBUG|GroupHRIS.Employee.webFrmEmployeeSearch|fillEmployeeStatus():
2015-06-08 13:12:47.5329|DEBUG|GroupHRIS.Employee.webFrmEmployeeSearch|Page_Load()
2015-06-08 13:12:47.5329|DEBUG|GroupHRIS.Employee.webFrmEmployeeSearch|ddlCompany_SelectedIndexChanged()
2015-06-08 13:12:47.5329|DEBUG|GroupHRIS.Employee.webFrmEmployeeSearch|fillDepartment() - companyId:CP53
2015-06-08 13:12:47.9289|DEBUG|GroupHRIS.Employee.webFrmEmployeeSearch|fillDesignations() - companyID:CP53
2015-06-08 13:12:50.3790|DEBUG|GroupHRIS.Employee.webFrmEmployeeSearch|Page_Load()
2015-06-08 13:12:50.3790|DEBUG|GroupHRIS.Employee.webFrmEmployeeSearch|ddlCompany_SelectedIndexChanged()
2015-06-08 13:12:50.3790|DEBUG|GroupHRIS.Employee.webFrmEmployeeSearch|fillDepartment() - companyId:CP60
2015-06-08 13:12:50.7980|DEBUG|GroupHRIS.Employee.webFrmEmployeeSearch|fillDesignations() - companyID:CP60
2015-06-08 13:12:51.5651|DEBUG|GroupHRIS.Employee.webFrmEmployeeSearch|Page_Load()
2015-06-08 13:12:52.5772|DEBUG|GroupHRIS.Employee.webFrmEmployeeSearch|Page_Load()
2015-06-08 13:12:53.2962|DEBUG|GroupHRIS.Employee.webFrmEmployeeSearch|Page_Load()
2015-06-08 13:13:54.5847|DEBUG|GroupHRIS.Employee.webFrmEmployeeSearch|Page_Load()
2015-06-08 13:13:54.5907|DEBUG|GroupHRIS.Employee.webFrmEmployeeSearch|fillCompanies()
2015-06-08 13:13:54.9157|DEBUG|GroupHRIS.Employee.webFrmEmployeeSearch|fillEmployeeStatus():
2015-06-08 13:13:57.0498|DEBUG|GroupHRIS.Employee.webFrmEmployeeSearch|Page_Load()
2015-06-08 13:13:59.6770|DEBUG|GroupHRIS.Employee.webFrmEmployeeSearch|Page_Load()
2015-06-08 13:13:59.6770|DEBUG|GroupHRIS.Employee.webFrmEmployeeSearch|ddlCompany_SelectedIndexChanged()
2015-06-08 13:13:59.6770|DEBUG|GroupHRIS.Employee.webFrmEmployeeSearch|fillDepartment() - companyId:CP16
2015-06-08 13:14:00.1220|DEBUG|GroupHRIS.Employee.webFrmEmployeeSearch|fillDesignations() - companyID:CP16
2015-06-08 13:14:03.8592|DEBUG|GroupHRIS.Employee.webFrmEmployeeSearch|Page_Load()
2015-06-08 13:14:07.3364|DEBUG|GroupHRIS.Employee.webFrmEmployeeSearch|Page_Load()
2015-06-08 13:14:13.3408|DEBUG|GroupHRIS.Employee.webFrmEmployeeSearch|Page_Load()
2015-06-08 13:14:17.7030|DEBUG|GroupHRIS.Employee.webFrmEmployeeSearch|Page_Load()
2015-06-08 13:14:17.7030|DEBUG|GroupHRIS.Employee.webFrmEmployeeSearch|fillCompanies()
2015-06-08 13:14:18.7461|DEBUG|GroupHRIS.Employee.webFrmEmployeeSearch|fillEmployeeStatus():
2015-06-08 13:14:28.7797|DEBUG|GroupHRIS.Employee.webFrmEmployeeSearch|Page_Load()
2015-06-08 13:14:28.7797|DEBUG|GroupHRIS.Employee.webFrmEmployeeSearch|fillCompanies()
2015-06-08 13:14:29.5777|DEBUG|GroupHRIS.Employee.webFrmEmployeeSearch|fillEmployeeStatus():
2015-06-08 13:14:33.1829|DEBUG|GroupHRIS.Employee.webFrmEmployeeSearch|Page_Load()
2015-06-08 13:14:33.1829|DEBUG|GroupHRIS.Employee.webFrmEmployeeSearch|ddlCompany_SelectedIndexChanged()
2015-06-08 13:14:33.1829|DEBUG|GroupHRIS.Employee.webFrmEmployeeSearch|fillDepartment() - companyId:CP60
2015-06-08 13:14:33.3859|DEBUG|GroupHRIS.Employee.webFrmEmployeeSearch|fillDesignations() - companyID:CP60
2015-06-08 13:14:34.1110|DEBUG|GroupHRIS.Employee.webFrmEmployeeSearch|Page_Load()
2015-06-08 13:14:35.4220|DEBUG|GroupHRIS.Employee.webFrmEmployeeSearch|Page_Load()
2015-06-08 13:14:37.2721|DEBUG|GroupHRIS.Employee.webFrmEmployeeSearch|Page_Load()
2015-06-08 13:16:17.6728|DEBUG|GroupHRIS.Employee.webFrmEmployeeSearch|Page_Load()
2015-06-08 13:16:17.6728|DEBUG|GroupHRIS.Employee.webFrmEmployeeSearch|fillCompanies()
2015-06-08 13:16:17.7958|DEBUG|GroupHRIS.Employee.webFrmEmployeeSearch|fillEmployeeStatus():
2015-06-08 13:16:21.0500|DEBUG|GroupHRIS.Employee.webFrmEmployeeSearch|Page_Load()
2015-06-08 13:16:21.0500|DEBUG|GroupHRIS.Employee.webFrmEmployeeSearch|ddlCompany_SelectedIndexChanged()
2015-06-08 13:16:21.0500|DEBUG|GroupHRIS.Employee.webFrmEmployeeSearch|fillDepartment() - companyId:CP62
2015-06-08 13:16:21.1820|DEBUG|GroupHRIS.Employee.webFrmEmployeeSearch|fillDesignations() - companyID:CP62
2015-06-08 13:16:22.3331|DEBUG|GroupHRIS.Employee.webFrmEmployeeSearch|Page_Load()
2015-06-08 13:16:23.4461|DEBUG|GroupHRIS.Employee.webFrmEmployeeSearch|Page_Load()
2015-06-08 13:16:27.3164|DEBUG|GroupHRIS.Employee.webFrmEmployeeSearch|Page_Load()
2015-06-08 13:16:33.6617|DEBUG|GroupHRIS.Employee.webFrmEmployeeSearch|Page_Load()
2015-06-08 13:16:33.6617|DEBUG|GroupHRIS.Employee.webFrmEmployeeSearch|fillCompanies()
2015-06-08 13:16:33.7737|DEBUG|GroupHRIS.Employee.webFrmEmployeeSearch|fillEmployeeStatus():
2015-06-08 13:16:38.8520|DEBUG|GroupHRIS.Employee.webFrmEmployeeSearch|Page_Load()
2015-06-08 13:16:38.8520|DEBUG|GroupHRIS.Employee.webFrmEmployeeSearch|ddlCompany_SelectedIndexChanged()
2015-06-08 13:16:38.8520|DEBUG|GroupHRIS.Employee.webFrmEmployeeSearch|fillDepartment() - companyId:CP62
2015-06-08 13:16:38.9720|DEBUG|GroupHRIS.Employee.webFrmEmployeeSearch|fillDesignations() - companyID:CP62
2015-06-08 13:16:41.0712|DEBUG|GroupHRIS.Employee.webFrmEmployeeSearch|Page_Load()
2015-06-08 13:16:41.0722|DEBUG|GroupHRIS.Employee.webFrmEmployeeSearch|ddlCompany_SelectedIndexChanged()
2015-06-08 13:16:41.0722|DEBUG|GroupHRIS.Employee.webFrmEmployeeSearch|fillDepartment() - companyId:CP16
2015-06-08 13:16:41.1922|DEBUG|GroupHRIS.Employee.webFrmEmployeeSearch|fillDesignations() - companyID:CP16
2015-06-08 13:16:41.7662|DEBUG|GroupHRIS.Employee.webFrmEmployeeSearch|Page_Load()
2015-06-08 13:16:43.7673|DEBUG|GroupHRIS.Employee.webFrmEmployeeSearch|Page_Load()
2015-06-08 13:16:45.6314|DEBUG|GroupHRIS.Employee.webFrmEmployeeSearch|Page_Load()
2015-06-08 13:17:55.4294|DEBUG|GroupHRIS.Employee.webFrmEmployeeSearch|Page_Load()
2015-06-08 13:17:55.4424|DEBUG|GroupHRIS.Employee.webFrmEmployeeSearch|fillCompanies()
2015-06-08 13:17:55.5614|DEBUG|GroupHRIS.Employee.webFrmEmployeeSearch|fillEmployeeStatus():
2015-06-08 13:17:57.3195|DEBUG|GroupHRIS.Employee.webFrmEmployeeSearch|Page_Load()
2015-06-08 13:17:59.3796|DEBUG|GroupHRIS.Employee.webFrmEmployeeSearch|Page_Load()
2015-06-08 13:18:01.8068|DEBUG|GroupHRIS.Employee.webFrmEmployeeSearch|Page_Load()
2015-06-08 13:18:34.8497|DEBUG|GroupHRIS.Employee.webFrmEmployeeSearch|Page_Load()
2015-06-08 13:18:34.8497|DEBUG|GroupHRIS.Employee.webFrmEmployeeSearch|fillCompanies()
2015-06-08 13:18:34.9647|DEBUG|GroupHRIS.Employee.webFrmEmployeeSearch|fillEmployeeStatus():
2015-06-08 13:18:36.7738|DEBUG|GroupHRIS.Employee.webFrmEmployeeSearch|Page_Load()
2015-06-08 13:18:37.7308|DEBUG|GroupHRIS.Employee.webFrmEmployeeSearch|Page_Load()
2015-06-08 13:18:39.8069|DEBUG|GroupHRIS.Employee.webFrmEmployeeSearch|Page_Load()
2015-06-08 13:19:17.9901|DEBUG|GroupHRIS.Employee.webFrmEmployeeSearch|Page_Load()
2015-06-08 13:19:17.9901|DEBUG|GroupHRIS.Employee.webFrmEmployeeSearch|fillCompanies()
2015-06-08 13:19:18.1101|DEBUG|GroupHRIS.Employee.webFrmEmployeeSearch|fillEmployeeStatus():
2015-06-08 13:19:21.5533|DEBUG|GroupHRIS.Employee.webFrmEmployeeSearch|Page_Load()
2015-06-08 13:19:21.5533|DEBUG|GroupHRIS.Employee.webFrmEmployeeSearch|ddlCompany_SelectedIndexChanged()
2015-06-08 13:19:21.5533|DEBUG|GroupHRIS.Employee.webFrmEmployeeSearch|fillDepartment() - companyId:CP16
2015-06-08 13:19:21.6763|DEBUG|GroupHRIS.Employee.webFrmEmployeeSearch|fillDesignations() - companyID:CP16
2015-06-08 13:19:22.7644|DEBUG|GroupHRIS.Employee.webFrmEmployeeSearch|Page_Load()
2015-06-08 13:19:23.6185|DEBUG|GroupHRIS.Employee.webFrmEmployeeSearch|Page_Load()
2015-06-08 13:19:26.8676|DEBUG|GroupHRIS.Employee.webFrmEmployeeSearch|Page_Load()
2015-06-08 13:21:14.8869|DEBUG|GroupHRIS.Employee.webFrmEmployeeSearch|Page_Load()
2015-06-08 13:21:14.8869|DEBUG|GroupHRIS.Employee.webFrmEmployeeSearch|fillCompanies()
2015-06-08 13:21:15.0117|DEBUG|GroupHRIS.Employee.webFrmEmployeeSearch|fillEmployeeStatus():
2015-06-08 13:27:04.4742|DEBUG|GroupHRIS.Employee.webFrmEmployeeSearch|Page_Load()
2015-06-08 13:27:04.4902|DEBUG|GroupHRIS.Employee.webFrmEmployeeSearch|fillCompanies()
2015-06-08 13:27:04.6062|DEBUG|GroupHRIS.Employee.webFrmEmployeeSearch|fillEmployeeStatus():
2015-06-08 13:27:07.2644|DEBUG|GroupHRIS.Employee.webFrmEmployeeSearch|Page_Load()
2015-06-08 13:27:08.2234|DEBUG|GroupHRIS.Employee.webFrmEmployeeSearch|Page_Load()
2015-06-08 13:27:09.9305|DEBUG|GroupHRIS.Employee.webFrmEmployeeSearch|Page_Load()
2015-06-08 13:27:13.3917|DEBUG|GroupHRIS.Employee.webFrmEmployeeSearch|Page_Load()
2015-06-08 13:27:13.3917|DEBUG|GroupHRIS.Employee.webFrmEmployeeSearch|fillCompanies()
2015-06-08 13:27:13.5127|DEBUG|GroupHRIS.Employee.webFrmEmployeeSearch|fillEmployeeStatus():
2015-06-08 13:27:16.5379|DEBUG|GroupHRIS.Employee.webFrmEmployeeSearch|Page_Load()
2015-06-08 13:27:16.5439|DEBUG|GroupHRIS.Employee.webFrmEmployeeSearch|ddlCompany_SelectedIndexChanged()
2015-06-08 13:27:16.5439|DEBUG|GroupHRIS.Employee.webFrmEmployeeSearch|fillDepartment() - companyId:CP27
2015-06-08 13:27:16.6579|DEBUG|GroupHRIS.Employee.webFrmEmployeeSearch|fillDesignations() - companyID:CP27
2015-06-08 13:27:17.3900|DEBUG|GroupHRIS.Employee.webFrmEmployeeSearch|Page_Load()
2015-06-08 13:27:18.1450|DEBUG|GroupHRIS.Employee.webFrmEmployeeSearch|Page_Load()
2015-06-08 13:27:21.3882|DEBUG|GroupHRIS.Employee.webFrmEmployeeSearch|Page_Load()
2015-06-08 13:34:13.6892|DEBUG|GroupHRIS.Employee.webFrmEmployeeSearch|Page_Load()
2015-06-08 13:34:13.7052|DEBUG|GroupHRIS.Employee.webFrmEmployeeSearch|fillCompanies()
2015-06-08 13:34:13.8332|DEBUG|GroupHRIS.Employee.webFrmEmployeeSearch|fillEmployeeStatus():
2015-06-08 13:34:16.1484|DEBUG|GroupHRIS.Employee.webFrmEmployeeSearch|Page_Load()
2015-06-08 13:34:16.1484|DEBUG|GroupHRIS.Employee.webFrmEmployeeSearch|ddlCompany_SelectedIndexChanged()
2015-06-08 13:34:16.1484|DEBUG|GroupHRIS.Employee.webFrmEmployeeSearch|fillDepartment() - companyId:CP16
2015-06-08 13:34:16.2724|DEBUG|GroupHRIS.Employee.webFrmEmployeeSearch|fillDesignations() - companyID:CP16
2015-06-08 13:34:17.0754|DEBUG|GroupHRIS.Employee.webFrmEmployeeSearch|Page_Load()
2015-06-08 13:34:18.2945|DEBUG|GroupHRIS.Employee.webFrmEmployeeSearch|Page_Load()
2015-06-08 13:34:21.1956|DEBUG|GroupHRIS.Employee.webFrmEmployeeSearch|Page_Load()
2015-06-08 13:35:14.0857|DEBUG|GroupHRIS.Employee.webFrmEmployeeSearch|Page_Load()
2015-06-08 13:35:14.0857|DEBUG|GroupHRIS.Employee.webFrmEmployeeSearch|fillCompanies()
2015-06-08 13:35:14.1897|DEBUG|GroupHRIS.Employee.webFrmEmployeeSearch|fillEmployeeStatus():
2015-06-08 13:35:15.8258|DEBUG|GroupHRIS.Employee.webFrmEmployeeSearch|Page_Load()
2015-06-08 13:35:17.5649|DEBUG|GroupHRIS.Employee.webFrmEmployeeSearch|Page_Load()
2015-06-08 13:35:23.2302|DEBUG|GroupHRIS.Employee.webFrmEmployeeSearch|Page_Load()
2015-06-08 13:35:23.2302|DEBUG|GroupHRIS.Employee.webFrmEmployeeSearch|fillCompanies()
2015-06-08 13:35:23.3492|DEBUG|GroupHRIS.Employee.webFrmEmployeeSearch|fillEmployeeStatus():
2015-06-08 13:35:30.6436|DEBUG|GroupHRIS.Employee.webFrmEmployeeSearch|Page_Load()
2015-06-08 13:35:30.6436|DEBUG|GroupHRIS.Employee.webFrmEmployeeSearch|fillCompanies()
2015-06-08 13:35:30.7526|DEBUG|GroupHRIS.Employee.webFrmEmployeeSearch|fillEmployeeStatus():
2015-06-08 13:36:28.6788|DEBUG|GroupHRIS.Employee.webFrmEmployeeSearch|Page_Load()
2015-06-08 13:36:30.0204|DEBUG|GroupHRIS.Employee.webFrmEmployeeSearch|Page_Load()
2015-06-08 13:36:31.4244|DEBUG|GroupHRIS.Employee.webFrmEmployeeSearch|Page_Load()
2015-06-08 13:37:19.3800|DEBUG|GroupHRIS.Employee.webFrmEmployeeSearch|Page_Load()
2015-06-08 13:37:19.3930|DEBUG|GroupHRIS.Employee.webFrmEmployeeSearch|fillCompanies()
2015-06-08 13:37:19.5080|DEBUG|GroupHRIS.Employee.webFrmEmployeeSearch|fillEmployeeStatus():
2015-06-08 13:37:21.3381|DEBUG|GroupHRIS.Employee.webFrmEmployeeSearch|Page_Load()
2015-06-08 13:37:22.3882|DEBUG|GroupHRIS.Employee.webFrmEmployeeSearch|Page_Load()
2015-06-08 13:37:23.4343|DEBUG|GroupHRIS.Employee.webFrmEmployeeSearch|Page_Load()
2015-06-08 14:28:56.1778|DEBUG|GroupHRIS.Employee.webFrmEmployeeSearch|Page_Load()
2015-06-08 14:28:56.1838|DEBUG|GroupHRIS.Employee.webFrmEmployeeSearch|fillCompanies()
2015-06-08 14:28:56.4158|DEBUG|GroupHRIS.Employee.webFrmEmployeeSearch|fillEmployeeStatus():
2015-06-08 14:29:09.4925|DEBUG|GroupHRIS.Employee.webFrmEmployeeSearch|Page_Load()
2015-06-08 14:29:10.5746|DEBUG|GroupHRIS.Employee.webFrmEmployeeSearch|Page_Load()
2015-06-08 14:29:11.2416|DEBUG|GroupHRIS.Employee.webFrmEmployeeSearch|Page_Load()
2015-06-08 14:30:12.1961|DEBUG|GroupHRIS.Employee.webFrmEmployeeSearch|Page_Load()
2015-06-08 14:30:12.1961|DEBUG|GroupHRIS.Employee.webFrmEmployeeSearch|fillCompanies()
2015-06-08 14:30:12.3209|DEBUG|GroupHRIS.Employee.webFrmEmployeeSearch|fillEmployeeStatus():
2015-06-08 14:43:11.1188|DEBUG|GroupHRIS.Employee.webFrmEmployeeSearch|Page_Load()
2015-06-08 14:43:11.1338|DEBUG|GroupHRIS.Employee.webFrmEmployeeSearch|fillCompanies()
2015-06-08 14:43:11.2428|DEBUG|GroupHRIS.Employee.webFrmEmployeeSearch|fillEmployeeStatus():
2015-06-08 14:43:12.6799|DEBUG|GroupHRIS.Employee.webFrmEmployeeSearch|Page_Load()
2015-06-08 14:43:13.5010|DEBUG|GroupHRIS.Employee.webFrmEmployeeSearch|Page_Load()
2015-06-08 14:43:17.8562|DEBUG|GroupHRIS.Employee.webFrmEmployeeSearch|Page_Load()
2015-06-08 14:43:17.8562|DEBUG|GroupHRIS.Employee.webFrmEmployeeSearch|fillCompanies()
2015-06-08 14:43:17.8562|DEBUG|GroupHRIS.Employee.webFrmEmployeeSearch|fillEmployeeStatus():
