2015-09-28 08:20:39.1003|DEBUG|DataHandler.Attendance.AttendanceSummaryHandler|getCultryDate ->
2015-09-28 08:24:20.4060|DEBUG|DataHandler.Attendance.AttendanceSummaryHandler|getCultryDate ->
2015-09-28 08:26:40.1250|DEBUG|DataHandler.Attendance.AttendanceSummaryHandler|getCultryDate ->
2015-09-28 10:14:22.1387|DEBUG|GroupHRIS.Employee.webFrmEmployeeSearch|Page_Load()
2015-09-28 10:14:22.1387|DEBUG|GroupHRIS.Employee.webFrmEmployeeSearch|fillCompanies()
2015-09-28 10:14:22.1617|DEBUG|GroupHRIS.Employee.webFrmEmployeeSearch|fillEmployeeStatus():
2015-09-28 10:14:23.4508|DEBUG|GroupHRIS.Employee.webFrmEmployeeSearch|Page_Load()
2015-09-28 10:14:26.3380|DEBUG|GroupHRIS.Employee.webFrmEmployeeSearch|Page_Load()
2015-09-28 10:14:26.3380|DEBUG|GroupHRIS.Employee.webFrmEmployeeSearch|ddlCompany_SelectedIndexChanged()
2015-09-28 10:14:26.3380|DEBUG|GroupHRIS.Employee.webFrmEmployeeSearch|fillDepartment() - companyId:CP05
2015-09-28 10:14:26.3520|DEBUG|GroupHRIS.Employee.webFrmEmployeeSearch|fillDesignations() - companyID:CP05
2015-09-28 10:14:27.1620|DEBUG|GroupHRIS.Employee.webFrmEmployeeSearch|Page_Load()
2015-09-28 10:14:28.4021|DEBUG|GroupHRIS.Employee.webFrmEmployeeSearch|Page_Load()
2015-09-28 10:19:30.5744|DEBUG|DataHandler.Attendance.AttendanceSummaryHandler|getCultryDate ->
2015-09-28 10:19:42.7120|DEBUG|DataHandler.Attendance.AttendanceSummaryHandler|getCultryDate ->
2015-09-28 10:19:58.8900|DEBUG|DataHandler.Attendance.AttendanceSummaryHandler|getCultryDate ->
2015-09-28 10:42:59.1359|DEBUG|GroupHRIS.Employee.webFrmEmployeeSearch|Page_Load()
2015-09-28 10:42:59.1519|DEBUG|GroupHRIS.Employee.webFrmEmployeeSearch|fillCompanies()
2015-09-28 10:42:59.1659|DEBUG|GroupHRIS.Employee.webFrmEmployeeSearch|fillEmployeeStatus():
2015-09-28 10:43:02.3841|DEBUG|GroupHRIS.Employee.webFrmEmployeeSearch|Page_Load()
2015-09-28 10:43:02.3841|DEBUG|GroupHRIS.Employee.webFrmEmployeeSearch|ddlCompany_SelectedIndexChanged()
2015-09-28 10:43:02.3841|DEBUG|GroupHRIS.Employee.webFrmEmployeeSearch|fillDepartment() - companyId:CP01
2015-09-28 10:43:02.4171|DEBUG|GroupHRIS.Employee.webFrmEmployeeSearch|fillDesignations() - companyID:CP01
2015-09-28 10:43:03.2902|DEBUG|GroupHRIS.Employee.webFrmEmployeeSearch|Page_Load()
2015-09-28 10:43:08.6245|DEBUG|GroupHRIS.Employee.webFrmEmployeeSearch|Page_Load()
2015-09-28 10:43:30.4597|DEBUG|GroupHRIS.Employee.webFrmEmployeeSearch|Page_Load()
2015-09-28 10:44:25.3809|DEBUG|GroupHRIS.Employee.webFrmEmployeeSearch|Page_Load()
2015-09-28 10:44:29.5861|DEBUG|GroupHRIS.Employee.webFrmEmployeeSearch|Page_Load()
2015-09-28 10:44:32.8173|DEBUG|GroupHRIS.Employee.webFrmEmployeeSearch|Page_Load()
2015-09-28 10:44:32.8173|DEBUG|GroupHRIS.Employee.webFrmEmployeeSearch|fillCompanies()
2015-09-28 10:44:32.8473|DEBUG|GroupHRIS.Employee.webFrmEmployeeSearch|fillEmployeeStatus():
2015-09-28 10:44:34.1994|DEBUG|GroupHRIS.Employee.webFrmEmployeeSearch|Page_Load()
2015-09-28 10:44:36.0885|DEBUG|GroupHRIS.Employee.webFrmEmployeeSearch|Page_Load()
2015-09-28 10:44:37.2585|DEBUG|GroupHRIS.Employee.webFrmEmployeeSearch|Page_Load()
2015-09-28 10:46:35.2243|DEBUG|GroupHRIS.Employee.webFrmEmployeeSearch|Page_Load()
2015-09-28 10:46:35.2243|DEBUG|GroupHRIS.Employee.webFrmEmployeeSearch|fillCompanies()
2015-09-28 10:46:35.2433|DEBUG|GroupHRIS.Employee.webFrmEmployeeSearch|fillEmployeeStatus():
2015-09-28 10:46:40.1486|DEBUG|GroupHRIS.Employee.webFrmEmployeeSearch|Page_Load()
2015-09-28 10:46:40.1486|DEBUG|GroupHRIS.Employee.webFrmEmployeeSearch|ddlCompany_SelectedIndexChanged()
2015-09-28 10:46:40.1486|DEBUG|GroupHRIS.Employee.webFrmEmployeeSearch|fillDepartment() - companyId:CP01
2015-09-28 10:46:40.1576|DEBUG|GroupHRIS.Employee.webFrmEmployeeSearch|fillDesignations() - companyID:CP01
2015-09-28 10:46:40.9066|DEBUG|GroupHRIS.Employee.webFrmEmployeeSearch|Page_Load()
2015-09-28 10:46:43.9168|DEBUG|GroupHRIS.Employee.webFrmEmployeeSearch|Page_Load()
2015-09-28 10:46:45.0588|DEBUG|GroupHRIS.Employee.webFrmEmployeeSearch|Page_Load()
2015-09-28 10:46:46.2299|DEBUG|GroupHRIS.Employee.webFrmEmployeeSearch|Page_Load()
2015-09-28 10:48:26.6337|DEBUG|GroupHRIS.Employee.webFrmEmployeeSearch|Page_Load()
2015-09-28 10:48:26.6397|DEBUG|GroupHRIS.Employee.webFrmEmployeeSearch|fillCompanies()
2015-09-28 10:48:26.6907|DEBUG|GroupHRIS.Employee.webFrmEmployeeSearch|fillEmployeeStatus():
2015-09-28 10:48:34.1591|DEBUG|GroupHRIS.Employee.webFrmEmployeeSearch|Page_Load()
2015-09-28 10:48:34.1591|DEBUG|GroupHRIS.Employee.webFrmEmployeeSearch|ddlCompany_SelectedIndexChanged()
2015-09-28 10:48:34.1591|DEBUG|GroupHRIS.Employee.webFrmEmployeeSearch|fillDepartment() - companyId:CP01
2015-09-28 10:48:34.1791|DEBUG|GroupHRIS.Employee.webFrmEmployeeSearch|fillDesignations() - companyID:CP01
2015-09-28 10:48:37.9633|DEBUG|GroupHRIS.Employee.webFrmEmployeeSearch|Page_Load()
2015-09-28 10:48:44.7737|DEBUG|GroupHRIS.Employee.webFrmEmployeeSearch|Page_Load()
2015-09-28 10:48:45.9148|DEBUG|GroupHRIS.Employee.webFrmEmployeeSearch|Page_Load()
2015-09-28 10:48:46.7358|DEBUG|GroupHRIS.Employee.webFrmEmployeeSearch|Page_Load()
2015-09-28 11:03:25.5311|DEBUG|GroupHRIS.Employee.webFrmEmployeeSearch|Page_Load()
2015-09-28 11:03:25.5311|DEBUG|GroupHRIS.Employee.webFrmEmployeeSearch|fillCompanies()
2015-09-28 11:03:25.5451|DEBUG|GroupHRIS.Employee.webFrmEmployeeSearch|fillEmployeeStatus():
2015-09-28 11:03:28.2542|DEBUG|GroupHRIS.Employee.webFrmEmployeeSearch|Page_Load()
2015-09-28 11:03:28.2542|DEBUG|GroupHRIS.Employee.webFrmEmployeeSearch|ddlCompany_SelectedIndexChanged()
2015-09-28 11:03:28.2542|DEBUG|GroupHRIS.Employee.webFrmEmployeeSearch|fillDepartment() - companyId:CP01
2015-09-28 11:03:28.2692|DEBUG|GroupHRIS.Employee.webFrmEmployeeSearch|fillDesignations() - companyID:CP01
2015-09-28 11:03:29.0743|DEBUG|GroupHRIS.Employee.webFrmEmployeeSearch|Page_Load()
2015-09-28 11:03:32.2395|DEBUG|GroupHRIS.Employee.webFrmEmployeeSearch|Page_Load()
2015-09-28 11:03:33.2135|DEBUG|GroupHRIS.Employee.webFrmEmployeeSearch|Page_Load()
2015-09-28 11:03:34.0756|DEBUG|GroupHRIS.Employee.webFrmEmployeeSearch|Page_Load()
2015-09-28 17:43:33.1422|DEBUG|DataHandler.Attendance.AttendanceSummaryHandler|getCultryDate ->
2015-09-28 17:47:21.8957|DEBUG|DataHandler.Attendance.AttendanceSummaryHandler|getCultryDate ->
2015-09-28 17:47:22.4417|DEBUG|DataHandler.Attendance.AttendanceSummaryHandler|getCultryDate ->
2015-09-28 17:47:22.9097|DEBUG|DataHandler.Attendance.AttendanceSummaryHandler|getCultryDate ->
2015-09-28 17:47:46.8040|DEBUG|DataHandler.Attendance.AttendanceSummaryHandler|getCultryDate ->
