2015-09-07 08:05:17.6051|DEBUG|GroupHRIS.Employee.webFrmEmployeeSearch|Page_Load()
2015-09-07 08:05:17.6281|DEBUG|GroupHRIS.Employee.webFrmEmployeeSearch|fillCompanies()
2015-09-07 08:05:17.6431|DEBUG|GroupHRIS.Employee.webFrmEmployeeSearch|fillEmployeeStatus():
2015-09-07 08:05:22.1194|DEBUG|GroupHRIS.Employee.webFrmEmployeeSearch|Page_Load()
2015-09-07 08:05:22.1194|DEBUG|GroupHRIS.Employee.webFrmEmployeeSearch|ddlCompany_SelectedIndexChanged()
2015-09-07 08:05:22.1194|DEBUG|GroupHRIS.Employee.webFrmEmployeeSearch|fillDepartment() - companyId:CP63
2015-09-07 08:05:22.1194|DEBUG|GroupHRIS.Employee.webFrmEmployeeSearch|fillDesignations() - companyID:CP63
2015-09-07 08:05:23.1544|DEBUG|GroupHRIS.Employee.webFrmEmployeeSearch|Page_Load()
2015-09-07 08:05:25.4355|DEBUG|GroupHRIS.Employee.webFrmEmployeeSearch|Page_Load()
2015-09-07 08:05:28.4507|DEBUG|GroupHRIS.Employee.webFrmEmployeeSearch|Page_Load()
2015-09-07 08:11:18.3458|DEBUG|GroupHRIS.Employee.webFrmEmployeeSearch|Page_Load()
2015-09-07 08:11:18.3458|DEBUG|GroupHRIS.Employee.webFrmEmployeeSearch|fillCompanies()
2015-09-07 08:11:18.8606|DEBUG|GroupHRIS.Employee.webFrmEmployeeSearch|fillEmployeeStatus():
2015-09-07 08:11:20.6234|DEBUG|GroupHRIS.Employee.webFrmEmployeeSearch|Page_Load()
2015-09-07 08:11:23.7746|DEBUG|GroupHRIS.Employee.webFrmEmployeeSearch|Page_Load()
2015-09-07 08:11:23.7746|DEBUG|GroupHRIS.Employee.webFrmEmployeeSearch|ddlCompany_SelectedIndexChanged()
2015-09-07 08:11:23.7746|DEBUG|GroupHRIS.Employee.webFrmEmployeeSearch|fillDepartment() - companyId:CP63
2015-09-07 08:11:24.2894|DEBUG|GroupHRIS.Employee.webFrmEmployeeSearch|fillDesignations() - companyID:CP63
2015-09-07 08:11:27.5186|DEBUG|GroupHRIS.Employee.webFrmEmployeeSearch|Page_Load()
2015-09-07 08:11:30.6542|DEBUG|GroupHRIS.Employee.webFrmEmployeeSearch|Page_Load()
2015-09-07 08:11:34.3826|DEBUG|GroupHRIS.Employee.webFrmEmployeeSearch|Page_Load()
2015-09-07 08:17:46.2344|DEBUG|GroupHRIS.Employee.webFrmEmployeeSearch|Page_Load()
2015-09-07 08:17:46.2474|DEBUG|GroupHRIS.Employee.webFrmEmployeeSearch|fillCompanies()
2015-09-07 08:17:46.2474|DEBUG|GroupHRIS.Employee.webFrmEmployeeSearch|fillEmployeeStatus():
2015-09-07 08:17:49.1236|DEBUG|GroupHRIS.Employee.webFrmEmployeeSearch|Page_Load()
2015-09-07 08:17:49.1236|DEBUG|GroupHRIS.Employee.webFrmEmployeeSearch|ddlCompany_SelectedIndexChanged()
2015-09-07 08:17:49.1236|DEBUG|GroupHRIS.Employee.webFrmEmployeeSearch|fillDepartment() - companyId:CP63
2015-09-07 08:17:49.1496|DEBUG|GroupHRIS.Employee.webFrmEmployeeSearch|fillDesignations() - companyID:CP63
2015-09-07 08:17:50.2047|DEBUG|GroupHRIS.Employee.webFrmEmployeeSearch|Page_Load()
2015-09-07 08:17:52.5838|DEBUG|GroupHRIS.Employee.webFrmEmployeeSearch|Page_Load()
2015-09-07 08:17:54.3129|DEBUG|GroupHRIS.Employee.webFrmEmployeeSearch|Page_Load()
2015-09-07 08:20:24.8649|DEBUG|GroupHRIS.Employee.webFrmEmployeeSearch|Page_Load()
2015-09-07 08:20:24.8649|DEBUG|GroupHRIS.Employee.webFrmEmployeeSearch|fillCompanies()
2015-09-07 08:20:24.8859|DEBUG|GroupHRIS.Employee.webFrmEmployeeSearch|fillEmployeeStatus():
2015-09-07 08:20:28.4821|DEBUG|GroupHRIS.Employee.webFrmEmployeeSearch|Page_Load()
2015-09-07 08:20:28.4831|DEBUG|GroupHRIS.Employee.webFrmEmployeeSearch|ddlCompany_SelectedIndexChanged()
2015-09-07 08:20:28.5081|DEBUG|GroupHRIS.Employee.webFrmEmployeeSearch|fillDepartment() - companyId:CP63
2015-09-07 08:20:28.5151|DEBUG|GroupHRIS.Employee.webFrmEmployeeSearch|fillDesignations() - companyID:CP63
2015-09-07 08:20:29.6342|DEBUG|GroupHRIS.Employee.webFrmEmployeeSearch|Page_Load()
2015-09-07 08:20:30.9933|DEBUG|GroupHRIS.Employee.webFrmEmployeeSearch|Page_Load()
2015-09-07 08:20:32.3704|DEBUG|GroupHRIS.Employee.webFrmEmployeeSearch|Page_Load()
2015-09-07 08:22:28.2025|DEBUG|GroupHRIS.Employee.webFrmEmployeeSearch|Page_Load()
2015-09-07 08:22:28.2025|DEBUG|GroupHRIS.Employee.webFrmEmployeeSearch|fillCompanies()
2015-09-07 08:22:28.2181|DEBUG|GroupHRIS.Employee.webFrmEmployeeSearch|fillEmployeeStatus():
2015-09-07 08:22:32.1337|DEBUG|GroupHRIS.Employee.webFrmEmployeeSearch|Page_Load()
2015-09-07 08:22:32.1337|DEBUG|GroupHRIS.Employee.webFrmEmployeeSearch|ddlCompany_SelectedIndexChanged()
2015-09-07 08:22:32.1337|DEBUG|GroupHRIS.Employee.webFrmEmployeeSearch|fillDepartment() - companyId:CP63
2015-09-07 08:22:32.1493|DEBUG|GroupHRIS.Employee.webFrmEmployeeSearch|fillDesignations() - companyID:CP63
2015-09-07 08:22:33.3037|DEBUG|GroupHRIS.Employee.webFrmEmployeeSearch|Page_Load()
2015-09-07 08:22:34.7389|DEBUG|GroupHRIS.Employee.webFrmEmployeeSearch|Page_Load()
2015-09-07 08:22:36.9385|DEBUG|GroupHRIS.Employee.webFrmEmployeeSearch|Page_Load()
2015-09-07 08:23:43.6598|DEBUG|GroupHRIS.Employee.webFrmEmployeeSearch|Page_Load()
2015-09-07 08:23:43.6598|DEBUG|GroupHRIS.Employee.webFrmEmployeeSearch|fillCompanies()
2015-09-07 08:23:43.6754|DEBUG|GroupHRIS.Employee.webFrmEmployeeSearch|fillEmployeeStatus():
2015-09-07 08:23:45.0326|DEBUG|GroupHRIS.Employee.webFrmEmployeeSearch|Page_Load()
2015-09-07 08:23:48.6518|DEBUG|GroupHRIS.Employee.webFrmEmployeeSearch|Page_Load()
2015-09-07 08:23:48.6674|DEBUG|GroupHRIS.Employee.webFrmEmployeeSearch|ddlCompany_SelectedIndexChanged()
2015-09-07 08:23:48.6674|DEBUG|GroupHRIS.Employee.webFrmEmployeeSearch|fillDepartment() - companyId:CP47
2015-09-07 08:23:48.6674|DEBUG|GroupHRIS.Employee.webFrmEmployeeSearch|fillDesignations() - companyID:CP47
2015-09-07 08:23:59.2442|DEBUG|GroupHRIS.Employee.webFrmEmployeeSearch|Page_Load()
2015-09-07 08:23:59.2442|DEBUG|GroupHRIS.Employee.webFrmEmployeeSearch|ddlCompany_SelectedIndexChanged()
2015-09-07 08:23:59.2442|DEBUG|GroupHRIS.Employee.webFrmEmployeeSearch|fillDepartment() - companyId:CP63
2015-09-07 08:23:59.2442|DEBUG|GroupHRIS.Employee.webFrmEmployeeSearch|fillDesignations() - companyID:CP63
2015-09-07 08:24:05.6402|DEBUG|GroupHRIS.Employee.webFrmEmployeeSearch|Page_Load()
2015-09-07 08:24:08.0270|DEBUG|GroupHRIS.Employee.webFrmEmployeeSearch|Page_Load()
2015-09-07 08:24:09.5714|DEBUG|GroupHRIS.Employee.webFrmEmployeeSearch|Page_Load()
2015-09-07 08:26:57.4973|DEBUG|GroupHRIS.Employee.webFrmEmployeeSearch|Page_Load()
2015-09-07 08:26:57.4973|DEBUG|GroupHRIS.Employee.webFrmEmployeeSearch|fillCompanies()
2015-09-07 08:26:57.5129|DEBUG|GroupHRIS.Employee.webFrmEmployeeSearch|fillEmployeeStatus():
2015-09-07 08:27:00.7733|DEBUG|GroupHRIS.Employee.webFrmEmployeeSearch|Page_Load()
2015-09-07 08:27:00.7733|DEBUG|GroupHRIS.Employee.webFrmEmployeeSearch|ddlCompany_SelectedIndexChanged()
2015-09-07 08:27:00.7733|DEBUG|GroupHRIS.Employee.webFrmEmployeeSearch|fillDepartment() - companyId:CP63
2015-09-07 08:27:00.7889|DEBUG|GroupHRIS.Employee.webFrmEmployeeSearch|fillDesignations() - companyID:CP63
2015-09-07 08:27:01.7717|DEBUG|GroupHRIS.Employee.webFrmEmployeeSearch|Page_Load()
2015-09-07 08:27:03.0041|DEBUG|GroupHRIS.Employee.webFrmEmployeeSearch|Page_Load()
2015-09-07 08:27:04.3769|DEBUG|GroupHRIS.Employee.webFrmEmployeeSearch|Page_Load()
2015-09-07 08:38:14.0684|DEBUG|GroupHRIS.Employee.webFrmEmployeeSearch|Page_Load()
2015-09-07 08:38:14.0684|DEBUG|GroupHRIS.Employee.webFrmEmployeeSearch|fillCompanies()
2015-09-07 08:38:14.0684|DEBUG|GroupHRIS.Employee.webFrmEmployeeSearch|fillEmployeeStatus():
2015-09-07 08:38:17.8849|DEBUG|GroupHRIS.Employee.webFrmEmployeeSearch|Page_Load()
2015-09-07 08:38:17.8849|DEBUG|GroupHRIS.Employee.webFrmEmployeeSearch|ddlCompany_SelectedIndexChanged()
2015-09-07 08:38:17.8849|DEBUG|GroupHRIS.Employee.webFrmEmployeeSearch|fillDepartment() - companyId:CP63
2015-09-07 08:38:17.8849|DEBUG|GroupHRIS.Employee.webFrmEmployeeSearch|fillDesignations() - companyID:CP63
2015-09-07 08:38:19.0238|DEBUG|GroupHRIS.Employee.webFrmEmployeeSearch|Page_Load()
2015-09-07 08:38:20.5370|DEBUG|GroupHRIS.Employee.webFrmEmployeeSearch|Page_Load()
2015-09-07 08:38:21.8630|DEBUG|GroupHRIS.Employee.webFrmEmployeeSearch|Page_Load()
2015-09-07 08:41:06.7088|DEBUG|GroupHRIS.Employee.webFrmEmployeeSearch|Page_Load()
2015-09-07 08:41:06.7088|DEBUG|GroupHRIS.Employee.webFrmEmployeeSearch|fillCompanies()
2015-09-07 08:41:06.7098|DEBUG|GroupHRIS.Employee.webFrmEmployeeSearch|fillEmployeeStatus():
2015-09-07 08:41:13.0712|DEBUG|GroupHRIS.Employee.webFrmEmployeeSearch|Page_Load()
2015-09-07 08:41:13.0712|DEBUG|GroupHRIS.Employee.webFrmEmployeeSearch|ddlCompany_SelectedIndexChanged()
2015-09-07 08:41:13.0712|DEBUG|GroupHRIS.Employee.webFrmEmployeeSearch|fillDepartment() - companyId:CP63
2015-09-07 08:41:13.0822|DEBUG|GroupHRIS.Employee.webFrmEmployeeSearch|fillDesignations() - companyID:CP63
2015-09-07 08:41:14.0252|DEBUG|GroupHRIS.Employee.webFrmEmployeeSearch|Page_Load()
2015-09-07 08:41:15.3883|DEBUG|GroupHRIS.Employee.webFrmEmployeeSearch|Page_Load()
2015-09-07 08:41:16.7594|DEBUG|GroupHRIS.Employee.webFrmEmployeeSearch|Page_Load()
2015-09-07 08:44:08.3533|DEBUG|GroupHRIS.Employee.webFrmEmployeeSearch|Page_Load()
2015-09-07 08:44:08.3593|DEBUG|GroupHRIS.Employee.webFrmEmployeeSearch|fillCompanies()
2015-09-07 08:44:08.3833|DEBUG|GroupHRIS.Employee.webFrmEmployeeSearch|fillEmployeeStatus():
2015-09-07 08:44:10.8574|DEBUG|GroupHRIS.Employee.webFrmEmployeeSearch|Page_Load()
2015-09-07 08:44:10.8574|DEBUG|GroupHRIS.Employee.webFrmEmployeeSearch|ddlCompany_SelectedIndexChanged()
2015-09-07 08:44:10.8574|DEBUG|GroupHRIS.Employee.webFrmEmployeeSearch|fillDepartment() - companyId:CP63
2015-09-07 08:44:10.8754|DEBUG|GroupHRIS.Employee.webFrmEmployeeSearch|fillDesignations() - companyID:CP63
2015-09-07 08:44:11.8965|DEBUG|GroupHRIS.Employee.webFrmEmployeeSearch|Page_Load()
2015-09-07 08:44:14.6156|DEBUG|GroupHRIS.Employee.webFrmEmployeeSearch|Page_Load()
2015-09-07 08:44:15.5587|DEBUG|GroupHRIS.Employee.webFrmEmployeeSearch|Page_Load()
2015-09-07 09:03:32.9615|DEBUG|DataHandler.Attendance.AttendanceSummaryHandler|getCultryDate ->
2015-09-07 09:28:50.1290|DEBUG|DataHandler.Attendance.AttendanceSummaryHandler|getCultryDate ->
2015-09-07 09:31:41.2348|DEBUG|DataHandler.Attendance.AttendanceSummaryHandler|getCultryDate ->
2015-09-07 09:31:54.7995|DEBUG|DataHandler.Attendance.AttendanceSummaryHandler|getCultryDate ->
2015-09-07 09:59:06.2889|DEBUG|GroupHRIS.Employee.webFrmEmployeeSearch|Page_Load()
2015-09-07 09:59:06.2889|DEBUG|GroupHRIS.Employee.webFrmEmployeeSearch|fillCompanies()
2015-09-07 09:59:06.3069|DEBUG|GroupHRIS.Employee.webFrmEmployeeSearch|fillEmployeeStatus():
2015-09-07 09:59:13.1503|DEBUG|GroupHRIS.Employee.webFrmEmployeeSearch|Page_Load()
2015-09-07 09:59:13.1503|DEBUG|GroupHRIS.Employee.webFrmEmployeeSearch|ddlCompany_SelectedIndexChanged()
2015-09-07 09:59:13.1503|DEBUG|GroupHRIS.Employee.webFrmEmployeeSearch|fillDepartment() - companyId:CP63
2015-09-07 09:59:13.1513|DEBUG|GroupHRIS.Employee.webFrmEmployeeSearch|fillDesignations() - companyID:CP63
2015-09-07 09:59:14.3954|DEBUG|GroupHRIS.Employee.webFrmEmployeeSearch|Page_Load()
2015-09-07 09:59:15.9005|DEBUG|GroupHRIS.Employee.webFrmEmployeeSearch|Page_Load()
2015-09-07 10:08:35.7302|DEBUG|GroupHRIS.Employee.webFrmEmployeeSearch|Page_Load()
2015-09-07 10:08:35.7302|DEBUG|GroupHRIS.Employee.webFrmEmployeeSearch|fillCompanies()
2015-09-07 10:08:35.7302|ERROR|GroupHRIS.Employee.webFrmEmployeeSearch|Connection must be valid and open.
2015-09-07 10:14:07.2003|DEBUG|GroupHRIS.Employee.webFrmEmployeeSearch|Page_Load()
2015-09-07 10:14:07.2003|DEBUG|GroupHRIS.Employee.webFrmEmployeeSearch|fillCompanies()
2015-09-07 10:14:07.2233|DEBUG|GroupHRIS.Employee.webFrmEmployeeSearch|fillEmployeeStatus():
2015-09-07 10:14:09.8134|DEBUG|GroupHRIS.Employee.webFrmEmployeeSearch|Page_Load()
2015-09-07 10:14:09.8144|DEBUG|GroupHRIS.Employee.webFrmEmployeeSearch|ddlCompany_SelectedIndexChanged()
2015-09-07 10:14:09.8144|DEBUG|GroupHRIS.Employee.webFrmEmployeeSearch|fillDepartment() - companyId:CP63
2015-09-07 10:14:09.8144|DEBUG|GroupHRIS.Employee.webFrmEmployeeSearch|fillDesignations() - companyID:CP63
2015-09-07 10:14:10.6515|DEBUG|GroupHRIS.Employee.webFrmEmployeeSearch|Page_Load()
2015-09-07 10:14:12.1815|DEBUG|GroupHRIS.Employee.webFrmEmployeeSearch|Page_Load()
2015-09-07 10:14:17.2728|DEBUG|GroupHRIS.Employee.webFrmEmployeeSearch|Page_Load()
2015-09-07 10:24:27.6992|DEBUG|DataHandler.Attendance.AttendanceSummaryHandler|getCultryDate ->
2015-09-07 10:31:04.4407|DEBUG|GroupHRIS.Employee.webFrmEmployeeSearch|Page_Load()
2015-09-07 10:31:04.4467|DEBUG|GroupHRIS.Employee.webFrmEmployeeSearch|fillCompanies()
2015-09-07 10:31:04.5247|DEBUG|GroupHRIS.Employee.webFrmEmployeeSearch|fillEmployeeStatus():
2015-09-07 10:31:06.9698|DEBUG|GroupHRIS.Employee.webFrmEmployeeSearch|Page_Load()
2015-09-07 10:31:06.9698|DEBUG|GroupHRIS.Employee.webFrmEmployeeSearch|ddlCompany_SelectedIndexChanged()
2015-09-07 10:31:06.9718|DEBUG|GroupHRIS.Employee.webFrmEmployeeSearch|fillDepartment() - companyId:CP63
2015-09-07 10:31:07.0178|DEBUG|GroupHRIS.Employee.webFrmEmployeeSearch|fillDesignations() - companyID:CP63
2015-09-07 10:31:07.7819|DEBUG|GroupHRIS.Employee.webFrmEmployeeSearch|Page_Load()
2015-09-07 10:31:08.9769|DEBUG|GroupHRIS.Employee.webFrmEmployeeSearch|Page_Load()
2015-09-07 10:31:16.1163|DEBUG|GroupHRIS.Employee.webFrmEmployeeSearch|Page_Load()
2015-09-07 10:31:56.4717|DEBUG|GroupHRIS.Employee.webFrmEmployeeSearch|Page_Load()
2015-09-07 10:31:56.4717|DEBUG|GroupHRIS.Employee.webFrmEmployeeSearch|fillCompanies()
2015-09-07 10:31:56.4717|DEBUG|GroupHRIS.Employee.webFrmEmployeeSearch|fillEmployeeStatus():
2015-09-07 10:31:59.1318|DEBUG|GroupHRIS.Employee.webFrmEmployeeSearch|Page_Load()
2015-09-07 10:31:59.1318|DEBUG|GroupHRIS.Employee.webFrmEmployeeSearch|ddlCompany_SelectedIndexChanged()
2015-09-07 10:31:59.1318|DEBUG|GroupHRIS.Employee.webFrmEmployeeSearch|fillDepartment() - companyId:CP63
2015-09-07 10:31:59.1928|DEBUG|GroupHRIS.Employee.webFrmEmployeeSearch|fillDesignations() - companyID:CP63
2015-09-07 10:32:00.0769|DEBUG|GroupHRIS.Employee.webFrmEmployeeSearch|Page_Load()
2015-09-07 10:32:01.1729|DEBUG|GroupHRIS.Employee.webFrmEmployeeSearch|Page_Load()
2015-09-07 10:32:02.4950|DEBUG|GroupHRIS.Employee.webFrmEmployeeSearch|Page_Load()
2015-09-07 10:33:55.2903|DEBUG|GroupHRIS.Employee.webFrmEmployeeSearch|Page_Load()
2015-09-07 10:33:55.2903|DEBUG|GroupHRIS.Employee.webFrmEmployeeSearch|fillCompanies()
2015-09-07 10:33:55.3323|DEBUG|GroupHRIS.Employee.webFrmEmployeeSearch|fillEmployeeStatus():
2015-09-07 10:33:59.4496|DEBUG|GroupHRIS.Employee.webFrmEmployeeSearch|Page_Load()
2015-09-07 10:33:59.4496|DEBUG|GroupHRIS.Employee.webFrmEmployeeSearch|ddlCompany_SelectedIndexChanged()
2015-09-07 10:33:59.4496|DEBUG|GroupHRIS.Employee.webFrmEmployeeSearch|fillDepartment() - companyId:CP63
2015-09-07 10:33:59.4496|DEBUG|GroupHRIS.Employee.webFrmEmployeeSearch|fillDesignations() - companyID:CP63
2015-09-07 10:34:00.2996|DEBUG|GroupHRIS.Employee.webFrmEmployeeSearch|Page_Load()
2015-09-07 10:34:01.2617|DEBUG|GroupHRIS.Employee.webFrmEmployeeSearch|Page_Load()
2015-09-07 10:34:03.1308|DEBUG|GroupHRIS.Employee.webFrmEmployeeSearch|Page_Load()
2015-09-07 10:39:48.0275|DEBUG|GroupHRIS.Employee.webFrmEmployeeSearch|Page_Load()
2015-09-07 10:39:48.0335|DEBUG|GroupHRIS.Employee.webFrmEmployeeSearch|fillCompanies()
2015-09-07 10:39:48.0885|DEBUG|GroupHRIS.Employee.webFrmEmployeeSearch|fillEmployeeStatus():
2015-09-07 10:39:50.2046|DEBUG|GroupHRIS.Employee.webFrmEmployeeSearch|Page_Load()
2015-09-07 10:39:50.2046|DEBUG|GroupHRIS.Employee.webFrmEmployeeSearch|ddlCompany_SelectedIndexChanged()
2015-09-07 10:39:50.2046|DEBUG|GroupHRIS.Employee.webFrmEmployeeSearch|fillDepartment() - companyId:CP63
2015-09-07 10:39:50.2186|DEBUG|GroupHRIS.Employee.webFrmEmployeeSearch|fillDesignations() - companyID:CP63
2015-09-07 10:39:51.2507|DEBUG|GroupHRIS.Employee.webFrmEmployeeSearch|Page_Load()
2015-09-07 10:39:52.4908|DEBUG|GroupHRIS.Employee.webFrmEmployeeSearch|Page_Load()
2015-09-07 10:39:54.1329|DEBUG|GroupHRIS.Employee.webFrmEmployeeSearch|Page_Load()
2015-09-07 10:42:55.2148|DEBUG|DataHandler.Attendance.AttendanceSummaryHandler|getCultryDate ->
2015-09-07 11:15:39.7806|DEBUG|DataHandler.Attendance.AttendanceSummaryHandler|getCultryDate ->
2015-09-07 11:22:38.2186|DEBUG|GroupHRIS.Employee.webFrmEmployeeSearch|Page_Load()
2015-09-07 11:22:38.2256|DEBUG|GroupHRIS.Employee.webFrmEmployeeSearch|fillCompanies()
2015-09-07 11:22:38.2256|DEBUG|GroupHRIS.Employee.webFrmEmployeeSearch|fillEmployeeStatus():
2015-09-07 11:22:41.2308|DEBUG|GroupHRIS.Employee.webFrmEmployeeSearch|Page_Load()
2015-09-07 11:22:41.2308|DEBUG|GroupHRIS.Employee.webFrmEmployeeSearch|ddlCompany_SelectedIndexChanged()
2015-09-07 11:22:41.2308|DEBUG|GroupHRIS.Employee.webFrmEmployeeSearch|fillDepartment() - companyId:CP63
2015-09-07 11:22:41.3048|DEBUG|GroupHRIS.Employee.webFrmEmployeeSearch|fillDesignations() - companyID:CP63
2015-09-07 11:22:42.1178|DEBUG|GroupHRIS.Employee.webFrmEmployeeSearch|Page_Load()
2015-09-07 11:22:43.7199|DEBUG|GroupHRIS.Employee.webFrmEmployeeSearch|Page_Load()
2015-09-07 11:22:45.0650|DEBUG|GroupHRIS.Employee.webFrmEmployeeSearch|Page_Load()
2015-09-07 11:22:45.0650|DEBUG|GroupHRIS.Employee.webFrmEmployeeSearch|fillCompanies()
2015-09-07 11:22:45.0650|DEBUG|GroupHRIS.Employee.webFrmEmployeeSearch|fillEmployeeStatus():
2015-09-07 11:26:56.6344|DEBUG|GroupHRIS.Employee.webFrmEmployeeSearch|Page_Load()
2015-09-07 11:26:56.6344|DEBUG|GroupHRIS.Employee.webFrmEmployeeSearch|fillCompanies()
2015-09-07 11:26:56.6500|DEBUG|GroupHRIS.Employee.webFrmEmployeeSearch|fillEmployeeStatus():
2015-09-07 11:26:59.3332|DEBUG|GroupHRIS.Employee.webFrmEmployeeSearch|Page_Load()
2015-09-07 11:26:59.3332|DEBUG|GroupHRIS.Employee.webFrmEmployeeSearch|ddlCompany_SelectedIndexChanged()
2015-09-07 11:26:59.3332|DEBUG|GroupHRIS.Employee.webFrmEmployeeSearch|fillDepartment() - companyId:CP63
2015-09-07 11:26:59.3956|DEBUG|GroupHRIS.Employee.webFrmEmployeeSearch|fillDesignations() - companyID:CP63
2015-09-07 11:27:00.3160|DEBUG|GroupHRIS.Employee.webFrmEmployeeSearch|Page_Load()
2015-09-07 11:27:01.7200|DEBUG|GroupHRIS.Employee.webFrmEmployeeSearch|Page_Load()
2015-09-07 11:27:03.0304|DEBUG|GroupHRIS.Employee.webFrmEmployeeSearch|Page_Load()
2015-09-07 11:34:10.7913|DEBUG|DataHandler.Attendance.AttendanceSummaryHandler|getCultryDate ->
2015-09-07 11:36:52.6235|DEBUG|GroupHRIS.Employee.webFrmEmployeeSearch|Page_Load()
2015-09-07 11:36:52.6235|DEBUG|GroupHRIS.Employee.webFrmEmployeeSearch|fillCompanies()
2015-09-07 11:36:53.2616|DEBUG|GroupHRIS.Employee.webFrmEmployeeSearch|fillEmployeeStatus():
2015-09-07 11:36:57.3988|DEBUG|GroupHRIS.Employee.webFrmEmployeeSearch|Page_Load()
2015-09-07 11:36:57.3988|DEBUG|GroupHRIS.Employee.webFrmEmployeeSearch|ddlCompany_SelectedIndexChanged()
2015-09-07 11:36:57.4038|DEBUG|GroupHRIS.Employee.webFrmEmployeeSearch|fillDepartment() - companyId:CP47
2015-09-07 11:36:57.5988|DEBUG|GroupHRIS.Employee.webFrmEmployeeSearch|fillDesignations() - companyID:CP47
2015-09-07 11:36:59.2799|DEBUG|GroupHRIS.Employee.webFrmEmployeeSearch|Page_Load()
2015-09-07 11:36:59.2799|DEBUG|GroupHRIS.Employee.webFrmEmployeeSearch|ddlCompany_SelectedIndexChanged()
2015-09-07 11:36:59.2799|DEBUG|GroupHRIS.Employee.webFrmEmployeeSearch|fillDepartment() - companyId:CP63
2015-09-07 11:36:59.5349|DEBUG|GroupHRIS.Employee.webFrmEmployeeSearch|fillDesignations() - companyID:CP63
2015-09-07 11:37:00.3100|DEBUG|GroupHRIS.Employee.webFrmEmployeeSearch|Page_Load()
2015-09-07 11:37:02.0081|DEBUG|GroupHRIS.Employee.webFrmEmployeeSearch|Page_Load()
2015-09-07 11:37:03.3941|DEBUG|GroupHRIS.Employee.webFrmEmployeeSearch|Page_Load()
2015-09-07 11:42:13.6532|DEBUG|GroupHRIS.Employee.webFrmEmployeeSearch|Page_Load()
2015-09-07 11:42:13.6532|DEBUG|GroupHRIS.Employee.webFrmEmployeeSearch|fillCompanies()
2015-09-07 11:42:13.6688|DEBUG|GroupHRIS.Employee.webFrmEmployeeSearch|fillEmployeeStatus():
2015-09-07 11:42:16.4612|DEBUG|GroupHRIS.Employee.webFrmEmployeeSearch|Page_Load()
2015-09-07 11:42:16.4612|DEBUG|GroupHRIS.Employee.webFrmEmployeeSearch|ddlCompany_SelectedIndexChanged()
2015-09-07 11:42:16.4612|DEBUG|GroupHRIS.Employee.webFrmEmployeeSearch|fillDepartment() - companyId:CP63
2015-09-07 11:42:16.8200|DEBUG|GroupHRIS.Employee.webFrmEmployeeSearch|fillDesignations() - companyID:CP63
2015-09-07 11:42:17.2568|DEBUG|GroupHRIS.Employee.webFrmEmployeeSearch|Page_Load()
2015-09-07 11:42:18.7232|DEBUG|GroupHRIS.Employee.webFrmEmployeeSearch|Page_Load()
2015-09-07 11:42:20.0960|DEBUG|GroupHRIS.Employee.webFrmEmployeeSearch|Page_Load()
2015-09-07 11:44:50.6760|DEBUG|GroupHRIS.Employee.webFrmEmployeeSearch|Page_Load()
2015-09-07 11:44:50.6930|DEBUG|GroupHRIS.Employee.webFrmEmployeeSearch|fillCompanies()
2015-09-07 11:44:50.6930|DEBUG|GroupHRIS.Employee.webFrmEmployeeSearch|fillEmployeeStatus():
2015-09-07 11:44:54.3923|DEBUG|GroupHRIS.Employee.webFrmEmployeeSearch|Page_Load()
2015-09-07 11:44:54.3923|DEBUG|GroupHRIS.Employee.webFrmEmployeeSearch|ddlCompany_SelectedIndexChanged()
2015-09-07 11:44:54.3923|DEBUG|GroupHRIS.Employee.webFrmEmployeeSearch|fillDepartment() - companyId:CP63
2015-09-07 11:44:54.4343|DEBUG|GroupHRIS.Employee.webFrmEmployeeSearch|fillDesignations() - companyID:CP63
2015-09-07 11:44:55.3323|DEBUG|GroupHRIS.Employee.webFrmEmployeeSearch|Page_Load()
2015-09-07 11:44:56.5754|DEBUG|GroupHRIS.Employee.webFrmEmployeeSearch|Page_Load()
2015-09-07 11:44:57.5824|DEBUG|GroupHRIS.Employee.webFrmEmployeeSearch|Page_Load()
2015-09-07 11:44:59.9226|DEBUG|GroupHRIS.Employee.webFrmEmployeeSearch|Page_Load()
2015-09-07 11:47:53.2335|DEBUG|GroupHRIS.Employee.webFrmEmployeeSearch|Page_Load()
2015-09-07 11:47:53.2335|DEBUG|GroupHRIS.Employee.webFrmEmployeeSearch|fillCompanies()
2015-09-07 11:47:53.6235|DEBUG|GroupHRIS.Employee.webFrmEmployeeSearch|fillEmployeeStatus():
2015-09-07 11:47:56.8147|DEBUG|GroupHRIS.Employee.webFrmEmployeeSearch|Page_Load()
2015-09-07 11:47:56.8147|DEBUG|GroupHRIS.Employee.webFrmEmployeeSearch|ddlCompany_SelectedIndexChanged()
2015-09-07 11:47:56.8147|DEBUG|GroupHRIS.Employee.webFrmEmployeeSearch|fillDepartment() - companyId:CP63
2015-09-07 11:47:57.2127|DEBUG|GroupHRIS.Employee.webFrmEmployeeSearch|fillDesignations() - companyID:CP63
2015-09-07 11:48:01.9600|DEBUG|GroupHRIS.Employee.webFrmEmployeeSearch|Page_Load()
2015-09-07 11:48:04.7821|DEBUG|GroupHRIS.Employee.webFrmEmployeeSearch|Page_Load()
2015-09-07 11:48:05.6252|DEBUG|GroupHRIS.Employee.webFrmEmployeeSearch|Page_Load()
2015-09-07 11:49:59.0348|DEBUG|GroupHRIS.Employee.webFrmEmployeeSearch|Page_Load()
2015-09-07 11:49:59.0488|DEBUG|GroupHRIS.Employee.webFrmEmployeeSearch|fillCompanies()
2015-09-07 11:49:59.0998|DEBUG|GroupHRIS.Employee.webFrmEmployeeSearch|fillEmployeeStatus():
2015-09-07 11:50:02.0699|DEBUG|GroupHRIS.Employee.webFrmEmployeeSearch|Page_Load()
2015-09-07 11:50:02.0699|DEBUG|GroupHRIS.Employee.webFrmEmployeeSearch|ddlCompany_SelectedIndexChanged()
2015-09-07 11:50:02.0699|DEBUG|GroupHRIS.Employee.webFrmEmployeeSearch|fillDepartment() - companyId:CP63
2015-09-07 11:50:02.0699|DEBUG|GroupHRIS.Employee.webFrmEmployeeSearch|fillDesignations() - companyID:CP63
2015-09-07 11:50:02.9980|DEBUG|GroupHRIS.Employee.webFrmEmployeeSearch|Page_Load()
2015-09-07 11:50:04.2190|DEBUG|GroupHRIS.Employee.webFrmEmployeeSearch|Page_Load()
2015-09-07 11:50:06.0192|DEBUG|GroupHRIS.Employee.webFrmEmployeeSearch|Page_Load()
2015-09-07 11:55:06.9227|DEBUG|GroupHRIS.Employee.webFrmEmployeeSearch|Page_Load()
2015-09-07 11:55:06.9287|DEBUG|GroupHRIS.Employee.webFrmEmployeeSearch|fillCompanies()
2015-09-07 11:55:06.9527|DEBUG|GroupHRIS.Employee.webFrmEmployeeSearch|fillEmployeeStatus():
2015-09-07 11:55:09.4388|DEBUG|GroupHRIS.Employee.webFrmEmployeeSearch|Page_Load()
2015-09-07 11:55:09.4388|DEBUG|GroupHRIS.Employee.webFrmEmployeeSearch|ddlCompany_SelectedIndexChanged()
2015-09-07 11:55:09.4388|DEBUG|GroupHRIS.Employee.webFrmEmployeeSearch|fillDepartment() - companyId:CP63
2015-09-07 11:55:09.5008|DEBUG|GroupHRIS.Employee.webFrmEmployeeSearch|fillDesignations() - companyID:CP63
2015-09-07 11:55:10.4559|DEBUG|GroupHRIS.Employee.webFrmEmployeeSearch|Page_Load()
2015-09-07 11:55:11.9920|DEBUG|GroupHRIS.Employee.webFrmEmployeeSearch|Page_Load()
2015-09-07 11:55:18.8064|DEBUG|GroupHRIS.Employee.webFrmEmployeeSearch|Page_Load()
2015-09-07 11:56:44.4673|DEBUG|GroupHRIS.Employee.webFrmEmployeeSearch|Page_Load()
2015-09-07 11:56:44.4753|DEBUG|GroupHRIS.Employee.webFrmEmployeeSearch|fillCompanies()
2015-09-07 11:56:44.4753|DEBUG|GroupHRIS.Employee.webFrmEmployeeSearch|fillEmployeeStatus():
2015-09-07 11:56:48.0795|DEBUG|GroupHRIS.Employee.webFrmEmployeeSearch|Page_Load()
2015-09-07 11:56:48.0795|DEBUG|GroupHRIS.Employee.webFrmEmployeeSearch|ddlCompany_SelectedIndexChanged()
2015-09-07 11:56:48.0795|DEBUG|GroupHRIS.Employee.webFrmEmployeeSearch|fillDepartment() - companyId:CP63
2015-09-07 11:56:48.1015|DEBUG|GroupHRIS.Employee.webFrmEmployeeSearch|fillDesignations() - companyID:CP63
2015-09-07 11:56:49.0805|DEBUG|GroupHRIS.Employee.webFrmEmployeeSearch|Page_Load()
2015-09-07 11:56:51.4267|DEBUG|GroupHRIS.Employee.webFrmEmployeeSearch|Page_Load()
2015-09-07 11:56:52.7297|DEBUG|GroupHRIS.Employee.webFrmEmployeeSearch|Page_Load()
2015-09-07 11:58:47.3281|DEBUG|GroupHRIS.Employee.webFrmEmployeeSearch|Page_Load()
2015-09-07 11:58:47.3411|DEBUG|GroupHRIS.Employee.webFrmEmployeeSearch|fillCompanies()
2015-09-07 11:58:47.5881|DEBUG|GroupHRIS.Employee.webFrmEmployeeSearch|fillEmployeeStatus():
2015-09-07 11:58:51.6964|DEBUG|GroupHRIS.Employee.webFrmEmployeeSearch|Page_Load()
2015-09-07 11:58:51.6964|DEBUG|GroupHRIS.Employee.webFrmEmployeeSearch|ddlCompany_SelectedIndexChanged()
2015-09-07 11:58:51.6964|DEBUG|GroupHRIS.Employee.webFrmEmployeeSearch|fillDepartment() - companyId:CP63
2015-09-07 11:58:51.7294|DEBUG|GroupHRIS.Employee.webFrmEmployeeSearch|fillDesignations() - companyID:CP63
2015-09-07 11:58:52.6184|DEBUG|GroupHRIS.Employee.webFrmEmployeeSearch|Page_Load()
2015-09-07 11:58:54.6415|DEBUG|GroupHRIS.Employee.webFrmEmployeeSearch|Page_Load()
2015-09-07 11:58:55.6936|DEBUG|GroupHRIS.Employee.webFrmEmployeeSearch|Page_Load()
2015-09-07 12:03:08.4311|DEBUG|GroupHRIS.Employee.webFrmEmployeeSearch|Page_Load()
2015-09-07 12:03:08.4441|DEBUG|GroupHRIS.Employee.webFrmEmployeeSearch|fillCompanies()
2015-09-07 12:03:08.4561|DEBUG|GroupHRIS.Employee.webFrmEmployeeSearch|fillEmployeeStatus():
2015-09-07 12:03:11.5923|DEBUG|GroupHRIS.Employee.webFrmEmployeeSearch|Page_Load()
2015-09-07 12:03:11.5923|DEBUG|GroupHRIS.Employee.webFrmEmployeeSearch|ddlCompany_SelectedIndexChanged()
2015-09-07 12:03:11.5923|DEBUG|GroupHRIS.Employee.webFrmEmployeeSearch|fillDepartment() - companyId:CP63
2015-09-07 12:03:11.6143|DEBUG|GroupHRIS.Employee.webFrmEmployeeSearch|fillDesignations() - companyID:CP63
2015-09-07 12:03:12.7093|DEBUG|GroupHRIS.Employee.webFrmEmployeeSearch|Page_Load()
2015-09-07 12:03:14.1034|DEBUG|GroupHRIS.Employee.webFrmEmployeeSearch|Page_Load()
2015-09-07 12:03:16.8666|DEBUG|GroupHRIS.Employee.webFrmEmployeeSearch|Page_Load()
2015-09-07 12:17:59.3636|DEBUG|GroupHRIS.Employee.webFrmEmployeeSearch|Page_Load()
2015-09-07 12:17:59.3816|DEBUG|GroupHRIS.Employee.webFrmEmployeeSearch|fillCompanies()
2015-09-07 12:17:59.3816|DEBUG|GroupHRIS.Employee.webFrmEmployeeSearch|fillEmployeeStatus():
2015-09-07 12:18:05.7170|DEBUG|GroupHRIS.Employee.webFrmEmployeeSearch|Page_Load()
2015-09-07 12:18:05.7170|DEBUG|GroupHRIS.Employee.webFrmEmployeeSearch|ddlCompany_SelectedIndexChanged()
2015-09-07 12:18:05.7170|DEBUG|GroupHRIS.Employee.webFrmEmployeeSearch|fillDepartment() - companyId:CP63
2015-09-07 12:18:05.7830|DEBUG|GroupHRIS.Employee.webFrmEmployeeSearch|fillDesignations() - companyID:CP63
2015-09-07 12:18:06.6551|DEBUG|GroupHRIS.Employee.webFrmEmployeeSearch|Page_Load()
2015-09-07 12:18:07.9291|DEBUG|GroupHRIS.Employee.webFrmEmployeeSearch|Page_Load()
2015-09-07 12:18:09.5362|DEBUG|GroupHRIS.Employee.webFrmEmployeeSearch|Page_Load()
2015-09-07 12:43:01.4935|DEBUG|GroupHRIS.Employee.webFrmEmployeeSearch|Page_Load()
2015-09-07 12:43:01.4935|DEBUG|GroupHRIS.Employee.webFrmEmployeeSearch|fillCompanies()
2015-09-07 12:43:01.5145|DEBUG|GroupHRIS.Employee.webFrmEmployeeSearch|fillEmployeeStatus():
2015-09-07 12:43:04.4497|DEBUG|GroupHRIS.Employee.webFrmEmployeeSearch|Page_Load()
2015-09-07 12:43:04.4497|DEBUG|GroupHRIS.Employee.webFrmEmployeeSearch|ddlCompany_SelectedIndexChanged()
2015-09-07 12:43:04.4497|DEBUG|GroupHRIS.Employee.webFrmEmployeeSearch|fillDepartment() - companyId:CP63
2015-09-07 12:43:04.4687|DEBUG|GroupHRIS.Employee.webFrmEmployeeSearch|fillDesignations() - companyID:CP63
2015-09-07 12:43:05.7487|DEBUG|GroupHRIS.Employee.webFrmEmployeeSearch|Page_Load()
2015-09-07 12:43:07.1518|DEBUG|GroupHRIS.Employee.webFrmEmployeeSearch|Page_Load()
2015-09-07 12:43:08.5329|DEBUG|GroupHRIS.Employee.webFrmEmployeeSearch|Page_Load()
2015-09-07 13:21:41.3174|DEBUG|GroupHRIS.Employee.webFrmEmployeeSearch|Page_Load()
2015-09-07 13:21:41.3244|DEBUG|GroupHRIS.Employee.webFrmEmployeeSearch|fillCompanies()
2015-09-07 13:21:41.3244|DEBUG|GroupHRIS.Employee.webFrmEmployeeSearch|fillEmployeeStatus():
2015-09-07 13:21:44.4235|DEBUG|GroupHRIS.Employee.webFrmEmployeeSearch|Page_Load()
2015-09-07 13:21:44.4235|DEBUG|GroupHRIS.Employee.webFrmEmployeeSearch|ddlCompany_SelectedIndexChanged()
2015-09-07 13:21:44.4235|DEBUG|GroupHRIS.Employee.webFrmEmployeeSearch|fillDepartment() - companyId:CP63
2015-09-07 13:21:44.5025|DEBUG|GroupHRIS.Employee.webFrmEmployeeSearch|fillDesignations() - companyID:CP63
2015-09-07 13:21:45.1906|DEBUG|GroupHRIS.Employee.webFrmEmployeeSearch|Page_Load()
2015-09-07 13:21:47.1177|DEBUG|GroupHRIS.Employee.webFrmEmployeeSearch|Page_Load()
2015-09-07 13:22:01.7945|DEBUG|GroupHRIS.Employee.webFrmEmployeeSearch|Page_Load()
2015-09-07 13:24:45.7809|DEBUG|GroupHRIS.Employee.webFrmEmployeeSearch|Page_Load()
2015-09-07 13:24:45.7949|DEBUG|GroupHRIS.Employee.webFrmEmployeeSearch|fillCompanies()
2015-09-07 13:24:45.8409|DEBUG|GroupHRIS.Employee.webFrmEmployeeSearch|fillEmployeeStatus():
2015-09-07 13:24:47.3920|DEBUG|GroupHRIS.Employee.webFrmEmployeeSearch|Page_Load()
2015-09-07 13:24:51.0692|DEBUG|GroupHRIS.Employee.webFrmEmployeeSearch|Page_Load()
2015-09-07 13:24:51.0692|DEBUG|GroupHRIS.Employee.webFrmEmployeeSearch|ddlCompany_SelectedIndexChanged()
2015-09-07 13:24:51.0692|DEBUG|GroupHRIS.Employee.webFrmEmployeeSearch|fillDepartment() - companyId:CP63
2015-09-07 13:24:51.1342|DEBUG|GroupHRIS.Employee.webFrmEmployeeSearch|fillDesignations() - companyID:CP63
2015-09-07 13:24:53.6174|DEBUG|GroupHRIS.Employee.webFrmEmployeeSearch|Page_Load()
2015-09-07 13:24:54.8784|DEBUG|GroupHRIS.Employee.webFrmEmployeeSearch|Page_Load()
2015-09-07 13:25:05.7451|DEBUG|GroupHRIS.Employee.webFrmEmployeeSearch|Page_Load()
2015-09-07 13:30:52.5399|DEBUG|GroupHRIS.Employee.webFrmEmployeeSearch|Page_Load()
2015-09-07 13:30:52.5539|DEBUG|GroupHRIS.Employee.webFrmEmployeeSearch|fillCompanies()
2015-09-07 13:30:52.5699|DEBUG|GroupHRIS.Employee.webFrmEmployeeSearch|fillEmployeeStatus():
2015-09-07 13:30:55.2360|DEBUG|GroupHRIS.Employee.webFrmEmployeeSearch|Page_Load()
2015-09-07 13:30:55.2370|DEBUG|GroupHRIS.Employee.webFrmEmployeeSearch|ddlCompany_SelectedIndexChanged()
2015-09-07 13:30:55.2370|DEBUG|GroupHRIS.Employee.webFrmEmployeeSearch|fillDepartment() - companyId:CP63
2015-09-07 13:30:55.2600|DEBUG|GroupHRIS.Employee.webFrmEmployeeSearch|fillDesignations() - companyID:CP63
2015-09-07 13:30:56.2271|DEBUG|GroupHRIS.Employee.webFrmEmployeeSearch|Page_Load()
2015-09-07 13:30:57.4152|DEBUG|GroupHRIS.Employee.webFrmEmployeeSearch|Page_Load()
2015-09-07 13:31:07.2367|DEBUG|GroupHRIS.Employee.webFrmEmployeeSearch|Page_Load()
2015-09-07 13:32:33.7387|DEBUG|GroupHRIS.Employee.webFrmEmployeeSearch|Page_Load()
2015-09-07 13:32:33.7387|DEBUG|GroupHRIS.Employee.webFrmEmployeeSearch|fillCompanies()
2015-09-07 13:32:33.7537|DEBUG|GroupHRIS.Employee.webFrmEmployeeSearch|fillEmployeeStatus():
2015-09-07 13:32:36.4488|DEBUG|GroupHRIS.Employee.webFrmEmployeeSearch|Page_Load()
2015-09-07 13:32:36.4488|DEBUG|GroupHRIS.Employee.webFrmEmployeeSearch|ddlCompany_SelectedIndexChanged()
2015-09-07 13:32:36.4498|DEBUG|GroupHRIS.Employee.webFrmEmployeeSearch|fillDepartment() - companyId:CP63
2015-09-07 13:32:36.4668|DEBUG|GroupHRIS.Employee.webFrmEmployeeSearch|fillDesignations() - companyID:CP63
2015-09-07 13:32:37.4629|DEBUG|GroupHRIS.Employee.webFrmEmployeeSearch|Page_Load()
2015-09-07 13:32:38.8200|DEBUG|GroupHRIS.Employee.webFrmEmployeeSearch|Page_Load()
2015-09-07 13:32:45.8054|DEBUG|GroupHRIS.Employee.webFrmEmployeeSearch|Page_Load()
2015-09-07 13:34:24.4900|DEBUG|GroupHRIS.Employee.webFrmEmployeeSearch|Page_Load()
2015-09-07 13:34:24.4960|DEBUG|GroupHRIS.Employee.webFrmEmployeeSearch|fillCompanies()
2015-09-07 13:34:24.5130|DEBUG|GroupHRIS.Employee.webFrmEmployeeSearch|fillEmployeeStatus():
2015-09-07 13:34:28.1642|DEBUG|GroupHRIS.Employee.webFrmEmployeeSearch|Page_Load()
2015-09-07 13:34:28.1642|DEBUG|GroupHRIS.Employee.webFrmEmployeeSearch|ddlCompany_SelectedIndexChanged()
2015-09-07 13:34:28.1642|DEBUG|GroupHRIS.Employee.webFrmEmployeeSearch|fillDepartment() - companyId:CP63
2015-09-07 13:34:28.1842|DEBUG|GroupHRIS.Employee.webFrmEmployeeSearch|fillDesignations() - companyID:CP63
2015-09-07 13:34:29.2793|DEBUG|GroupHRIS.Employee.webFrmEmployeeSearch|Page_Load()
2015-09-07 13:34:30.9064|DEBUG|GroupHRIS.Employee.webFrmEmployeeSearch|Page_Load()
2015-09-07 13:34:41.1670|DEBUG|GroupHRIS.Employee.webFrmEmployeeSearch|Page_Load()
2015-09-07 13:35:16.9970|DEBUG|GroupHRIS.Employee.webFrmEmployeeSearch|Page_Load()
2015-09-07 13:35:16.9970|DEBUG|GroupHRIS.Employee.webFrmEmployeeSearch|fillCompanies()
2015-09-07 13:35:16.9970|DEBUG|GroupHRIS.Employee.webFrmEmployeeSearch|fillEmployeeStatus():
2015-09-07 13:35:20.0772|DEBUG|GroupHRIS.Employee.webFrmEmployeeSearch|Page_Load()
2015-09-07 13:35:20.0772|DEBUG|GroupHRIS.Employee.webFrmEmployeeSearch|ddlCompany_SelectedIndexChanged()
2015-09-07 13:35:20.0772|DEBUG|GroupHRIS.Employee.webFrmEmployeeSearch|fillDepartment() - companyId:CP63
2015-09-07 13:35:20.0852|DEBUG|GroupHRIS.Employee.webFrmEmployeeSearch|fillDesignations() - companyID:CP63
2015-09-07 13:35:21.0072|DEBUG|GroupHRIS.Employee.webFrmEmployeeSearch|Page_Load()
2015-09-07 13:35:22.2263|DEBUG|GroupHRIS.Employee.webFrmEmployeeSearch|Page_Load()
2015-09-07 13:35:23.4934|DEBUG|GroupHRIS.Employee.webFrmEmployeeSearch|Page_Load()
2015-09-07 13:41:58.7730|DEBUG|GroupHRIS.Employee.webFrmEmployeeSearch|Page_Load()
2015-09-07 13:41:58.7730|DEBUG|GroupHRIS.Employee.webFrmEmployeeSearch|fillCompanies()
2015-09-07 13:41:58.8480|DEBUG|GroupHRIS.Employee.webFrmEmployeeSearch|fillEmployeeStatus():
2015-09-07 13:42:01.2991|DEBUG|GroupHRIS.Employee.webFrmEmployeeSearch|Page_Load()
2015-09-07 13:42:01.2991|DEBUG|GroupHRIS.Employee.webFrmEmployeeSearch|ddlCompany_SelectedIndexChanged()
2015-09-07 13:42:01.2991|DEBUG|GroupHRIS.Employee.webFrmEmployeeSearch|fillDepartment() - companyId:CP63
2015-09-07 13:42:01.3521|DEBUG|GroupHRIS.Employee.webFrmEmployeeSearch|fillDesignations() - companyID:CP63
2015-09-07 13:42:02.2362|DEBUG|GroupHRIS.Employee.webFrmEmployeeSearch|Page_Load()
2015-09-07 13:42:03.5213|DEBUG|GroupHRIS.Employee.webFrmEmployeeSearch|Page_Load()
2015-09-07 13:42:04.2843|DEBUG|GroupHRIS.Employee.webFrmEmployeeSearch|Page_Load()
2015-09-07 13:42:33.1270|DEBUG|GroupHRIS.Employee.webFrmEmployeeSearch|Page_Load()
2015-09-07 13:42:33.1270|DEBUG|GroupHRIS.Employee.webFrmEmployeeSearch|fillCompanies()
2015-09-07 13:42:33.5450|DEBUG|GroupHRIS.Employee.webFrmEmployeeSearch|fillEmployeeStatus():
2015-09-07 13:42:36.1981|DEBUG|GroupHRIS.Employee.webFrmEmployeeSearch|Page_Load()
2015-09-07 13:42:36.1981|DEBUG|GroupHRIS.Employee.webFrmEmployeeSearch|ddlCompany_SelectedIndexChanged()
2015-09-07 13:42:36.1981|DEBUG|GroupHRIS.Employee.webFrmEmployeeSearch|fillDepartment() - companyId:CP63
2015-09-07 13:42:36.7442|DEBUG|GroupHRIS.Employee.webFrmEmployeeSearch|fillDesignations() - companyID:CP63
2015-09-07 13:42:37.3642|DEBUG|GroupHRIS.Employee.webFrmEmployeeSearch|Page_Load()
2015-09-07 13:42:38.5363|DEBUG|GroupHRIS.Employee.webFrmEmployeeSearch|Page_Load()
2015-09-07 13:42:44.3006|DEBUG|GroupHRIS.Employee.webFrmEmployeeSearch|Page_Load()
2015-09-07 13:43:08.4180|DEBUG|GroupHRIS.Employee.webFrmEmployeeSearch|Page_Load()
2015-09-07 13:43:08.4180|DEBUG|GroupHRIS.Employee.webFrmEmployeeSearch|fillCompanies()
2015-09-07 13:43:08.4360|DEBUG|GroupHRIS.Employee.webFrmEmployeeSearch|fillEmployeeStatus():
2015-09-07 13:43:10.9171|DEBUG|GroupHRIS.Employee.webFrmEmployeeSearch|Page_Load()
2015-09-07 13:43:10.9171|DEBUG|GroupHRIS.Employee.webFrmEmployeeSearch|ddlCompany_SelectedIndexChanged()
2015-09-07 13:43:10.9171|DEBUG|GroupHRIS.Employee.webFrmEmployeeSearch|fillDepartment() - companyId:CP63
2015-09-07 13:43:10.9251|DEBUG|GroupHRIS.Employee.webFrmEmployeeSearch|fillDesignations() - companyID:CP63
2015-09-07 13:43:11.6752|DEBUG|GroupHRIS.Employee.webFrmEmployeeSearch|Page_Load()
2015-09-07 13:43:14.6163|DEBUG|GroupHRIS.Employee.webFrmEmployeeSearch|Page_Load()
2015-09-07 13:43:29.7572|DEBUG|GroupHRIS.Employee.webFrmEmployeeSearch|Page_Load()
2015-09-07 13:45:24.0547|DEBUG|GroupHRIS.Employee.webFrmEmployeeSearch|Page_Load()
2015-09-07 13:45:24.0547|DEBUG|GroupHRIS.Employee.webFrmEmployeeSearch|fillCompanies()
2015-09-07 13:45:24.0547|DEBUG|GroupHRIS.Employee.webFrmEmployeeSearch|fillEmployeeStatus():
2015-09-07 13:45:26.6979|DEBUG|GroupHRIS.Employee.webFrmEmployeeSearch|Page_Load()
2015-09-07 13:45:26.6979|DEBUG|GroupHRIS.Employee.webFrmEmployeeSearch|ddlCompany_SelectedIndexChanged()
2015-09-07 13:45:26.6979|DEBUG|GroupHRIS.Employee.webFrmEmployeeSearch|fillDepartment() - companyId:CP63
2015-09-07 13:45:26.7069|DEBUG|GroupHRIS.Employee.webFrmEmployeeSearch|fillDesignations() - companyID:CP63
2015-09-07 13:45:29.1180|DEBUG|GroupHRIS.Employee.webFrmEmployeeSearch|Page_Load()
2015-09-07 13:45:31.1091|DEBUG|GroupHRIS.Employee.webFrmEmployeeSearch|Page_Load()
2015-09-07 13:45:35.6004|DEBUG|GroupHRIS.Employee.webFrmEmployeeSearch|Page_Load()
2015-09-07 13:46:41.7212|DEBUG|GroupHRIS.Employee.webFrmEmployeeSearch|Page_Load()
2015-09-07 13:46:41.7272|DEBUG|GroupHRIS.Employee.webFrmEmployeeSearch|fillCompanies()
2015-09-07 13:46:41.7462|DEBUG|GroupHRIS.Employee.webFrmEmployeeSearch|fillEmployeeStatus():
2015-09-07 13:46:44.7604|DEBUG|GroupHRIS.Employee.webFrmEmployeeSearch|Page_Load()
2015-09-07 13:46:44.7604|DEBUG|GroupHRIS.Employee.webFrmEmployeeSearch|ddlCompany_SelectedIndexChanged()
2015-09-07 13:46:44.7684|DEBUG|GroupHRIS.Employee.webFrmEmployeeSearch|fillDepartment() - companyId:CP63
2015-09-07 13:46:44.7684|DEBUG|GroupHRIS.Employee.webFrmEmployeeSearch|fillDesignations() - companyID:CP63
2015-09-07 13:46:46.1064|DEBUG|GroupHRIS.Employee.webFrmEmployeeSearch|Page_Load()
2015-09-07 13:46:47.3155|DEBUG|GroupHRIS.Employee.webFrmEmployeeSearch|Page_Load()
2015-09-07 13:46:51.5717|DEBUG|GroupHRIS.Employee.webFrmEmployeeSearch|Page_Load()
2015-09-07 13:46:51.5717|DEBUG|GroupHRIS.Employee.webFrmEmployeeSearch|fillCompanies()
2015-09-07 13:46:51.5717|DEBUG|GroupHRIS.Employee.webFrmEmployeeSearch|fillEmployeeStatus():
2015-09-07 13:50:12.8703|DEBUG|GroupHRIS.Employee.webFrmEmployeeSearch|Page_Load()
2015-09-07 13:50:12.8703|DEBUG|GroupHRIS.Employee.webFrmEmployeeSearch|fillCompanies()
2015-09-07 13:50:12.8863|DEBUG|GroupHRIS.Employee.webFrmEmployeeSearch|fillEmployeeStatus():
2015-09-07 13:50:15.3634|DEBUG|GroupHRIS.Employee.webFrmEmployeeSearch|Page_Load()
2015-09-07 13:50:15.3634|DEBUG|GroupHRIS.Employee.webFrmEmployeeSearch|ddlCompany_SelectedIndexChanged()
2015-09-07 13:50:15.3634|DEBUG|GroupHRIS.Employee.webFrmEmployeeSearch|fillDepartment() - companyId:CP63
2015-09-07 13:50:15.3734|DEBUG|GroupHRIS.Employee.webFrmEmployeeSearch|fillDesignations() - companyID:CP63
2015-09-07 13:50:16.5375|DEBUG|GroupHRIS.Employee.webFrmEmployeeSearch|Page_Load()
2015-09-07 13:50:18.8876|DEBUG|GroupHRIS.Employee.webFrmEmployeeSearch|Page_Load()
2015-09-07 13:50:20.4887|DEBUG|GroupHRIS.Employee.webFrmEmployeeSearch|Page_Load()
2015-09-07 13:52:47.9641|DEBUG|GroupHRIS.Employee.webFrmEmployeeSearch|Page_Load()
2015-09-07 13:52:47.9641|DEBUG|GroupHRIS.Employee.webFrmEmployeeSearch|fillCompanies()
2015-09-07 13:52:47.9731|DEBUG|GroupHRIS.Employee.webFrmEmployeeSearch|fillEmployeeStatus():
2015-09-07 13:52:50.8523|DEBUG|GroupHRIS.Employee.webFrmEmployeeSearch|Page_Load()
2015-09-07 13:52:50.8523|DEBUG|GroupHRIS.Employee.webFrmEmployeeSearch|ddlCompany_SelectedIndexChanged()
2015-09-07 13:52:50.8523|DEBUG|GroupHRIS.Employee.webFrmEmployeeSearch|fillDepartment() - companyId:CP63
2015-09-07 13:52:50.8663|DEBUG|GroupHRIS.Employee.webFrmEmployeeSearch|fillDesignations() - companyID:CP63
2015-09-07 13:52:52.4634|DEBUG|GroupHRIS.Employee.webFrmEmployeeSearch|Page_Load()
2015-09-07 13:52:56.3276|DEBUG|GroupHRIS.Employee.webFrmEmployeeSearch|Page_Load()
2015-09-07 13:52:57.2827|DEBUG|GroupHRIS.Employee.webFrmEmployeeSearch|Page_Load()
2015-09-07 13:55:46.6963|DEBUG|GroupHRIS.Employee.webFrmEmployeeSearch|Page_Load()
2015-09-07 13:55:46.7023|DEBUG|GroupHRIS.Employee.webFrmEmployeeSearch|fillCompanies()
2015-09-07 13:55:46.7334|DEBUG|GroupHRIS.Employee.webFrmEmployeeSearch|fillEmployeeStatus():
2015-09-07 13:55:49.2275|DEBUG|GroupHRIS.Employee.webFrmEmployeeSearch|Page_Load()
2015-09-07 13:55:49.2275|DEBUG|GroupHRIS.Employee.webFrmEmployeeSearch|ddlCompany_SelectedIndexChanged()
2015-09-07 13:55:49.2275|DEBUG|GroupHRIS.Employee.webFrmEmployeeSearch|fillDepartment() - companyId:CP63
2015-09-07 13:55:49.2275|DEBUG|GroupHRIS.Employee.webFrmEmployeeSearch|fillDesignations() - companyID:CP63
2015-09-07 13:55:50.1965|DEBUG|GroupHRIS.Employee.webFrmEmployeeSearch|Page_Load()
2015-09-07 13:55:51.5066|DEBUG|GroupHRIS.Employee.webFrmEmployeeSearch|Page_Load()
2015-09-07 13:55:53.0477|DEBUG|GroupHRIS.Employee.webFrmEmployeeSearch|Page_Load()
2015-09-07 13:57:01.2846|DEBUG|GroupHRIS.Employee.webFrmEmployeeSearch|Page_Load()
2015-09-07 13:57:01.2846|DEBUG|GroupHRIS.Employee.webFrmEmployeeSearch|fillCompanies()
2015-09-07 13:57:01.3106|DEBUG|GroupHRIS.Employee.webFrmEmployeeSearch|fillEmployeeStatus():
2015-09-07 13:57:04.8388|DEBUG|GroupHRIS.Employee.webFrmEmployeeSearch|Page_Load()
2015-09-07 13:57:04.8388|DEBUG|GroupHRIS.Employee.webFrmEmployeeSearch|ddlCompany_SelectedIndexChanged()
2015-09-07 13:57:04.8388|DEBUG|GroupHRIS.Employee.webFrmEmployeeSearch|fillDepartment() - companyId:CP63
2015-09-07 13:57:04.8468|DEBUG|GroupHRIS.Employee.webFrmEmployeeSearch|fillDesignations() - companyID:CP63
2015-09-07 13:57:05.8639|DEBUG|GroupHRIS.Employee.webFrmEmployeeSearch|Page_Load()
2015-09-07 13:57:07.6810|DEBUG|GroupHRIS.Employee.webFrmEmployeeSearch|Page_Load()
2015-09-07 13:57:09.3051|DEBUG|GroupHRIS.Employee.webFrmEmployeeSearch|Page_Load()
2015-09-07 17:21:19.0424|DEBUG|DataHandler.Attendance.AttendanceSummaryHandler|getCultryDate ->
2015-09-07 17:22:20.8469|DEBUG|DataHandler.Attendance.AttendanceSummaryHandler|getCultryDate ->
