2015-05-25 12:07:26.2895|DEBUG|GroupHRIS.Employee.webFrmEmployeeSearch|Page_Load()
2015-05-25 12:07:26.3036|DEBUG|GroupHRIS.Employee.webFrmEmployeeSearch|fillCompanies()
2015-05-25 12:07:26.4286|DEBUG|GroupHRIS.Employee.webFrmEmployeeSearch|fillEmployeeStatus():
2015-05-25 12:07:27.9546|DEBUG|GroupHRIS.Employee.webFrmEmployeeSearch|Page_Load()
2015-05-25 12:07:28.9427|DEBUG|GroupHRIS.Employee.webFrmEmployeeSearch|Page_Load()
2015-05-25 12:07:30.5728|DEBUG|GroupHRIS.Employee.webFrmEmployeeSearch|Page_Load()
2015-05-25 12:08:55.4747|DEBUG|GroupHRIS.Employee.webFrmEmployeeSearch|Page_Load()
2015-05-25 12:08:55.4747|DEBUG|GroupHRIS.Employee.webFrmEmployeeSearch|fillCompanies()
2015-05-25 12:08:55.5957|DEBUG|GroupHRIS.Employee.webFrmEmployeeSearch|fillEmployeeStatus():
2015-05-25 12:08:57.1057|DEBUG|GroupHRIS.Employee.webFrmEmployeeSearch|Page_Load()
2015-05-25 12:08:58.1328|DEBUG|GroupHRIS.Employee.webFrmEmployeeSearch|Page_Load()
2015-05-25 12:08:59.4869|DEBUG|GroupHRIS.Employee.webFrmEmployeeSearch|Page_Load()
2015-05-25 12:09:32.3948|DEBUG|GroupHRIS.Employee.webFrmEmployeeSearch|Page_Load()
2015-05-25 12:09:32.3948|DEBUG|GroupHRIS.Employee.webFrmEmployeeSearch|fillCompanies()
2015-05-25 12:09:32.5028|DEBUG|GroupHRIS.Employee.webFrmEmployeeSearch|fillEmployeeStatus():
2015-05-25 12:09:33.9609|DEBUG|GroupHRIS.Employee.webFrmEmployeeSearch|Page_Load()
2015-05-25 12:09:36.1970|DEBUG|GroupHRIS.Employee.webFrmEmployeeSearch|Page_Load()
2015-05-25 12:09:38.0791|DEBUG|GroupHRIS.Employee.webFrmEmployeeSearch|Page_Load()
2015-05-25 12:10:00.4014|DEBUG|GroupHRIS.Employee.webFrmEmployeeSearch|Page_Load()
2015-05-25 12:10:00.4014|DEBUG|GroupHRIS.Employee.webFrmEmployeeSearch|fillCompanies()
2015-05-25 12:10:00.4984|DEBUG|GroupHRIS.Employee.webFrmEmployeeSearch|fillEmployeeStatus():
2015-05-25 12:10:02.1415|DEBUG|GroupHRIS.Employee.webFrmEmployeeSearch|Page_Load()
2015-05-25 12:10:03.8356|DEBUG|GroupHRIS.Employee.webFrmEmployeeSearch|Page_Load()
2015-05-25 12:10:05.2236|DEBUG|GroupHRIS.Employee.webFrmEmployeeSearch|Page_Load()
2015-05-25 12:10:35.6024|DEBUG|GroupHRIS.Employee.webFrmEmployeeSearch|Page_Load()
2015-05-25 12:10:35.6104|DEBUG|GroupHRIS.Employee.webFrmEmployeeSearch|fillCompanies()
2015-05-25 12:10:35.7374|DEBUG|GroupHRIS.Employee.webFrmEmployeeSearch|fillEmployeeStatus():
2015-05-25 12:10:37.3685|DEBUG|GroupHRIS.Employee.webFrmEmployeeSearch|Page_Load()
2015-05-25 12:10:38.7856|DEBUG|GroupHRIS.Employee.webFrmEmployeeSearch|Page_Load()
2015-05-25 12:10:40.6577|DEBUG|GroupHRIS.Employee.webFrmEmployeeSearch|Page_Load()
2015-05-25 12:23:33.7511|DEBUG|GroupHRIS.Employee.webFrmEmployeeSearch|Page_Load()
2015-05-25 12:23:33.7591|DEBUG|GroupHRIS.Employee.webFrmEmployeeSearch|fillCompanies()
2015-05-25 12:23:33.8701|DEBUG|GroupHRIS.Employee.webFrmEmployeeSearch|fillEmployeeStatus():
2015-05-25 12:23:35.1602|DEBUG|GroupHRIS.Employee.webFrmEmployeeSearch|Page_Load()
2015-05-25 12:23:36.4883|DEBUG|GroupHRIS.Employee.webFrmEmployeeSearch|Page_Load()
2015-05-25 12:23:39.3314|DEBUG|GroupHRIS.Employee.webFrmEmployeeSearch|Page_Load()
2015-05-25 12:28:44.6279|DEBUG|GroupHRIS.Employee.webFrmEmployeeSearch|Page_Load()
2015-05-25 12:28:44.6409|DEBUG|GroupHRIS.Employee.webFrmEmployeeSearch|fillCompanies()
2015-05-25 12:28:44.7539|DEBUG|GroupHRIS.Employee.webFrmEmployeeSearch|fillEmployeeStatus():
2015-05-25 12:28:46.4270|DEBUG|GroupHRIS.Employee.webFrmEmployeeSearch|Page_Load()
2015-05-25 12:28:47.8261|DEBUG|GroupHRIS.Employee.webFrmEmployeeSearch|Page_Load()
2015-05-25 12:28:48.4632|DEBUG|GroupHRIS.Employee.webFrmEmployeeSearch|Page_Load()
2015-05-25 12:29:37.4130|DEBUG|GroupHRIS.Employee.webFrmEmployeeSearch|Page_Load()
2015-05-25 12:29:37.4130|DEBUG|GroupHRIS.Employee.webFrmEmployeeSearch|fillCompanies()
2015-05-25 12:29:37.5310|DEBUG|GroupHRIS.Employee.webFrmEmployeeSearch|fillEmployeeStatus():
2015-05-25 12:29:39.2581|DEBUG|GroupHRIS.Employee.webFrmEmployeeSearch|Page_Load()
2015-05-25 12:29:40.6211|DEBUG|GroupHRIS.Employee.webFrmEmployeeSearch|Page_Load()
2015-05-25 12:29:42.4802|DEBUG|GroupHRIS.Employee.webFrmEmployeeSearch|Page_Load()
2015-05-25 12:35:31.6113|DEBUG|GroupHRIS.Employee.webFrmEmployeeSearch|Page_Load()
2015-05-25 12:35:31.6173|DEBUG|GroupHRIS.Employee.webFrmEmployeeSearch|fillCompanies()
2015-05-25 12:35:31.7413|DEBUG|GroupHRIS.Employee.webFrmEmployeeSearch|fillEmployeeStatus():
2015-05-25 12:35:32.6214|DEBUG|GroupHRIS.Employee.webFrmEmployeeSearch|Page_Load()
2015-05-25 12:35:34.2885|DEBUG|GroupHRIS.Employee.webFrmEmployeeSearch|Page_Load()
2015-05-25 12:35:36.7876|DEBUG|GroupHRIS.Employee.webFrmEmployeeSearch|Page_Load()
2015-05-25 12:36:43.6815|DEBUG|GroupHRIS.Employee.webFrmEmployeeSearch|Page_Load()
2015-05-25 12:36:43.6815|DEBUG|GroupHRIS.Employee.webFrmEmployeeSearch|fillCompanies()
2015-05-25 12:36:43.9835|DEBUG|GroupHRIS.Employee.webFrmEmployeeSearch|fillEmployeeStatus():
2015-05-25 12:36:45.5556|DEBUG|GroupHRIS.Employee.webFrmEmployeeSearch|Page_Load()
2015-05-25 12:36:47.0176|DEBUG|GroupHRIS.Employee.webFrmEmployeeSearch|Page_Load()
2015-05-25 12:36:49.2888|DEBUG|GroupHRIS.Employee.webFrmEmployeeSearch|Page_Load()
2015-05-25 12:36:56.7224|DEBUG|GroupHRIS.Employee.webFrmEmployeeSearch|Page_Load()
2015-05-25 12:36:56.7224|DEBUG|GroupHRIS.Employee.webFrmEmployeeSearch|fillCompanies()
2015-05-25 12:36:57.0656|DEBUG|GroupHRIS.Employee.webFrmEmployeeSearch|fillEmployeeStatus():
2015-05-25 12:36:58.7504|DEBUG|GroupHRIS.Employee.webFrmEmployeeSearch|Page_Load()
2015-05-25 12:36:59.9828|DEBUG|GroupHRIS.Employee.webFrmEmployeeSearch|Page_Load()
2015-05-25 12:37:01.6676|DEBUG|GroupHRIS.Employee.webFrmEmployeeSearch|Page_Load()
2015-05-25 12:37:18.9056|DEBUG|GroupHRIS.Employee.webFrmEmployeeSearch|Page_Load()
2015-05-25 12:37:18.9056|DEBUG|GroupHRIS.Employee.webFrmEmployeeSearch|fillCompanies()
2015-05-25 12:37:18.9992|DEBUG|GroupHRIS.Employee.webFrmEmployeeSearch|fillEmployeeStatus():
2015-05-25 12:37:20.3876|DEBUG|GroupHRIS.Employee.webFrmEmployeeSearch|Page_Load()
2015-05-25 12:37:21.7292|DEBUG|GroupHRIS.Employee.webFrmEmployeeSearch|Page_Load()
2015-05-25 12:37:22.6340|DEBUG|GroupHRIS.Employee.webFrmEmployeeSearch|Page_Load()
2015-05-25 12:37:46.1433|DEBUG|GroupHRIS.Employee.webFrmEmployeeSearch|Page_Load()
2015-05-25 12:37:46.1433|DEBUG|GroupHRIS.Employee.webFrmEmployeeSearch|fillCompanies()
2015-05-25 12:37:46.2681|DEBUG|GroupHRIS.Employee.webFrmEmployeeSearch|fillEmployeeStatus():
2015-05-25 12:37:47.7501|DEBUG|GroupHRIS.Employee.webFrmEmployeeSearch|Page_Load()
2015-05-25 12:37:49.3725|DEBUG|GroupHRIS.Employee.webFrmEmployeeSearch|Page_Load()
2015-05-25 12:37:50.7453|DEBUG|GroupHRIS.Employee.webFrmEmployeeSearch|Page_Load()
2015-05-25 12:37:53.9121|DEBUG|GroupHRIS.Employee.webFrmEmployeeSearch|Page_Load()
2015-05-25 12:37:53.9121|DEBUG|GroupHRIS.Employee.webFrmEmployeeSearch|fillCompanies()
2015-05-25 12:37:54.2397|DEBUG|GroupHRIS.Employee.webFrmEmployeeSearch|fillEmployeeStatus():
2015-05-25 12:37:55.7529|DEBUG|GroupHRIS.Employee.webFrmEmployeeSearch|Page_Load()
2015-05-25 12:37:57.6561|DEBUG|GroupHRIS.Employee.webFrmEmployeeSearch|Page_Load()
2015-05-25 12:38:10.4481|DEBUG|GroupHRIS.Employee.webFrmEmployeeSearch|Page_Load()
2015-05-25 12:38:10.4481|DEBUG|GroupHRIS.Employee.webFrmEmployeeSearch|fillCompanies()
2015-05-25 12:38:10.5417|DEBUG|GroupHRIS.Employee.webFrmEmployeeSearch|fillEmployeeStatus():
2015-05-25 12:38:11.7741|DEBUG|GroupHRIS.Employee.webFrmEmployeeSearch|Page_Load()
2015-05-25 12:38:13.0689|DEBUG|GroupHRIS.Employee.webFrmEmployeeSearch|Page_Load()
2015-05-25 12:38:15.3153|DEBUG|GroupHRIS.Employee.webFrmEmployeeSearch|Page_Load()
2015-05-25 12:39:33.2179|DEBUG|GroupHRIS.Employee.webFrmEmployeeSearch|Page_Load()
2015-05-25 12:39:33.2179|DEBUG|GroupHRIS.Employee.webFrmEmployeeSearch|fillCompanies()
2015-05-25 12:39:33.3895|DEBUG|GroupHRIS.Employee.webFrmEmployeeSearch|fillEmployeeStatus():
2015-05-25 12:39:35.0275|DEBUG|GroupHRIS.Employee.webFrmEmployeeSearch|Page_Load()
2015-05-25 12:39:37.6795|DEBUG|GroupHRIS.Employee.webFrmEmployeeSearch|Page_Load()
2015-05-25 12:39:38.4595|DEBUG|GroupHRIS.Employee.webFrmEmployeeSearch|Page_Load()
2015-05-25 12:43:14.0777|DEBUG|GroupHRIS.Employee.webFrmEmployeeSearch|Page_Load()
2015-05-25 12:43:14.0777|DEBUG|GroupHRIS.Employee.webFrmEmployeeSearch|fillCompanies()
2015-05-25 12:43:14.1867|DEBUG|GroupHRIS.Employee.webFrmEmployeeSearch|fillEmployeeStatus():
2015-05-25 12:43:15.6428|DEBUG|GroupHRIS.Employee.webFrmEmployeeSearch|Page_Load()
2015-05-25 12:43:17.1529|DEBUG|GroupHRIS.Employee.webFrmEmployeeSearch|Page_Load()
2015-05-25 12:43:18.0029|DEBUG|GroupHRIS.Employee.webFrmEmployeeSearch|Page_Load()
2015-05-25 12:44:58.7563|DEBUG|GroupHRIS.Employee.webFrmEmployeeSearch|Page_Load()
2015-05-25 12:44:58.7703|DEBUG|GroupHRIS.Employee.webFrmEmployeeSearch|fillCompanies()
2015-05-25 12:44:59.0123|DEBUG|GroupHRIS.Employee.webFrmEmployeeSearch|fillEmployeeStatus():
2015-05-25 12:45:00.3454|DEBUG|GroupHRIS.Employee.webFrmEmployeeSearch|Page_Load()
2015-05-25 12:45:01.4384|DEBUG|GroupHRIS.Employee.webFrmEmployeeSearch|Page_Load()
2015-05-25 12:45:02.1925|DEBUG|GroupHRIS.Employee.webFrmEmployeeSearch|Page_Load()
2015-05-25 12:46:15.8867|DEBUG|GroupHRIS.Employee.webFrmEmployeeSearch|Page_Load()
2015-05-25 12:46:15.9017|DEBUG|GroupHRIS.Employee.webFrmEmployeeSearch|fillCompanies()
2015-05-25 12:46:16.0147|DEBUG|GroupHRIS.Employee.webFrmEmployeeSearch|fillEmployeeStatus():
2015-05-25 12:46:17.2198|DEBUG|GroupHRIS.Employee.webFrmEmployeeSearch|Page_Load()
2015-05-25 12:46:18.7859|DEBUG|GroupHRIS.Employee.webFrmEmployeeSearch|Page_Load()
2015-05-25 12:46:21.4450|DEBUG|GroupHRIS.Employee.webFrmEmployeeSearch|Page_Load()
2015-05-25 12:46:33.7857|DEBUG|GroupHRIS.Employee.webFrmEmployeeSearch|Page_Load()
2015-05-25 12:46:33.7857|DEBUG|GroupHRIS.Employee.webFrmEmployeeSearch|fillCompanies()
2015-05-25 12:46:33.8967|DEBUG|GroupHRIS.Employee.webFrmEmployeeSearch|fillEmployeeStatus():
2015-05-25 12:46:35.4298|DEBUG|GroupHRIS.Employee.webFrmEmployeeSearch|Page_Load()
2015-05-25 12:46:36.4769|DEBUG|GroupHRIS.Employee.webFrmEmployeeSearch|Page_Load()
2015-05-25 12:46:37.6149|DEBUG|GroupHRIS.Employee.webFrmEmployeeSearch|Page_Load()
2015-05-25 12:46:53.6009|DEBUG|GroupHRIS.Employee.webFrmEmployeeSearch|Page_Load()
2015-05-25 12:46:53.6009|DEBUG|GroupHRIS.Employee.webFrmEmployeeSearch|fillCompanies()
2015-05-25 12:46:53.7149|DEBUG|GroupHRIS.Employee.webFrmEmployeeSearch|fillEmployeeStatus():
2015-05-25 12:46:57.4321|DEBUG|GroupHRIS.Employee.webFrmEmployeeSearch|Page_Load()
2015-05-25 12:46:57.4321|DEBUG|GroupHRIS.Employee.webFrmEmployeeSearch|ddlCompany_SelectedIndexChanged()
2015-05-25 12:46:57.4321|DEBUG|GroupHRIS.Employee.webFrmEmployeeSearch|fillDepartment() - companyId:CP60
2015-05-25 12:46:57.5641|DEBUG|GroupHRIS.Employee.webFrmEmployeeSearch|fillDesignations() - companyID:CP60
2015-05-25 12:46:58.4341|DEBUG|GroupHRIS.Employee.webFrmEmployeeSearch|Page_Load()
2015-05-25 12:46:59.7232|DEBUG|GroupHRIS.Employee.webFrmEmployeeSearch|Page_Load()
2015-05-25 12:47:01.5783|DEBUG|GroupHRIS.Employee.webFrmEmployeeSearch|Page_Load()
2015-05-25 12:53:08.2779|DEBUG|GroupHRIS.Employee.webFrmEmployeeSearch|Page_Load()
2015-05-25 12:53:08.2859|DEBUG|GroupHRIS.Employee.webFrmEmployeeSearch|fillCompanies()
2015-05-25 12:53:08.4130|DEBUG|GroupHRIS.Employee.webFrmEmployeeSearch|fillEmployeeStatus():
2015-05-25 12:53:10.0140|DEBUG|GroupHRIS.Employee.webFrmEmployeeSearch|Page_Load()
2015-05-25 12:53:11.9562|DEBUG|GroupHRIS.Employee.webFrmEmployeeSearch|Page_Load()
2015-05-25 12:53:14.1663|DEBUG|GroupHRIS.Employee.webFrmEmployeeSearch|Page_Load()
2015-05-25 14:36:15.6281|DEBUG|GroupHRIS.Employee.webFrmEmployeeSearch|Page_Load()
2015-05-25 14:36:15.6341|DEBUG|GroupHRIS.Employee.webFrmEmployeeSearch|fillCompanies()
2015-05-25 14:36:15.9702|DEBUG|GroupHRIS.Employee.webFrmEmployeeSearch|fillEmployeeStatus():
2015-05-25 14:36:17.4272|DEBUG|GroupHRIS.Employee.webFrmEmployeeSearch|Page_Load()
2015-05-25 14:36:18.9133|DEBUG|GroupHRIS.Employee.webFrmEmployeeSearch|Page_Load()
2015-05-25 14:36:21.1864|DEBUG|GroupHRIS.Employee.webFrmEmployeeSearch|Page_Load()
2015-05-25 14:37:30.9194|DEBUG|GroupHRIS.Employee.webFrmEmployeeSearch|Page_Load()
2015-05-25 14:37:30.9194|DEBUG|GroupHRIS.Employee.webFrmEmployeeSearch|fillCompanies()
2015-05-25 14:37:31.0114|DEBUG|GroupHRIS.Employee.webFrmEmployeeSearch|fillEmployeeStatus():
2015-05-25 14:37:33.3766|DEBUG|GroupHRIS.Employee.webFrmEmployeeSearch|Page_Load()
2015-05-25 14:37:34.3996|DEBUG|GroupHRIS.Employee.webFrmEmployeeSearch|Page_Load()
2015-05-25 14:37:36.6421|DEBUG|GroupHRIS.Employee.webFrmEmployeeSearch|Page_Load()
2015-05-25 14:38:18.0601|DEBUG|GroupHRIS.Employee.webFrmEmployeeSearch|Page_Load()
2015-05-25 14:38:18.0601|DEBUG|GroupHRIS.Employee.webFrmEmployeeSearch|fillCompanies()
2015-05-25 14:38:18.1849|DEBUG|GroupHRIS.Employee.webFrmEmployeeSearch|fillEmployeeStatus():
2015-05-25 14:38:19.8385|DEBUG|GroupHRIS.Employee.webFrmEmployeeSearch|Page_Load()
2015-05-25 14:38:21.1177|DEBUG|GroupHRIS.Employee.webFrmEmployeeSearch|Page_Load()
2015-05-25 14:43:43.4196|DEBUG|GroupHRIS.Employee.webFrmEmployeeSearch|Page_Load()
2015-05-25 14:43:43.4326|DEBUG|GroupHRIS.Employee.webFrmEmployeeSearch|fillCompanies()
2015-05-25 14:43:43.5296|DEBUG|GroupHRIS.Employee.webFrmEmployeeSearch|fillEmployeeStatus():
2015-05-25 14:43:45.3567|DEBUG|GroupHRIS.Employee.webFrmEmployeeSearch|Page_Load()
2015-05-25 14:43:46.4517|DEBUG|GroupHRIS.Employee.webFrmEmployeeSearch|Page_Load()
2015-05-25 14:43:48.3178|DEBUG|GroupHRIS.Employee.webFrmEmployeeSearch|Page_Load()
2015-05-25 14:43:53.5741|DEBUG|GroupHRIS.Employee.webFrmEmployeeSearch|Page_Load()
2015-05-25 14:43:53.5741|DEBUG|GroupHRIS.Employee.webFrmEmployeeSearch|fillCompanies()
2015-05-25 14:43:53.6792|DEBUG|GroupHRIS.Employee.webFrmEmployeeSearch|fillEmployeeStatus():
2015-05-25 14:43:55.3322|DEBUG|GroupHRIS.Employee.webFrmEmployeeSearch|Page_Load()
2015-05-25 14:43:56.6283|DEBUG|GroupHRIS.Employee.webFrmEmployeeSearch|Page_Load()
2015-05-25 14:44:14.9224|DEBUG|GroupHRIS.Employee.webFrmEmployeeSearch|Page_Load()
2015-05-25 14:44:14.9224|DEBUG|GroupHRIS.Employee.webFrmEmployeeSearch|fillCompanies()
2015-05-25 14:44:15.3394|DEBUG|GroupHRIS.Employee.webFrmEmployeeSearch|fillEmployeeStatus():
2015-05-25 14:44:19.0236|DEBUG|GroupHRIS.Employee.webFrmEmployeeSearch|Page_Load()
2015-05-25 14:44:19.0236|DEBUG|GroupHRIS.Employee.webFrmEmployeeSearch|ddlCompany_SelectedIndexChanged()
2015-05-25 14:44:19.0366|DEBUG|GroupHRIS.Employee.webFrmEmployeeSearch|fillDepartment() - companyId:CP60
2015-05-25 14:44:19.1576|DEBUG|GroupHRIS.Employee.webFrmEmployeeSearch|fillDesignations() - companyID:CP60
2015-05-25 14:44:20.4657|DEBUG|GroupHRIS.Employee.webFrmEmployeeSearch|Page_Load()
2015-05-25 14:44:21.4507|DEBUG|GroupHRIS.Employee.webFrmEmployeeSearch|Page_Load()
2015-05-25 14:44:31.8153|DEBUG|GroupHRIS.Employee.webFrmEmployeeSearch|Page_Load()
2015-05-25 14:44:31.8153|DEBUG|GroupHRIS.Employee.webFrmEmployeeSearch|fillCompanies()
2015-05-25 14:44:31.9853|DEBUG|GroupHRIS.Employee.webFrmEmployeeSearch|fillEmployeeStatus():
2015-05-25 14:44:35.7266|DEBUG|GroupHRIS.Employee.webFrmEmployeeSearch|Page_Load()
2015-05-25 14:44:35.7266|DEBUG|GroupHRIS.Employee.webFrmEmployeeSearch|ddlCompany_SelectedIndexChanged()
2015-05-25 14:44:35.7266|DEBUG|GroupHRIS.Employee.webFrmEmployeeSearch|fillDepartment() - companyId:CP16
2015-05-25 14:44:35.8276|DEBUG|GroupHRIS.Employee.webFrmEmployeeSearch|fillDesignations() - companyID:CP16
2015-05-25 14:44:36.6186|DEBUG|GroupHRIS.Employee.webFrmEmployeeSearch|Page_Load()
2015-05-25 14:44:37.4367|DEBUG|GroupHRIS.Employee.webFrmEmployeeSearch|Page_Load()
2015-05-25 14:44:39.1568|DEBUG|GroupHRIS.Employee.webFrmEmployeeSearch|Page_Load()
2015-05-25 14:45:13.9584|DEBUG|GroupHRIS.Employee.webFrmEmployeeSearch|Page_Load()
2015-05-25 14:45:13.9584|DEBUG|GroupHRIS.Employee.webFrmEmployeeSearch|fillCompanies()
2015-05-25 14:45:14.0988|DEBUG|GroupHRIS.Employee.webFrmEmployeeSearch|fillEmployeeStatus():
2015-05-25 14:45:19.1844|DEBUG|GroupHRIS.Employee.webFrmEmployeeSearch|Page_Load()
2015-05-25 14:45:19.1844|DEBUG|GroupHRIS.Employee.webFrmEmployeeSearch|ddlCompany_SelectedIndexChanged()
2015-05-25 14:45:19.1844|DEBUG|GroupHRIS.Employee.webFrmEmployeeSearch|fillDepartment() - companyId:CP60
2015-05-25 14:45:19.2936|DEBUG|GroupHRIS.Employee.webFrmEmployeeSearch|fillDesignations() - companyID:CP60
2015-05-25 14:45:20.1516|DEBUG|GroupHRIS.Employee.webFrmEmployeeSearch|Page_Load()
2015-05-25 14:45:20.9784|DEBUG|GroupHRIS.Employee.webFrmEmployeeSearch|Page_Load()
2015-05-25 14:45:22.2576|DEBUG|GroupHRIS.Employee.webFrmEmployeeSearch|Page_Load()
2015-05-25 14:45:49.5109|DEBUG|GroupHRIS.Employee.webFrmEmployeeSearch|Page_Load()
2015-05-25 14:45:49.5109|DEBUG|GroupHRIS.Employee.webFrmEmployeeSearch|fillCompanies()
2015-05-25 14:45:49.6357|DEBUG|GroupHRIS.Employee.webFrmEmployeeSearch|fillEmployeeStatus():
2015-05-25 14:45:55.1893|DEBUG|GroupHRIS.Employee.webFrmEmployeeSearch|Page_Load()
2015-05-25 14:45:55.1893|DEBUG|GroupHRIS.Employee.webFrmEmployeeSearch|ddlCompany_SelectedIndexChanged()
2015-05-25 14:45:55.1893|DEBUG|GroupHRIS.Employee.webFrmEmployeeSearch|fillDepartment() - companyId:CP60
2015-05-25 14:45:55.2985|DEBUG|GroupHRIS.Employee.webFrmEmployeeSearch|fillDesignations() - companyID:CP60
2015-05-25 14:45:56.3593|DEBUG|GroupHRIS.Employee.webFrmEmployeeSearch|Page_Load()
2015-05-25 14:45:57.5917|DEBUG|GroupHRIS.Employee.webFrmEmployeeSearch|Page_Load()
2015-05-25 14:45:59.0113|DEBUG|GroupHRIS.Employee.webFrmEmployeeSearch|Page_Load()
