2015-05-20 08:22:32.4561|DEBUG|GroupHRIS.Employee.webFrmEmployeeSearch|Page_Load()
2015-05-20 08:22:32.4741|DEBUG|GroupHRIS.Employee.webFrmEmployeeSearch|fillCompanies()
2015-05-20 08:22:32.4971|DEBUG|GroupHRIS.Employee.webFrmEmployeeSearch|fillEmployeeStatus():
2015-05-20 08:22:35.2462|DEBUG|GroupHRIS.Employee.webFrmEmployeeSearch|Page_Load()
2015-05-20 08:22:37.5513|DEBUG|GroupHRIS.Employee.webFrmEmployeeSearch|Page_Load()
2015-05-20 08:22:38.6814|DEBUG|GroupHRIS.Employee.webFrmEmployeeSearch|Page_Load()
2015-05-20 08:22:42.4996|DEBUG|GroupHRIS.Employee.webFrmEmployeeSearch|Page_Load()
2015-05-20 08:22:42.4996|DEBUG|GroupHRIS.Employee.webFrmEmployeeSearch|fillCompanies()
2015-05-20 08:22:42.5216|DEBUG|GroupHRIS.Employee.webFrmEmployeeSearch|fillEmployeeStatus():
2015-05-20 08:22:44.1007|DEBUG|GroupHRIS.Employee.webFrmEmployeeSearch|Page_Load()
2015-05-20 08:22:48.3160|DEBUG|GroupHRIS.Employee.webFrmEmployeeSearch|Page_Load()
2015-05-20 08:22:49.6620|DEBUG|GroupHRIS.Employee.webFrmEmployeeSearch|Page_Load()
2015-05-20 08:24:28.4869|DEBUG|GroupHRIS.Employee.webFrmEmployeeSearch|Page_Load()
2015-05-20 08:24:28.4869|DEBUG|GroupHRIS.Employee.webFrmEmployeeSearch|fillCompanies()
2015-05-20 08:24:28.5181|DEBUG|GroupHRIS.Employee.webFrmEmployeeSearch|fillEmployeeStatus():
2015-05-20 08:24:29.8909|DEBUG|GroupHRIS.Employee.webFrmEmployeeSearch|Page_Load()
2015-05-20 08:24:31.2169|DEBUG|GroupHRIS.Employee.webFrmEmployeeSearch|Page_Load()
2015-05-20 10:17:10.0721|DEBUG|GroupHRIS.Employee.webFrmEmployeeSearch|Page_Load()
2015-05-20 10:17:10.0851|DEBUG|GroupHRIS.Employee.webFrmEmployeeSearch|fillCompanies()
2015-05-20 10:17:10.2111|DEBUG|GroupHRIS.Employee.webFrmEmployeeSearch|fillEmployeeStatus():
2015-05-20 10:17:11.5022|DEBUG|GroupHRIS.Employee.webFrmEmployeeSearch|Page_Load()
2015-05-20 10:17:12.9193|DEBUG|GroupHRIS.Employee.webFrmEmployeeSearch|Page_Load()
2015-05-20 10:17:14.5694|DEBUG|GroupHRIS.Employee.webFrmEmployeeSearch|Page_Load()
2015-05-20 10:18:23.9303|DEBUG|GroupHRIS.Employee.webFrmEmployeeSearch|Page_Load()
2015-05-20 10:18:23.9363|DEBUG|GroupHRIS.Employee.webFrmEmployeeSearch|fillCompanies()
2015-05-20 10:18:24.0523|DEBUG|GroupHRIS.Employee.webFrmEmployeeSearch|fillEmployeeStatus():
2015-05-20 10:18:25.7034|DEBUG|GroupHRIS.Employee.webFrmEmployeeSearch|Page_Load()
2015-05-20 10:18:26.8815|DEBUG|GroupHRIS.Employee.webFrmEmployeeSearch|Page_Load()
2015-05-20 10:18:31.1558|DEBUG|GroupHRIS.Employee.webFrmEmployeeSearch|Page_Load()
2015-05-20 10:19:16.3433|DEBUG|GroupHRIS.Employee.webFrmEmployeeSearch|Page_Load()
2015-05-20 10:19:16.3483|DEBUG|GroupHRIS.Employee.webFrmEmployeeSearch|fillCompanies()
2015-05-20 10:19:16.4343|DEBUG|GroupHRIS.Employee.webFrmEmployeeSearch|fillEmployeeStatus():
2015-05-20 10:19:17.9034|DEBUG|GroupHRIS.Employee.webFrmEmployeeSearch|Page_Load()
2015-05-20 10:19:19.4085|DEBUG|GroupHRIS.Employee.webFrmEmployeeSearch|Page_Load()
2015-05-20 10:19:21.3416|DEBUG|GroupHRIS.Employee.webFrmEmployeeSearch|Page_Load()
2015-05-20 10:23:00.8049|DEBUG|GroupHRIS.Employee.webFrmEmployeeSearch|Page_Load()
2015-05-20 10:23:00.8179|DEBUG|GroupHRIS.Employee.webFrmEmployeeSearch|fillCompanies()
2015-05-20 10:23:00.8179|DEBUG|GroupHRIS.Employee.webFrmEmployeeSearch|fillEmployeeStatus():
2015-05-20 10:23:02.0860|DEBUG|GroupHRIS.Employee.webFrmEmployeeSearch|Page_Load()
2015-05-20 10:23:03.3850|DEBUG|GroupHRIS.Employee.webFrmEmployeeSearch|Page_Load()
2015-05-20 10:23:04.7511|DEBUG|GroupHRIS.Employee.webFrmEmployeeSearch|Page_Load()
2015-05-20 10:23:59.3662|DEBUG|GroupHRIS.Employee.webFrmEmployeeSearch|Page_Load()
2015-05-20 10:23:59.3662|DEBUG|GroupHRIS.Employee.webFrmEmployeeSearch|fillCompanies()
2015-05-20 10:23:59.4972|DEBUG|GroupHRIS.Employee.webFrmEmployeeSearch|fillEmployeeStatus():
2015-05-20 10:24:01.0993|DEBUG|GroupHRIS.Employee.webFrmEmployeeSearch|Page_Load()
2015-05-20 10:24:02.3624|DEBUG|GroupHRIS.Employee.webFrmEmployeeSearch|Page_Load()
2015-05-20 10:24:06.6697|DEBUG|GroupHRIS.Employee.webFrmEmployeeSearch|Page_Load()
2015-05-20 10:26:14.8860|DEBUG|GroupHRIS.Employee.webFrmEmployeeSearch|Page_Load()
2015-05-20 10:26:14.8990|DEBUG|GroupHRIS.Employee.webFrmEmployeeSearch|fillCompanies()
2015-05-20 10:26:15.0080|DEBUG|GroupHRIS.Employee.webFrmEmployeeSearch|fillEmployeeStatus():
2015-05-20 10:26:16.4201|DEBUG|GroupHRIS.Employee.webFrmEmployeeSearch|Page_Load()
2015-05-20 10:26:17.9702|DEBUG|GroupHRIS.Employee.webFrmEmployeeSearch|Page_Load()
2015-05-20 10:26:18.7272|DEBUG|GroupHRIS.Employee.webFrmEmployeeSearch|Page_Load()
2015-05-20 10:27:34.7156|DEBUG|GroupHRIS.Employee.webFrmEmployeeSearch|Page_Load()
2015-05-20 10:27:34.7286|DEBUG|GroupHRIS.Employee.webFrmEmployeeSearch|fillCompanies()
2015-05-20 10:27:34.8536|DEBUG|GroupHRIS.Employee.webFrmEmployeeSearch|fillEmployeeStatus():
2015-05-20 10:27:36.1386|DEBUG|GroupHRIS.Employee.webFrmEmployeeSearch|Page_Load()
2015-05-20 10:27:37.2547|DEBUG|GroupHRIS.Employee.webFrmEmployeeSearch|Page_Load()
2015-05-20 10:27:43.1970|DEBUG|GroupHRIS.Employee.webFrmEmployeeSearch|Page_Load()
2015-05-20 10:28:48.1788|DEBUG|GroupHRIS.Employee.webFrmEmployeeSearch|Page_Load()
2015-05-20 10:28:48.1868|DEBUG|GroupHRIS.Employee.webFrmEmployeeSearch|fillCompanies()
2015-05-20 10:28:48.2878|DEBUG|GroupHRIS.Employee.webFrmEmployeeSearch|fillEmployeeStatus():
2015-05-20 10:28:49.7548|DEBUG|GroupHRIS.Employee.webFrmEmployeeSearch|Page_Load()
2015-05-20 10:28:50.6859|DEBUG|GroupHRIS.Employee.webFrmEmployeeSearch|Page_Load()
2015-05-20 10:28:51.4849|DEBUG|GroupHRIS.Employee.webFrmEmployeeSearch|Page_Load()
2015-05-20 10:31:22.6042|DEBUG|GroupHRIS.Employee.webFrmEmployeeSearch|Page_Load()
2015-05-20 10:31:22.6122|DEBUG|GroupHRIS.Employee.webFrmEmployeeSearch|fillCompanies()
2015-05-20 10:31:23.0552|DEBUG|GroupHRIS.Employee.webFrmEmployeeSearch|fillEmployeeStatus():
2015-05-20 10:31:25.3393|DEBUG|GroupHRIS.Employee.webFrmEmployeeSearch|Page_Load()
2015-05-20 10:31:27.0984|DEBUG|GroupHRIS.Employee.webFrmEmployeeSearch|Page_Load()
2015-05-20 10:31:30.4746|DEBUG|GroupHRIS.Employee.webFrmEmployeeSearch|Page_Load()
2015-05-20 10:32:17.7533|DEBUG|GroupHRIS.Employee.webFrmEmployeeSearch|Page_Load()
2015-05-20 10:32:17.7593|DEBUG|GroupHRIS.Employee.webFrmEmployeeSearch|fillCompanies()
2015-05-20 10:32:17.9183|DEBUG|GroupHRIS.Employee.webFrmEmployeeSearch|fillEmployeeStatus():
2015-05-20 10:32:19.2624|DEBUG|GroupHRIS.Employee.webFrmEmployeeSearch|Page_Load()
2015-05-20 10:32:21.1905|DEBUG|GroupHRIS.Employee.webFrmEmployeeSearch|Page_Load()
2015-05-20 10:32:23.3706|DEBUG|GroupHRIS.Employee.webFrmEmployeeSearch|Page_Load()
2015-05-20 10:34:07.5066|DEBUG|GroupHRIS.Employee.webFrmEmployeeSearch|Page_Load()
2015-05-20 10:34:07.5196|DEBUG|GroupHRIS.Employee.webFrmEmployeeSearch|fillCompanies()
2015-05-20 10:34:07.6816|DEBUG|GroupHRIS.Employee.webFrmEmployeeSearch|fillEmployeeStatus():
2015-05-20 10:34:09.2307|DEBUG|GroupHRIS.Employee.webFrmEmployeeSearch|Page_Load()
2015-05-20 10:34:10.4237|DEBUG|GroupHRIS.Employee.webFrmEmployeeSearch|Page_Load()
2015-05-20 10:34:12.6109|DEBUG|GroupHRIS.Employee.webFrmEmployeeSearch|Page_Load()
2015-05-20 10:36:56.6429|DEBUG|GroupHRIS.Employee.webFrmEmployeeSearch|Page_Load()
2015-05-20 10:36:56.6559|DEBUG|GroupHRIS.Employee.webFrmEmployeeSearch|fillCompanies()
2015-05-20 10:36:56.8489|DEBUG|GroupHRIS.Employee.webFrmEmployeeSearch|fillEmployeeStatus():
2015-05-20 10:36:58.3910|DEBUG|GroupHRIS.Employee.webFrmEmployeeSearch|Page_Load()
2015-05-20 10:36:59.7831|DEBUG|GroupHRIS.Employee.webFrmEmployeeSearch|Page_Load()
2015-05-20 10:37:04.3913|DEBUG|GroupHRIS.Employee.webFrmEmployeeSearch|Page_Load()
2015-05-20 10:39:06.5639|DEBUG|GroupHRIS.Employee.webFrmEmployeeSearch|Page_Load()
2015-05-20 10:39:06.5639|DEBUG|GroupHRIS.Employee.webFrmEmployeeSearch|fillCompanies()
2015-05-20 10:39:06.6919|DEBUG|GroupHRIS.Employee.webFrmEmployeeSearch|fillEmployeeStatus():
2015-05-20 10:39:08.2860|DEBUG|GroupHRIS.Employee.webFrmEmployeeSearch|Page_Load()
2015-05-20 10:39:09.6490|DEBUG|GroupHRIS.Employee.webFrmEmployeeSearch|Page_Load()
2015-05-20 10:39:11.3181|DEBUG|GroupHRIS.Employee.webFrmEmployeeSearch|Page_Load()
2015-05-20 10:46:11.3252|DEBUG|GroupHRIS.Employee.webFrmEmployeeSearch|Page_Load()
2015-05-20 10:46:11.3252|DEBUG|GroupHRIS.Employee.webFrmEmployeeSearch|fillCompanies()
2015-05-20 10:46:11.3408|DEBUG|GroupHRIS.Employee.webFrmEmployeeSearch|fillEmployeeStatus():
2015-05-20 10:46:26.2076|DEBUG|GroupHRIS.Employee.webFrmEmployeeSearch|Page_Load()
2015-05-20 10:46:26.2232|DEBUG|GroupHRIS.Employee.webFrmEmployeeSearch|ddlCompany_SelectedIndexChanged()
2015-05-20 10:46:26.2232|DEBUG|GroupHRIS.Employee.webFrmEmployeeSearch|fillDepartment() - companyId:CP22
2015-05-20 10:46:26.3792|DEBUG|GroupHRIS.Employee.webFrmEmployeeSearch|fillDesignations() - companyID:CP22
2015-05-20 10:46:27.5180|DEBUG|GroupHRIS.Employee.webFrmEmployeeSearch|Page_Load()
2015-05-20 10:46:31.1061|DEBUG|GroupHRIS.Employee.webFrmEmployeeSearch|Page_Load()
2015-05-20 10:46:54.1317|DEBUG|GroupHRIS.Employee.webFrmEmployeeSearch|Page_Load()
2015-05-20 10:46:56.0661|DEBUG|GroupHRIS.Employee.webFrmEmployeeSearch|Page_Load()
2015-05-20 10:47:09.2481|DEBUG|GroupHRIS.Employee.webFrmEmployeeSearch|Page_Load()
2015-05-20 10:47:09.2481|DEBUG|GroupHRIS.Employee.webFrmEmployeeSearch|fillCompanies()
2015-05-20 10:47:09.3417|DEBUG|GroupHRIS.Employee.webFrmEmployeeSearch|fillEmployeeStatus():
2015-05-20 10:47:14.2713|DEBUG|GroupHRIS.Employee.webFrmEmployeeSearch|Page_Load()
2015-05-20 10:47:17.2977|DEBUG|GroupHRIS.Employee.webFrmEmployeeSearch|Page_Load()
2015-05-20 10:47:19.4973|DEBUG|GroupHRIS.Employee.webFrmEmployeeSearch|Page_Load()
2015-05-20 12:27:04.5026|DEBUG|GroupHRIS.Employee.webFrmEmployeeSearch|Page_Load()
2015-05-20 12:27:04.5026|DEBUG|GroupHRIS.Employee.webFrmEmployeeSearch|fillCompanies()
2015-05-20 12:27:04.5182|DEBUG|GroupHRIS.Employee.webFrmEmployeeSearch|fillEmployeeStatus():
2015-05-20 12:27:09.2762|DEBUG|GroupHRIS.Employee.webFrmEmployeeSearch|Page_Load()
2015-05-20 12:27:09.2762|DEBUG|GroupHRIS.Employee.webFrmEmployeeSearch|ddlCompany_SelectedIndexChanged()
2015-05-20 12:27:09.2762|DEBUG|GroupHRIS.Employee.webFrmEmployeeSearch|fillDepartment() - companyId:CP60
2015-05-20 12:27:09.3698|DEBUG|GroupHRIS.Employee.webFrmEmployeeSearch|fillDesignations() - companyID:CP60
2015-05-20 12:27:10.8206|DEBUG|GroupHRIS.Employee.webFrmEmployeeSearch|Page_Load()
2015-05-20 12:27:11.6942|DEBUG|GroupHRIS.Employee.webFrmEmployeeSearch|Page_Load()
2015-05-20 12:27:14.2526|DEBUG|GroupHRIS.Employee.webFrmEmployeeSearch|Page_Load()
2015-05-20 12:27:58.7439|DEBUG|GroupHRIS.Employee.webFrmEmployeeSearch|Page_Load()
2015-05-20 12:27:58.7439|DEBUG|GroupHRIS.Employee.webFrmEmployeeSearch|fillCompanies()
2015-05-20 12:27:58.8531|DEBUG|GroupHRIS.Employee.webFrmEmployeeSearch|fillEmployeeStatus():
2015-05-20 12:28:03.4707|DEBUG|GroupHRIS.Employee.webFrmEmployeeSearch|Page_Load()
2015-05-20 12:28:03.4707|DEBUG|GroupHRIS.Employee.webFrmEmployeeSearch|ddlCompany_SelectedIndexChanged()
2015-05-20 12:28:03.4707|DEBUG|GroupHRIS.Employee.webFrmEmployeeSearch|fillDepartment() - companyId:CP60
2015-05-20 12:28:03.5955|DEBUG|GroupHRIS.Employee.webFrmEmployeeSearch|fillDesignations() - companyID:CP60
2015-05-20 12:28:04.3755|DEBUG|GroupHRIS.Employee.webFrmEmployeeSearch|Page_Load()
2015-05-20 12:28:07.0743|DEBUG|GroupHRIS.Employee.webFrmEmployeeSearch|Page_Load()
2015-05-20 12:28:08.3535|DEBUG|GroupHRIS.Employee.webFrmEmployeeSearch|Page_Load()
2015-05-20 12:28:25.0611|DEBUG|GroupHRIS.Employee.webFrmEmployeeSearch|Page_Load()
2015-05-20 12:28:25.0611|DEBUG|GroupHRIS.Employee.webFrmEmployeeSearch|fillCompanies()
2015-05-20 12:28:25.1547|DEBUG|GroupHRIS.Employee.webFrmEmployeeSearch|fillEmployeeStatus():
2015-05-20 12:28:26.6679|DEBUG|GroupHRIS.Employee.webFrmEmployeeSearch|Page_Load()
2015-05-20 12:28:28.6959|DEBUG|GroupHRIS.Employee.webFrmEmployeeSearch|Page_Load()
2015-05-20 12:28:32.5647|DEBUG|GroupHRIS.Employee.webFrmEmployeeSearch|Page_Load()
2015-05-20 12:28:32.5647|DEBUG|GroupHRIS.Employee.webFrmEmployeeSearch|ddlCompany_SelectedIndexChanged()
2015-05-20 12:28:32.5647|DEBUG|GroupHRIS.Employee.webFrmEmployeeSearch|fillDepartment() - companyId:CP60
2015-05-20 12:28:32.6583|DEBUG|GroupHRIS.Employee.webFrmEmployeeSearch|fillDesignations() - companyID:CP60
2015-05-20 12:28:33.6411|DEBUG|GroupHRIS.Employee.webFrmEmployeeSearch|Page_Load()
2015-05-20 12:28:34.9047|DEBUG|GroupHRIS.Employee.webFrmEmployeeSearch|Page_Load()
2015-05-20 12:28:36.1683|DEBUG|GroupHRIS.Employee.webFrmEmployeeSearch|Page_Load()
2015-05-20 12:29:29.3488|DEBUG|GroupHRIS.Employee.webFrmEmployeeSearch|Page_Load()
2015-05-20 12:29:29.3488|DEBUG|GroupHRIS.Employee.webFrmEmployeeSearch|fillCompanies()
2015-05-20 12:29:29.3800|DEBUG|GroupHRIS.Employee.webFrmEmployeeSearch|fillEmployeeStatus():
2015-05-20 12:29:32.4220|DEBUG|GroupHRIS.Employee.webFrmEmployeeSearch|Page_Load()
2015-05-20 12:29:32.4220|DEBUG|GroupHRIS.Employee.webFrmEmployeeSearch|ddlCompany_SelectedIndexChanged()
2015-05-20 12:29:32.4376|DEBUG|GroupHRIS.Employee.webFrmEmployeeSearch|fillDepartment() - companyId:CP60
2015-05-20 12:29:32.4844|DEBUG|GroupHRIS.Employee.webFrmEmployeeSearch|fillDesignations() - companyID:CP60
2015-05-20 12:29:33.2020|DEBUG|GroupHRIS.Employee.webFrmEmployeeSearch|Page_Load()
2015-05-20 12:29:34.3408|DEBUG|GroupHRIS.Employee.webFrmEmployeeSearch|Page_Load()
2015-05-20 12:29:35.6201|DEBUG|GroupHRIS.Employee.webFrmEmployeeSearch|Page_Load()
2015-05-20 12:50:48.5568|DEBUG|GroupHRIS.Employee.webFrmEmployeeSearch|Page_Load()
2015-05-20 12:50:48.5778|DEBUG|GroupHRIS.Employee.webFrmEmployeeSearch|fillCompanies()
2015-05-20 12:50:48.6618|DEBUG|GroupHRIS.Employee.webFrmEmployeeSearch|fillEmployeeStatus():
2015-05-20 12:50:50.3099|DEBUG|GroupHRIS.Employee.webFrmEmployeeSearch|Page_Load()
2015-05-20 12:50:51.2420|DEBUG|GroupHRIS.Employee.webFrmEmployeeSearch|Page_Load()
2015-05-20 12:50:54.1952|DEBUG|GroupHRIS.Employee.webFrmEmployeeSearch|Page_Load()
2015-05-20 12:53:33.4115|DEBUG|GroupHRIS.Employee.webFrmEmployeeSearch|Page_Load()
2015-05-20 12:53:33.4175|DEBUG|GroupHRIS.Employee.webFrmEmployeeSearch|fillCompanies()
2015-05-20 12:53:33.5465|DEBUG|GroupHRIS.Employee.webFrmEmployeeSearch|fillEmployeeStatus():
2015-05-20 12:53:34.8436|DEBUG|GroupHRIS.Employee.webFrmEmployeeSearch|Page_Load()
2015-05-20 12:53:35.8826|DEBUG|GroupHRIS.Employee.webFrmEmployeeSearch|Page_Load()
2015-05-20 12:53:39.3788|DEBUG|GroupHRIS.Employee.webFrmEmployeeSearch|Page_Load()
2015-05-20 16:02:41.7514|DEBUG|GroupHRIS.Employee.webFrmEmployeeSearch|Page_Load()
2015-05-20 16:02:41.7574|DEBUG|GroupHRIS.Employee.webFrmEmployeeSearch|fillCompanies()
2015-05-20 16:02:41.8084|DEBUG|GroupHRIS.Employee.webFrmEmployeeSearch|fillEmployeeStatus():
2015-05-20 16:04:30.7288|DEBUG|GroupHRIS.Employee.webFrmEmployeeSearch|Page_Load()
2015-05-20 16:04:30.7288|DEBUG|GroupHRIS.Employee.webFrmEmployeeSearch|fillCompanies()
2015-05-20 16:04:30.7600|DEBUG|GroupHRIS.Employee.webFrmEmployeeSearch|fillEmployeeStatus():
2015-05-20 16:04:32.1328|DEBUG|GroupHRIS.Employee.webFrmEmployeeSearch|Page_Load()
2015-05-20 16:04:32.9128|DEBUG|GroupHRIS.Employee.webFrmEmployeeSearch|Page_Load()
2015-05-20 16:04:33.6304|DEBUG|GroupHRIS.Employee.webFrmEmployeeSearch|Page_Load()
2015-05-20 16:05:40.9601|DEBUG|GroupHRIS.Employee.webFrmEmployeeSearch|Page_Load()
2015-05-20 16:05:40.9601|DEBUG|GroupHRIS.Employee.webFrmEmployeeSearch|fillCompanies()
2015-05-20 16:05:40.9757|DEBUG|GroupHRIS.Employee.webFrmEmployeeSearch|fillEmployeeStatus():
2015-05-20 16:08:27.0737|DEBUG|GroupHRIS.Employee.webFrmEmployeeSearch|Page_Load()
2015-05-20 16:08:27.0797|DEBUG|GroupHRIS.Employee.webFrmEmployeeSearch|fillCompanies()
2015-05-20 16:08:27.0997|DEBUG|GroupHRIS.Employee.webFrmEmployeeSearch|fillEmployeeStatus():
2015-05-20 16:08:28.5278|DEBUG|GroupHRIS.Employee.webFrmEmployeeSearch|Page_Load()
2015-05-20 16:08:29.3609|DEBUG|GroupHRIS.Employee.webFrmEmployeeSearch|Page_Load()
2015-05-20 16:08:32.3800|DEBUG|GroupHRIS.Employee.webFrmEmployeeSearch|Page_Load()
2015-05-20 16:08:52.9232|DEBUG|GroupHRIS.Employee.webFrmEmployeeSearch|Page_Load()
2015-05-20 16:08:52.9232|DEBUG|GroupHRIS.Employee.webFrmEmployeeSearch|fillCompanies()
2015-05-20 16:08:53.0122|DEBUG|GroupHRIS.Employee.webFrmEmployeeSearch|fillEmployeeStatus():
2015-05-20 16:08:54.6583|DEBUG|GroupHRIS.Employee.webFrmEmployeeSearch|Page_Load()
2015-05-20 16:08:56.9834|DEBUG|GroupHRIS.Employee.webFrmEmployeeSearch|Page_Load()
2015-05-20 16:08:58.9536|DEBUG|GroupHRIS.Employee.webFrmEmployeeSearch|Page_Load()
2015-05-20 17:08:06.3227|DEBUG|GroupHRIS.Employee.webFrmEmployeeSearch|Page_Load()
2015-05-20 17:08:06.3357|DEBUG|GroupHRIS.Employee.webFrmEmployeeSearch|fillCompanies()
2015-05-20 17:08:06.3357|DEBUG|GroupHRIS.Employee.webFrmEmployeeSearch|fillEmployeeStatus():
2015-05-20 17:08:07.8058|DEBUG|GroupHRIS.Employee.webFrmEmployeeSearch|Page_Load()
2015-05-20 17:08:08.7589|DEBUG|GroupHRIS.Employee.webFrmEmployeeSearch|Page_Load()
2015-05-20 17:08:12.0861|DEBUG|GroupHRIS.Employee.webFrmEmployeeSearch|Page_Load()
