2015-09-29 10:46:26.4918|DEBUG|DataHandler.Attendance.AttendanceSummaryHandler|getCultryDate ->
2015-09-29 10:48:26.8117|DEBUG|DataHandler.Attendance.AttendanceSummaryHandler|getCultryDate ->
2015-09-29 10:51:21.7037|DEBUG|DataHandler.Attendance.AttendanceSummaryHandler|getCultryDate ->
2015-09-29 10:54:50.2957|DEBUG|DataHandler.Attendance.AttendanceSummaryHandler|getCultryDate ->
2015-09-29 10:57:53.2551|DEBUG|DataHandler.Attendance.AttendanceSummaryHandler|getCultryDate ->
2015-09-29 10:59:48.9257|DEBUG|DataHandler.Attendance.AttendanceSummaryHandler|getCultryDate ->
2015-09-29 11:02:52.6923|DEBUG|DataHandler.Attendance.AttendanceSummaryHandler|getCultryDate ->
2015-09-29 11:09:05.9426|DEBUG|DataHandler.Attendance.AttendanceSummaryHandler|getCultryDate ->
2015-09-29 11:10:49.4535|DEBUG|DataHandler.Attendance.AttendanceSummaryHandler|getCultryDate ->
2015-09-29 11:41:50.8000|DEBUG|DataHandler.Attendance.AttendanceSummaryHandler|getCultryDate ->
2015-09-29 11:41:57.0863|DEBUG|GroupHRIS.Employee.webFrmEmployeeSearch|Page_Load()
2015-09-29 11:41:57.0863|DEBUG|GroupHRIS.Employee.webFrmEmployeeSearch|fillCompanies()
2015-09-29 11:41:57.1443|DEBUG|GroupHRIS.Employee.webFrmEmployeeSearch|fillEmployeeStatus():
2015-09-29 11:41:58.4894|DEBUG|GroupHRIS.Employee.webFrmEmployeeSearch|Page_Load()
2015-09-29 11:44:24.4108|DEBUG|GroupHRIS.Employee.webFrmEmployeeSearch|Page_Load()
2015-09-29 11:44:24.4108|DEBUG|GroupHRIS.Employee.webFrmEmployeeSearch|fillCompanies()
2015-09-29 11:44:24.4728|DEBUG|GroupHRIS.Employee.webFrmEmployeeSearch|fillEmployeeStatus():
2015-09-29 11:44:28.0830|DEBUG|GroupHRIS.Employee.webFrmEmployeeSearch|Page_Load()
2015-09-29 11:44:28.0830|DEBUG|GroupHRIS.Employee.webFrmEmployeeSearch|fillCompanies()
2015-09-29 11:44:28.1330|DEBUG|GroupHRIS.Employee.webFrmEmployeeSearch|fillEmployeeStatus():
2015-09-29 11:44:43.8629|DEBUG|DataHandler.Attendance.AttendanceSummaryHandler|getCultryDate ->
2015-09-29 11:44:45.1800|DEBUG|GroupHRIS.Employee.webFrmEmployeeSearch|Page_Load()
2015-09-29 11:44:45.1800|DEBUG|GroupHRIS.Employee.webFrmEmployeeSearch|fillCompanies()
2015-09-29 11:44:45.1800|DEBUG|GroupHRIS.Employee.webFrmEmployeeSearch|fillEmployeeStatus():
2015-09-29 11:44:46.2480|DEBUG|GroupHRIS.Employee.webFrmEmployeeSearch|Page_Load()
2015-09-29 12:08:18.7827|DEBUG|DataHandler.Attendance.AttendanceSummaryHandler|getCultryDate ->
2015-09-29 12:08:34.4036|DEBUG|DataHandler.Attendance.AttendanceSummaryHandler|getCultryDate ->
2015-09-29 12:16:31.3219|DEBUG|DataHandler.Attendance.AttendanceSummaryHandler|getCultryDate ->
2015-09-29 12:19:16.3594|DEBUG|DataHandler.Attendance.AttendanceSummaryHandler|getCultryDate ->
2015-09-29 12:19:25.7969|DEBUG|DataHandler.Attendance.AttendanceSummaryHandler|getCultryDate ->
2015-09-29 12:20:02.9140|DEBUG|DataHandler.Attendance.AttendanceSummaryHandler|getCultryDate ->
2015-09-29 12:21:54.8754|DEBUG|DataHandler.Attendance.AttendanceSummaryHandler|getCultryDate ->
2015-09-29 12:24:48.9934|DEBUG|DataHandler.Attendance.AttendanceSummaryHandler|getCultryDate ->
2015-09-29 12:25:25.8135|DEBUG|DataHandler.Attendance.AttendanceSummaryHandler|getCultryDate ->
2015-09-29 12:26:05.1847|DEBUG|DataHandler.Attendance.AttendanceSummaryHandler|getCultryDate ->
2015-09-29 12:29:31.7436|DEBUG|DataHandler.Attendance.AttendanceSummaryHandler|getCultryDate ->
2015-09-29 12:46:20.4872|DEBUG|DataHandler.Attendance.AttendanceSummaryHandler|getCultryDate ->
2015-09-29 12:46:26.0616|DEBUG|GroupHRIS.Employee.webFrmEmployeeSearch|Page_Load()
2015-09-29 12:46:26.0616|DEBUG|GroupHRIS.Employee.webFrmEmployeeSearch|fillCompanies()
2015-09-29 12:46:26.0766|DEBUG|GroupHRIS.Employee.webFrmEmployeeSearch|fillEmployeeStatus():
2015-09-29 12:46:27.8507|DEBUG|GroupHRIS.Employee.webFrmEmployeeSearch|Page_Load()
2015-09-29 12:46:29.9838|DEBUG|GroupHRIS.Employee.webFrmEmployeeSearch|Page_Load()
2015-09-29 12:46:31.3679|DEBUG|GroupHRIS.Employee.webFrmEmployeeSearch|Page_Load()
2015-09-29 12:46:33.0600|DEBUG|GroupHRIS.Employee.webFrmEmployeeSearch|Page_Load()
2015-09-29 12:51:25.0527|DEBUG|DataHandler.Attendance.AttendanceSummaryHandler|getCultryDate ->
2015-09-29 12:51:55.1804|DEBUG|DataHandler.Attendance.AttendanceSummaryHandler|getCultryDate ->
2015-09-29 12:51:59.4706|DEBUG|DataHandler.Attendance.AttendanceSummaryHandler|getCultryDate ->
2015-09-29 12:52:56.8809|DEBUG|DataHandler.Attendance.AttendanceSummaryHandler|getCultryDate ->
2015-09-29 12:56:02.5655|DEBUG|DataHandler.Attendance.AttendanceSummaryHandler|getCultryDate ->
2015-09-29 12:56:25.4979|DEBUG|DataHandler.Attendance.AttendanceSummaryHandler|getCultryDate ->
2015-09-29 13:03:30.8962|DEBUG|DataHandler.Attendance.AttendanceSummaryHandler|getCultryDate ->
2015-09-29 13:03:43.8359|DEBUG|GroupHRIS.Employee.webFrmEmployeeSearch|Page_Load()
2015-09-29 13:03:43.8359|DEBUG|GroupHRIS.Employee.webFrmEmployeeSearch|fillCompanies()
2015-09-29 13:03:43.8359|DEBUG|GroupHRIS.Employee.webFrmEmployeeSearch|fillEmployeeStatus():
2015-09-29 13:03:47.1321|DEBUG|GroupHRIS.Employee.webFrmEmployeeSearch|Page_Load()
2015-09-29 13:03:47.1321|DEBUG|GroupHRIS.Employee.webFrmEmployeeSearch|ddlCompany_SelectedIndexChanged()
2015-09-29 13:03:47.1321|DEBUG|GroupHRIS.Employee.webFrmEmployeeSearch|fillDepartment() - companyId:CP01
2015-09-29 13:03:47.2021|DEBUG|GroupHRIS.Employee.webFrmEmployeeSearch|fillDesignations() - companyID:CP01
2015-09-29 13:03:47.9742|DEBUG|GroupHRIS.Employee.webFrmEmployeeSearch|Page_Load()
2015-09-29 13:03:49.6343|DEBUG|GroupHRIS.Employee.webFrmEmployeeSearch|Page_Load()
2015-09-29 13:09:56.0192|DEBUG|DataHandler.Attendance.AttendanceSummaryHandler|getCultryDate ->
2015-09-29 13:11:52.6679|DEBUG|DataHandler.Attendance.AttendanceSummaryHandler|getCultryDate ->
2015-09-29 13:12:08.9978|DEBUG|DataHandler.Attendance.AttendanceSummaryHandler|getCultryDate ->
2015-09-29 13:17:53.5365|DEBUG|GroupHRIS.Employee.webFrmEmployeeSearch|Page_Load()
2015-09-29 13:17:53.5365|DEBUG|GroupHRIS.Employee.webFrmEmployeeSearch|fillCompanies()
2015-09-29 13:17:53.5615|DEBUG|GroupHRIS.Employee.webFrmEmployeeSearch|fillEmployeeStatus():
2015-09-29 13:17:54.7196|DEBUG|GroupHRIS.Employee.webFrmEmployeeSearch|Page_Load()
2015-09-29 13:17:57.9818|DEBUG|GroupHRIS.Employee.webFrmEmployeeSearch|Page_Load()
2015-09-29 13:19:42.1917|DEBUG|DataHandler.Attendance.AttendanceSummaryHandler|getCultryDate ->
2015-09-29 14:26:18.5193|DEBUG|DataHandler.Attendance.AttendanceSummaryHandler|getCultryDate ->
2015-09-29 14:28:04.2004|DEBUG|GroupHRIS.Employee.webFrmEmployeeSearch|Page_Load()
2015-09-29 14:28:04.2004|DEBUG|GroupHRIS.Employee.webFrmEmployeeSearch|fillCompanies()
2015-09-29 14:28:04.2154|DEBUG|GroupHRIS.Employee.webFrmEmployeeSearch|fillEmployeeStatus():
2015-09-29 14:33:45.4769|DEBUG|DataHandler.Attendance.AttendanceSummaryHandler|getCultryDate ->
2015-09-29 14:35:48.4519|DEBUG|DataHandler.Attendance.AttendanceSummaryHandler|getCultryDate ->
2015-09-29 14:36:23.0889|DEBUG|GroupHRIS.Employee.webFrmEmployeeSearch|Page_Load()
2015-09-29 14:36:23.0889|DEBUG|GroupHRIS.Employee.webFrmEmployeeSearch|fillCompanies()
2015-09-29 14:36:23.0989|DEBUG|GroupHRIS.Employee.webFrmEmployeeSearch|fillEmployeeStatus():
2015-09-29 14:36:25.0720|DEBUG|GroupHRIS.Employee.webFrmEmployeeSearch|Page_Load()
2015-09-29 14:36:25.0720|DEBUG|GroupHRIS.Employee.webFrmEmployeeSearch|fillCompanies()
2015-09-29 14:36:25.0850|DEBUG|GroupHRIS.Employee.webFrmEmployeeSearch|fillEmployeeStatus():
2015-09-29 14:36:26.5681|DEBUG|GroupHRIS.Employee.webFrmEmployeeSearch|Page_Load()
2015-09-29 14:36:28.9372|DEBUG|GroupHRIS.Employee.webFrmEmployeeSearch|Page_Load()
2015-09-29 14:38:11.4801|DEBUG|DataHandler.Attendance.AttendanceSummaryHandler|getCultryDate ->
2015-09-29 14:38:56.4167|DEBUG|GroupHRIS.Attendance.AttendanceInOutApproval|IP:127.0.0.1AttendanceInOutApproval : Page_Load
2015-09-29 14:38:56.4167|DEBUG|GroupHRIS.Attendance.AttendanceInOutApproval|AttendanceInOutApproval : loadInoutForApproval()
2015-09-29 14:40:44.3658|DEBUG|GroupHRIS.Attendance.AttendanceInOutApproval|IP:127.0.0.1AttendanceInOutApproval : Page_Load
2015-09-29 14:40:44.3658|DEBUG|GroupHRIS.Attendance.AttendanceInOutApproval|AttendanceInOutApproval : loadInoutForApproval()
2015-09-29 14:46:45.1905|DEBUG|DataHandler.Attendance.AttendanceSummaryHandler|getCultryDate ->
2015-09-29 14:49:35.9702|DEBUG|DataHandler.Attendance.AttendanceSummaryHandler|getCultryDate ->
2015-09-29 14:56:40.4015|DEBUG|DataHandler.Attendance.AttendanceSummaryHandler|getCultryDate ->
2015-09-29 14:57:46.3393|DEBUG|DataHandler.Attendance.AttendanceSummaryHandler|getCultryDate ->
2015-09-29 14:58:02.7372|DEBUG|DataHandler.Attendance.AttendanceSummaryHandler|getCultryDate ->
2015-09-29 14:58:39.6233|DEBUG|DataHandler.Attendance.AttendanceSummaryHandler|getCultryDate ->
2015-09-29 15:02:07.7762|DEBUG|DataHandler.Attendance.AttendanceSummaryHandler|getCultryDate ->
2015-09-29 15:03:33.2091|DEBUG|DataHandler.Attendance.AttendanceSummaryHandler|getCultryDate ->
2015-09-29 15:07:06.3193|DEBUG|DataHandler.Attendance.AttendanceSummaryHandler|getCultryDate ->
2015-09-29 15:08:56.9436|DEBUG|DataHandler.Attendance.AttendanceSummaryHandler|getCultryDate ->
2015-09-29 15:09:23.5772|DEBUG|DataHandler.Attendance.AttendanceSummaryHandler|getCultryDate ->
2015-09-29 15:13:07.7350|DEBUG|DataHandler.Attendance.AttendanceSummaryHandler|getCultryDate ->
2015-09-29 15:13:25.5370|DEBUG|DataHandler.Attendance.AttendanceSummaryHandler|getCultryDate ->
2015-09-29 16:12:59.7944|DEBUG|DataHandler.Attendance.AttendanceSummaryHandler|getCultryDate ->
2015-09-29 16:13:17.6825|DEBUG|DataHandler.Attendance.AttendanceSummaryHandler|getCultryDate ->
2015-09-29 16:14:45.0945|DEBUG|DataHandler.Attendance.AttendanceSummaryHandler|getCultryDate ->
2015-09-29 16:18:34.2426|DEBUG|DataHandler.Attendance.AttendanceSummaryHandler|getCultryDate ->
2015-09-29 16:19:30.0268|DEBUG|DataHandler.Attendance.AttendanceSummaryHandler|getCultryDate ->
2015-09-29 16:22:11.8100|DEBUG|DataHandler.Attendance.AttendanceSummaryHandler|getCultryDate ->
2015-09-29 16:23:13.7976|DEBUG|DataHandler.Attendance.AttendanceSummaryHandler|getCultryDate ->
2015-09-29 16:27:00.0285|DEBUG|DataHandler.Attendance.AttendanceSummaryHandler|getCultryDate ->
2015-09-29 16:29:27.2709|DEBUG|DataHandler.Attendance.AttendanceSummaryHandler|getCultryDate ->
2015-09-29 16:31:15.6331|DEBUG|DataHandler.Attendance.AttendanceSummaryHandler|getCultryDate ->
2015-09-29 16:33:32.1549|DEBUG|DataHandler.Attendance.AttendanceSummaryHandler|getCultryDate ->
2015-09-29 16:34:03.8237|DEBUG|DataHandler.Attendance.AttendanceSummaryHandler|getCultryDate ->
2015-09-29 16:36:24.4798|DEBUG|DataHandler.Attendance.AttendanceSummaryHandler|getCultryDate ->
2015-09-29 16:38:39.3085|DEBUG|DataHandler.Attendance.AttendanceSummaryHandler|getCultryDate ->
2015-09-29 16:39:25.3551|DEBUG|DataHandler.Attendance.AttendanceSummaryHandler|getCultryDate ->
2015-09-29 16:39:36.0858|DEBUG|DataHandler.Attendance.AttendanceSummaryHandler|getCultryDate ->
2015-09-29 16:41:47.4443|DEBUG|DataHandler.Attendance.AttendanceSummaryHandler|getCultryDate ->
2015-09-29 16:44:24.6733|DEBUG|DataHandler.Attendance.AttendanceSummaryHandler|getCultryDate ->
2015-09-29 16:45:17.7473|DEBUG|DataHandler.Attendance.AttendanceSummaryHandler|getCultryDate ->
2015-09-29 16:45:50.3882|DEBUG|DataHandler.Attendance.AttendanceSummaryHandler|getCultryDate ->
2015-09-29 16:49:37.8582|DEBUG|DataHandler.Attendance.AttendanceSummaryHandler|getCultryDate ->
2015-09-29 16:49:57.4383|DEBUG|DataHandler.Attendance.AttendanceSummaryHandler|getCultryDate ->
2015-09-29 16:50:38.3536|DEBUG|DataHandler.Attendance.AttendanceSummaryHandler|getCultryDate ->
2015-09-29 16:52:33.5322|DEBUG|DataHandler.Attendance.AttendanceSummaryHandler|getCultryDate ->
2015-09-29 17:05:02.7511|DEBUG|DataHandler.Attendance.AttendanceSummaryHandler|getCultryDate ->
2015-09-29 17:05:26.5854|DEBUG|DataHandler.Attendance.AttendanceSummaryHandler|getCultryDate ->
2015-09-29 17:08:36.6843|DEBUG|DataHandler.Attendance.AttendanceSummaryHandler|getCultryDate ->
2015-09-29 17:09:22.9730|DEBUG|DataHandler.Attendance.AttendanceSummaryHandler|getCultryDate ->
2015-09-29 17:47:33.5460|DEBUG|GroupHRIS.Employee.webFrmEmployeeSearch|Page_Load()
2015-09-29 17:47:33.5630|DEBUG|GroupHRIS.Employee.webFrmEmployeeSearch|fillCompanies()
2015-09-29 17:47:33.5740|DEBUG|GroupHRIS.Employee.webFrmEmployeeSearch|fillEmployeeStatus():
2015-09-29 17:47:35.3511|DEBUG|GroupHRIS.Employee.webFrmEmployeeSearch|Page_Load()
2015-09-29 17:47:39.3453|DEBUG|GroupHRIS.Employee.webFrmEmployeeSearch|Page_Load()
2015-09-29 17:47:39.3453|DEBUG|GroupHRIS.Employee.webFrmEmployeeSearch|ddlCompany_SelectedIndexChanged()
2015-09-29 17:47:39.3453|DEBUG|GroupHRIS.Employee.webFrmEmployeeSearch|fillDepartment() - companyId:CP27
2015-09-29 17:47:39.3703|DEBUG|GroupHRIS.Employee.webFrmEmployeeSearch|fillDesignations() - companyID:CP27
2015-09-29 17:47:40.5704|DEBUG|GroupHRIS.Employee.webFrmEmployeeSearch|Page_Load()
2015-09-29 17:47:41.8134|DEBUG|GroupHRIS.Employee.webFrmEmployeeSearch|Page_Load()
2015-09-29 17:47:48.5578|DEBUG|GroupHRIS.Employee.webFrmEmployeeSearch|Page_Load()
2015-09-29 17:52:31.9130|DEBUG|DataHandler.Attendance.AttendanceSummaryHandler|getCultryDate ->
2015-09-29 18:08:26.6096|DEBUG|GroupHRIS.Attendance.AttendanceInOut|AttendanceInOut : Page_Load()
2015-09-29 18:08:26.6266|DEBUG|GroupHRIS.Attendance.AttendanceInOut|AttendanceInOut : fillHours()
2015-09-29 18:08:26.6266|DEBUG|GroupHRIS.Attendance.AttendanceInOut|AttendanceInOut : fillMinutes()
2015-09-29 18:08:26.6266|DEBUG|GroupHRIS.Attendance.AttendanceInOut|AttendanceInOut : getCompID()
2015-09-29 18:08:26.6446|DEBUG|GroupHRIS.Attendance.AttendanceInOut|AttendanceInOut : fillbrnachlocations()
2015-09-29 18:08:26.6556|DEBUG|GroupHRIS.Attendance.AttendanceInOut|AttendanceInOut : getSupervisor()
2015-09-29 18:08:26.6696|DEBUG|GroupHRIS.Attendance.AttendanceInOut|AttendanceInOut : displayattendance()
