2015-09-02 08:19:26.2732|DEBUG|GroupHRIS.Attendance.AttendanceInOut|AttendanceInOut : Page_Load()
2015-09-02 08:19:26.2822|DEBUG|GroupHRIS.Attendance.AttendanceInOut|AttendanceInOut : fillHours()
2015-09-02 08:19:26.2822|DEBUG|GroupHRIS.Attendance.AttendanceInOut|AttendanceInOut : fillMinutes()
2015-09-02 08:19:26.2822|DEBUG|GroupHRIS.Attendance.AttendanceInOut|AttendanceInOut : getCompID()
2015-09-02 08:19:26.3032|DEBUG|GroupHRIS.Attendance.AttendanceInOut|AttendanceInOut : fillbrnachlocations()
2015-09-02 08:19:26.3252|DEBUG|GroupHRIS.Attendance.AttendanceInOut|AttendanceInOut : getSupervisor()
2015-09-02 08:19:26.3472|DEBUG|GroupHRIS.Attendance.AttendanceInOut|AttendanceInOut : displayattendance()
2015-09-02 08:46:29.9865|DEBUG|DataHandler.Attendance.AttendanceSummaryHandler|getCultryDate ->
2015-09-02 11:39:26.7655|DEBUG|GroupHRIS.Employee.webFrmEmployeeSearch|Page_Load()
2015-09-02 11:39:26.7705|DEBUG|GroupHRIS.Employee.webFrmEmployeeSearch|fillCompanies()
2015-09-02 11:39:26.7945|DEBUG|GroupHRIS.Employee.webFrmEmployeeSearch|fillEmployeeStatus():
2015-09-02 11:39:28.3516|DEBUG|GroupHRIS.Employee.webFrmEmployeeSearch|Page_Load()
2015-09-02 11:39:29.4687|DEBUG|GroupHRIS.Employee.webFrmEmployeeSearch|Page_Load()
2015-09-02 11:39:30.4317|DEBUG|GroupHRIS.Employee.webFrmEmployeeSearch|Page_Load()
2015-09-02 11:40:15.8043|DEBUG|GroupHRIS.Employee.webFrmEmployeeSearch|Page_Load()
2015-09-02 11:40:15.8203|DEBUG|GroupHRIS.Employee.webFrmEmployeeSearch|fillCompanies()
2015-09-02 11:40:15.8583|DEBUG|GroupHRIS.Employee.webFrmEmployeeSearch|fillEmployeeStatus():
2015-09-02 11:40:16.9884|DEBUG|GroupHRIS.Employee.webFrmEmployeeSearch|Page_Load()
2015-09-02 11:40:18.1695|DEBUG|GroupHRIS.Employee.webFrmEmployeeSearch|Page_Load()
2015-09-02 11:40:19.2525|DEBUG|GroupHRIS.Employee.webFrmEmployeeSearch|Page_Load()
2015-09-02 11:40:28.4600|DEBUG|GroupHRIS.Employee.webFrmEmployeeSearch|Page_Load()
2015-09-02 11:40:28.4600|DEBUG|GroupHRIS.Employee.webFrmEmployeeSearch|fillCompanies()
2015-09-02 11:40:28.5321|DEBUG|GroupHRIS.Employee.webFrmEmployeeSearch|fillEmployeeStatus():
2015-09-02 11:40:29.7831|DEBUG|GroupHRIS.Employee.webFrmEmployeeSearch|Page_Load()
2015-09-02 11:40:30.9422|DEBUG|GroupHRIS.Employee.webFrmEmployeeSearch|Page_Load()
2015-09-02 11:40:31.7942|DEBUG|GroupHRIS.Employee.webFrmEmployeeSearch|Page_Load()
2015-09-02 11:40:33.8274|DEBUG|GroupHRIS.Employee.webFrmEmployeeSearch|Page_Load()
2015-09-02 11:40:33.8274|DEBUG|GroupHRIS.Employee.webFrmEmployeeSearch|fillCompanies()
2015-09-02 11:40:34.7864|DEBUG|GroupHRIS.Employee.webFrmEmployeeSearch|fillEmployeeStatus():
2015-09-02 11:40:37.0035|DEBUG|GroupHRIS.Employee.webFrmEmployeeSearch|Page_Load()
2015-09-02 11:40:38.3856|DEBUG|GroupHRIS.Employee.webFrmEmployeeSearch|Page_Load()
2015-09-02 11:49:53.5431|DEBUG|GroupHRIS.Employee.webFrmEmployeeSearch|Page_Load()
2015-09-02 11:49:53.5511|DEBUG|GroupHRIS.Employee.webFrmEmployeeSearch|fillCompanies()
2015-09-02 11:49:53.8701|DEBUG|GroupHRIS.Employee.webFrmEmployeeSearch|fillEmployeeStatus():
2015-09-02 11:49:56.1643|DEBUG|GroupHRIS.Employee.webFrmEmployeeSearch|Page_Load()
2015-09-02 11:49:57.4383|DEBUG|GroupHRIS.Employee.webFrmEmployeeSearch|Page_Load()
2015-09-02 11:49:58.3684|DEBUG|GroupHRIS.Employee.webFrmEmployeeSearch|Page_Load()
2015-09-02 11:50:01.1096|DEBUG|GroupHRIS.Employee.webFrmEmployeeSearch|Page_Load()
2015-09-02 11:50:02.8437|DEBUG|GroupHRIS.Employee.webFrmEmployeeSearch|Page_Load()
2015-09-02 11:50:06.4529|DEBUG|GroupHRIS.Employee.webFrmEmployeeSearch|Page_Load()
2015-09-02 11:50:07.3049|DEBUG|GroupHRIS.Employee.webFrmEmployeeSearch|Page_Load()
2015-09-02 11:50:11.7282|DEBUG|GroupHRIS.Employee.webFrmEmployeeSearch|Page_Load()
2015-09-02 11:50:11.7282|DEBUG|GroupHRIS.Employee.webFrmEmployeeSearch|fillCompanies()
2015-09-02 11:50:11.7802|DEBUG|GroupHRIS.Employee.webFrmEmployeeSearch|fillEmployeeStatus():
2015-09-02 11:50:13.0852|DEBUG|GroupHRIS.Employee.webFrmEmployeeSearch|Page_Load()
2015-09-02 11:50:14.1853|DEBUG|GroupHRIS.Employee.webFrmEmployeeSearch|Page_Load()
2015-09-02 11:50:15.0194|DEBUG|GroupHRIS.Employee.webFrmEmployeeSearch|Page_Load()
2015-09-02 11:50:20.8117|DEBUG|GroupHRIS.Employee.webFrmEmployeeSearch|Page_Load()
2015-09-02 11:50:20.8117|DEBUG|GroupHRIS.Employee.webFrmEmployeeSearch|fillCompanies()
2015-09-02 11:50:20.9277|DEBUG|GroupHRIS.Employee.webFrmEmployeeSearch|fillEmployeeStatus():
2015-09-02 11:50:22.2358|DEBUG|GroupHRIS.Employee.webFrmEmployeeSearch|Page_Load()
2015-09-02 11:50:23.0878|DEBUG|GroupHRIS.Employee.webFrmEmployeeSearch|Page_Load()
2015-09-02 11:50:24.4739|DEBUG|GroupHRIS.Employee.webFrmEmployeeSearch|Page_Load()
2015-09-02 11:50:25.8000|DEBUG|GroupHRIS.Employee.webFrmEmployeeSearch|Page_Load()
2015-09-02 11:50:38.0367|DEBUG|GroupHRIS.Employee.webFrmEmployeeSearch|Page_Load()
2015-09-02 11:50:38.0367|DEBUG|GroupHRIS.Employee.webFrmEmployeeSearch|fillCompanies()
2015-09-02 11:50:38.0837|DEBUG|GroupHRIS.Employee.webFrmEmployeeSearch|fillEmployeeStatus():
2015-09-02 11:58:40.3128|DEBUG|GroupHRIS.Employee.webFrmEmployeeSearch|Page_Load()
2015-09-02 11:58:40.3188|DEBUG|GroupHRIS.Employee.webFrmEmployeeSearch|fillCompanies()
2015-09-02 11:58:40.3648|DEBUG|GroupHRIS.Employee.webFrmEmployeeSearch|fillEmployeeStatus():
2015-09-02 11:58:41.6708|DEBUG|GroupHRIS.Employee.webFrmEmployeeSearch|Page_Load()
2015-09-02 11:58:43.4169|DEBUG|GroupHRIS.Employee.webFrmEmployeeSearch|Page_Load()
2015-09-02 11:58:44.2290|DEBUG|GroupHRIS.Employee.webFrmEmployeeSearch|Page_Load()
2015-09-02 11:58:45.4701|DEBUG|GroupHRIS.Employee.webFrmEmployeeSearch|Page_Load()
2015-09-02 11:58:46.2851|DEBUG|GroupHRIS.Employee.webFrmEmployeeSearch|Page_Load()
2015-09-02 11:59:36.5040|DEBUG|GroupHRIS.Employee.webFrmEmployeeSearch|Page_Load()
2015-09-02 11:59:36.5100|DEBUG|GroupHRIS.Employee.webFrmEmployeeSearch|fillCompanies()
2015-09-02 11:59:36.5310|DEBUG|GroupHRIS.Employee.webFrmEmployeeSearch|fillEmployeeStatus():
2015-09-02 11:59:37.8251|DEBUG|GroupHRIS.Employee.webFrmEmployeeSearch|Page_Load()
2015-09-02 11:59:39.0451|DEBUG|GroupHRIS.Employee.webFrmEmployeeSearch|Page_Load()
2015-09-02 11:59:39.8462|DEBUG|GroupHRIS.Employee.webFrmEmployeeSearch|Page_Load()
2015-09-02 11:59:40.8622|DEBUG|GroupHRIS.Employee.webFrmEmployeeSearch|Page_Load()
2015-09-02 11:59:41.4283|DEBUG|GroupHRIS.Employee.webFrmEmployeeSearch|Page_Load()
2015-09-02 11:59:41.9833|DEBUG|GroupHRIS.Employee.webFrmEmployeeSearch|Page_Load()
2015-09-02 12:00:58.2777|DEBUG|GroupHRIS.Employee.webFrmEmployeeSearch|Page_Load()
2015-09-02 12:00:58.2857|DEBUG|GroupHRIS.Employee.webFrmEmployeeSearch|fillCompanies()
2015-09-02 12:00:59.0117|DEBUG|GroupHRIS.Employee.webFrmEmployeeSearch|fillEmployeeStatus():
2015-09-02 12:01:00.2568|DEBUG|GroupHRIS.Employee.webFrmEmployeeSearch|Page_Load()
2015-09-02 12:01:01.1808|DEBUG|GroupHRIS.Employee.webFrmEmployeeSearch|Page_Load()
2015-09-02 12:01:02.0419|DEBUG|GroupHRIS.Employee.webFrmEmployeeSearch|Page_Load()
2015-09-02 12:01:03.4200|DEBUG|GroupHRIS.Employee.webFrmEmployeeSearch|Page_Load()
2015-09-02 12:01:03.7330|DEBUG|GroupHRIS.Employee.webFrmEmployeeSearch|Page_Load()
2015-09-02 12:01:56.6760|DEBUG|GroupHRIS.Employee.webFrmEmployeeSearch|Page_Load()
2015-09-02 12:01:56.6930|DEBUG|GroupHRIS.Employee.webFrmEmployeeSearch|fillCompanies()
2015-09-02 12:01:56.7090|DEBUG|GroupHRIS.Employee.webFrmEmployeeSearch|fillEmployeeStatus():
2015-09-02 12:01:57.7931|DEBUG|GroupHRIS.Employee.webFrmEmployeeSearch|Page_Load()
2015-09-02 12:01:58.8211|DEBUG|GroupHRIS.Employee.webFrmEmployeeSearch|Page_Load()
2015-09-02 12:01:59.7502|DEBUG|GroupHRIS.Employee.webFrmEmployeeSearch|Page_Load()
2015-09-02 12:02:02.0633|DEBUG|GroupHRIS.Employee.webFrmEmployeeSearch|Page_Load()
2015-09-02 12:02:02.0633|DEBUG|GroupHRIS.Employee.webFrmEmployeeSearch|fillCompanies()
2015-09-02 12:02:02.0903|DEBUG|GroupHRIS.Employee.webFrmEmployeeSearch|fillEmployeeStatus():
2015-09-02 12:02:03.3614|DEBUG|GroupHRIS.Employee.webFrmEmployeeSearch|Page_Load()
2015-09-02 12:02:06.0205|DEBUG|GroupHRIS.Employee.webFrmEmployeeSearch|Page_Load()
2015-09-02 12:02:08.6877|DEBUG|GroupHRIS.Employee.webFrmEmployeeSearch|Page_Load()
2015-09-02 12:02:08.6887|DEBUG|GroupHRIS.Employee.webFrmEmployeeSearch|fillCompanies()
2015-09-02 12:02:09.2217|DEBUG|GroupHRIS.Employee.webFrmEmployeeSearch|fillEmployeeStatus():
2015-09-02 12:02:10.6798|DEBUG|GroupHRIS.Employee.webFrmEmployeeSearch|Page_Load()
2015-09-02 12:02:12.1039|DEBUG|GroupHRIS.Employee.webFrmEmployeeSearch|Page_Load()
2015-09-02 12:02:12.9879|DEBUG|GroupHRIS.Employee.webFrmEmployeeSearch|Page_Load()
2015-09-02 12:04:12.7647|DEBUG|GroupHRIS.Employee.webFrmEmployeeSearch|Page_Load()
2015-09-02 12:04:12.7727|DEBUG|GroupHRIS.Employee.webFrmEmployeeSearch|fillCompanies()
2015-09-02 12:04:12.8347|DEBUG|GroupHRIS.Employee.webFrmEmployeeSearch|fillEmployeeStatus():
2015-09-02 12:04:14.0227|DEBUG|GroupHRIS.Employee.webFrmEmployeeSearch|Page_Load()
2015-09-02 12:04:15.1008|DEBUG|GroupHRIS.Employee.webFrmEmployeeSearch|Page_Load()
2015-09-02 12:04:15.8738|DEBUG|GroupHRIS.Employee.webFrmEmployeeSearch|Page_Load()
2015-09-02 12:04:17.0289|DEBUG|GroupHRIS.Employee.webFrmEmployeeSearch|Page_Load()
2015-09-02 12:04:21.3752|DEBUG|GroupHRIS.Employee.webFrmEmployeeSearch|Page_Load()
2015-09-02 12:04:21.3752|DEBUG|GroupHRIS.Employee.webFrmEmployeeSearch|fillCompanies()
2015-09-02 12:04:21.3912|DEBUG|GroupHRIS.Employee.webFrmEmployeeSearch|fillEmployeeStatus():
2015-09-02 12:04:22.5512|DEBUG|GroupHRIS.Employee.webFrmEmployeeSearch|Page_Load()
2015-09-02 12:04:23.5733|DEBUG|GroupHRIS.Employee.webFrmEmployeeSearch|Page_Load()
2015-09-02 12:04:24.3053|DEBUG|GroupHRIS.Employee.webFrmEmployeeSearch|Page_Load()
2015-09-02 12:05:22.5787|DEBUG|GroupHRIS.Employee.webFrmEmployeeSearch|Page_Load()
2015-09-02 12:05:22.5847|DEBUG|GroupHRIS.Employee.webFrmEmployeeSearch|fillCompanies()
2015-09-02 12:05:22.6077|DEBUG|GroupHRIS.Employee.webFrmEmployeeSearch|fillEmployeeStatus():
2015-09-02 12:05:23.7567|DEBUG|GroupHRIS.Employee.webFrmEmployeeSearch|Page_Load()
2015-09-02 12:05:25.5418|DEBUG|GroupHRIS.Employee.webFrmEmployeeSearch|Page_Load()
2015-09-02 12:05:26.3549|DEBUG|GroupHRIS.Employee.webFrmEmployeeSearch|Page_Load()
2015-09-02 12:05:27.7090|DEBUG|GroupHRIS.Employee.webFrmEmployeeSearch|Page_Load()
2015-09-02 12:05:27.9360|DEBUG|GroupHRIS.Employee.webFrmEmployeeSearch|Page_Load()
2015-09-02 12:05:30.5991|DEBUG|GroupHRIS.Employee.webFrmEmployeeSearch|Page_Load()
2015-09-02 12:05:30.5991|DEBUG|GroupHRIS.Employee.webFrmEmployeeSearch|fillCompanies()
2015-09-02 12:05:30.6101|DEBUG|GroupHRIS.Employee.webFrmEmployeeSearch|fillEmployeeStatus():
2015-09-02 12:05:31.4612|DEBUG|GroupHRIS.Employee.webFrmEmployeeSearch|Page_Load()
2015-09-02 12:05:32.2052|DEBUG|GroupHRIS.Employee.webFrmEmployeeSearch|Page_Load()
2015-09-02 12:05:33.0293|DEBUG|GroupHRIS.Employee.webFrmEmployeeSearch|Page_Load()
2015-09-02 12:05:33.9843|DEBUG|GroupHRIS.Employee.webFrmEmployeeSearch|Page_Load()
2015-09-02 12:08:08.8659|DEBUG|GroupHRIS.Employee.webFrmEmployeeSearch|Page_Load()
2015-09-02 12:08:08.8809|DEBUG|GroupHRIS.Employee.webFrmEmployeeSearch|fillCompanies()
2015-09-02 12:08:08.9709|DEBUG|GroupHRIS.Employee.webFrmEmployeeSearch|fillEmployeeStatus():
2015-09-02 12:08:10.2529|DEBUG|GroupHRIS.Employee.webFrmEmployeeSearch|Page_Load()
2015-09-02 12:08:12.5201|DEBUG|GroupHRIS.Employee.webFrmEmployeeSearch|Page_Load()
2015-09-02 12:08:13.7491|DEBUG|GroupHRIS.Employee.webFrmEmployeeSearch|Page_Load()
2015-09-02 12:13:04.4371|DEBUG|GroupHRIS.Employee.webFrmEmployeeSearch|Page_Load()
2015-09-02 12:13:04.4441|DEBUG|GroupHRIS.Employee.webFrmEmployeeSearch|fillCompanies()
2015-09-02 12:13:04.4641|DEBUG|GroupHRIS.Employee.webFrmEmployeeSearch|fillEmployeeStatus():
2015-09-02 12:13:05.4911|DEBUG|GroupHRIS.Employee.webFrmEmployeeSearch|Page_Load()
2015-09-02 12:13:06.5302|DEBUG|GroupHRIS.Employee.webFrmEmployeeSearch|Page_Load()
2015-09-02 12:13:07.3392|DEBUG|GroupHRIS.Employee.webFrmEmployeeSearch|Page_Load()
2015-09-02 12:13:12.6955|DEBUG|GroupHRIS.Employee.webFrmEmployeeSearch|Page_Load()
2015-09-02 12:13:12.6955|DEBUG|GroupHRIS.Employee.webFrmEmployeeSearch|fillCompanies()
2015-09-02 12:13:12.7535|DEBUG|GroupHRIS.Employee.webFrmEmployeeSearch|fillEmployeeStatus():
2015-09-02 12:13:13.8496|DEBUG|GroupHRIS.Employee.webFrmEmployeeSearch|Page_Load()
2015-09-02 12:13:15.4977|DEBUG|GroupHRIS.Employee.webFrmEmployeeSearch|Page_Load()
2015-09-02 12:19:09.4542|DEBUG|GroupHRIS.Employee.webFrmEmployeeSearch|Page_Load()
2015-09-02 12:19:09.4682|DEBUG|GroupHRIS.Employee.webFrmEmployeeSearch|fillCompanies()
2015-09-02 12:19:09.5092|DEBUG|GroupHRIS.Employee.webFrmEmployeeSearch|fillEmployeeStatus():
2015-09-02 12:19:10.9763|DEBUG|GroupHRIS.Employee.webFrmEmployeeSearch|Page_Load()
2015-09-02 12:19:12.9594|DEBUG|GroupHRIS.Employee.webFrmEmployeeSearch|Page_Load()
2015-09-02 12:19:16.5126|DEBUG|GroupHRIS.Employee.webFrmEmployeeSearch|Page_Load()
2015-09-02 12:19:16.5206|DEBUG|GroupHRIS.Employee.webFrmEmployeeSearch|fillCompanies()
2015-09-02 12:19:16.8376|DEBUG|GroupHRIS.Employee.webFrmEmployeeSearch|fillEmployeeStatus():
2015-09-02 12:19:18.2867|DEBUG|GroupHRIS.Employee.webFrmEmployeeSearch|Page_Load()
2015-09-02 12:19:19.7508|DEBUG|GroupHRIS.Employee.webFrmEmployeeSearch|Page_Load()
2015-09-02 12:20:49.6259|DEBUG|GroupHRIS.Employee.webFrmEmployeeSearch|Page_Load()
2015-09-02 12:20:49.6339|DEBUG|GroupHRIS.Employee.webFrmEmployeeSearch|fillCompanies()
2015-09-02 12:20:49.6539|DEBUG|GroupHRIS.Employee.webFrmEmployeeSearch|fillEmployeeStatus():
2015-09-02 12:20:50.7830|DEBUG|GroupHRIS.Employee.webFrmEmployeeSearch|Page_Load()
2015-09-02 12:20:51.6480|DEBUG|GroupHRIS.Employee.webFrmEmployeeSearch|Page_Load()
2015-09-02 12:20:52.3310|DEBUG|GroupHRIS.Employee.webFrmEmployeeSearch|Page_Load()
2015-09-02 12:20:53.8701|DEBUG|GroupHRIS.Employee.webFrmEmployeeSearch|Page_Load()
2015-09-02 12:20:56.7023|DEBUG|GroupHRIS.Employee.webFrmEmployeeSearch|Page_Load()
2015-09-02 12:20:56.7023|DEBUG|GroupHRIS.Employee.webFrmEmployeeSearch|fillCompanies()
2015-09-02 12:20:56.7023|DEBUG|GroupHRIS.Employee.webFrmEmployeeSearch|fillEmployeeStatus():
2015-09-02 12:20:57.7034|DEBUG|GroupHRIS.Employee.webFrmEmployeeSearch|Page_Load()
2015-09-02 12:20:58.4774|DEBUG|GroupHRIS.Employee.webFrmEmployeeSearch|Page_Load()
2015-09-02 12:21:03.1537|DEBUG|GroupHRIS.Employee.webFrmEmployeeSearch|Page_Load()
2015-09-02 12:21:03.1537|DEBUG|GroupHRIS.Employee.webFrmEmployeeSearch|fillCompanies()
2015-09-02 12:21:03.5317|DEBUG|GroupHRIS.Employee.webFrmEmployeeSearch|fillEmployeeStatus():
2015-09-02 12:21:04.3817|DEBUG|GroupHRIS.Employee.webFrmEmployeeSearch|Page_Load()
2015-09-02 12:21:07.1739|DEBUG|GroupHRIS.Employee.webFrmEmployeeSearch|Page_Load()
2015-09-02 12:21:08.0419|DEBUG|GroupHRIS.Employee.webFrmEmployeeSearch|Page_Load()
2015-09-02 12:23:14.7079|DEBUG|GroupHRIS.Employee.webFrmEmployeeSearch|Page_Load()
2015-09-02 12:23:14.7159|DEBUG|GroupHRIS.Employee.webFrmEmployeeSearch|fillCompanies()
2015-09-02 12:23:14.7329|DEBUG|GroupHRIS.Employee.webFrmEmployeeSearch|fillEmployeeStatus():
2015-09-02 12:23:15.8859|DEBUG|GroupHRIS.Employee.webFrmEmployeeSearch|Page_Load()
2015-09-02 12:23:16.8570|DEBUG|GroupHRIS.Employee.webFrmEmployeeSearch|Page_Load()
2015-09-02 12:23:18.1871|DEBUG|GroupHRIS.Employee.webFrmEmployeeSearch|Page_Load()
2015-09-02 12:23:19.3511|DEBUG|GroupHRIS.Employee.webFrmEmployeeSearch|Page_Load()
2015-09-02 12:23:19.5971|DEBUG|GroupHRIS.Employee.webFrmEmployeeSearch|Page_Load()
2015-09-02 12:23:52.2220|DEBUG|GroupHRIS.Employee.webFrmEmployeeSearch|Page_Load()
2015-09-02 12:23:52.2390|DEBUG|GroupHRIS.Employee.webFrmEmployeeSearch|fillCompanies()
2015-09-02 12:23:52.7110|DEBUG|GroupHRIS.Employee.webFrmEmployeeSearch|fillEmployeeStatus():
2015-09-02 12:23:54.0241|DEBUG|GroupHRIS.Employee.webFrmEmployeeSearch|Page_Load()
2015-09-02 12:23:54.8572|DEBUG|GroupHRIS.Employee.webFrmEmployeeSearch|Page_Load()
2015-09-02 12:26:18.8802|DEBUG|GroupHRIS.Employee.webFrmEmployeeSearch|Page_Load()
2015-09-02 12:26:18.8962|DEBUG|GroupHRIS.Employee.webFrmEmployeeSearch|fillCompanies()
2015-09-02 12:26:18.9512|DEBUG|GroupHRIS.Employee.webFrmEmployeeSearch|fillEmployeeStatus():
2015-09-02 12:26:20.1802|DEBUG|GroupHRIS.Employee.webFrmEmployeeSearch|Page_Load()
2015-09-02 12:26:21.5323|DEBUG|GroupHRIS.Employee.webFrmEmployeeSearch|Page_Load()
2015-09-02 12:26:22.4364|DEBUG|GroupHRIS.Employee.webFrmEmployeeSearch|Page_Load()
2015-09-02 12:26:23.4764|DEBUG|GroupHRIS.Employee.webFrmEmployeeSearch|Page_Load()
2015-09-02 12:27:32.8804|DEBUG|GroupHRIS.Employee.webFrmEmployeeSearch|Page_Load()
2015-09-02 12:27:32.8804|DEBUG|GroupHRIS.Employee.webFrmEmployeeSearch|fillCompanies()
2015-09-02 12:27:32.9114|DEBUG|GroupHRIS.Employee.webFrmEmployeeSearch|fillEmployeeStatus():
2015-09-02 12:27:34.2165|DEBUG|GroupHRIS.Employee.webFrmEmployeeSearch|Page_Load()
2015-09-02 12:27:35.5285|DEBUG|GroupHRIS.Employee.webFrmEmployeeSearch|Page_Load()
2015-09-02 12:27:41.2539|DEBUG|GroupHRIS.Employee.webFrmEmployeeSearch|Page_Load()
2015-09-02 12:27:41.2539|DEBUG|GroupHRIS.Employee.webFrmEmployeeSearch|fillCompanies()
2015-09-02 12:27:41.2859|DEBUG|GroupHRIS.Employee.webFrmEmployeeSearch|fillEmployeeStatus():
2015-09-02 12:27:42.5709|DEBUG|GroupHRIS.Employee.webFrmEmployeeSearch|Page_Load()
2015-09-02 12:27:48.0793|DEBUG|GroupHRIS.Employee.webFrmEmployeeSearch|Page_Load()
2015-09-02 12:27:49.0943|DEBUG|GroupHRIS.Employee.webFrmEmployeeSearch|Page_Load()
2015-09-02 12:33:09.4709|DEBUG|GroupHRIS.Employee.webFrmEmployeeSearch|Page_Load()
2015-09-02 12:33:09.4909|DEBUG|GroupHRIS.Employee.webFrmEmployeeSearch|fillCompanies()
2015-09-02 12:33:09.5089|DEBUG|GroupHRIS.Employee.webFrmEmployeeSearch|fillEmployeeStatus():
2015-09-02 12:33:10.8819|DEBUG|GroupHRIS.Employee.webFrmEmployeeSearch|Page_Load()
2015-09-02 12:33:12.4650|DEBUG|GroupHRIS.Employee.webFrmEmployeeSearch|Page_Load()
2015-09-02 12:33:20.8515|DEBUG|GroupHRIS.Employee.webFrmEmployeeSearch|Page_Load()
2015-09-02 12:33:37.9775|DEBUG|GroupHRIS.Employee.webFrmEmployeeSearch|Page_Load()
2015-09-02 12:33:37.9775|DEBUG|GroupHRIS.Employee.webFrmEmployeeSearch|fillCompanies()
2015-09-02 12:33:37.9915|DEBUG|GroupHRIS.Employee.webFrmEmployeeSearch|fillEmployeeStatus():
2015-09-02 12:33:39.1656|DEBUG|GroupHRIS.Employee.webFrmEmployeeSearch|Page_Load()
2015-09-02 12:33:40.7006|DEBUG|GroupHRIS.Employee.webFrmEmployeeSearch|Page_Load()
2015-09-02 12:33:42.1067|DEBUG|GroupHRIS.Employee.webFrmEmployeeSearch|Page_Load()
2015-09-02 12:39:35.9738|DEBUG|GroupHRIS.Employee.webFrmEmployeeSearch|Page_Load()
2015-09-02 12:39:35.9808|DEBUG|GroupHRIS.Employee.webFrmEmployeeSearch|fillCompanies()
2015-09-02 12:39:36.0258|DEBUG|GroupHRIS.Employee.webFrmEmployeeSearch|fillEmployeeStatus():
2015-09-02 12:39:38.6789|DEBUG|GroupHRIS.Employee.webFrmEmployeeSearch|Page_Load()
2015-09-02 12:39:40.7481|DEBUG|GroupHRIS.Employee.webFrmEmployeeSearch|Page_Load()
2015-09-02 12:39:42.2682|DEBUG|GroupHRIS.Employee.webFrmEmployeeSearch|Page_Load()
2015-09-02 12:39:43.5382|DEBUG|GroupHRIS.Employee.webFrmEmployeeSearch|Page_Load()
2015-09-02 12:42:54.8183|DEBUG|GroupHRIS.Employee.webFrmEmployeeSearch|Page_Load()
2015-09-02 12:42:54.8323|DEBUG|GroupHRIS.Employee.webFrmEmployeeSearch|fillCompanies()
2015-09-02 12:42:54.8803|DEBUG|GroupHRIS.Employee.webFrmEmployeeSearch|fillEmployeeStatus():
2015-09-02 12:42:55.9694|DEBUG|GroupHRIS.Employee.webFrmEmployeeSearch|Page_Load()
2015-09-02 12:42:57.5685|DEBUG|GroupHRIS.Employee.webFrmEmployeeSearch|Page_Load()
2015-09-02 12:42:58.2335|DEBUG|GroupHRIS.Employee.webFrmEmployeeSearch|Page_Load()
2015-09-02 12:42:59.0926|DEBUG|GroupHRIS.Employee.webFrmEmployeeSearch|Page_Load()
2015-09-02 12:43:01.5867|DEBUG|GroupHRIS.Employee.webFrmEmployeeSearch|Page_Load()
2015-09-02 12:43:01.5867|DEBUG|GroupHRIS.Employee.webFrmEmployeeSearch|fillCompanies()
2015-09-02 12:43:01.6357|DEBUG|GroupHRIS.Employee.webFrmEmployeeSearch|fillEmployeeStatus():
2015-09-02 12:43:02.9748|DEBUG|GroupHRIS.Employee.webFrmEmployeeSearch|Page_Load()
2015-09-02 12:43:03.9258|DEBUG|GroupHRIS.Employee.webFrmEmployeeSearch|Page_Load()
2015-09-02 12:43:04.5469|DEBUG|GroupHRIS.Employee.webFrmEmployeeSearch|Page_Load()
2015-09-02 12:44:27.8983|DEBUG|GroupHRIS.Employee.webFrmEmployeeSearch|Page_Load()
2015-09-02 12:44:27.9053|DEBUG|GroupHRIS.Employee.webFrmEmployeeSearch|fillCompanies()
2015-09-02 12:44:27.9543|DEBUG|GroupHRIS.Employee.webFrmEmployeeSearch|fillEmployeeStatus():
2015-09-02 12:44:29.1293|DEBUG|GroupHRIS.Employee.webFrmEmployeeSearch|Page_Load()
2015-09-02 12:44:30.4644|DEBUG|GroupHRIS.Employee.webFrmEmployeeSearch|Page_Load()
2015-09-02 12:44:35.5987|DEBUG|GroupHRIS.Employee.webFrmEmployeeSearch|Page_Load()
2015-09-02 12:44:35.5987|DEBUG|GroupHRIS.Employee.webFrmEmployeeSearch|fillCompanies()
2015-09-02 12:44:35.6487|DEBUG|GroupHRIS.Employee.webFrmEmployeeSearch|fillEmployeeStatus():
2015-09-02 12:44:37.0288|DEBUG|GroupHRIS.Employee.webFrmEmployeeSearch|Page_Load()
2015-09-02 12:44:38.8379|DEBUG|GroupHRIS.Employee.webFrmEmployeeSearch|Page_Load()
2015-09-02 12:44:39.6169|DEBUG|GroupHRIS.Employee.webFrmEmployeeSearch|Page_Load()
2015-09-02 12:44:42.3481|DEBUG|GroupHRIS.Employee.webFrmEmployeeSearch|Page_Load()
2015-09-02 12:44:42.3481|DEBUG|GroupHRIS.Employee.webFrmEmployeeSearch|fillCompanies()
2015-09-02 12:44:42.7811|DEBUG|GroupHRIS.Employee.webFrmEmployeeSearch|fillEmployeeStatus():
2015-09-02 12:44:44.2682|DEBUG|GroupHRIS.Employee.webFrmEmployeeSearch|Page_Load()
2015-09-02 12:44:46.9193|DEBUG|GroupHRIS.Employee.webFrmEmployeeSearch|Page_Load()
2015-09-02 12:45:19.7702|DEBUG|GroupHRIS.Employee.webFrmEmployeeSearch|Page_Load()
2015-09-02 12:45:19.7762|DEBUG|GroupHRIS.Employee.webFrmEmployeeSearch|fillCompanies()
2015-09-02 12:45:19.8402|DEBUG|GroupHRIS.Employee.webFrmEmployeeSearch|fillEmployeeStatus():
2015-09-02 12:45:20.7973|DEBUG|GroupHRIS.Employee.webFrmEmployeeSearch|Page_Load()
2015-09-02 12:45:22.1204|DEBUG|GroupHRIS.Employee.webFrmEmployeeSearch|Page_Load()
2015-09-02 12:45:29.8608|DEBUG|GroupHRIS.Employee.webFrmEmployeeSearch|Page_Load()
2015-09-02 12:45:29.8688|DEBUG|GroupHRIS.Employee.webFrmEmployeeSearch|fillCompanies()
2015-09-02 12:45:30.0368|DEBUG|GroupHRIS.Employee.webFrmEmployeeSearch|fillEmployeeStatus():
2015-09-02 12:45:31.1899|DEBUG|GroupHRIS.Employee.webFrmEmployeeSearch|Page_Load()
2015-09-02 12:45:32.5960|DEBUG|GroupHRIS.Employee.webFrmEmployeeSearch|Page_Load()
2015-09-02 12:45:34.3571|DEBUG|GroupHRIS.Employee.webFrmEmployeeSearch|Page_Load()
2015-09-02 12:45:39.8284|DEBUG|GroupHRIS.Employee.webFrmEmployeeSearch|Page_Load()
2015-09-02 12:45:39.8284|DEBUG|GroupHRIS.Employee.webFrmEmployeeSearch|fillCompanies()
2015-09-02 12:45:39.8694|DEBUG|GroupHRIS.Employee.webFrmEmployeeSearch|fillEmployeeStatus():
2015-09-02 12:45:40.9034|DEBUG|GroupHRIS.Employee.webFrmEmployeeSearch|Page_Load()
2015-09-02 12:45:42.6055|DEBUG|GroupHRIS.Employee.webFrmEmployeeSearch|Page_Load()
2015-09-02 12:45:47.6048|DEBUG|GroupHRIS.Employee.webFrmEmployeeSearch|Page_Load()
2015-09-02 12:45:47.6048|DEBUG|GroupHRIS.Employee.webFrmEmployeeSearch|fillCompanies()
2015-09-02 12:45:47.6638|DEBUG|GroupHRIS.Employee.webFrmEmployeeSearch|fillEmployeeStatus():
2015-09-02 12:45:49.1029|DEBUG|GroupHRIS.Employee.webFrmEmployeeSearch|Page_Load()
2015-09-02 12:45:50.7720|DEBUG|GroupHRIS.Employee.webFrmEmployeeSearch|Page_Load()
2015-09-02 12:45:51.4750|DEBUG|GroupHRIS.Employee.webFrmEmployeeSearch|Page_Load()
2015-09-02 12:45:54.2162|DEBUG|GroupHRIS.Employee.webFrmEmployeeSearch|Page_Load()
2015-09-02 12:45:54.2162|DEBUG|GroupHRIS.Employee.webFrmEmployeeSearch|fillCompanies()
2015-09-02 12:45:54.2822|DEBUG|GroupHRIS.Employee.webFrmEmployeeSearch|fillEmployeeStatus():
2015-09-02 12:45:55.4523|DEBUG|GroupHRIS.Employee.webFrmEmployeeSearch|Page_Load()
2015-09-02 12:45:57.7074|DEBUG|GroupHRIS.Employee.webFrmEmployeeSearch|Page_Load()
2015-09-02 12:48:22.1189|DEBUG|GroupHRIS.Employee.webFrmEmployeeSearch|Page_Load()
2015-09-02 12:48:22.1249|DEBUG|GroupHRIS.Employee.webFrmEmployeeSearch|fillCompanies()
2015-09-02 12:48:22.1769|DEBUG|GroupHRIS.Employee.webFrmEmployeeSearch|fillEmployeeStatus():
2015-09-02 12:48:23.7320|DEBUG|GroupHRIS.Employee.webFrmEmployeeSearch|Page_Load()
2015-09-02 12:48:25.8611|DEBUG|GroupHRIS.Employee.webFrmEmployeeSearch|Page_Load()
2015-09-02 12:48:26.8482|DEBUG|GroupHRIS.Employee.webFrmEmployeeSearch|Page_Load()
2015-09-02 12:48:27.9273|DEBUG|GroupHRIS.Employee.webFrmEmployeeSearch|Page_Load()
2015-09-02 12:49:19.9062|DEBUG|GroupHRIS.Employee.webFrmEmployeeSearch|Page_Load()
2015-09-02 12:49:19.9202|DEBUG|GroupHRIS.Employee.webFrmEmployeeSearch|fillCompanies()
2015-09-02 12:49:19.9552|DEBUG|GroupHRIS.Employee.webFrmEmployeeSearch|fillEmployeeStatus():
2015-09-02 12:49:22.0034|DEBUG|GroupHRIS.Employee.webFrmEmployeeSearch|Page_Load()
2015-09-02 12:49:24.8795|DEBUG|GroupHRIS.Employee.webFrmEmployeeSearch|Page_Load()
2015-09-02 12:49:30.2508|DEBUG|GroupHRIS.Employee.webFrmEmployeeSearch|Page_Load()
2015-09-02 12:49:30.2508|DEBUG|GroupHRIS.Employee.webFrmEmployeeSearch|fillCompanies()
2015-09-02 12:49:30.3108|DEBUG|GroupHRIS.Employee.webFrmEmployeeSearch|fillEmployeeStatus():
2015-09-02 12:49:32.0999|DEBUG|GroupHRIS.Employee.webFrmEmployeeSearch|Page_Load()
2015-09-02 12:49:35.3371|DEBUG|GroupHRIS.Employee.webFrmEmployeeSearch|Page_Load()
2015-09-02 12:50:37.0306|DEBUG|GroupHRIS.Employee.webFrmEmployeeSearch|Page_Load()
2015-09-02 12:50:37.0306|DEBUG|GroupHRIS.Employee.webFrmEmployeeSearch|fillCompanies()
2015-09-02 12:50:37.0906|DEBUG|GroupHRIS.Employee.webFrmEmployeeSearch|fillEmployeeStatus():
2015-09-02 12:50:38.6027|DEBUG|GroupHRIS.Employee.webFrmEmployeeSearch|Page_Load()
2015-09-02 12:50:40.4418|DEBUG|GroupHRIS.Employee.webFrmEmployeeSearch|Page_Load()
2015-09-02 12:50:44.1430|DEBUG|GroupHRIS.Employee.webFrmEmployeeSearch|Page_Load()
2015-09-02 12:50:44.1521|DEBUG|GroupHRIS.Employee.webFrmEmployeeSearch|fillCompanies()
2015-09-02 12:50:44.7711|DEBUG|GroupHRIS.Employee.webFrmEmployeeSearch|fillEmployeeStatus():
2015-09-02 12:50:47.6062|DEBUG|GroupHRIS.Employee.webFrmEmployeeSearch|Page_Load()
2015-09-02 12:50:50.9044|DEBUG|GroupHRIS.Employee.webFrmEmployeeSearch|Page_Load()
2015-09-02 12:50:51.0004|DEBUG|GroupHRIS.Employee.webFrmEmployeeSearch|Page_Load()
2015-09-02 12:50:51.7495|DEBUG|GroupHRIS.Employee.webFrmEmployeeSearch|Page_Load()
2015-09-02 12:51:52.7000|DEBUG|GroupHRIS.Attendance.AttendanceInOut|AttendanceInOut : Page_Load()
2015-09-02 12:51:52.7080|DEBUG|GroupHRIS.Attendance.AttendanceInOut|AttendanceInOut : fillHours()
2015-09-02 12:51:52.7080|DEBUG|GroupHRIS.Attendance.AttendanceInOut|AttendanceInOut : fillMinutes()
2015-09-02 12:51:52.7080|DEBUG|GroupHRIS.Attendance.AttendanceInOut|AttendanceInOut : getCompID()
2015-09-02 12:51:52.7960|DEBUG|GroupHRIS.Attendance.AttendanceInOut|AttendanceInOut : fillbrnachlocations()
2015-09-02 12:51:52.8680|DEBUG|GroupHRIS.Attendance.AttendanceInOut|AttendanceInOut : getSupervisor()
2015-09-02 12:51:53.0050|DEBUG|GroupHRIS.Attendance.AttendanceInOut|AttendanceInOut : displayattendance()
2015-09-02 12:52:01.8655|DEBUG|GroupHRIS.Employee.webFrmEmployeeSearch|Page_Load()
2015-09-02 12:52:01.8655|DEBUG|GroupHRIS.Employee.webFrmEmployeeSearch|fillCompanies()
2015-09-02 12:52:01.9045|DEBUG|GroupHRIS.Employee.webFrmEmployeeSearch|fillEmployeeStatus():
2015-09-02 12:52:03.0266|DEBUG|GroupHRIS.Employee.webFrmEmployeeSearch|Page_Load()
2015-09-02 12:52:04.2816|DEBUG|GroupHRIS.Employee.webFrmEmployeeSearch|Page_Load()
2015-09-02 12:52:08.2379|DEBUG|GroupHRIS.Employee.webFrmEmployeeSearch|Page_Load()
2015-09-02 12:52:08.2379|DEBUG|GroupHRIS.Employee.webFrmEmployeeSearch|fillCompanies()
2015-09-02 12:52:08.3039|DEBUG|GroupHRIS.Employee.webFrmEmployeeSearch|fillEmployeeStatus():
2015-09-02 12:52:09.6019|DEBUG|GroupHRIS.Employee.webFrmEmployeeSearch|Page_Load()
2015-09-02 12:52:10.9440|DEBUG|GroupHRIS.Employee.webFrmEmployeeSearch|Page_Load()
2015-09-02 12:52:16.4273|DEBUG|GroupHRIS.Employee.webFrmEmployeeSearch|Page_Load()
2015-09-02 12:52:16.4273|DEBUG|GroupHRIS.Employee.webFrmEmployeeSearch|fillCompanies()
2015-09-02 12:52:16.4603|DEBUG|GroupHRIS.Employee.webFrmEmployeeSearch|fillEmployeeStatus():
2015-09-02 12:52:17.5214|DEBUG|GroupHRIS.Employee.webFrmEmployeeSearch|Page_Load()
2015-09-02 12:52:18.5454|DEBUG|GroupHRIS.Employee.webFrmEmployeeSearch|Page_Load()
2015-09-02 12:55:05.6322|DEBUG|GroupHRIS.Employee.webFrmEmployeeSearch|Page_Load()
2015-09-02 12:55:05.6492|DEBUG|GroupHRIS.Employee.webFrmEmployeeSearch|fillCompanies()
2015-09-02 12:55:05.7192|DEBUG|GroupHRIS.Employee.webFrmEmployeeSearch|fillEmployeeStatus():
2015-09-02 12:55:07.1053|DEBUG|GroupHRIS.Employee.webFrmEmployeeSearch|Page_Load()
2015-09-02 12:55:08.1374|DEBUG|GroupHRIS.Employee.webFrmEmployeeSearch|Page_Load()
2015-09-02 12:55:12.0256|DEBUG|GroupHRIS.Employee.webFrmEmployeeSearch|Page_Load()
2015-09-02 12:55:12.0256|DEBUG|GroupHRIS.Employee.webFrmEmployeeSearch|fillCompanies()
2015-09-02 12:55:12.0886|DEBUG|GroupHRIS.Employee.webFrmEmployeeSearch|fillEmployeeStatus():
2015-09-02 12:56:01.7854|DEBUG|GroupHRIS.Employee.webFrmEmployeeSearch|Page_Load()
2015-09-02 12:56:03.8245|DEBUG|GroupHRIS.Employee.webFrmEmployeeSearch|Page_Load()
2015-09-02 12:56:13.4301|DEBUG|GroupHRIS.Employee.webFrmEmployeeSearch|Page_Load()
2015-09-02 12:56:13.4301|DEBUG|GroupHRIS.Employee.webFrmEmployeeSearch|fillCompanies()
2015-09-02 12:56:13.9011|DEBUG|GroupHRIS.Employee.webFrmEmployeeSearch|fillEmployeeStatus():
2015-09-02 12:56:14.9442|DEBUG|GroupHRIS.Employee.webFrmEmployeeSearch|Page_Load()
2015-09-02 12:56:16.1182|DEBUG|GroupHRIS.Employee.webFrmEmployeeSearch|Page_Load()
2015-09-02 12:59:49.8033|DEBUG|GroupHRIS.Employee.webFrmEmployeeSearch|Page_Load()
2015-09-02 12:59:49.8093|DEBUG|GroupHRIS.Employee.webFrmEmployeeSearch|fillCompanies()
2015-09-02 12:59:49.8713|DEBUG|GroupHRIS.Employee.webFrmEmployeeSearch|fillEmployeeStatus():
2015-09-02 12:59:51.0193|DEBUG|GroupHRIS.Employee.webFrmEmployeeSearch|Page_Load()
2015-09-02 12:59:52.2094|DEBUG|GroupHRIS.Employee.webFrmEmployeeSearch|Page_Load()
2015-09-02 13:00:05.7212|DEBUG|GroupHRIS.Employee.webFrmEmployeeSearch|Page_Load()
2015-09-02 13:00:05.7212|DEBUG|GroupHRIS.Employee.webFrmEmployeeSearch|fillCompanies()
2015-09-02 13:00:05.8562|DEBUG|GroupHRIS.Employee.webFrmEmployeeSearch|fillEmployeeStatus():
2015-09-02 13:00:07.0713|DEBUG|GroupHRIS.Employee.webFrmEmployeeSearch|Page_Load()
2015-09-02 13:00:08.4423|DEBUG|GroupHRIS.Employee.webFrmEmployeeSearch|Page_Load()
2015-09-02 13:01:32.0986|DEBUG|GroupHRIS.Attendance.AttendanceInOut|AttendanceInOut : Page_Load()
2015-09-02 13:01:32.1136|DEBUG|GroupHRIS.Attendance.AttendanceInOut|AttendanceInOut : fillHours()
2015-09-02 13:01:32.1136|DEBUG|GroupHRIS.Attendance.AttendanceInOut|AttendanceInOut : fillMinutes()
2015-09-02 13:01:32.1136|DEBUG|GroupHRIS.Attendance.AttendanceInOut|AttendanceInOut : getCompID()
2015-09-02 13:01:32.1556|DEBUG|GroupHRIS.Attendance.AttendanceInOut|AttendanceInOut : fillbrnachlocations()
2015-09-02 13:01:36.7618|DEBUG|GroupHRIS.Attendance.AttendanceInOut|AttendanceInOut : getSupervisor()
2015-09-02 13:01:36.8858|DEBUG|GroupHRIS.Attendance.AttendanceInOut|AttendanceInOut : displayattendance()
2015-09-02 13:01:40.0080|DEBUG|GroupHRIS.Employee.webFrmEmployeeSearch|Page_Load()
2015-09-02 13:01:40.0080|DEBUG|GroupHRIS.Employee.webFrmEmployeeSearch|fillCompanies()
2015-09-02 13:01:40.0630|DEBUG|GroupHRIS.Employee.webFrmEmployeeSearch|fillEmployeeStatus():
2015-09-02 13:01:41.5511|DEBUG|GroupHRIS.Employee.webFrmEmployeeSearch|Page_Load()
2015-09-02 13:01:43.0772|DEBUG|GroupHRIS.Employee.webFrmEmployeeSearch|Page_Load()
2015-09-02 13:02:42.4316|DEBUG|GroupHRIS.Employee.webFrmEmployeeSearch|Page_Load()
2015-09-02 13:02:42.4386|DEBUG|GroupHRIS.Employee.webFrmEmployeeSearch|fillCompanies()
2015-09-02 13:02:43.0586|DEBUG|GroupHRIS.Employee.webFrmEmployeeSearch|fillEmployeeStatus():
2015-09-02 13:02:44.9257|DEBUG|GroupHRIS.Employee.webFrmEmployeeSearch|Page_Load()
2015-09-02 13:02:46.4528|DEBUG|GroupHRIS.Employee.webFrmEmployeeSearch|Page_Load()
2015-09-02 13:22:15.9865|DEBUG|GroupHRIS.Employee.webFrmEmployeeSearch|Page_Load()
2015-09-02 13:22:15.9995|DEBUG|GroupHRIS.Employee.webFrmEmployeeSearch|fillCompanies()
2015-09-02 13:22:15.9995|DEBUG|GroupHRIS.Employee.webFrmEmployeeSearch|fillEmployeeStatus():
2015-09-02 13:22:17.0075|DEBUG|GroupHRIS.Employee.webFrmEmployeeSearch|Page_Load()
2015-09-02 13:22:18.5556|DEBUG|GroupHRIS.Employee.webFrmEmployeeSearch|Page_Load()
2015-09-02 13:23:08.6825|DEBUG|GroupHRIS.Employee.webFrmEmployeeSearch|Page_Load()
2015-09-02 13:23:08.7005|DEBUG|GroupHRIS.Employee.webFrmEmployeeSearch|fillCompanies()
2015-09-02 13:23:09.1785|DEBUG|GroupHRIS.Employee.webFrmEmployeeSearch|fillEmployeeStatus():
2015-09-02 13:23:12.3997|DEBUG|GroupHRIS.Employee.webFrmEmployeeSearch|Page_Load()
2015-09-02 13:23:12.9577|DEBUG|GroupHRIS.Employee.webFrmEmployeeSearch|Page_Load()
2015-09-02 13:23:15.0769|DEBUG|GroupHRIS.Employee.webFrmEmployeeSearch|Page_Load()
2015-09-02 13:23:18.7571|DEBUG|GroupHRIS.Employee.webFrmEmployeeSearch|Page_Load()
2015-09-02 13:23:18.7571|DEBUG|GroupHRIS.Employee.webFrmEmployeeSearch|fillCompanies()
2015-09-02 13:23:19.0871|DEBUG|GroupHRIS.Employee.webFrmEmployeeSearch|fillEmployeeStatus():
2015-09-02 13:23:20.6442|DEBUG|GroupHRIS.Employee.webFrmEmployeeSearch|Page_Load()
2015-09-02 13:23:22.7963|DEBUG|GroupHRIS.Employee.webFrmEmployeeSearch|Page_Load()
2015-09-02 13:23:25.7265|DEBUG|GroupHRIS.Employee.webFrmEmployeeSearch|Page_Load()
2015-09-02 13:23:25.7265|DEBUG|GroupHRIS.Employee.webFrmEmployeeSearch|fillCompanies()
2015-09-02 13:23:25.7785|DEBUG|GroupHRIS.Employee.webFrmEmployeeSearch|fillEmployeeStatus():
2015-09-02 13:23:27.2846|DEBUG|GroupHRIS.Employee.webFrmEmployeeSearch|Page_Load()
2015-09-02 13:23:28.1796|DEBUG|GroupHRIS.Employee.webFrmEmployeeSearch|Page_Load()
2015-09-02 13:24:30.9162|DEBUG|GroupHRIS.Employee.webFrmEmployeeSearch|Page_Load()
2015-09-02 13:24:30.9302|DEBUG|GroupHRIS.Employee.webFrmEmployeeSearch|fillCompanies()
2015-09-02 13:24:31.2082|DEBUG|GroupHRIS.Employee.webFrmEmployeeSearch|fillEmployeeStatus():
2015-09-02 13:24:32.9183|DEBUG|GroupHRIS.Employee.webFrmEmployeeSearch|Page_Load()
2015-09-02 13:24:33.8274|DEBUG|GroupHRIS.Employee.webFrmEmployeeSearch|Page_Load()
2015-09-02 13:24:36.9805|DEBUG|GroupHRIS.Employee.webFrmEmployeeSearch|Page_Load()
2015-09-02 13:24:36.9805|DEBUG|GroupHRIS.Employee.webFrmEmployeeSearch|fillCompanies()
2015-09-02 13:24:36.9956|DEBUG|GroupHRIS.Employee.webFrmEmployeeSearch|fillEmployeeStatus():
2015-09-02 13:24:38.2196|DEBUG|GroupHRIS.Employee.webFrmEmployeeSearch|Page_Load()
2015-09-02 13:24:40.1357|DEBUG|GroupHRIS.Employee.webFrmEmployeeSearch|Page_Load()
2015-09-02 13:24:48.3792|DEBUG|GroupHRIS.Employee.webFrmEmployeeSearch|Page_Load()
2015-09-02 13:24:48.3792|DEBUG|GroupHRIS.Employee.webFrmEmployeeSearch|fillCompanies()
2015-09-02 13:24:48.4272|DEBUG|GroupHRIS.Employee.webFrmEmployeeSearch|fillEmployeeStatus():
2015-09-02 13:24:49.7353|DEBUG|GroupHRIS.Employee.webFrmEmployeeSearch|Page_Load()
2015-09-02 13:24:50.9874|DEBUG|GroupHRIS.Employee.webFrmEmployeeSearch|Page_Load()
2015-09-02 13:24:51.7574|DEBUG|GroupHRIS.Employee.webFrmEmployeeSearch|Page_Load()
2015-09-02 13:25:03.9211|DEBUG|GroupHRIS.Employee.webFrmEmployeeSearch|Page_Load()
2015-09-02 13:25:03.9211|DEBUG|GroupHRIS.Employee.webFrmEmployeeSearch|fillCompanies()
2015-09-02 13:25:03.9421|DEBUG|GroupHRIS.Employee.webFrmEmployeeSearch|fillEmployeeStatus():
2015-09-02 13:25:05.0392|DEBUG|GroupHRIS.Employee.webFrmEmployeeSearch|Page_Load()
2015-09-02 13:25:07.2603|DEBUG|GroupHRIS.Employee.webFrmEmployeeSearch|Page_Load()
2015-09-02 13:27:44.7241|DEBUG|GroupHRIS.Employee.webFrmEmployeeSearch|Page_Load()
2015-09-02 13:27:44.7431|DEBUG|GroupHRIS.Employee.webFrmEmployeeSearch|fillCompanies()
2015-09-02 13:27:44.7631|DEBUG|GroupHRIS.Employee.webFrmEmployeeSearch|fillEmployeeStatus():
2015-09-02 13:27:45.8601|DEBUG|GroupHRIS.Employee.webFrmEmployeeSearch|Page_Load()
2015-09-02 13:27:48.3553|DEBUG|GroupHRIS.Employee.webFrmEmployeeSearch|Page_Load()
2015-09-02 13:28:37.1721|DEBUG|GroupHRIS.Employee.webFrmEmployeeSearch|Page_Load()
2015-09-02 13:28:37.1781|DEBUG|GroupHRIS.Employee.webFrmEmployeeSearch|fillCompanies()
2015-09-02 13:28:37.2411|DEBUG|GroupHRIS.Employee.webFrmEmployeeSearch|fillEmployeeStatus():
2015-09-02 13:28:38.4841|DEBUG|GroupHRIS.Employee.webFrmEmployeeSearch|Page_Load()
2015-09-02 13:28:39.9362|DEBUG|GroupHRIS.Employee.webFrmEmployeeSearch|Page_Load()
2015-09-02 13:28:40.9953|DEBUG|GroupHRIS.Employee.webFrmEmployeeSearch|Page_Load()
2015-09-02 13:31:51.9233|DEBUG|GroupHRIS.Employee.webFrmEmployeeSearch|Page_Load()
2015-09-02 13:31:51.9293|DEBUG|GroupHRIS.Employee.webFrmEmployeeSearch|fillCompanies()
2015-09-02 13:31:51.9603|DEBUG|GroupHRIS.Employee.webFrmEmployeeSearch|fillEmployeeStatus():
2015-09-02 13:31:53.1424|DEBUG|GroupHRIS.Employee.webFrmEmployeeSearch|Page_Load()
2015-09-02 13:31:54.6885|DEBUG|GroupHRIS.Employee.webFrmEmployeeSearch|Page_Load()
2015-09-02 13:32:52.2648|DEBUG|GroupHRIS.Employee.webFrmEmployeeSearch|Page_Load()
2015-09-02 13:32:52.2708|DEBUG|GroupHRIS.Employee.webFrmEmployeeSearch|fillCompanies()
2015-09-02 13:32:52.3128|DEBUG|GroupHRIS.Employee.webFrmEmployeeSearch|fillEmployeeStatus():
2015-09-02 13:32:54.0029|DEBUG|GroupHRIS.Employee.webFrmEmployeeSearch|Page_Load()
2015-09-02 13:32:55.8090|DEBUG|GroupHRIS.Employee.webFrmEmployeeSearch|Page_Load()
2015-09-02 13:45:40.6483|DEBUG|GroupHRIS.Employee.webFrmEmployeeSearch|Page_Load()
2015-09-02 13:45:40.6483|DEBUG|GroupHRIS.Employee.webFrmEmployeeSearch|fillCompanies()
2015-09-02 13:45:40.7023|DEBUG|GroupHRIS.Employee.webFrmEmployeeSearch|fillEmployeeStatus():
2015-09-02 13:45:41.8474|DEBUG|GroupHRIS.Employee.webFrmEmployeeSearch|Page_Load()
2015-09-02 13:45:43.1635|DEBUG|GroupHRIS.Employee.webFrmEmployeeSearch|Page_Load()
2015-09-02 13:47:31.4173|DEBUG|GroupHRIS.Employee.webFrmEmployeeSearch|Page_Load()
2015-09-02 13:47:31.4253|DEBUG|GroupHRIS.Employee.webFrmEmployeeSearch|fillCompanies()
2015-09-02 13:47:31.4763|DEBUG|GroupHRIS.Employee.webFrmEmployeeSearch|fillEmployeeStatus():
2015-09-02 13:47:32.8054|DEBUG|GroupHRIS.Employee.webFrmEmployeeSearch|Page_Load()
2015-09-02 13:47:34.2025|DEBUG|GroupHRIS.Employee.webFrmEmployeeSearch|Page_Load()
2015-09-02 13:49:23.4544|DEBUG|GroupHRIS.Employee.webFrmEmployeeSearch|Page_Load()
2015-09-02 13:49:23.4704|DEBUG|GroupHRIS.Employee.webFrmEmployeeSearch|fillCompanies()
2015-09-02 13:49:23.4814|DEBUG|GroupHRIS.Employee.webFrmEmployeeSearch|fillEmployeeStatus():
2015-09-02 13:49:24.7065|DEBUG|GroupHRIS.Employee.webFrmEmployeeSearch|Page_Load()
2015-09-02 13:49:26.2986|DEBUG|GroupHRIS.Employee.webFrmEmployeeSearch|Page_Load()
2015-09-02 13:49:29.9988|DEBUG|GroupHRIS.Employee.webFrmEmployeeSearch|Page_Load()
2015-09-02 13:49:30.0118|DEBUG|GroupHRIS.Employee.webFrmEmployeeSearch|fillCompanies()
2015-09-02 13:49:30.0588|DEBUG|GroupHRIS.Employee.webFrmEmployeeSearch|fillEmployeeStatus():
2015-09-02 13:49:31.1619|DEBUG|GroupHRIS.Employee.webFrmEmployeeSearch|Page_Load()
2015-09-02 13:49:32.6209|DEBUG|GroupHRIS.Employee.webFrmEmployeeSearch|Page_Load()
2015-09-02 13:51:24.9327|DEBUG|GroupHRIS.Employee.webFrmEmployeeSearch|Page_Load()
2015-09-02 13:51:24.9467|DEBUG|GroupHRIS.Employee.webFrmEmployeeSearch|fillCompanies()
2015-09-02 13:51:26.8899|DEBUG|GroupHRIS.Employee.webFrmEmployeeSearch|fillEmployeeStatus():
2015-09-02 13:51:29.0450|DEBUG|GroupHRIS.Employee.webFrmEmployeeSearch|Page_Load()
2015-09-02 13:51:31.3051|DEBUG|GroupHRIS.Employee.webFrmEmployeeSearch|Page_Load()
2015-09-02 13:51:32.1642|DEBUG|GroupHRIS.Employee.webFrmEmployeeSearch|Page_Load()
2015-09-02 13:56:13.4644|DEBUG|GroupHRIS.Employee.webFrmEmployeeSearch|Page_Load()
2015-09-02 13:56:13.4704|DEBUG|GroupHRIS.Employee.webFrmEmployeeSearch|fillCompanies()
2015-09-02 13:56:13.4894|DEBUG|GroupHRIS.Employee.webFrmEmployeeSearch|fillEmployeeStatus():
2015-09-02 13:56:14.6494|DEBUG|GroupHRIS.Employee.webFrmEmployeeSearch|Page_Load()
2015-09-02 13:56:17.2456|DEBUG|GroupHRIS.Employee.webFrmEmployeeSearch|Page_Load()
2015-09-02 13:56:21.4518|DEBUG|GroupHRIS.Employee.webFrmEmployeeSearch|Page_Load()
2015-09-02 13:56:21.4518|DEBUG|GroupHRIS.Employee.webFrmEmployeeSearch|fillCompanies()
2015-09-02 13:56:21.4688|DEBUG|GroupHRIS.Employee.webFrmEmployeeSearch|fillEmployeeStatus():
2015-09-02 13:56:22.7119|DEBUG|GroupHRIS.Employee.webFrmEmployeeSearch|Page_Load()
2015-09-02 13:56:25.1550|DEBUG|GroupHRIS.Employee.webFrmEmployeeSearch|Page_Load()
2015-09-02 13:56:26.9601|DEBUG|GroupHRIS.Employee.webFrmEmployeeSearch|Page_Load()
2015-09-02 13:57:57.0972|DEBUG|DataHandler.Attendance.AttendanceSummaryHandler|getCultryDate ->
2015-09-02 14:10:01.2725|DEBUG|DataHandler.Attendance.AttendanceSummaryHandler|getCultryDate ->
2015-09-02 14:42:05.2066|DEBUG|GroupHRIS.Employee.webFrmEmployeeSearch|Page_Load()
2015-09-02 14:42:05.2156|DEBUG|GroupHRIS.Employee.webFrmEmployeeSearch|fillCompanies()
2015-09-02 14:42:05.2846|DEBUG|GroupHRIS.Employee.webFrmEmployeeSearch|fillEmployeeStatus():
2015-09-02 14:42:06.4937|DEBUG|GroupHRIS.Employee.webFrmEmployeeSearch|Page_Load()
2015-09-02 14:42:08.4518|DEBUG|GroupHRIS.Employee.webFrmEmployeeSearch|Page_Load()
2015-09-02 14:42:10.9419|DEBUG|GroupHRIS.Employee.webFrmEmployeeSearch|Page_Load()
2015-09-02 14:42:10.9419|DEBUG|GroupHRIS.Employee.webFrmEmployeeSearch|fillCompanies()
2015-09-02 14:42:10.9789|DEBUG|GroupHRIS.Employee.webFrmEmployeeSearch|fillEmployeeStatus():
2015-09-02 14:42:12.1650|DEBUG|GroupHRIS.Employee.webFrmEmployeeSearch|Page_Load()
2015-09-02 14:42:13.9791|DEBUG|GroupHRIS.Employee.webFrmEmployeeSearch|Page_Load()
2015-09-02 14:48:05.7385|DEBUG|GroupHRIS.Employee.webFrmEmployeeSearch|Page_Load()
2015-09-02 14:48:05.7525|DEBUG|GroupHRIS.Employee.webFrmEmployeeSearch|fillCompanies()
2015-09-02 14:48:05.7705|DEBUG|GroupHRIS.Employee.webFrmEmployeeSearch|fillEmployeeStatus():
2015-09-02 14:48:07.3716|DEBUG|GroupHRIS.Employee.webFrmEmployeeSearch|Page_Load()
2015-09-02 14:48:09.2967|DEBUG|GroupHRIS.Employee.webFrmEmployeeSearch|Page_Load()
2015-09-02 14:48:12.7549|DEBUG|GroupHRIS.Employee.webFrmEmployeeSearch|Page_Load()
2015-09-02 14:48:12.7549|DEBUG|GroupHRIS.Employee.webFrmEmployeeSearch|fillCompanies()
2015-09-02 14:48:12.8149|DEBUG|GroupHRIS.Employee.webFrmEmployeeSearch|fillEmployeeStatus():
2015-09-02 14:48:14.0180|DEBUG|GroupHRIS.Employee.webFrmEmployeeSearch|Page_Load()
2015-09-02 14:48:15.8251|DEBUG|GroupHRIS.Employee.webFrmEmployeeSearch|Page_Load()
2015-09-02 14:48:24.9886|DEBUG|GroupHRIS.Employee.webFrmEmployeeSearch|Page_Load()
2015-09-02 14:48:24.9886|DEBUG|GroupHRIS.Employee.webFrmEmployeeSearch|fillCompanies()
2015-09-02 14:48:25.0076|DEBUG|GroupHRIS.Employee.webFrmEmployeeSearch|fillEmployeeStatus():
2015-09-02 14:48:27.9498|DEBUG|GroupHRIS.Employee.webFrmEmployeeSearch|Page_Load()
2015-09-02 14:48:27.9498|DEBUG|GroupHRIS.Employee.webFrmEmployeeSearch|ddlCompany_SelectedIndexChanged()
2015-09-02 14:48:27.9498|DEBUG|GroupHRIS.Employee.webFrmEmployeeSearch|fillDepartment() - companyId:CP60
2015-09-02 14:48:28.0008|DEBUG|GroupHRIS.Employee.webFrmEmployeeSearch|fillDesignations() - companyID:CP60
2015-09-02 14:48:28.7168|DEBUG|GroupHRIS.Employee.webFrmEmployeeSearch|Page_Load()
2015-09-02 14:48:30.8249|DEBUG|GroupHRIS.Employee.webFrmEmployeeSearch|Page_Load()
2015-09-02 14:48:31.6350|DEBUG|GroupHRIS.Employee.webFrmEmployeeSearch|Page_Load()
2015-09-02 14:48:34.4201|DEBUG|GroupHRIS.Employee.webFrmEmployeeSearch|Page_Load()
2015-09-02 14:48:34.4201|DEBUG|GroupHRIS.Employee.webFrmEmployeeSearch|fillCompanies()
2015-09-02 14:48:34.5421|DEBUG|GroupHRIS.Employee.webFrmEmployeeSearch|fillEmployeeStatus():
2015-09-02 14:48:35.9312|DEBUG|GroupHRIS.Employee.webFrmEmployeeSearch|Page_Load()
2015-09-02 14:48:38.8744|DEBUG|GroupHRIS.Employee.webFrmEmployeeSearch|Page_Load()
2015-09-02 14:54:02.9165|DEBUG|DataHandler.Attendance.AttendanceSummaryHandler|getCultryDate ->
2015-09-02 14:54:27.1409|DEBUG|DataHandler.Attendance.AttendanceSummaryHandler|getCultryDate ->
2015-09-02 14:55:29.6281|DEBUG|DataHandler.Attendance.AttendanceSummaryHandler|getCultryDate ->
2015-09-02 14:55:52.6850|DEBUG|DataHandler.Attendance.AttendanceSummaryHandler|getCultryDate ->
2015-09-02 14:55:57.2558|DEBUG|DataHandler.Attendance.AttendanceSummaryHandler|getCultryDate ->
2015-09-02 15:03:28.2698|DEBUG|GroupHRIS.Employee.webFrmEmployeeSearch|Page_Load()
2015-09-02 15:03:28.2778|DEBUG|GroupHRIS.Employee.webFrmEmployeeSearch|fillCompanies()
2015-09-02 15:03:28.2968|DEBUG|GroupHRIS.Employee.webFrmEmployeeSearch|fillEmployeeStatus():
2015-09-02 15:03:29.6929|DEBUG|GroupHRIS.Employee.webFrmEmployeeSearch|Page_Load()
2015-09-02 15:03:30.8889|DEBUG|GroupHRIS.Employee.webFrmEmployeeSearch|Page_Load()
2015-09-02 15:04:04.6439|DEBUG|GroupHRIS.Employee.webFrmEmployeeSearch|Page_Load()
2015-09-02 15:04:04.6579|DEBUG|GroupHRIS.Employee.webFrmEmployeeSearch|fillCompanies()
2015-09-02 15:04:04.7429|DEBUG|GroupHRIS.Employee.webFrmEmployeeSearch|fillEmployeeStatus():
2015-09-02 15:04:05.7979|DEBUG|GroupHRIS.Employee.webFrmEmployeeSearch|Page_Load()
2015-09-02 15:04:06.9030|DEBUG|GroupHRIS.Employee.webFrmEmployeeSearch|Page_Load()
2015-09-02 15:04:11.1692|DEBUG|GroupHRIS.Employee.webFrmEmployeeSearch|Page_Load()
2015-09-02 15:04:11.1692|DEBUG|GroupHRIS.Employee.webFrmEmployeeSearch|fillCompanies()
2015-09-02 15:04:11.1872|DEBUG|GroupHRIS.Employee.webFrmEmployeeSearch|fillEmployeeStatus():
2015-09-02 15:04:12.4573|DEBUG|GroupHRIS.Employee.webFrmEmployeeSearch|Page_Load()
2015-09-02 15:04:14.3564|DEBUG|GroupHRIS.Employee.webFrmEmployeeSearch|Page_Load()
2015-09-02 15:04:59.2520|DEBUG|GroupHRIS.Employee.webFrmEmployeeSearch|Page_Load()
2015-09-02 15:04:59.2580|DEBUG|GroupHRIS.Employee.webFrmEmployeeSearch|fillCompanies()
2015-09-02 15:04:59.2790|DEBUG|GroupHRIS.Employee.webFrmEmployeeSearch|fillEmployeeStatus():
2015-09-02 15:05:00.7061|DEBUG|GroupHRIS.Employee.webFrmEmployeeSearch|Page_Load()
2015-09-02 15:05:02.1501|DEBUG|GroupHRIS.Employee.webFrmEmployeeSearch|Page_Load()
2015-09-02 15:05:27.5636|DEBUG|GroupHRIS.Employee.webFrmEmployeeSearch|Page_Load()
2015-09-02 15:05:27.5706|DEBUG|GroupHRIS.Employee.webFrmEmployeeSearch|fillCompanies()
2015-09-02 15:05:27.9596|DEBUG|GroupHRIS.Employee.webFrmEmployeeSearch|fillEmployeeStatus():
2015-09-02 15:05:29.0757|DEBUG|GroupHRIS.Employee.webFrmEmployeeSearch|Page_Load()
2015-09-02 15:05:31.2038|DEBUG|GroupHRIS.Employee.webFrmEmployeeSearch|Page_Load()
2015-09-02 15:05:35.6431|DEBUG|GroupHRIS.Employee.webFrmEmployeeSearch|Page_Load()
2015-09-02 15:05:35.6431|DEBUG|GroupHRIS.Employee.webFrmEmployeeSearch|fillCompanies()
2015-09-02 15:05:35.7051|DEBUG|GroupHRIS.Employee.webFrmEmployeeSearch|fillEmployeeStatus():
2015-09-02 15:05:37.0411|DEBUG|GroupHRIS.Employee.webFrmEmployeeSearch|Page_Load()
2015-09-02 15:05:38.1852|DEBUG|GroupHRIS.Employee.webFrmEmployeeSearch|Page_Load()
2015-09-02 15:05:39.2113|DEBUG|GroupHRIS.Employee.webFrmEmployeeSearch|Page_Load()
2015-09-02 15:07:44.1366|DEBUG|DataHandler.Attendance.AttendanceSummaryHandler|getCultryDate ->
2015-09-02 15:30:58.2992|DEBUG|GroupHRIS.Employee.webFrmEmployeeSearch|Page_Load()
2015-09-02 15:30:58.3148|DEBUG|GroupHRIS.Employee.webFrmEmployeeSearch|fillCompanies()
2015-09-02 15:30:58.3304|DEBUG|GroupHRIS.Employee.webFrmEmployeeSearch|fillEmployeeStatus():
2015-09-02 15:30:59.7813|DEBUG|GroupHRIS.Employee.webFrmEmployeeSearch|Page_Load()
2015-09-02 15:31:02.1213|DEBUG|GroupHRIS.Employee.webFrmEmployeeSearch|Page_Load()
2015-09-02 15:37:23.9721|DEBUG|DataHandler.Attendance.AttendanceSummaryHandler|getCultryDate ->
2015-09-02 15:39:58.8615|DEBUG|GroupHRIS.Roster.webFrmMultipleRosterAssignment|IP:127.0.0.1webFrmEmployee : Page_Load
2015-09-02 15:39:58.8615|DEBUG|GroupHRIS.Roster.webFrmMultipleRosterAssignment|webFrmEmployeeLeaveSheet : createRosterBucket()
2015-09-02 15:40:02.3677|DEBUG|GroupHRIS.Employee.webFrmEmployeeSearch|Page_Load()
2015-09-02 15:40:02.3677|DEBUG|GroupHRIS.Employee.webFrmEmployeeSearch|fillCompanies()
2015-09-02 15:40:02.3937|DEBUG|GroupHRIS.Employee.webFrmEmployeeSearch|fillEmployeeStatus():
2015-09-02 15:40:05.6569|DEBUG|GroupHRIS.Employee.webFrmEmployeeSearch|Page_Load()
2015-09-02 15:40:05.6569|DEBUG|GroupHRIS.Employee.webFrmEmployeeSearch|ddlCompany_SelectedIndexChanged()
2015-09-02 15:40:05.6569|DEBUG|GroupHRIS.Employee.webFrmEmployeeSearch|fillDepartment() - companyId:CP60
2015-09-02 15:40:05.6599|DEBUG|GroupHRIS.Employee.webFrmEmployeeSearch|fillDesignations() - companyID:CP60
2015-09-02 15:40:06.6719|DEBUG|GroupHRIS.Employee.webFrmEmployeeSearch|Page_Load()
2015-09-02 15:40:09.4431|DEBUG|GroupHRIS.Employee.webFrmEmployeeSearch|Page_Load()
2015-09-02 15:40:10.4011|DEBUG|GroupHRIS.Roster.webFrmMultipleRosterAssignment|IP:127.0.0.1webFrmEmployee : Page_Load
2015-09-02 15:40:10.4301|DEBUG|GroupHRIS.Roster.webFrmMultipleRosterAssignment|fillRosters()
2015-09-02 15:40:12.3402|DEBUG|GroupHRIS.Roster.webFrmMultipleRosterAssignment|IP:127.0.0.1webFrmEmployee : Page_Load
2015-09-02 15:40:14.2183|DEBUG|GroupHRIS.Roster.webFrmMultipleRosterAssignment|IP:127.0.0.1webFrmEmployee : Page_Load
2015-09-02 15:40:15.6554|DEBUG|GroupHRIS.Employee.webFrmEmployeeSearch|Page_Load()
2015-09-02 15:40:16.5705|DEBUG|GroupHRIS.Roster.webFrmMultipleRosterAssignment|IP:127.0.0.1webFrmEmployee : Page_Load
2015-09-02 15:40:19.7397|DEBUG|GroupHRIS.Roster.webFrmMultipleRosterAssignment|IP:127.0.0.1webFrmEmployee : Page_Load
2015-09-02 15:40:29.6912|DEBUG|GroupHRIS.Roster.webFrmMultipleRosterAssignment|IP:127.0.0.1webFrmEmployee : Page_Load
2015-09-02 15:40:32.8804|DEBUG|GroupHRIS.Roster.webFrmMultipleRosterAssignment|IP:127.0.0.1webFrmEmployee : Page_Load
2015-09-02 15:40:48.8133|DEBUG|GroupHRIS.Roster.webFrmMultipleRosterAssignment|IP:127.0.0.1webFrmEmployee : Page_Load
2015-09-02 15:40:54.9407|DEBUG|GroupHRIS.Roster.webFrmMultipleRosterAssignment|IP:127.0.0.1webFrmEmployee : Page_Load
2015-09-02 15:40:57.8848|DEBUG|GroupHRIS.Employee.webFrmEmployeeSearch|Page_Load()
2015-09-02 15:40:57.8848|DEBUG|GroupHRIS.Employee.webFrmEmployeeSearch|fillCompanies()
2015-09-02 15:40:57.9308|DEBUG|GroupHRIS.Employee.webFrmEmployeeSearch|fillEmployeeStatus():
2015-09-02 15:40:59.0359|DEBUG|GroupHRIS.Employee.webFrmEmployeeSearch|Page_Load()
2015-09-02 15:41:01.4780|DEBUG|GroupHRIS.Employee.webFrmEmployeeSearch|Page_Load()
2015-09-02 15:41:01.4780|DEBUG|GroupHRIS.Employee.webFrmEmployeeSearch|ddlCompany_SelectedIndexChanged()
2015-09-02 15:41:01.4780|DEBUG|GroupHRIS.Employee.webFrmEmployeeSearch|fillDepartment() - companyId:CP60
2015-09-02 15:41:01.5150|DEBUG|GroupHRIS.Employee.webFrmEmployeeSearch|fillDesignations() - companyID:CP60
2015-09-02 15:41:02.4581|DEBUG|GroupHRIS.Employee.webFrmEmployeeSearch|Page_Load()
2015-09-02 15:41:03.5632|DEBUG|GroupHRIS.Employee.webFrmEmployeeSearch|Page_Load()
2015-09-02 15:41:04.2132|DEBUG|GroupHRIS.Roster.webFrmMultipleRosterAssignment|IP:127.0.0.1webFrmEmployee : Page_Load
2015-09-02 15:41:08.0964|DEBUG|GroupHRIS.Roster.webFrmMultipleRosterAssignment|IP:127.0.0.1webFrmEmployee : Page_Load
2015-09-02 15:41:09.5145|DEBUG|GroupHRIS.Roster.webFrmMultipleRosterAssignment|IP:127.0.0.1webFrmEmployee : Page_Load
2015-09-02 15:41:13.4387|DEBUG|GroupHRIS.Roster.webFrmMultipleRosterAssignment|IP:127.0.0.1webFrmEmployee : Page_Load
