2015-06-05 09:08:04.1002|DEBUG|DataHandler.Attendance.AttendanceSummaryHandler|AttendanceSummaryHandler : getCultryDate ->
2015-06-05 09:08:54.4371|DEBUG|GroupHRIS.Employee.webFrmEmployeeSearch|Page_Load()
2015-06-05 09:08:54.4371|DEBUG|GroupHRIS.Employee.webFrmEmployeeSearch|fillCompanies()
2015-06-05 09:08:54.4501|DEBUG|GroupHRIS.Employee.webFrmEmployeeSearch|fillEmployeeStatus():
2015-06-05 09:08:55.8802|DEBUG|GroupHRIS.Employee.webFrmEmployeeSearch|Page_Load()
2015-06-05 09:08:57.2112|DEBUG|GroupHRIS.Employee.webFrmEmployeeSearch|Page_Load()
2015-06-05 09:11:01.6404|DEBUG|DataHandler.Attendance.AttendanceSummaryHandler|AttendanceSummaryHandler : getCultryDate ->
2015-06-05 09:11:09.6758|DEBUG|GroupHRIS.Employee.webFrmEmployeeSearch|Page_Load()
2015-06-05 09:11:48.0060|DEBUG|DataHandler.Attendance.AttendanceSummaryHandler|AttendanceSummaryHandler : getCultryDate ->
2015-06-05 09:12:00.7537|DEBUG|GroupHRIS.Employee.webFrmEmployeeSearch|Page_Load()
2015-06-05 09:12:37.2798|DEBUG|DataHandler.Attendance.AttendanceSummaryHandler|AttendanceSummaryHandler : getCultryDate ->
2015-06-05 09:12:50.4646|DEBUG|GroupHRIS.Employee.webFrmEmployeeSearch|Page_Load()
2015-06-05 09:13:27.3287|DEBUG|DataHandler.Attendance.AttendanceSummaryHandler|AttendanceSummaryHandler : getCultryDate ->
2015-06-05 09:13:38.2253|DEBUG|GroupHRIS.Employee.webFrmEmployeeSearch|Page_Load()
2015-06-05 09:16:04.3697|DEBUG|DataHandler.Attendance.AttendanceSummaryHandler|AttendanceSummaryHandler : getCultryDate ->
2015-06-05 09:16:16.9114|DEBUG|GroupHRIS.Employee.webFrmEmployeeSearch|Page_Load()
2015-06-05 09:16:16.9114|DEBUG|GroupHRIS.Employee.webFrmEmployeeSearch|fillCompanies()
2015-06-05 09:16:16.9284|DEBUG|GroupHRIS.Employee.webFrmEmployeeSearch|fillEmployeeStatus():
2015-06-05 09:16:27.2800|DEBUG|GroupHRIS.Employee.webFrmEmployeeSearch|Page_Load()
2015-06-05 09:16:28.8051|DEBUG|GroupHRIS.Employee.webFrmEmployeeSearch|Page_Load()
2015-06-05 09:42:04.1489|DEBUG|DataHandler.Attendance.AttendanceSummaryHandler|AttendanceSummaryHandler : getCultryDate ->
2015-06-05 09:42:11.5923|DEBUG|DataHandler.Attendance.AttendanceSummaryHandler|AttendanceSummaryHandler : getCultryDate ->
2015-06-05 09:42:21.7549|DEBUG|DataHandler.Attendance.AttendanceSummaryHandler|AttendanceSummaryHandler : getCultryDate ->
2015-06-05 09:42:30.9514|DEBUG|GroupHRIS.Employee.webFrmEmployeeSearch|Page_Load()
2015-06-05 09:42:30.9514|DEBUG|GroupHRIS.Employee.webFrmEmployeeSearch|fillCompanies()
2015-06-05 09:42:31.0684|DEBUG|GroupHRIS.Employee.webFrmEmployeeSearch|fillEmployeeStatus():
2015-06-05 09:42:32.4955|DEBUG|GroupHRIS.Employee.webFrmEmployeeSearch|Page_Load()
2015-06-05 09:42:33.7136|DEBUG|GroupHRIS.Employee.webFrmEmployeeSearch|Page_Load()
2015-06-05 09:42:34.4546|DEBUG|GroupHRIS.Employee.webFrmEmployeeSearch|Page_Load()
2015-06-05 09:43:39.0831|DEBUG|DataHandler.Attendance.AttendanceSummaryHandler|AttendanceSummaryHandler : getCultryDate ->
2015-06-05 09:43:47.7456|DEBUG|GroupHRIS.Employee.webFrmEmployeeSearch|Page_Load()
2015-06-05 09:43:47.7546|DEBUG|GroupHRIS.Employee.webFrmEmployeeSearch|fillCompanies()
2015-06-05 09:43:47.7706|DEBUG|GroupHRIS.Employee.webFrmEmployeeSearch|fillEmployeeStatus():
2015-06-05 09:43:50.5398|DEBUG|GroupHRIS.Employee.webFrmEmployeeSearch|Page_Load()
2015-06-05 09:43:51.8678|DEBUG|GroupHRIS.Employee.webFrmEmployeeSearch|Page_Load()
2015-06-05 09:44:11.3740|DEBUG|DataHandler.Attendance.AttendanceSummaryHandler|AttendanceSummaryHandler : getCultryDate ->
2015-06-05 09:44:19.2414|DEBUG|GroupHRIS.Employee.webFrmEmployeeSearch|Page_Load()
2015-06-05 09:44:19.2414|DEBUG|GroupHRIS.Employee.webFrmEmployeeSearch|fillCompanies()
2015-06-05 09:44:19.2674|DEBUG|GroupHRIS.Employee.webFrmEmployeeSearch|fillEmployeeStatus():
2015-06-05 09:44:20.4695|DEBUG|GroupHRIS.Employee.webFrmEmployeeSearch|Page_Load()
2015-06-05 09:44:22.0246|DEBUG|GroupHRIS.Employee.webFrmEmployeeSearch|Page_Load()
2015-06-05 11:22:04.5884|DEBUG|DataHandler.Attendance.AttendanceSummaryHandler|AttendanceSummaryHandler : getCultryDate ->
2015-06-05 11:22:14.3800|DEBUG|GroupHRIS.Employee.webFrmEmployeeSearch|Page_Load()
2015-06-05 11:22:14.3800|DEBUG|GroupHRIS.Employee.webFrmEmployeeSearch|fillCompanies()
2015-06-05 11:22:14.4700|DEBUG|GroupHRIS.Employee.webFrmEmployeeSearch|fillEmployeeStatus():
2015-06-05 11:22:15.7400|DEBUG|GroupHRIS.Employee.webFrmEmployeeSearch|Page_Load()
2015-06-05 11:22:16.7131|DEBUG|GroupHRIS.Employee.webFrmEmployeeSearch|Page_Load()
2015-06-05 11:22:38.1113|DEBUG|DataHandler.Attendance.AttendanceSummaryHandler|AttendanceSummaryHandler : getCultryDate ->
2015-06-05 11:22:40.8885|DEBUG|GroupHRIS.Employee.webFrmEmployeeSearch|Page_Load()
2015-06-05 11:22:40.8885|DEBUG|GroupHRIS.Employee.webFrmEmployeeSearch|fillCompanies()
2015-06-05 11:22:41.0045|DEBUG|GroupHRIS.Employee.webFrmEmployeeSearch|fillEmployeeStatus():
2015-06-05 11:22:42.4216|DEBUG|GroupHRIS.Employee.webFrmEmployeeSearch|Page_Load()
2015-06-05 11:22:43.4586|DEBUG|GroupHRIS.Employee.webFrmEmployeeSearch|Page_Load()
2015-06-05 11:30:57.5286|DEBUG|DataHandler.Attendance.AttendanceSummaryHandler|AttendanceSummaryHandler : getCultryDate ->
2015-06-05 11:31:02.7679|DEBUG|DataHandler.Attendance.AttendanceSummaryHandler|AttendanceSummaryHandler : getCultryDate ->
2015-06-05 11:31:17.8898|DEBUG|GroupHRIS.Employee.webFrmEmployeeSearch|Page_Load()
2015-06-05 11:31:17.8898|DEBUG|GroupHRIS.Employee.webFrmEmployeeSearch|fillCompanies()
2015-06-05 11:31:18.0068|DEBUG|GroupHRIS.Employee.webFrmEmployeeSearch|fillEmployeeStatus():
2015-06-05 11:31:19.4429|DEBUG|GroupHRIS.Employee.webFrmEmployeeSearch|Page_Load()
2015-06-05 11:31:20.2279|DEBUG|GroupHRIS.Employee.webFrmEmployeeSearch|Page_Load()
2015-06-05 11:32:02.9514|DEBUG|DataHandler.Attendance.AttendanceSummaryHandler|AttendanceSummaryHandler : getCultryDate ->
2015-06-05 11:32:13.1950|DEBUG|GroupHRIS.Employee.webFrmEmployeeSearch|Page_Load()
2015-06-05 11:32:13.1990|DEBUG|GroupHRIS.Employee.webFrmEmployeeSearch|fillCompanies()
2015-06-05 11:32:13.3060|DEBUG|GroupHRIS.Employee.webFrmEmployeeSearch|fillEmployeeStatus():
2015-06-05 11:32:15.1041|DEBUG|GroupHRIS.Employee.webFrmEmployeeSearch|Page_Load()
2015-06-05 11:32:16.2071|DEBUG|GroupHRIS.Employee.webFrmEmployeeSearch|Page_Load()
2015-06-05 11:32:27.7698|DEBUG|DataHandler.Attendance.AttendanceSummaryHandler|AttendanceSummaryHandler : getCultryDate ->
2015-06-05 11:32:36.1373|DEBUG|GroupHRIS.Employee.webFrmEmployeeSearch|Page_Load()
2015-06-05 11:32:36.1373|DEBUG|GroupHRIS.Employee.webFrmEmployeeSearch|fillCompanies()
2015-06-05 11:32:36.3473|DEBUG|GroupHRIS.Employee.webFrmEmployeeSearch|fillEmployeeStatus():
2015-06-05 11:32:37.6994|DEBUG|GroupHRIS.Employee.webFrmEmployeeSearch|Page_Load()
2015-06-05 11:32:39.0434|DEBUG|GroupHRIS.Employee.webFrmEmployeeSearch|Page_Load()
2015-06-05 11:32:39.8595|DEBUG|GroupHRIS.Employee.webFrmEmployeeSearch|Page_Load()
2015-06-05 11:32:55.3204|DEBUG|DataHandler.Attendance.AttendanceSummaryHandler|AttendanceSummaryHandler : getCultryDate ->
2015-06-05 11:33:07.1951|DEBUG|GroupHRIS.Employee.webFrmEmployeeSearch|Page_Load()
2015-06-05 11:33:07.1951|DEBUG|GroupHRIS.Employee.webFrmEmployeeSearch|fillCompanies()
2015-06-05 11:33:07.6111|DEBUG|GroupHRIS.Employee.webFrmEmployeeSearch|fillEmployeeStatus():
2015-06-05 11:33:24.5276|DEBUG|GroupHRIS.Employee.webFrmEmployeeSearch|Page_Load()
2015-06-05 11:33:25.6352|DEBUG|GroupHRIS.Employee.webFrmEmployeeSearch|Page_Load()
2015-06-05 11:33:26.3996|DEBUG|GroupHRIS.Employee.webFrmEmployeeSearch|Page_Load()
2015-06-05 11:33:37.8033|DEBUG|DataHandler.Attendance.AttendanceSummaryHandler|AttendanceSummaryHandler : getCultryDate ->
2015-06-05 11:33:45.9621|DEBUG|GroupHRIS.Employee.webFrmEmployeeSearch|Page_Load()
2015-06-05 11:33:45.9621|DEBUG|GroupHRIS.Employee.webFrmEmployeeSearch|fillCompanies()
2015-06-05 11:33:46.0557|DEBUG|GroupHRIS.Employee.webFrmEmployeeSearch|fillEmployeeStatus():
2015-06-05 11:33:47.3973|DEBUG|GroupHRIS.Employee.webFrmEmployeeSearch|Page_Load()
2015-06-05 11:33:48.6297|DEBUG|GroupHRIS.Employee.webFrmEmployeeSearch|Page_Load()
2015-06-05 11:35:09.8031|DEBUG|DataHandler.Attendance.AttendanceSummaryHandler|AttendanceSummaryHandler : getCultryDate ->
2015-06-05 11:35:18.6016|DEBUG|GroupHRIS.Employee.webFrmEmployeeSearch|Page_Load()
2015-06-05 11:35:18.6016|DEBUG|GroupHRIS.Employee.webFrmEmployeeSearch|fillCompanies()
2015-06-05 11:35:18.7786|DEBUG|GroupHRIS.Employee.webFrmEmployeeSearch|fillEmployeeStatus():
2015-06-05 11:35:20.1017|DEBUG|GroupHRIS.Employee.webFrmEmployeeSearch|Page_Load()
2015-06-05 11:35:21.3857|DEBUG|GroupHRIS.Employee.webFrmEmployeeSearch|Page_Load()
2015-06-05 11:36:20.2131|DEBUG|DataHandler.Attendance.AttendanceSummaryHandler|AttendanceSummaryHandler : getCultryDate ->
2015-06-05 11:36:27.2885|DEBUG|GroupHRIS.Employee.webFrmEmployeeSearch|Page_Load()
2015-06-05 11:36:27.2885|DEBUG|GroupHRIS.Employee.webFrmEmployeeSearch|fillCompanies()
2015-06-05 11:36:27.4125|DEBUG|GroupHRIS.Employee.webFrmEmployeeSearch|fillEmployeeStatus():
2015-06-05 11:36:29.1296|DEBUG|GroupHRIS.Employee.webFrmEmployeeSearch|Page_Load()
2015-06-05 11:36:30.3637|DEBUG|GroupHRIS.Employee.webFrmEmployeeSearch|Page_Load()
2015-06-05 11:39:35.5129|DEBUG|DataHandler.Attendance.AttendanceSummaryHandler|AttendanceSummaryHandler : getCultryDate ->
2015-06-05 11:39:44.4034|DEBUG|GroupHRIS.Employee.webFrmEmployeeSearch|Page_Load()
2015-06-05 11:39:44.4034|DEBUG|GroupHRIS.Employee.webFrmEmployeeSearch|fillCompanies()
2015-06-05 11:39:44.5745|DEBUG|GroupHRIS.Employee.webFrmEmployeeSearch|fillEmployeeStatus():
2015-06-05 11:39:45.8835|DEBUG|GroupHRIS.Employee.webFrmEmployeeSearch|Page_Load()
2015-06-05 11:39:47.3206|DEBUG|GroupHRIS.Employee.webFrmEmployeeSearch|Page_Load()
2015-06-05 11:46:42.1552|DEBUG|DataHandler.Attendance.AttendanceSummaryHandler|AttendanceSummaryHandler : getCultryDate ->
2015-06-05 11:46:52.8758|DEBUG|GroupHRIS.Employee.webFrmEmployeeSearch|Page_Load()
2015-06-05 11:46:52.8758|DEBUG|GroupHRIS.Employee.webFrmEmployeeSearch|fillCompanies()
2015-06-05 11:46:53.0168|DEBUG|GroupHRIS.Employee.webFrmEmployeeSearch|fillEmployeeStatus():
2015-06-05 11:46:54.3849|DEBUG|GroupHRIS.Employee.webFrmEmployeeSearch|Page_Load()
2015-06-05 11:46:55.2950|DEBUG|GroupHRIS.Employee.webFrmEmployeeSearch|Page_Load()
2015-06-05 11:47:54.7234|DEBUG|DataHandler.Attendance.AttendanceSummaryHandler|AttendanceSummaryHandler : getCultryDate ->
2015-06-05 11:47:57.6105|DEBUG|DataHandler.Attendance.AttendanceSummaryHandler|AttendanceSummaryHandler : getCultryDate ->
2015-06-05 11:48:08.2902|DEBUG|GroupHRIS.Employee.webFrmEmployeeSearch|Page_Load()
2015-06-05 11:48:08.2902|DEBUG|GroupHRIS.Employee.webFrmEmployeeSearch|fillCompanies()
2015-06-05 11:48:08.4142|DEBUG|GroupHRIS.Employee.webFrmEmployeeSearch|fillEmployeeStatus():
2015-06-05 11:48:09.8132|DEBUG|GroupHRIS.Employee.webFrmEmployeeSearch|Page_Load()
2015-06-05 11:48:10.7893|DEBUG|GroupHRIS.Employee.webFrmEmployeeSearch|Page_Load()
2015-06-05 11:48:11.6083|DEBUG|GroupHRIS.Employee.webFrmEmployeeSearch|Page_Load()
2015-06-05 11:52:10.1675|DEBUG|DataHandler.Attendance.AttendanceSummaryHandler|AttendanceSummaryHandler : getCultryDate ->
2015-06-05 11:52:18.1440|DEBUG|GroupHRIS.Employee.webFrmEmployeeSearch|Page_Load()
2015-06-05 11:52:18.1440|DEBUG|GroupHRIS.Employee.webFrmEmployeeSearch|fillCompanies()
2015-06-05 11:52:18.2800|DEBUG|GroupHRIS.Employee.webFrmEmployeeSearch|fillEmployeeStatus():
2015-06-05 11:52:19.5180|DEBUG|GroupHRIS.Employee.webFrmEmployeeSearch|Page_Load()
2015-06-05 11:52:20.7161|DEBUG|GroupHRIS.Employee.webFrmEmployeeSearch|Page_Load()
2015-06-05 11:57:37.2862|DEBUG|DataHandler.Attendance.AttendanceSummaryHandler|AttendanceSummaryHandler : getCultryDate ->
2015-06-05 11:57:44.6776|DEBUG|GroupHRIS.Employee.webFrmEmployeeSearch|Page_Load()
2015-06-05 11:57:44.6776|DEBUG|GroupHRIS.Employee.webFrmEmployeeSearch|fillCompanies()
2015-06-05 11:57:44.8076|DEBUG|GroupHRIS.Employee.webFrmEmployeeSearch|fillEmployeeStatus():
2015-06-05 11:57:46.1027|DEBUG|GroupHRIS.Employee.webFrmEmployeeSearch|Page_Load()
2015-06-05 11:57:47.4058|DEBUG|GroupHRIS.Employee.webFrmEmployeeSearch|Page_Load()
2015-06-05 12:16:58.0708|DEBUG|DataHandler.Attendance.AttendanceSummaryHandler|AttendanceSummaryHandler : getCultryDate ->
2015-06-05 12:17:09.1455|DEBUG|GroupHRIS.Employee.webFrmEmployeeSearch|Page_Load()
2015-06-05 12:17:09.1545|DEBUG|GroupHRIS.Employee.webFrmEmployeeSearch|fillCompanies()
2015-06-05 12:17:09.2545|DEBUG|GroupHRIS.Employee.webFrmEmployeeSearch|fillEmployeeStatus():
2015-06-05 12:17:10.5746|DEBUG|GroupHRIS.Employee.webFrmEmployeeSearch|Page_Load()
2015-06-05 12:17:11.5786|DEBUG|GroupHRIS.Employee.webFrmEmployeeSearch|Page_Load()
2015-06-05 12:43:29.2713|DEBUG|DataHandler.Attendance.AttendanceSummaryHandler|AttendanceSummaryHandler : getCultryDate ->
2015-06-05 12:43:39.5599|DEBUG|GroupHRIS.Employee.webFrmEmployeeSearch|Page_Load()
2015-06-05 12:43:39.5609|DEBUG|GroupHRIS.Employee.webFrmEmployeeSearch|fillCompanies()
2015-06-05 12:43:39.6459|DEBUG|GroupHRIS.Employee.webFrmEmployeeSearch|fillEmployeeStatus():
2015-06-05 12:43:40.9530|DEBUG|GroupHRIS.Employee.webFrmEmployeeSearch|Page_Load()
2015-06-05 12:43:42.3101|DEBUG|GroupHRIS.Employee.webFrmEmployeeSearch|Page_Load()
2015-06-05 13:06:01.4798|DEBUG|DataHandler.Attendance.AttendanceSummaryHandler|AttendanceSummaryHandler : getCultryDate ->
2015-06-05 13:06:10.6154|DEBUG|GroupHRIS.Employee.webFrmEmployeeSearch|Page_Load()
2015-06-05 13:06:10.6154|DEBUG|GroupHRIS.Employee.webFrmEmployeeSearch|fillCompanies()
2015-06-05 13:06:10.6864|DEBUG|GroupHRIS.Employee.webFrmEmployeeSearch|fillEmployeeStatus():
2015-06-05 13:06:12.4425|DEBUG|GroupHRIS.Employee.webFrmEmployeeSearch|Page_Load()
2015-06-05 13:06:13.6575|DEBUG|GroupHRIS.Employee.webFrmEmployeeSearch|Page_Load()
2015-06-05 13:11:46.3393|DEBUG|DataHandler.Attendance.AttendanceSummaryHandler|AttendanceSummaryHandler : getCultryDate ->
2015-06-05 13:11:53.4067|DEBUG|GroupHRIS.Employee.webFrmEmployeeSearch|Page_Load()
2015-06-05 13:11:53.4067|DEBUG|GroupHRIS.Employee.webFrmEmployeeSearch|fillCompanies()
2015-06-05 13:11:53.5768|DEBUG|GroupHRIS.Employee.webFrmEmployeeSearch|fillEmployeeStatus():
2015-06-05 13:11:54.9348|DEBUG|GroupHRIS.Employee.webFrmEmployeeSearch|Page_Load()
2015-06-05 13:11:56.0659|DEBUG|GroupHRIS.Employee.webFrmEmployeeSearch|Page_Load()
2015-06-05 14:17:29.8219|DEBUG|DataHandler.Attendance.AttendanceSummaryHandler|AttendanceSummaryHandler : getCultryDate ->
2015-06-05 14:17:44.1248|DEBUG|GroupHRIS.Employee.webFrmEmployeeSearch|Page_Load()
2015-06-05 14:17:44.1248|DEBUG|GroupHRIS.Employee.webFrmEmployeeSearch|fillCompanies()
2015-06-05 14:17:44.5478|DEBUG|GroupHRIS.Employee.webFrmEmployeeSearch|fillEmployeeStatus():
2015-06-05 14:17:46.1609|DEBUG|GroupHRIS.Employee.webFrmEmployeeSearch|Page_Load()
2015-06-05 14:17:47.6860|DEBUG|GroupHRIS.Employee.webFrmEmployeeSearch|Page_Load()
2015-06-05 14:33:06.9884|DEBUG|DataHandler.Attendance.AttendanceSummaryHandler|AttendanceSummaryHandler : getCultryDate ->
2015-06-05 14:33:12.1137|DEBUG|GroupHRIS.Employee.webFrmEmployeeSearch|Page_Load()
2015-06-05 14:33:12.1137|DEBUG|GroupHRIS.Employee.webFrmEmployeeSearch|fillCompanies()
2015-06-05 14:33:12.1987|DEBUG|GroupHRIS.Employee.webFrmEmployeeSearch|fillEmployeeStatus():
2015-06-05 14:33:13.5927|DEBUG|GroupHRIS.Employee.webFrmEmployeeSearch|Page_Load()
2015-06-05 14:33:15.3848|DEBUG|GroupHRIS.Employee.webFrmEmployeeSearch|Page_Load()
2015-06-05 14:33:16.5389|DEBUG|GroupHRIS.Employee.webFrmEmployeeSearch|Page_Load()
2015-06-05 14:56:08.1106|DEBUG|DataHandler.Attendance.AttendanceSummaryHandler|AttendanceSummaryHandler : getCultryDate ->
2015-06-05 14:56:12.7508|DEBUG|GroupHRIS.Employee.webFrmEmployeeSearch|Page_Load()
2015-06-05 14:56:12.7508|DEBUG|GroupHRIS.Employee.webFrmEmployeeSearch|fillCompanies()
2015-06-05 14:56:12.8838|DEBUG|GroupHRIS.Employee.webFrmEmployeeSearch|fillEmployeeStatus():
2015-06-05 14:56:13.9449|DEBUG|GroupHRIS.Employee.webFrmEmployeeSearch|Page_Load()
2015-06-05 14:56:15.1020|DEBUG|GroupHRIS.Employee.webFrmEmployeeSearch|Page_Load()
2015-06-05 14:56:16.0260|DEBUG|GroupHRIS.Employee.webFrmEmployeeSearch|Page_Load()
2015-06-05 15:11:24.5375|DEBUG|GroupHRIS.Roster.webFrmRoster|fillCompanies()
2015-06-05 15:11:24.7175|DEBUG|GroupHRIS.Roster.webFrmRoster|fillRosterTypes()
2015-06-05 15:11:35.5961|DEBUG|DataHandler.Attendance.AttendanceSummaryHandler|AttendanceSummaryHandler : getCultryDate ->
2015-06-05 15:11:39.8414|DEBUG|GroupHRIS.Employee.webFrmEmployeeSearch|Page_Load()
2015-06-05 15:11:39.8414|DEBUG|GroupHRIS.Employee.webFrmEmployeeSearch|fillCompanies()
2015-06-05 15:11:39.9494|DEBUG|GroupHRIS.Employee.webFrmEmployeeSearch|fillEmployeeStatus():
2015-06-05 15:11:41.4875|DEBUG|GroupHRIS.Employee.webFrmEmployeeSearch|Page_Load()
2015-06-05 15:11:43.2116|DEBUG|GroupHRIS.Employee.webFrmEmployeeSearch|Page_Load()
2015-06-05 15:13:37.2029|DEBUG|DataHandler.Attendance.AttendanceSummaryHandler|AttendanceSummaryHandler : getCultryDate ->
2015-06-05 15:13:41.1772|DEBUG|GroupHRIS.Employee.webFrmEmployeeSearch|Page_Load()
2015-06-05 15:13:41.1772|DEBUG|GroupHRIS.Employee.webFrmEmployeeSearch|fillCompanies()
2015-06-05 15:13:41.2892|DEBUG|GroupHRIS.Employee.webFrmEmployeeSearch|fillEmployeeStatus():
2015-06-05 15:13:43.0343|DEBUG|GroupHRIS.Employee.webFrmEmployeeSearch|Page_Load()
2015-06-05 15:13:44.6644|DEBUG|GroupHRIS.Employee.webFrmEmployeeSearch|Page_Load()
2015-06-05 15:29:38.3048|DEBUG|DataHandler.Attendance.AttendanceSummaryHandler|AttendanceSummaryHandler : getCultryDate ->
2015-06-05 15:29:50.5475|DEBUG|DataHandler.Attendance.AttendanceSummaryHandler|AttendanceSummaryHandler : getCultryDate ->
2015-06-05 15:38:50.5295|DEBUG|DataHandler.Attendance.AttendanceSummaryHandler|AttendanceSummaryHandler : getCultryDate ->
2015-06-05 15:44:09.8524|DEBUG|DataHandler.Attendance.AttendanceSummaryHandler|AttendanceSummaryHandler : getCultryDate ->
2015-06-05 16:18:50.2969|DEBUG|DataHandler.Attendance.AttendanceSummaryHandler|AttendanceSummaryHandler : getCultryDate ->
2015-06-05 16:19:17.0945|DEBUG|DataHandler.Attendance.AttendanceSummaryHandler|AttendanceSummaryHandler : getCultryDate ->
2015-06-05 16:19:39.8578|DEBUG|DataHandler.Attendance.AttendanceSummaryHandler|AttendanceSummaryHandler : getCultryDate ->
2015-06-05 16:19:51.6075|DEBUG|GroupHRIS.Employee.webFrmEmployeeSearch|Page_Load()
2015-06-05 16:19:51.6075|DEBUG|GroupHRIS.Employee.webFrmEmployeeSearch|fillCompanies()
2015-06-05 16:19:51.7545|DEBUG|GroupHRIS.Employee.webFrmEmployeeSearch|fillEmployeeStatus():
2015-06-05 16:19:52.8965|DEBUG|GroupHRIS.Employee.webFrmEmployeeSearch|Page_Load()
2015-06-05 16:19:53.9706|DEBUG|GroupHRIS.Employee.webFrmEmployeeSearch|Page_Load()
2015-06-05 16:20:11.3987|DEBUG|DataHandler.Attendance.AttendanceSummaryHandler|AttendanceSummaryHandler : getCultryDate ->
2015-06-05 16:21:29.6796|DEBUG|DataHandler.Attendance.AttendanceSummaryHandler|AttendanceSummaryHandler : getCultryDate ->
