2016-12-07 13:10:59.7377|DEBUG|GroupHRIS.EmployeeLeave.webFrmEmployeeLeaveSheet|IP:::1webFrmEmployeeLeaveSheet : Page_Load
2016-12-07 13:10:59.9467|DEBUG|GroupHRIS.EmployeeLeave.webFrmEmployeeLeaveSheet|webFrmEmployeeLeaveSheet : createLeaveBucket()
2016-12-07 13:10:59.9477|DEBUG|GroupHRIS.EmployeeLeave.webFrmEmployeeLeaveSheet|webFrmEmployeeLeaveSheet : fillHours()
2016-12-07 13:10:59.9637|DEBUG|GroupHRIS.EmployeeLeave.webFrmEmployeeLeaveSheet|webFrmEmployeeLeaveSheet : fillMinutes()
2016-12-07 13:10:59.9637|DEBUG|GroupHRIS.EmployeeLeave.webFrmEmployeeLeaveSheet|webFrmEmployeeLeaveSheet : fillHours()
2016-12-07 13:10:59.9637|DEBUG|GroupHRIS.EmployeeLeave.webFrmEmployeeLeaveSheet|webFrmEmployeeLeaveSheet : fillMinutes()
2016-12-07 13:10:59.9637|DEBUG|GroupHRIS.EmployeeLeave.webFrmEmployeeLeaveSheet|webFrmEmployeeLeaveSheet : fillLeaveSummary()
2016-12-07 13:11:00.1458|DEBUG|GroupHRIS.EmployeeLeave.webFrmEmployeeLeaveSheet|webFrmEmployeeLeaveSheet : getSupervisor()
2016-12-07 13:11:00.1618|DEBUG|GroupHRIS.EmployeeLeave.webFrmEmployeeLeaveSheet|webFrmEmployeeLeaveSheet : fillHistory()
2016-12-07 13:11:00.1818|DEBUG|GroupHRIS.EmployeeLeave.webFrmEmployeeLeaveSheet|webFrmEmployeeLeaveSheet : gvLeaveHistory_RowDataBound()
2016-12-07 13:11:00.1818|DEBUG|GroupHRIS.EmployeeLeave.webFrmEmployeeLeaveSheet|webFrmEmployeeLeaveSheet : gvLeaveHistory_RowDataBound()
2016-12-07 13:11:00.1818|DEBUG|GroupHRIS.EmployeeLeave.webFrmEmployeeLeaveSheet|webFrmEmployeeLeaveSheet : gvLeaveHistory_RowDataBound()
2016-12-07 13:11:00.1818|DEBUG|GroupHRIS.EmployeeLeave.webFrmEmployeeLeaveSheet|webFrmEmployeeLeaveSheet : gvLeaveHistory_RowDataBound()
2016-12-07 13:11:00.1818|DEBUG|GroupHRIS.EmployeeLeave.webFrmEmployeeLeaveSheet|webFrmEmployeeLeaveSheet : gvLeaveHistory_RowDataBound()
2016-12-07 13:11:00.1818|DEBUG|GroupHRIS.EmployeeLeave.webFrmEmployeeLeaveSheet|webFrmEmployeeLeaveSheet : gvLeaveHistory_RowDataBound()
2016-12-07 13:11:00.1818|DEBUG|GroupHRIS.EmployeeLeave.webFrmEmployeeLeaveSheet|webFrmEmployeeLeaveSheet : gvLeaveHistory_RowDataBound()
2016-12-07 13:11:16.2237|DEBUG|GroupHRIS.Employee.webFrmEmployeeSearch|Page_Load()
2016-12-07 13:11:16.2237|DEBUG|GroupHRIS.Employee.webFrmEmployeeSearch|fillCompanies()
2016-12-07 13:11:16.2457|DEBUG|GroupHRIS.Employee.webFrmEmployeeSearch|fillEmployeeStatus():
2016-12-07 13:11:24.0751|DEBUG|GroupHRIS.Employee.webFrmEmployeeSearch|Page_Load()
2016-12-07 13:11:26.2699|DEBUG|GroupHRIS.Employee.webFrmEmployeeSearch|Page_Load()
2016-12-07 13:11:28.7191|DEBUG|GroupHRIS.EmployeeLeave.webFrmEmployeeLeaveSheet|IP:::1webFrmEmployeeLeaveSheet : Page_Load
2016-12-07 13:11:29.5303|DEBUG|GroupHRIS.Employee.webFrmEmployeeSearch|Page_Load()
2016-12-07 13:12:48.2949|DEBUG|GroupHRIS.EmployeeLeave.webFrmEmployeeLeaveSheet|IP:::1webFrmEmployeeLeaveSheet : Page_Load
2016-12-07 13:13:02.5221|DEBUG|GroupHRIS.EmployeeLeave.webFrmEmployeeLeaveSheet|IP:::1webFrmEmployeeLeaveSheet : Page_Load
2016-12-07 13:13:02.8809|DEBUG|GroupHRIS.EmployeeLeave.webFrmEmployeeLeaveSheet|webFrmEmployeeLeaveSheet : btnApply_Click()
2016-12-07 13:13:02.9745|DEBUG|GroupHRIS.EmployeeLeave.webFrmEmployeeLeaveSheet|webFrmEmployeeLeaveSheet : isLeaveExist()
2016-12-07 13:13:02.9901|DEBUG|GroupHRIS.EmployeeLeave.webFrmEmployeeLeaveSheet|webFrmEmployeeLeaveSheet : gvLeaveSheet_RowDataBound()
2016-12-07 13:13:03.0057|DEBUG|GroupHRIS.EmployeeLeave.webFrmEmployeeLeaveSheet|webFrmEmployeeLeaveSheet : gvLeaveSheet_RowDataBound()
2016-12-07 13:13:03.0213|DEBUG|GroupHRIS.EmployeeLeave.webFrmEmployeeLeaveSheet|webFrmEmployeeLeaveSheet : gvLeaveSheet_RowDataBound()
2016-12-07 13:13:07.3581|DEBUG|GroupHRIS.EmployeeLeave.webFrmEmployeeLeaveSheet|IP:::1webFrmEmployeeLeaveSheet : Page_Load
2016-12-07 13:13:07.3581|DEBUG|GroupHRIS.EmployeeLeave.webFrmEmployeeLeaveSheet|webFrmEmployeeLeaveSheet : ddlLeaveType_Update()
2016-12-07 13:13:07.4049|DEBUG|GroupHRIS.EmployeeLeave.webFrmEmployeeLeaveSheet|webFrmEmployeeLeaveSheet : gvLeaveSheet_RowDataBound()
2016-12-07 13:13:07.4049|DEBUG|GroupHRIS.EmployeeLeave.webFrmEmployeeLeaveSheet|webFrmEmployeeLeaveSheet : gvLeaveSheet_RowDataBound()
2016-12-07 13:13:07.4205|DEBUG|GroupHRIS.EmployeeLeave.webFrmEmployeeLeaveSheet|webFrmEmployeeLeaveSheet : gvLeaveSheet_RowDataBound()
2016-12-07 13:13:08.4501|DEBUG|GroupHRIS.EmployeeLeave.webFrmEmployeeLeaveSheet|IP:::1webFrmEmployeeLeaveSheet : Page_Load
2016-12-07 13:13:08.7465|DEBUG|GroupHRIS.EmployeeLeave.webFrmEmployeeLeaveSheet|webFrmEmployeeLeaveSheet : btnSave_Click()
2016-12-07 13:13:08.7465|DEBUG|GroupHRIS.EmployeeLeave.webFrmEmployeeLeaveSheet|webFrmEmployeeLeaveSheet : isLeaveTypeNotSelected()
2016-12-07 13:13:08.9025|DEBUG|GroupHRIS.EmployeeLeave.webFrmEmployeeLeaveSheet|webFrmEmployeeLeaveSheet : btnSave_Click() -> Insert
2016-12-07 13:13:08.9961|DEBUG|GroupHRIS.EmployeeLeave.webFrmEmployeeLeaveSheet|webFrmEmployeeLeaveSheet : fillHistory()
2016-12-07 13:13:09.0117|DEBUG|GroupHRIS.EmployeeLeave.webFrmEmployeeLeaveSheet|webFrmEmployeeLeaveSheet : gvLeaveHistory_RowDataBound()
2016-12-07 13:13:09.0117|DEBUG|GroupHRIS.EmployeeLeave.webFrmEmployeeLeaveSheet|webFrmEmployeeLeaveSheet : gvLeaveHistory_RowDataBound()
2016-12-07 13:13:09.0117|DEBUG|GroupHRIS.EmployeeLeave.webFrmEmployeeLeaveSheet|webFrmEmployeeLeaveSheet : gvLeaveHistory_RowDataBound()
2016-12-07 13:13:09.0117|DEBUG|GroupHRIS.EmployeeLeave.webFrmEmployeeLeaveSheet|webFrmEmployeeLeaveSheet : gvLeaveHistory_RowDataBound()
2016-12-07 13:13:09.0117|DEBUG|GroupHRIS.EmployeeLeave.webFrmEmployeeLeaveSheet|webFrmEmployeeLeaveSheet : gvLeaveHistory_RowDataBound()
2016-12-07 13:13:09.0117|DEBUG|GroupHRIS.EmployeeLeave.webFrmEmployeeLeaveSheet|webFrmEmployeeLeaveSheet : gvLeaveHistory_RowDataBound()
2016-12-07 13:13:09.0117|DEBUG|GroupHRIS.EmployeeLeave.webFrmEmployeeLeaveSheet|webFrmEmployeeLeaveSheet : gvLeaveHistory_RowDataBound()
2016-12-07 13:13:09.0117|DEBUG|GroupHRIS.EmployeeLeave.webFrmEmployeeLeaveSheet|webFrmEmployeeLeaveSheet : gvLeaveHistory_RowDataBound()
2016-12-07 13:13:09.0585|DEBUG|GroupHRIS.EmployeeLeave.webFrmEmployeeLeaveSheet|webFrmEmployeeLeaveSheet : getMailBodyHtml()
2016-12-07 13:14:05.6710|DEBUG|GroupHRIS.EmployeeLeave.webFrmEmployeeLeaveSheet|IP:::1webFrmEmployeeLeaveSheet : Page_Load
2016-12-07 13:14:05.6710|DEBUG|GroupHRIS.EmployeeLeave.webFrmEmployeeLeaveSheet|webFrmEmployeeLeaveSheet : createLeaveBucket()
2016-12-07 13:14:05.6710|DEBUG|GroupHRIS.EmployeeLeave.webFrmEmployeeLeaveSheet|webFrmEmployeeLeaveSheet : fillHours()
2016-12-07 13:14:05.6710|DEBUG|GroupHRIS.EmployeeLeave.webFrmEmployeeLeaveSheet|webFrmEmployeeLeaveSheet : fillMinutes()
2016-12-07 13:14:05.6710|DEBUG|GroupHRIS.EmployeeLeave.webFrmEmployeeLeaveSheet|webFrmEmployeeLeaveSheet : fillHours()
2016-12-07 13:14:05.6710|DEBUG|GroupHRIS.EmployeeLeave.webFrmEmployeeLeaveSheet|webFrmEmployeeLeaveSheet : fillMinutes()
2016-12-07 13:14:05.6710|DEBUG|GroupHRIS.EmployeeLeave.webFrmEmployeeLeaveSheet|webFrmEmployeeLeaveSheet : fillLeaveSummary()
2016-12-07 13:14:05.7958|DEBUG|GroupHRIS.EmployeeLeave.webFrmEmployeeLeaveSheet|webFrmEmployeeLeaveSheet : getSupervisor()
2016-12-07 13:14:05.8114|DEBUG|GroupHRIS.EmployeeLeave.webFrmEmployeeLeaveSheet|webFrmEmployeeLeaveSheet : fillHistory()
2016-12-07 13:14:05.8270|DEBUG|GroupHRIS.EmployeeLeave.webFrmEmployeeLeaveSheet|webFrmEmployeeLeaveSheet : gvLeaveHistory_RowDataBound()
2016-12-07 13:14:05.8270|DEBUG|GroupHRIS.EmployeeLeave.webFrmEmployeeLeaveSheet|webFrmEmployeeLeaveSheet : gvLeaveHistory_RowDataBound()
2016-12-07 13:14:05.8270|DEBUG|GroupHRIS.EmployeeLeave.webFrmEmployeeLeaveSheet|webFrmEmployeeLeaveSheet : gvLeaveHistory_RowDataBound()
2016-12-07 13:14:05.8270|DEBUG|GroupHRIS.EmployeeLeave.webFrmEmployeeLeaveSheet|webFrmEmployeeLeaveSheet : gvLeaveHistory_RowDataBound()
2016-12-07 13:14:05.8426|DEBUG|GroupHRIS.EmployeeLeave.webFrmEmployeeLeaveSheet|webFrmEmployeeLeaveSheet : gvLeaveHistory_RowDataBound()
2016-12-07 13:14:05.8426|DEBUG|GroupHRIS.EmployeeLeave.webFrmEmployeeLeaveSheet|webFrmEmployeeLeaveSheet : gvLeaveHistory_RowDataBound()
2016-12-07 13:14:05.8426|DEBUG|GroupHRIS.EmployeeLeave.webFrmEmployeeLeaveSheet|webFrmEmployeeLeaveSheet : gvLeaveHistory_RowDataBound()
2016-12-07 13:14:10.2730|DEBUG|GroupHRIS.EmployeeLeave.webFrmEmployeeLeaveSheet|IP:::1webFrmEmployeeLeaveSheet : Page_Load
2016-12-07 13:14:19.5394|DEBUG|GroupHRIS.Roster.webFrmRoster|fillCompanies()
2016-12-07 13:14:19.5550|DEBUG|GroupHRIS.Roster.webFrmRoster|fillRosterTypes()
2016-12-07 13:14:24.8591|DEBUG|GroupHRIS.EmployeeLeave.webFrmEmployeeLeaveSheet|IP:::1webFrmEmployeeLeaveSheet : Page_Load
2016-12-07 13:14:24.8591|DEBUG|GroupHRIS.EmployeeLeave.webFrmEmployeeLeaveSheet|webFrmEmployeeLeaveSheet : createLeaveBucket()
2016-12-07 13:14:24.8591|DEBUG|GroupHRIS.EmployeeLeave.webFrmEmployeeLeaveSheet|webFrmEmployeeLeaveSheet : fillHours()
2016-12-07 13:14:24.8591|DEBUG|GroupHRIS.EmployeeLeave.webFrmEmployeeLeaveSheet|webFrmEmployeeLeaveSheet : fillMinutes()
2016-12-07 13:14:24.8591|DEBUG|GroupHRIS.EmployeeLeave.webFrmEmployeeLeaveSheet|webFrmEmployeeLeaveSheet : fillHours()
2016-12-07 13:14:24.8591|DEBUG|GroupHRIS.EmployeeLeave.webFrmEmployeeLeaveSheet|webFrmEmployeeLeaveSheet : fillMinutes()
2016-12-07 13:14:24.8591|DEBUG|GroupHRIS.EmployeeLeave.webFrmEmployeeLeaveSheet|webFrmEmployeeLeaveSheet : fillLeaveSummary()
2016-12-07 13:14:25.1867|DEBUG|GroupHRIS.EmployeeLeave.webFrmEmployeeLeaveSheet|webFrmEmployeeLeaveSheet : getSupervisor()
2016-12-07 13:14:25.4519|DEBUG|GroupHRIS.EmployeeLeave.webFrmEmployeeLeaveSheet|webFrmEmployeeLeaveSheet : fillHistory()
2016-12-07 13:14:25.4831|DEBUG|GroupHRIS.EmployeeLeave.webFrmEmployeeLeaveSheet|webFrmEmployeeLeaveSheet : gvLeaveHistory_RowDataBound()
2016-12-07 13:14:25.4831|DEBUG|GroupHRIS.EmployeeLeave.webFrmEmployeeLeaveSheet|webFrmEmployeeLeaveSheet : gvLeaveHistory_RowDataBound()
2016-12-07 13:14:25.4831|DEBUG|GroupHRIS.EmployeeLeave.webFrmEmployeeLeaveSheet|webFrmEmployeeLeaveSheet : gvLeaveHistory_RowDataBound()
2016-12-07 13:14:25.4831|DEBUG|GroupHRIS.EmployeeLeave.webFrmEmployeeLeaveSheet|webFrmEmployeeLeaveSheet : gvLeaveHistory_RowDataBound()
2016-12-07 13:14:25.4987|DEBUG|GroupHRIS.EmployeeLeave.webFrmEmployeeLeaveSheet|webFrmEmployeeLeaveSheet : gvLeaveHistory_RowDataBound()
2016-12-07 13:14:25.4987|DEBUG|GroupHRIS.EmployeeLeave.webFrmEmployeeLeaveSheet|webFrmEmployeeLeaveSheet : gvLeaveHistory_RowDataBound()
2016-12-07 13:14:25.5143|DEBUG|GroupHRIS.EmployeeLeave.webFrmEmployeeLeaveSheet|webFrmEmployeeLeaveSheet : gvLeaveHistory_RowDataBound()
2016-12-07 13:14:30.5063|DEBUG|GroupHRIS.Employee.webFrmEmployeeSearch|Page_Load()
2016-12-07 13:14:30.5063|DEBUG|GroupHRIS.Employee.webFrmEmployeeSearch|fillCompanies()
2016-12-07 13:14:30.5219|DEBUG|GroupHRIS.Employee.webFrmEmployeeSearch|fillEmployeeStatus():
2016-12-07 13:14:36.9803|DEBUG|GroupHRIS.Employee.webFrmEmployeeSearch|Page_Load()
2016-12-07 13:14:39.0551|DEBUG|GroupHRIS.Employee.webFrmEmployeeSearch|Page_Load()
2016-12-07 13:14:40.9895|DEBUG|GroupHRIS.EmployeeLeave.webFrmEmployeeLeaveSheet|IP:::1webFrmEmployeeLeaveSheet : Page_Load
2016-12-07 13:14:42.7523|DEBUG|GroupHRIS.Employee.webFrmEmployeeSearch|Page_Load()
2016-12-07 13:15:09.0383|DEBUG|GroupHRIS.EmployeeLeave.webFrmEmployeeLeaveSheet|IP:::1webFrmEmployeeLeaveSheet : Page_Load
2016-12-07 13:15:09.3503|DEBUG|GroupHRIS.EmployeeLeave.webFrmEmployeeLeaveSheet|webFrmEmployeeLeaveSheet : btnApply_Click()
2016-12-07 13:15:09.3971|DEBUG|GroupHRIS.EmployeeLeave.webFrmEmployeeLeaveSheet|webFrmEmployeeLeaveSheet : isLeaveExist()
2016-12-07 13:15:09.4283|DEBUG|GroupHRIS.EmployeeLeave.webFrmEmployeeLeaveSheet|webFrmEmployeeLeaveSheet : gvLeaveSheet_RowDataBound()
2016-12-07 13:15:09.4283|DEBUG|GroupHRIS.EmployeeLeave.webFrmEmployeeLeaveSheet|webFrmEmployeeLeaveSheet : gvLeaveSheet_RowDataBound()
2016-12-07 13:15:09.4439|DEBUG|GroupHRIS.EmployeeLeave.webFrmEmployeeLeaveSheet|webFrmEmployeeLeaveSheet : gvLeaveSheet_RowDataBound()
2016-12-07 13:15:12.7823|DEBUG|GroupHRIS.EmployeeLeave.webFrmEmployeeLeaveSheet|IP:::1webFrmEmployeeLeaveSheet : Page_Load
2016-12-07 13:15:12.7823|DEBUG|GroupHRIS.EmployeeLeave.webFrmEmployeeLeaveSheet|webFrmEmployeeLeaveSheet : ddlLeaveType_Update()
2016-12-07 13:15:19.1628|DEBUG|GroupHRIS.EmployeeLeave.webFrmEmployeeLeaveSheet|IP:::1webFrmEmployeeLeaveSheet : Page_Load
2016-12-07 13:15:37.6488|DEBUG|GroupHRIS.EmployeeLeave.webFrmEmployeeLeaveSheet|IP:::1webFrmEmployeeLeaveSheet : Page_Load
2016-12-07 13:15:37.9452|DEBUG|GroupHRIS.EmployeeLeave.webFrmEmployeeLeaveSheet|webFrmEmployeeLeaveSheet : btnApply_Click()
2016-12-07 13:15:38.0544|DEBUG|GroupHRIS.EmployeeLeave.webFrmEmployeeLeaveSheet|webFrmEmployeeLeaveSheet : isLeaveExist()
2016-12-07 13:15:38.0544|DEBUG|GroupHRIS.EmployeeLeave.webFrmEmployeeLeaveSheet|webFrmEmployeeLeaveSheet : gvLeaveSheet_RowDataBound()
2016-12-07 13:15:38.0544|DEBUG|GroupHRIS.EmployeeLeave.webFrmEmployeeLeaveSheet|webFrmEmployeeLeaveSheet : gvLeaveSheet_RowDataBound()
2016-12-07 13:15:38.0856|DEBUG|GroupHRIS.EmployeeLeave.webFrmEmployeeLeaveSheet|webFrmEmployeeLeaveSheet : gvLeaveSheet_RowDataBound()
2016-12-07 13:15:43.0620|DEBUG|GroupHRIS.EmployeeLeave.webFrmEmployeeLeaveSheet|IP:::1webFrmEmployeeLeaveSheet : Page_Load
2016-12-07 13:15:43.3740|DEBUG|GroupHRIS.EmployeeLeave.webFrmEmployeeLeaveSheet|webFrmEmployeeLeaveSheet : btnClear_Click()
2016-12-07 13:15:43.3740|DEBUG|GroupHRIS.EmployeeLeave.webFrmEmployeeLeaveSheet|webFrmEmployeeLeaveSheet : clear()
2016-12-07 13:15:43.3740|DEBUG|GroupHRIS.EmployeeLeave.webFrmEmployeeLeaveSheet|webFrmEmployeeLeaveSheet : clearSessionTables()
2016-12-07 13:15:46.7904|DEBUG|GroupHRIS.Employee.webFrmEmployeeSearch|Page_Load()
2016-12-07 13:15:46.7904|DEBUG|GroupHRIS.Employee.webFrmEmployeeSearch|fillCompanies()
2016-12-07 13:15:46.8528|DEBUG|GroupHRIS.Employee.webFrmEmployeeSearch|fillEmployeeStatus():
2016-12-07 13:15:56.4156|DEBUG|GroupHRIS.Employee.webFrmEmployeeSearch|Page_Load()
2016-12-07 13:15:56.4156|DEBUG|GroupHRIS.Employee.webFrmEmployeeSearch|ddlCompany_SelectedIndexChanged()
2016-12-07 13:15:56.4156|DEBUG|GroupHRIS.Employee.webFrmEmployeeSearch|fillDepartment() - companyId:CP17
2016-12-07 13:15:56.4312|DEBUG|GroupHRIS.Employee.webFrmEmployeeSearch|fillDesignations() - companyID:CP17
2016-12-07 13:15:57.7728|DEBUG|GroupHRIS.Employee.webFrmEmployeeSearch|Page_Load()
2016-12-07 13:16:14.6208|DEBUG|GroupHRIS.Employee.webFrmEmployeeSearch|Page_Load()
2016-12-07 13:16:14.6208|DEBUG|GroupHRIS.Employee.webFrmEmployeeSearch|ddlCompany_SelectedIndexChanged()
2016-12-07 13:16:14.6208|DEBUG|GroupHRIS.Employee.webFrmEmployeeSearch|fillDepartment() - companyId:CP73
2016-12-07 13:16:14.6364|DEBUG|GroupHRIS.Employee.webFrmEmployeeSearch|fillDesignations() - companyID:CP73
2016-12-07 13:16:16.1029|DEBUG|GroupHRIS.Employee.webFrmEmployeeSearch|Page_Load()
2016-12-07 13:16:31.0789|DEBUG|GroupHRIS.Employee.webFrmEmployeeSearch|Page_Load()
2016-12-07 13:16:31.0789|DEBUG|GroupHRIS.Employee.webFrmEmployeeSearch|ddlCompany_SelectedIndexChanged()
2016-12-07 13:16:32.7793|DEBUG|GroupHRIS.Employee.webFrmEmployeeSearch|Page_Load()
2016-12-07 13:16:46.3669|DEBUG|GroupHRIS.Employee.webFrmEmployeeSearch|Page_Load()
2016-12-07 13:16:56.0857|DEBUG|GroupHRIS.Employee.webFrmEmployeeSearch|Page_Load()
2016-12-07 13:16:58.0201|DEBUG|GroupHRIS.Employee.webFrmEmployeeSearch|Page_Load()
2016-12-07 13:17:00.2821|DEBUG|GroupHRIS.EmployeeLeave.webFrmEmployeeLeaveSheet|IP:::1webFrmEmployeeLeaveSheet : Page_Load
2016-12-07 13:17:00.2821|DEBUG|GroupHRIS.EmployeeLeave.webFrmEmployeeLeaveSheet|webFrmEmployeeLeaveSheet : clear()
2016-12-07 13:17:00.3757|DEBUG|GroupHRIS.EmployeeLeave.webFrmEmployeeLeaveSheet|webFrmEmployeeLeaveSheet : clearSessionTables()
2016-12-07 13:17:00.3757|DEBUG|GroupHRIS.EmployeeLeave.webFrmEmployeeLeaveSheet|webFrmEmployeeLeaveSheet : clearSessionTables()
2016-12-07 13:17:00.3913|DEBUG|GroupHRIS.EmployeeLeave.webFrmEmployeeLeaveSheet|webFrmEmployeeLeaveSheet : fillLeaveSummary()
2016-12-07 13:17:00.6253|DEBUG|GroupHRIS.EmployeeLeave.webFrmEmployeeLeaveSheet|webFrmEmployeeLeaveSheet : getSupervisor()
2016-12-07 13:17:00.6409|DEBUG|GroupHRIS.EmployeeLeave.webFrmEmployeeLeaveSheet|webFrmEmployeeLeaveSheet : fillHistory()
2016-12-07 13:17:00.6565|DEBUG|GroupHRIS.EmployeeLeave.webFrmEmployeeLeaveSheet|webFrmEmployeeLeaveSheet : gvLeaveHistory_RowDataBound()
2016-12-07 13:17:00.6565|DEBUG|GroupHRIS.EmployeeLeave.webFrmEmployeeLeaveSheet|webFrmEmployeeLeaveSheet : gvLeaveHistory_RowDataBound()
2016-12-07 13:17:00.6565|DEBUG|GroupHRIS.EmployeeLeave.webFrmEmployeeLeaveSheet|webFrmEmployeeLeaveSheet : gvLeaveHistory_RowDataBound()
2016-12-07 13:17:00.6565|DEBUG|GroupHRIS.EmployeeLeave.webFrmEmployeeLeaveSheet|webFrmEmployeeLeaveSheet : gvLeaveHistory_RowDataBound()
2016-12-07 13:17:00.6565|DEBUG|GroupHRIS.EmployeeLeave.webFrmEmployeeLeaveSheet|webFrmEmployeeLeaveSheet : gvLeaveHistory_RowDataBound()
2016-12-07 13:17:00.6721|DEBUG|GroupHRIS.EmployeeLeave.webFrmEmployeeLeaveSheet|webFrmEmployeeLeaveSheet : gvLeaveHistory_RowDataBound()
2016-12-07 13:17:00.6721|DEBUG|GroupHRIS.EmployeeLeave.webFrmEmployeeLeaveSheet|webFrmEmployeeLeaveSheet : gvLeaveHistory_RowDataBound()
2016-12-07 13:17:01.6237|DEBUG|GroupHRIS.Employee.webFrmEmployeeSearch|Page_Load()
2016-12-07 13:17:05.5237|DEBUG|GroupHRIS.Employee.webFrmEmployeeSearch|Page_Load()
2016-12-07 13:17:05.5393|DEBUG|GroupHRIS.Employee.webFrmEmployeeSearch|fillCompanies()
2016-12-07 13:17:05.5705|DEBUG|GroupHRIS.Employee.webFrmEmployeeSearch|fillEmployeeStatus():
2016-12-07 13:17:10.9837|DEBUG|GroupHRIS.Employee.webFrmEmployeeSearch|Page_Load()
2016-12-07 13:17:12.6529|DEBUG|GroupHRIS.Employee.webFrmEmployeeSearch|Page_Load()
2016-12-07 13:17:14.3846|DEBUG|GroupHRIS.EmployeeLeave.webFrmEmployeeLeaveSheet|IP:::1webFrmEmployeeLeaveSheet : Page_Load
2016-12-07 13:17:15.3362|DEBUG|GroupHRIS.Employee.webFrmEmployeeSearch|Page_Load()
2016-12-07 13:17:30.4370|DEBUG|GroupHRIS.EmployeeLeave.webFrmEmployeeLeaveSheet|IP:::1webFrmEmployeeLeaveSheet : Page_Load
2016-12-07 13:17:48.0650|DEBUG|GroupHRIS.EmployeeLeave.webFrmEmployeeLeaveSheet|IP:::1webFrmEmployeeLeaveSheet : Page_Load
2016-12-07 13:17:48.5174|DEBUG|GroupHRIS.EmployeeLeave.webFrmEmployeeLeaveSheet|webFrmEmployeeLeaveSheet : btnApply_Click()
2016-12-07 13:17:48.5954|DEBUG|GroupHRIS.EmployeeLeave.webFrmEmployeeLeaveSheet|webFrmEmployeeLeaveSheet : isLeaveExist()
2016-12-07 13:17:48.6110|DEBUG|GroupHRIS.EmployeeLeave.webFrmEmployeeLeaveSheet|webFrmEmployeeLeaveSheet : gvLeaveSheet_RowDataBound()
2016-12-07 13:17:48.6110|DEBUG|GroupHRIS.EmployeeLeave.webFrmEmployeeLeaveSheet|webFrmEmployeeLeaveSheet : gvLeaveSheet_RowDataBound()
2016-12-07 13:17:48.6266|DEBUG|GroupHRIS.EmployeeLeave.webFrmEmployeeLeaveSheet|webFrmEmployeeLeaveSheet : gvLeaveSheet_RowDataBound()
2016-12-07 13:17:53.5562|DEBUG|GroupHRIS.EmployeeLeave.webFrmEmployeeLeaveSheet|IP:::1webFrmEmployeeLeaveSheet : Page_Load
2016-12-07 13:17:53.5562|DEBUG|GroupHRIS.EmployeeLeave.webFrmEmployeeLeaveSheet|webFrmEmployeeLeaveSheet : ddlLeaveType_Update()
2016-12-07 13:17:53.5718|DEBUG|GroupHRIS.EmployeeLeave.webFrmEmployeeLeaveSheet|webFrmEmployeeLeaveSheet : gvLeaveSheet_RowDataBound()
2016-12-07 13:17:53.6030|DEBUG|GroupHRIS.EmployeeLeave.webFrmEmployeeLeaveSheet|webFrmEmployeeLeaveSheet : gvLeaveSheet_RowDataBound()
2016-12-07 13:17:53.6186|DEBUG|GroupHRIS.EmployeeLeave.webFrmEmployeeLeaveSheet|webFrmEmployeeLeaveSheet : gvLeaveSheet_RowDataBound()
2016-12-07 13:18:06.7538|DEBUG|GroupHRIS.EmployeeLeave.webFrmEmployeeLeaveSheet|IP:::1webFrmEmployeeLeaveSheet : Page_Load
2016-12-07 13:18:20.5443|DEBUG|GroupHRIS.EmployeeLeave.webFrmEmployeeLeaveSheet|IP:::1webFrmEmployeeLeaveSheet : Page_Load
2016-12-07 13:18:20.8251|DEBUG|GroupHRIS.EmployeeLeave.webFrmEmployeeLeaveSheet|webFrmEmployeeLeaveSheet : btnApply_Click()
2016-12-07 13:18:20.9031|DEBUG|GroupHRIS.EmployeeLeave.webFrmEmployeeLeaveSheet|webFrmEmployeeLeaveSheet : isLeaveExist()
2016-12-07 13:18:20.9187|DEBUG|GroupHRIS.EmployeeLeave.webFrmEmployeeLeaveSheet|webFrmEmployeeLeaveSheet : gvLeaveSheet_RowDataBound()
2016-12-07 13:18:20.9187|DEBUG|GroupHRIS.EmployeeLeave.webFrmEmployeeLeaveSheet|webFrmEmployeeLeaveSheet : gvLeaveSheet_RowDataBound()
2016-12-07 13:18:20.9343|DEBUG|GroupHRIS.EmployeeLeave.webFrmEmployeeLeaveSheet|webFrmEmployeeLeaveSheet : gvLeaveSheet_RowDataBound()
2016-12-07 13:18:20.9499|DEBUG|GroupHRIS.EmployeeLeave.webFrmEmployeeLeaveSheet|webFrmEmployeeLeaveSheet : gvLeaveSheet_RowDataBound()
2016-12-07 13:18:24.4287|DEBUG|GroupHRIS.EmployeeLeave.webFrmEmployeeLeaveSheet|IP:::1webFrmEmployeeLeaveSheet : Page_Load
2016-12-07 13:18:24.4287|DEBUG|GroupHRIS.EmployeeLeave.webFrmEmployeeLeaveSheet|webFrmEmployeeLeaveSheet : ddlLeaveType_Update()
2016-12-07 13:18:24.4287|DEBUG|GroupHRIS.EmployeeLeave.webFrmEmployeeLeaveSheet|webFrmEmployeeLeaveSheet : gvLeaveSheet_RowDataBound()
2016-12-07 13:18:24.4287|DEBUG|GroupHRIS.EmployeeLeave.webFrmEmployeeLeaveSheet|webFrmEmployeeLeaveSheet : gvLeaveSheet_RowDataBound()
2016-12-07 13:18:24.4443|DEBUG|GroupHRIS.EmployeeLeave.webFrmEmployeeLeaveSheet|webFrmEmployeeLeaveSheet : gvLeaveSheet_RowDataBound()
2016-12-07 13:18:24.4599|DEBUG|GroupHRIS.EmployeeLeave.webFrmEmployeeLeaveSheet|webFrmEmployeeLeaveSheet : gvLeaveSheet_RowDataBound()
2016-12-07 13:18:31.0431|DEBUG|GroupHRIS.EmployeeLeave.webFrmEmployeeLeaveSheet|IP:::1webFrmEmployeeLeaveSheet : Page_Load
2016-12-07 13:18:31.3083|DEBUG|GroupHRIS.EmployeeLeave.webFrmEmployeeLeaveSheet|webFrmEmployeeLeaveSheet : btnSave_Click()
2016-12-07 13:18:31.3083|DEBUG|GroupHRIS.EmployeeLeave.webFrmEmployeeLeaveSheet|webFrmEmployeeLeaveSheet : isLeaveTypeNotSelected()
2016-12-07 13:18:31.8699|DEBUG|GroupHRIS.EmployeeLeave.webFrmEmployeeLeaveSheet|webFrmEmployeeLeaveSheet : btnSave_Click() -> Insert
2016-12-07 13:18:31.9167|DEBUG|GroupHRIS.EmployeeLeave.webFrmEmployeeLeaveSheet|webFrmEmployeeLeaveSheet : fillHistory()
2016-12-07 13:18:31.9323|DEBUG|GroupHRIS.EmployeeLeave.webFrmEmployeeLeaveSheet|webFrmEmployeeLeaveSheet : gvLeaveHistory_RowDataBound()
2016-12-07 13:18:31.9323|DEBUG|GroupHRIS.EmployeeLeave.webFrmEmployeeLeaveSheet|webFrmEmployeeLeaveSheet : gvLeaveHistory_RowDataBound()
2016-12-07 13:18:31.9323|DEBUG|GroupHRIS.EmployeeLeave.webFrmEmployeeLeaveSheet|webFrmEmployeeLeaveSheet : gvLeaveHistory_RowDataBound()
2016-12-07 13:18:31.9479|DEBUG|GroupHRIS.EmployeeLeave.webFrmEmployeeLeaveSheet|webFrmEmployeeLeaveSheet : gvLeaveHistory_RowDataBound()
2016-12-07 13:18:31.9479|DEBUG|GroupHRIS.EmployeeLeave.webFrmEmployeeLeaveSheet|webFrmEmployeeLeaveSheet : gvLeaveHistory_RowDataBound()
2016-12-07 13:18:31.9479|DEBUG|GroupHRIS.EmployeeLeave.webFrmEmployeeLeaveSheet|webFrmEmployeeLeaveSheet : gvLeaveHistory_RowDataBound()
2016-12-07 13:18:31.9479|DEBUG|GroupHRIS.EmployeeLeave.webFrmEmployeeLeaveSheet|webFrmEmployeeLeaveSheet : gvLeaveHistory_RowDataBound()
2016-12-07 13:18:31.9479|DEBUG|GroupHRIS.EmployeeLeave.webFrmEmployeeLeaveSheet|webFrmEmployeeLeaveSheet : gvLeaveHistory_RowDataBound()
2016-12-07 13:18:31.9635|DEBUG|GroupHRIS.EmployeeLeave.webFrmEmployeeLeaveSheet|webFrmEmployeeLeaveSheet : getMailBodyHtml()
2016-12-07 13:28:52.7556|DEBUG|GroupHRIS.EmployeeLeave.webFrmEmployeeLeaveSheet|IP:::1webFrmEmployeeLeaveSheet : Page_Load
2016-12-07 13:28:52.7976|DEBUG|GroupHRIS.EmployeeLeave.webFrmEmployeeLeaveSheet|webFrmEmployeeLeaveSheet : createLeaveBucket()
2016-12-07 13:28:52.7986|DEBUG|GroupHRIS.EmployeeLeave.webFrmEmployeeLeaveSheet|webFrmEmployeeLeaveSheet : fillHours()
2016-12-07 13:28:52.7986|DEBUG|GroupHRIS.EmployeeLeave.webFrmEmployeeLeaveSheet|webFrmEmployeeLeaveSheet : fillMinutes()
2016-12-07 13:28:52.7986|DEBUG|GroupHRIS.EmployeeLeave.webFrmEmployeeLeaveSheet|webFrmEmployeeLeaveSheet : fillHours()
2016-12-07 13:28:52.7986|DEBUG|GroupHRIS.EmployeeLeave.webFrmEmployeeLeaveSheet|webFrmEmployeeLeaveSheet : fillMinutes()
2016-12-07 13:28:52.8306|DEBUG|GroupHRIS.EmployeeLeave.webFrmEmployeeLeaveSheet|webFrmEmployeeLeaveSheet : fillLeaveSummary()
2016-12-07 13:28:52.9826|DEBUG|GroupHRIS.EmployeeLeave.webFrmEmployeeLeaveSheet|webFrmEmployeeLeaveSheet : getSupervisor()
2016-12-07 13:28:53.0036|DEBUG|GroupHRIS.EmployeeLeave.webFrmEmployeeLeaveSheet|webFrmEmployeeLeaveSheet : fillHistory()
2016-12-07 13:28:53.0276|DEBUG|GroupHRIS.EmployeeLeave.webFrmEmployeeLeaveSheet|webFrmEmployeeLeaveSheet : gvLeaveHistory_RowDataBound()
2016-12-07 13:28:53.0276|DEBUG|GroupHRIS.EmployeeLeave.webFrmEmployeeLeaveSheet|webFrmEmployeeLeaveSheet : gvLeaveHistory_RowDataBound()
2016-12-07 13:28:53.0276|DEBUG|GroupHRIS.EmployeeLeave.webFrmEmployeeLeaveSheet|webFrmEmployeeLeaveSheet : gvLeaveHistory_RowDataBound()
2016-12-07 13:28:53.0326|DEBUG|GroupHRIS.EmployeeLeave.webFrmEmployeeLeaveSheet|webFrmEmployeeLeaveSheet : gvLeaveHistory_RowDataBound()
2016-12-07 13:28:53.0326|DEBUG|GroupHRIS.EmployeeLeave.webFrmEmployeeLeaveSheet|webFrmEmployeeLeaveSheet : gvLeaveHistory_RowDataBound()
2016-12-07 13:28:53.0326|DEBUG|GroupHRIS.EmployeeLeave.webFrmEmployeeLeaveSheet|webFrmEmployeeLeaveSheet : gvLeaveHistory_RowDataBound()
2016-12-07 13:28:53.0326|DEBUG|GroupHRIS.EmployeeLeave.webFrmEmployeeLeaveSheet|webFrmEmployeeLeaveSheet : gvLeaveHistory_RowDataBound()
2016-12-07 13:29:33.1889|DEBUG|GroupHRIS.Employee.webFrmEmployeeSearch|Page_Load()
2016-12-07 13:29:33.1889|DEBUG|GroupHRIS.Employee.webFrmEmployeeSearch|fillCompanies()
2016-12-07 13:29:33.2209|DEBUG|GroupHRIS.Employee.webFrmEmployeeSearch|fillEmployeeStatus():
2016-12-07 13:29:40.1943|DEBUG|GroupHRIS.Employee.webFrmEmployeeSearch|Page_Load()
2016-12-07 13:29:42.4144|DEBUG|GroupHRIS.Employee.webFrmEmployeeSearch|Page_Load()
2016-12-07 13:29:44.4346|DEBUG|GroupHRIS.EmployeeLeave.webFrmEmployeeLeaveSheet|IP:::1webFrmEmployeeLeaveSheet : Page_Load
2016-12-07 13:29:45.3736|DEBUG|GroupHRIS.Employee.webFrmEmployeeSearch|Page_Load()
2016-12-07 13:29:57.7163|DEBUG|GroupHRIS.EmployeeLeave.webFrmEmployeeLeaveSheet|IP:::1webFrmEmployeeLeaveSheet : Page_Load
2016-12-07 13:30:10.5281|DEBUG|GroupHRIS.EmployeeLeave.webFrmEmployeeLeaveSheet|IP:::1webFrmEmployeeLeaveSheet : Page_Load
2016-12-07 13:30:10.8621|DEBUG|GroupHRIS.EmployeeLeave.webFrmEmployeeLeaveSheet|webFrmEmployeeLeaveSheet : btnApply_Click()
2016-12-07 13:30:11.0031|DEBUG|GroupHRIS.EmployeeLeave.webFrmEmployeeLeaveSheet|webFrmEmployeeLeaveSheet : isLeaveExist()
2016-12-07 13:30:11.0281|DEBUG|GroupHRIS.EmployeeLeave.webFrmEmployeeLeaveSheet|webFrmEmployeeLeaveSheet : gvLeaveSheet_RowDataBound()
2016-12-07 13:30:11.0281|DEBUG|GroupHRIS.EmployeeLeave.webFrmEmployeeLeaveSheet|webFrmEmployeeLeaveSheet : gvLeaveSheet_RowDataBound()
2016-12-07 13:30:11.0331|DEBUG|GroupHRIS.EmployeeLeave.webFrmEmployeeLeaveSheet|webFrmEmployeeLeaveSheet : gvLeaveSheet_RowDataBound()
2016-12-07 13:30:14.5533|DEBUG|GroupHRIS.EmployeeLeave.webFrmEmployeeLeaveSheet|IP:::1webFrmEmployeeLeaveSheet : Page_Load
2016-12-07 13:30:14.5533|DEBUG|GroupHRIS.EmployeeLeave.webFrmEmployeeLeaveSheet|webFrmEmployeeLeaveSheet : ddlLeaveType_Update()
2016-12-07 13:30:14.5533|DEBUG|GroupHRIS.EmployeeLeave.webFrmEmployeeLeaveSheet|webFrmEmployeeLeaveSheet : gvLeaveSheet_RowDataBound()
2016-12-07 13:30:14.5533|DEBUG|GroupHRIS.EmployeeLeave.webFrmEmployeeLeaveSheet|webFrmEmployeeLeaveSheet : gvLeaveSheet_RowDataBound()
2016-12-07 13:30:14.5683|DEBUG|GroupHRIS.EmployeeLeave.webFrmEmployeeLeaveSheet|webFrmEmployeeLeaveSheet : gvLeaveSheet_RowDataBound()
2016-12-07 13:30:26.8492|DEBUG|GroupHRIS.EmployeeLeave.webFrmEmployeeLeaveSheet|IP:::1webFrmEmployeeLeaveSheet : Page_Load
2016-12-07 13:30:50.6705|DEBUG|GroupHRIS.EmployeeLeave.webFrmEmployeeLeaveSheet|IP:::1webFrmEmployeeLeaveSheet : Page_Load
2016-12-07 13:30:50.9513|DEBUG|GroupHRIS.EmployeeLeave.webFrmEmployeeLeaveSheet|webFrmEmployeeLeaveSheet : btnApply_Click()
2016-12-07 13:30:51.0449|DEBUG|GroupHRIS.EmployeeLeave.webFrmEmployeeLeaveSheet|webFrmEmployeeLeaveSheet : isLeaveExist()
2016-12-07 13:30:51.0605|DEBUG|GroupHRIS.EmployeeLeave.webFrmEmployeeLeaveSheet|webFrmEmployeeLeaveSheet : gvLeaveSheet_RowDataBound()
2016-12-07 13:30:51.0605|DEBUG|GroupHRIS.EmployeeLeave.webFrmEmployeeLeaveSheet|webFrmEmployeeLeaveSheet : gvLeaveSheet_RowDataBound()
2016-12-07 13:30:51.0761|DEBUG|GroupHRIS.EmployeeLeave.webFrmEmployeeLeaveSheet|webFrmEmployeeLeaveSheet : gvLeaveSheet_RowDataBound()
2016-12-07 13:30:51.0917|DEBUG|GroupHRIS.EmployeeLeave.webFrmEmployeeLeaveSheet|webFrmEmployeeLeaveSheet : gvLeaveSheet_RowDataBound()
2016-12-07 13:30:54.1337|DEBUG|GroupHRIS.EmployeeLeave.webFrmEmployeeLeaveSheet|IP:::1webFrmEmployeeLeaveSheet : Page_Load
2016-12-07 13:30:54.1337|DEBUG|GroupHRIS.EmployeeLeave.webFrmEmployeeLeaveSheet|webFrmEmployeeLeaveSheet : ddlLeaveType_Update()
2016-12-07 13:30:54.1337|DEBUG|GroupHRIS.EmployeeLeave.webFrmEmployeeLeaveSheet|webFrmEmployeeLeaveSheet : gvLeaveSheet_RowDataBound()
2016-12-07 13:30:54.1337|DEBUG|GroupHRIS.EmployeeLeave.webFrmEmployeeLeaveSheet|webFrmEmployeeLeaveSheet : gvLeaveSheet_RowDataBound()
2016-12-07 13:30:54.1805|DEBUG|GroupHRIS.EmployeeLeave.webFrmEmployeeLeaveSheet|webFrmEmployeeLeaveSheet : gvLeaveSheet_RowDataBound()
2016-12-07 13:30:54.1961|DEBUG|GroupHRIS.EmployeeLeave.webFrmEmployeeLeaveSheet|webFrmEmployeeLeaveSheet : gvLeaveSheet_RowDataBound()
2016-12-07 13:30:57.1913|DEBUG|GroupHRIS.EmployeeLeave.webFrmEmployeeLeaveSheet|IP:::1webFrmEmployeeLeaveSheet : Page_Load
2016-12-07 13:30:57.4877|DEBUG|GroupHRIS.EmployeeLeave.webFrmEmployeeLeaveSheet|webFrmEmployeeLeaveSheet : btnSave_Click()
2016-12-07 13:30:57.4877|DEBUG|GroupHRIS.EmployeeLeave.webFrmEmployeeLeaveSheet|webFrmEmployeeLeaveSheet : isLeaveTypeNotSelected()
2016-12-07 13:30:57.6125|DEBUG|GroupHRIS.EmployeeLeave.webFrmEmployeeLeaveSheet|webFrmEmployeeLeaveSheet : btnSave_Click() -> Insert
2016-12-07 13:30:57.7061|DEBUG|GroupHRIS.EmployeeLeave.webFrmEmployeeLeaveSheet|webFrmEmployeeLeaveSheet : fillHistory()
2016-12-07 13:30:57.7217|DEBUG|GroupHRIS.EmployeeLeave.webFrmEmployeeLeaveSheet|webFrmEmployeeLeaveSheet : gvLeaveHistory_RowDataBound()
2016-12-07 13:30:57.7217|DEBUG|GroupHRIS.EmployeeLeave.webFrmEmployeeLeaveSheet|webFrmEmployeeLeaveSheet : gvLeaveHistory_RowDataBound()
2016-12-07 13:30:57.7217|DEBUG|GroupHRIS.EmployeeLeave.webFrmEmployeeLeaveSheet|webFrmEmployeeLeaveSheet : gvLeaveHistory_RowDataBound()
2016-12-07 13:30:57.7217|DEBUG|GroupHRIS.EmployeeLeave.webFrmEmployeeLeaveSheet|webFrmEmployeeLeaveSheet : gvLeaveHistory_RowDataBound()
2016-12-07 13:30:57.7217|DEBUG|GroupHRIS.EmployeeLeave.webFrmEmployeeLeaveSheet|webFrmEmployeeLeaveSheet : gvLeaveHistory_RowDataBound()
2016-12-07 13:30:57.7217|DEBUG|GroupHRIS.EmployeeLeave.webFrmEmployeeLeaveSheet|webFrmEmployeeLeaveSheet : gvLeaveHistory_RowDataBound()
2016-12-07 13:30:57.7217|DEBUG|GroupHRIS.EmployeeLeave.webFrmEmployeeLeaveSheet|webFrmEmployeeLeaveSheet : gvLeaveHistory_RowDataBound()
2016-12-07 13:30:57.7217|DEBUG|GroupHRIS.EmployeeLeave.webFrmEmployeeLeaveSheet|webFrmEmployeeLeaveSheet : gvLeaveHistory_RowDataBound()
2016-12-07 13:30:57.7685|DEBUG|GroupHRIS.EmployeeLeave.webFrmEmployeeLeaveSheet|webFrmEmployeeLeaveSheet : getMailBodyHtml()
2016-12-07 13:32:50.8415|DEBUG|GroupHRIS.EmployeeLeave.WebFrmApprove|webFrmEmployeeLeaveSheet : getMailBodyHtml()
2016-12-07 13:54:00.1971|DEBUG|GroupHRIS.EmployeeLeave.webFrmEmployeeLeaveSheet|IP:::1webFrmEmployeeLeaveSheet : Page_Load
2016-12-07 13:54:00.2391|DEBUG|GroupHRIS.EmployeeLeave.webFrmEmployeeLeaveSheet|webFrmEmployeeLeaveSheet : createLeaveBucket()
2016-12-07 13:54:00.2391|DEBUG|GroupHRIS.EmployeeLeave.webFrmEmployeeLeaveSheet|webFrmEmployeeLeaveSheet : fillHours()
2016-12-07 13:54:00.2391|DEBUG|GroupHRIS.EmployeeLeave.webFrmEmployeeLeaveSheet|webFrmEmployeeLeaveSheet : fillMinutes()
2016-12-07 13:54:00.2391|DEBUG|GroupHRIS.EmployeeLeave.webFrmEmployeeLeaveSheet|webFrmEmployeeLeaveSheet : fillHours()
2016-12-07 13:54:00.2391|DEBUG|GroupHRIS.EmployeeLeave.webFrmEmployeeLeaveSheet|webFrmEmployeeLeaveSheet : fillMinutes()
2016-12-07 13:54:00.2511|DEBUG|GroupHRIS.EmployeeLeave.webFrmEmployeeLeaveSheet|webFrmEmployeeLeaveSheet : fillLeaveSummary()
2016-12-07 13:54:00.4201|DEBUG|GroupHRIS.EmployeeLeave.webFrmEmployeeLeaveSheet|webFrmEmployeeLeaveSheet : getSupervisor()
2016-12-07 13:54:00.4421|DEBUG|GroupHRIS.EmployeeLeave.webFrmEmployeeLeaveSheet|webFrmEmployeeLeaveSheet : fillHistory()
2016-12-07 13:54:00.4601|DEBUG|GroupHRIS.EmployeeLeave.webFrmEmployeeLeaveSheet|webFrmEmployeeLeaveSheet : gvLeaveHistory_RowDataBound()
2016-12-07 13:54:00.4601|DEBUG|GroupHRIS.EmployeeLeave.webFrmEmployeeLeaveSheet|webFrmEmployeeLeaveSheet : gvLeaveHistory_RowDataBound()
2016-12-07 13:54:00.4601|DEBUG|GroupHRIS.EmployeeLeave.webFrmEmployeeLeaveSheet|webFrmEmployeeLeaveSheet : gvLeaveHistory_RowDataBound()
2016-12-07 13:54:00.4601|DEBUG|GroupHRIS.EmployeeLeave.webFrmEmployeeLeaveSheet|webFrmEmployeeLeaveSheet : gvLeaveHistory_RowDataBound()
2016-12-07 13:54:00.4601|DEBUG|GroupHRIS.EmployeeLeave.webFrmEmployeeLeaveSheet|webFrmEmployeeLeaveSheet : gvLeaveHistory_RowDataBound()
2016-12-07 13:54:00.4601|DEBUG|GroupHRIS.EmployeeLeave.webFrmEmployeeLeaveSheet|webFrmEmployeeLeaveSheet : gvLeaveHistory_RowDataBound()
2016-12-07 13:54:00.4601|DEBUG|GroupHRIS.EmployeeLeave.webFrmEmployeeLeaveSheet|webFrmEmployeeLeaveSheet : gvLeaveHistory_RowDataBound()
2016-12-07 13:54:13.3939|DEBUG|GroupHRIS.Employee.webFrmEmployeeSearch|Page_Load()
2016-12-07 13:54:13.3939|DEBUG|GroupHRIS.Employee.webFrmEmployeeSearch|fillCompanies()
2016-12-07 13:54:13.4099|DEBUG|GroupHRIS.Employee.webFrmEmployeeSearch|fillEmployeeStatus():
2016-12-07 13:54:18.9832|DEBUG|GroupHRIS.Employee.webFrmEmployeeSearch|Page_Load()
2016-12-07 13:54:20.8043|DEBUG|GroupHRIS.Employee.webFrmEmployeeSearch|Page_Load()
2016-12-07 13:54:22.9074|DEBUG|GroupHRIS.EmployeeLeave.webFrmEmployeeLeaveSheet|IP:::1webFrmEmployeeLeaveSheet : Page_Load
2016-12-07 13:54:23.3974|DEBUG|GroupHRIS.Employee.webFrmEmployeeSearch|Page_Load()
2016-12-07 13:54:36.4002|DEBUG|GroupHRIS.EmployeeLeave.webFrmEmployeeLeaveSheet|IP:::1webFrmEmployeeLeaveSheet : Page_Load
2016-12-07 13:54:52.2241|DEBUG|GroupHRIS.EmployeeLeave.webFrmEmployeeLeaveSheet|IP:::1webFrmEmployeeLeaveSheet : Page_Load
2016-12-07 13:54:52.6691|DEBUG|GroupHRIS.EmployeeLeave.webFrmEmployeeLeaveSheet|webFrmEmployeeLeaveSheet : btnApply_Click()
2016-12-07 13:54:52.7401|DEBUG|GroupHRIS.EmployeeLeave.webFrmEmployeeLeaveSheet|webFrmEmployeeLeaveSheet : isLeaveExist()
2016-12-07 13:54:52.7561|DEBUG|GroupHRIS.EmployeeLeave.webFrmEmployeeLeaveSheet|webFrmEmployeeLeaveSheet : gvLeaveSheet_RowDataBound()
2016-12-07 13:54:52.7611|DEBUG|GroupHRIS.EmployeeLeave.webFrmEmployeeLeaveSheet|webFrmEmployeeLeaveSheet : gvLeaveSheet_RowDataBound()
2016-12-07 13:54:52.7611|DEBUG|GroupHRIS.EmployeeLeave.webFrmEmployeeLeaveSheet|webFrmEmployeeLeaveSheet : gvLeaveSheet_RowDataBound()
2016-12-07 13:54:57.2204|DEBUG|GroupHRIS.EmployeeLeave.webFrmEmployeeLeaveSheet|IP:::1webFrmEmployeeLeaveSheet : Page_Load
2016-12-07 13:54:57.2254|DEBUG|GroupHRIS.EmployeeLeave.webFrmEmployeeLeaveSheet|webFrmEmployeeLeaveSheet : ddlLeaveType_Update()
2016-12-07 13:54:57.2254|DEBUG|GroupHRIS.EmployeeLeave.webFrmEmployeeLeaveSheet|webFrmEmployeeLeaveSheet : gvLeaveSheet_RowDataBound()
2016-12-07 13:54:57.2254|DEBUG|GroupHRIS.EmployeeLeave.webFrmEmployeeLeaveSheet|webFrmEmployeeLeaveSheet : gvLeaveSheet_RowDataBound()
2016-12-07 13:54:57.2714|DEBUG|GroupHRIS.EmployeeLeave.webFrmEmployeeLeaveSheet|webFrmEmployeeLeaveSheet : gvLeaveSheet_RowDataBound()
2016-12-07 13:55:06.5719|DEBUG|GroupHRIS.EmployeeLeave.webFrmEmployeeLeaveSheet|IP:::1webFrmEmployeeLeaveSheet : Page_Load
2016-12-07 13:55:21.3163|DEBUG|GroupHRIS.EmployeeLeave.webFrmEmployeeLeaveSheet|IP:::1webFrmEmployeeLeaveSheet : Page_Load
2016-12-07 13:55:21.6595|DEBUG|GroupHRIS.EmployeeLeave.webFrmEmployeeLeaveSheet|webFrmEmployeeLeaveSheet : btnApply_Click()
2016-12-07 13:55:21.7375|DEBUG|GroupHRIS.EmployeeLeave.webFrmEmployeeLeaveSheet|webFrmEmployeeLeaveSheet : isLeaveExist()
2016-12-07 13:55:21.7531|DEBUG|GroupHRIS.EmployeeLeave.webFrmEmployeeLeaveSheet|webFrmEmployeeLeaveSheet : gvLeaveSheet_RowDataBound()
2016-12-07 13:55:21.7531|DEBUG|GroupHRIS.EmployeeLeave.webFrmEmployeeLeaveSheet|webFrmEmployeeLeaveSheet : gvLeaveSheet_RowDataBound()
2016-12-07 13:55:21.7687|DEBUG|GroupHRIS.EmployeeLeave.webFrmEmployeeLeaveSheet|webFrmEmployeeLeaveSheet : gvLeaveSheet_RowDataBound()
2016-12-07 13:55:21.7843|DEBUG|GroupHRIS.EmployeeLeave.webFrmEmployeeLeaveSheet|webFrmEmployeeLeaveSheet : gvLeaveSheet_RowDataBound()
2016-12-07 13:55:24.7484|DEBUG|GroupHRIS.EmployeeLeave.webFrmEmployeeLeaveSheet|IP:::1webFrmEmployeeLeaveSheet : Page_Load
2016-12-07 13:55:24.7484|DEBUG|GroupHRIS.EmployeeLeave.webFrmEmployeeLeaveSheet|webFrmEmployeeLeaveSheet : ddlLeaveType_Update()
2016-12-07 13:55:24.7484|DEBUG|GroupHRIS.EmployeeLeave.webFrmEmployeeLeaveSheet|webFrmEmployeeLeaveSheet : gvLeaveSheet_RowDataBound()
2016-12-07 13:55:24.7484|DEBUG|GroupHRIS.EmployeeLeave.webFrmEmployeeLeaveSheet|webFrmEmployeeLeaveSheet : gvLeaveSheet_RowDataBound()
2016-12-07 13:55:24.7640|DEBUG|GroupHRIS.EmployeeLeave.webFrmEmployeeLeaveSheet|webFrmEmployeeLeaveSheet : gvLeaveSheet_RowDataBound()
2016-12-07 13:55:24.7640|DEBUG|GroupHRIS.EmployeeLeave.webFrmEmployeeLeaveSheet|webFrmEmployeeLeaveSheet : gvLeaveSheet_RowDataBound()
2016-12-07 13:55:27.4160|DEBUG|GroupHRIS.EmployeeLeave.webFrmEmployeeLeaveSheet|IP:::1webFrmEmployeeLeaveSheet : Page_Load
2016-12-07 13:55:27.6656|DEBUG|GroupHRIS.EmployeeLeave.webFrmEmployeeLeaveSheet|webFrmEmployeeLeaveSheet : btnSave_Click()
2016-12-07 13:55:27.6656|DEBUG|GroupHRIS.EmployeeLeave.webFrmEmployeeLeaveSheet|webFrmEmployeeLeaveSheet : isLeaveTypeNotSelected()
2016-12-07 13:55:27.7904|DEBUG|GroupHRIS.EmployeeLeave.webFrmEmployeeLeaveSheet|webFrmEmployeeLeaveSheet : btnSave_Click() -> Insert
2016-12-07 13:55:27.8684|DEBUG|GroupHRIS.EmployeeLeave.webFrmEmployeeLeaveSheet|webFrmEmployeeLeaveSheet : fillHistory()
2016-12-07 13:55:27.8840|DEBUG|GroupHRIS.EmployeeLeave.webFrmEmployeeLeaveSheet|webFrmEmployeeLeaveSheet : gvLeaveHistory_RowDataBound()
2016-12-07 13:55:27.8840|DEBUG|GroupHRIS.EmployeeLeave.webFrmEmployeeLeaveSheet|webFrmEmployeeLeaveSheet : gvLeaveHistory_RowDataBound()
2016-12-07 13:55:27.8840|DEBUG|GroupHRIS.EmployeeLeave.webFrmEmployeeLeaveSheet|webFrmEmployeeLeaveSheet : gvLeaveHistory_RowDataBound()
2016-12-07 13:55:27.8840|DEBUG|GroupHRIS.EmployeeLeave.webFrmEmployeeLeaveSheet|webFrmEmployeeLeaveSheet : gvLeaveHistory_RowDataBound()
2016-12-07 13:55:27.8840|DEBUG|GroupHRIS.EmployeeLeave.webFrmEmployeeLeaveSheet|webFrmEmployeeLeaveSheet : gvLeaveHistory_RowDataBound()
2016-12-07 13:55:27.8840|DEBUG|GroupHRIS.EmployeeLeave.webFrmEmployeeLeaveSheet|webFrmEmployeeLeaveSheet : gvLeaveHistory_RowDataBound()
2016-12-07 13:55:27.8840|DEBUG|GroupHRIS.EmployeeLeave.webFrmEmployeeLeaveSheet|webFrmEmployeeLeaveSheet : gvLeaveHistory_RowDataBound()
2016-12-07 13:55:27.8840|DEBUG|GroupHRIS.EmployeeLeave.webFrmEmployeeLeaveSheet|webFrmEmployeeLeaveSheet : gvLeaveHistory_RowDataBound()
2016-12-07 13:55:27.9152|DEBUG|GroupHRIS.EmployeeLeave.webFrmEmployeeLeaveSheet|webFrmEmployeeLeaveSheet : getMailBodyHtml()
2016-12-07 13:56:49.5297|DEBUG|GroupHRIS.EmployeeLeave.WebFrmApprove|webFrmEmployeeLeaveSheet : getMailBodyHtml()
2016-12-07 14:08:11.1507|DEBUG|GroupHRIS.EmployeeLeave.webFrmEmployeeLeaveSheet|IP:::1webFrmEmployeeLeaveSheet : Page_Load
2016-12-07 14:08:11.2017|DEBUG|GroupHRIS.EmployeeLeave.webFrmEmployeeLeaveSheet|webFrmEmployeeLeaveSheet : createLeaveBucket()
2016-12-07 14:08:11.2057|DEBUG|GroupHRIS.EmployeeLeave.webFrmEmployeeLeaveSheet|webFrmEmployeeLeaveSheet : fillHours()
2016-12-07 14:08:11.2057|DEBUG|GroupHRIS.EmployeeLeave.webFrmEmployeeLeaveSheet|webFrmEmployeeLeaveSheet : fillMinutes()
2016-12-07 14:08:11.2057|DEBUG|GroupHRIS.EmployeeLeave.webFrmEmployeeLeaveSheet|webFrmEmployeeLeaveSheet : fillHours()
2016-12-07 14:08:11.2057|DEBUG|GroupHRIS.EmployeeLeave.webFrmEmployeeLeaveSheet|webFrmEmployeeLeaveSheet : fillMinutes()
2016-12-07 14:08:11.2597|DEBUG|GroupHRIS.EmployeeLeave.webFrmEmployeeLeaveSheet|webFrmEmployeeLeaveSheet : fillLeaveSummary()
2016-12-07 14:08:11.4347|DEBUG|GroupHRIS.EmployeeLeave.webFrmEmployeeLeaveSheet|webFrmEmployeeLeaveSheet : getSupervisor()
2016-12-07 14:08:11.4567|DEBUG|GroupHRIS.EmployeeLeave.webFrmEmployeeLeaveSheet|webFrmEmployeeLeaveSheet : fillHistory()
2016-12-07 14:08:11.4767|DEBUG|GroupHRIS.EmployeeLeave.webFrmEmployeeLeaveSheet|webFrmEmployeeLeaveSheet : gvLeaveHistory_RowDataBound()
2016-12-07 14:08:11.4767|DEBUG|GroupHRIS.EmployeeLeave.webFrmEmployeeLeaveSheet|webFrmEmployeeLeaveSheet : gvLeaveHistory_RowDataBound()
2016-12-07 14:08:11.4767|DEBUG|GroupHRIS.EmployeeLeave.webFrmEmployeeLeaveSheet|webFrmEmployeeLeaveSheet : gvLeaveHistory_RowDataBound()
2016-12-07 14:08:11.4767|DEBUG|GroupHRIS.EmployeeLeave.webFrmEmployeeLeaveSheet|webFrmEmployeeLeaveSheet : gvLeaveHistory_RowDataBound()
2016-12-07 14:08:11.4767|DEBUG|GroupHRIS.EmployeeLeave.webFrmEmployeeLeaveSheet|webFrmEmployeeLeaveSheet : gvLeaveHistory_RowDataBound()
2016-12-07 14:08:11.4767|DEBUG|GroupHRIS.EmployeeLeave.webFrmEmployeeLeaveSheet|webFrmEmployeeLeaveSheet : gvLeaveHistory_RowDataBound()
2016-12-07 14:08:11.4767|DEBUG|GroupHRIS.EmployeeLeave.webFrmEmployeeLeaveSheet|webFrmEmployeeLeaveSheet : gvLeaveHistory_RowDataBound()
2016-12-07 14:08:24.8365|DEBUG|GroupHRIS.Employee.webFrmEmployeeSearch|Page_Load()
2016-12-07 14:08:24.8365|DEBUG|GroupHRIS.Employee.webFrmEmployeeSearch|fillCompanies()
2016-12-07 14:08:24.9275|DEBUG|GroupHRIS.Employee.webFrmEmployeeSearch|fillEmployeeStatus():
2016-12-07 14:08:31.2898|DEBUG|GroupHRIS.Employee.webFrmEmployeeSearch|Page_Load()
2016-12-07 14:08:33.1999|DEBUG|GroupHRIS.Employee.webFrmEmployeeSearch|Page_Load()
2016-12-07 14:08:34.6510|DEBUG|GroupHRIS.EmployeeLeave.webFrmEmployeeLeaveSheet|IP:::1webFrmEmployeeLeaveSheet : Page_Load
2016-12-07 14:08:35.2781|DEBUG|GroupHRIS.Employee.webFrmEmployeeSearch|Page_Load()
2016-12-07 14:08:58.3884|DEBUG|GroupHRIS.EmployeeLeave.webFrmEmployeeLeaveSheet|IP:::1webFrmEmployeeLeaveSheet : Page_Load
2016-12-07 14:08:58.8124|DEBUG|GroupHRIS.EmployeeLeave.webFrmEmployeeLeaveSheet|webFrmEmployeeLeaveSheet : btnApply_Click()
2016-12-07 14:08:59.1324|DEBUG|GroupHRIS.EmployeeLeave.webFrmEmployeeLeaveSheet|webFrmEmployeeLeaveSheet : isLeaveExist()
2016-12-07 14:08:59.2254|DEBUG|GroupHRIS.EmployeeLeave.webFrmEmployeeLeaveSheet|webFrmEmployeeLeaveSheet : gvLeaveSheet_RowDataBound()
2016-12-07 14:08:59.2254|DEBUG|GroupHRIS.EmployeeLeave.webFrmEmployeeLeaveSheet|webFrmEmployeeLeaveSheet : gvLeaveSheet_RowDataBound()
2016-12-07 14:08:59.2724|DEBUG|GroupHRIS.EmployeeLeave.webFrmEmployeeLeaveSheet|webFrmEmployeeLeaveSheet : gvLeaveSheet_RowDataBound()
2016-12-07 14:09:04.1367|DEBUG|GroupHRIS.EmployeeLeave.webFrmEmployeeLeaveSheet|IP:::1webFrmEmployeeLeaveSheet : Page_Load
2016-12-07 14:09:04.1367|DEBUG|GroupHRIS.EmployeeLeave.webFrmEmployeeLeaveSheet|webFrmEmployeeLeaveSheet : ddlLeaveType_Update()
2016-12-07 14:09:14.5433|DEBUG|GroupHRIS.Employee.webFrmEmployeeSearch|Page_Load()
2016-12-07 14:09:14.5433|DEBUG|GroupHRIS.Employee.webFrmEmployeeSearch|fillCompanies()
2016-12-07 14:09:14.7173|DEBUG|GroupHRIS.Employee.webFrmEmployeeSearch|fillEmployeeStatus():
2016-12-07 14:09:19.9036|DEBUG|GroupHRIS.Employee.webFrmEmployeeSearch|Page_Load()
2016-12-07 14:09:22.0707|DEBUG|GroupHRIS.Employee.webFrmEmployeeSearch|Page_Load()
2016-12-07 14:09:24.2019|DEBUG|GroupHRIS.EmployeeLeave.webFrmEmployeeLeaveSheet|IP:::1webFrmEmployeeLeaveSheet : Page_Load
2016-12-07 14:09:24.2019|DEBUG|GroupHRIS.EmployeeLeave.webFrmEmployeeLeaveSheet|webFrmEmployeeLeaveSheet : clear()
2016-12-07 14:09:24.2199|DEBUG|GroupHRIS.EmployeeLeave.webFrmEmployeeLeaveSheet|webFrmEmployeeLeaveSheet : clearSessionTables()
2016-12-07 14:09:24.2199|DEBUG|GroupHRIS.EmployeeLeave.webFrmEmployeeLeaveSheet|webFrmEmployeeLeaveSheet : clearSessionTables()
2016-12-07 14:09:24.2199|DEBUG|GroupHRIS.EmployeeLeave.webFrmEmployeeLeaveSheet|webFrmEmployeeLeaveSheet : fillLeaveSummary()
2016-12-07 14:09:24.4959|DEBUG|GroupHRIS.EmployeeLeave.webFrmEmployeeLeaveSheet|webFrmEmployeeLeaveSheet : getSupervisor()
2016-12-07 14:09:24.5139|DEBUG|GroupHRIS.EmployeeLeave.webFrmEmployeeLeaveSheet|webFrmEmployeeLeaveSheet : fillHistory()
2016-12-07 14:09:24.5279|DEBUG|GroupHRIS.EmployeeLeave.webFrmEmployeeLeaveSheet|webFrmEmployeeLeaveSheet : gvLeaveHistory_RowDataBound()
2016-12-07 14:09:24.5279|DEBUG|GroupHRIS.EmployeeLeave.webFrmEmployeeLeaveSheet|webFrmEmployeeLeaveSheet : gvLeaveHistory_RowDataBound()
2016-12-07 14:09:24.5279|DEBUG|GroupHRIS.EmployeeLeave.webFrmEmployeeLeaveSheet|webFrmEmployeeLeaveSheet : gvLeaveHistory_RowDataBound()
2016-12-07 14:09:24.5279|DEBUG|GroupHRIS.EmployeeLeave.webFrmEmployeeLeaveSheet|webFrmEmployeeLeaveSheet : gvLeaveHistory_RowDataBound()
2016-12-07 14:09:24.5279|DEBUG|GroupHRIS.EmployeeLeave.webFrmEmployeeLeaveSheet|webFrmEmployeeLeaveSheet : gvLeaveHistory_RowDataBound()
2016-12-07 14:09:24.5279|DEBUG|GroupHRIS.EmployeeLeave.webFrmEmployeeLeaveSheet|webFrmEmployeeLeaveSheet : gvLeaveHistory_RowDataBound()
2016-12-07 14:09:24.5279|DEBUG|GroupHRIS.EmployeeLeave.webFrmEmployeeLeaveSheet|webFrmEmployeeLeaveSheet : gvLeaveHistory_RowDataBound()
2016-12-07 14:09:25.4329|DEBUG|GroupHRIS.Employee.webFrmEmployeeSearch|Page_Load()
2016-12-07 14:09:28.8401|DEBUG|GroupHRIS.Employee.webFrmEmployeeSearch|Page_Load()
2016-12-07 14:09:28.8401|DEBUG|GroupHRIS.Employee.webFrmEmployeeSearch|fillCompanies()
2016-12-07 14:09:29.2592|DEBUG|GroupHRIS.Employee.webFrmEmployeeSearch|fillEmployeeStatus():
2016-12-07 14:09:35.2842|DEBUG|GroupHRIS.Employee.webFrmEmployeeSearch|Page_Load()
2016-12-07 14:09:39.1374|DEBUG|GroupHRIS.Employee.webFrmEmployeeSearch|Page_Load()
2016-12-07 14:09:40.6506|DEBUG|GroupHRIS.EmployeeLeave.webFrmEmployeeLeaveSheet|IP:::1webFrmEmployeeLeaveSheet : Page_Load
2016-12-07 14:09:41.6022|DEBUG|GroupHRIS.Employee.webFrmEmployeeSearch|Page_Load()
2016-12-07 14:09:55.4706|DEBUG|GroupHRIS.EmployeeLeave.webFrmEmployeeLeaveSheet|IP:::1webFrmEmployeeLeaveSheet : Page_Load
2016-12-07 14:10:12.4123|DEBUG|GroupHRIS.EmployeeLeave.webFrmEmployeeLeaveSheet|IP:::1webFrmEmployeeLeaveSheet : Page_Load
2016-12-07 14:10:12.6931|DEBUG|GroupHRIS.EmployeeLeave.webFrmEmployeeLeaveSheet|webFrmEmployeeLeaveSheet : btnApply_Click()
2016-12-07 14:10:12.7555|DEBUG|GroupHRIS.EmployeeLeave.webFrmEmployeeLeaveSheet|webFrmEmployeeLeaveSheet : isLeaveExist()
2016-12-07 14:10:12.7711|DEBUG|GroupHRIS.EmployeeLeave.webFrmEmployeeLeaveSheet|webFrmEmployeeLeaveSheet : gvLeaveSheet_RowDataBound()
2016-12-07 14:10:12.7711|DEBUG|GroupHRIS.EmployeeLeave.webFrmEmployeeLeaveSheet|webFrmEmployeeLeaveSheet : gvLeaveSheet_RowDataBound()
2016-12-07 14:10:12.7867|DEBUG|GroupHRIS.EmployeeLeave.webFrmEmployeeLeaveSheet|webFrmEmployeeLeaveSheet : gvLeaveSheet_RowDataBound()
2016-12-07 14:10:18.2155|DEBUG|GroupHRIS.EmployeeLeave.webFrmEmployeeLeaveSheet|IP:::1webFrmEmployeeLeaveSheet : Page_Load
2016-12-07 14:10:18.2155|DEBUG|GroupHRIS.EmployeeLeave.webFrmEmployeeLeaveSheet|webFrmEmployeeLeaveSheet : ddlLeaveType_Update()
2016-12-07 14:10:18.2311|DEBUG|GroupHRIS.EmployeeLeave.webFrmEmployeeLeaveSheet|webFrmEmployeeLeaveSheet : gvLeaveSheet_RowDataBound()
2016-12-07 14:10:18.2311|DEBUG|GroupHRIS.EmployeeLeave.webFrmEmployeeLeaveSheet|webFrmEmployeeLeaveSheet : gvLeaveSheet_RowDataBound()
2016-12-07 14:10:18.2311|DEBUG|GroupHRIS.EmployeeLeave.webFrmEmployeeLeaveSheet|webFrmEmployeeLeaveSheet : gvLeaveSheet_RowDataBound()
2016-12-07 14:10:40.3207|DEBUG|GroupHRIS.EmployeeLeave.webFrmEmployeeLeaveSheet|IP:::1webFrmEmployeeLeaveSheet : Page_Load
2016-12-07 14:10:40.6483|DEBUG|GroupHRIS.EmployeeLeave.webFrmEmployeeLeaveSheet|webFrmEmployeeLeaveSheet : btnApply_Click()
2016-12-07 14:10:40.7107|DEBUG|GroupHRIS.EmployeeLeave.webFrmEmployeeLeaveSheet|webFrmEmployeeLeaveSheet : isLeaveExist()
2016-12-07 14:10:40.7419|DEBUG|GroupHRIS.EmployeeLeave.webFrmEmployeeLeaveSheet|webFrmEmployeeLeaveSheet : gvLeaveSheet_RowDataBound()
2016-12-07 14:10:40.7419|DEBUG|GroupHRIS.EmployeeLeave.webFrmEmployeeLeaveSheet|webFrmEmployeeLeaveSheet : gvLeaveSheet_RowDataBound()
2016-12-07 14:10:40.7731|DEBUG|GroupHRIS.EmployeeLeave.webFrmEmployeeLeaveSheet|webFrmEmployeeLeaveSheet : gvLeaveSheet_RowDataBound()
2016-12-07 14:10:40.7887|DEBUG|GroupHRIS.EmployeeLeave.webFrmEmployeeLeaveSheet|webFrmEmployeeLeaveSheet : gvLeaveSheet_RowDataBound()
2016-12-07 14:10:45.2815|DEBUG|GroupHRIS.EmployeeLeave.webFrmEmployeeLeaveSheet|IP:::1webFrmEmployeeLeaveSheet : Page_Load
2016-12-07 14:10:45.2815|DEBUG|GroupHRIS.EmployeeLeave.webFrmEmployeeLeaveSheet|webFrmEmployeeLeaveSheet : ddlLeaveType_Update()
2016-12-07 14:10:54.3919|DEBUG|GroupHRIS.EmployeeLeave.webFrmEmployeeLeaveSheet|IP:::1webFrmEmployeeLeaveSheet : Page_Load
2016-12-07 14:11:15.0474|DEBUG|GroupHRIS.Employee.webFrmEmployeeSearch|Page_Load()
2016-12-07 14:11:15.0474|DEBUG|GroupHRIS.Employee.webFrmEmployeeSearch|fillCompanies()
2016-12-07 14:11:15.0630|DEBUG|GroupHRIS.Employee.webFrmEmployeeSearch|fillEmployeeStatus():
2016-12-07 14:11:21.5526|DEBUG|GroupHRIS.EmployeeLeave.webFrmEmployeeLeaveSheet|IP:::1webFrmEmployeeLeaveSheet : Page_Load
2016-12-07 14:11:21.5526|DEBUG|GroupHRIS.EmployeeLeave.webFrmEmployeeLeaveSheet|webFrmEmployeeLeaveSheet : clear()
2016-12-07 14:11:21.5682|DEBUG|GroupHRIS.EmployeeLeave.webFrmEmployeeLeaveSheet|webFrmEmployeeLeaveSheet : clearSessionTables()
2016-12-07 14:11:21.5682|DEBUG|GroupHRIS.EmployeeLeave.webFrmEmployeeLeaveSheet|webFrmEmployeeLeaveSheet : clearSessionTables()
2016-12-07 14:11:21.5682|DEBUG|GroupHRIS.EmployeeLeave.webFrmEmployeeLeaveSheet|webFrmEmployeeLeaveSheet : fillLeaveSummary()
2016-12-07 14:11:21.6930|DEBUG|GroupHRIS.EmployeeLeave.webFrmEmployeeLeaveSheet|webFrmEmployeeLeaveSheet : getSupervisor()
2016-12-07 14:11:21.7086|DEBUG|GroupHRIS.EmployeeLeave.webFrmEmployeeLeaveSheet|webFrmEmployeeLeaveSheet : fillHistory()
2016-12-07 14:11:33.1902|DEBUG|GroupHRIS.EmployeeLeave.webFrmEmployeeLeaveSheet|IP:::1webFrmEmployeeLeaveSheet : Page_Load
2016-12-07 14:11:33.1902|DEBUG|GroupHRIS.EmployeeLeave.webFrmEmployeeLeaveSheet|webFrmEmployeeLeaveSheet : createLeaveBucket()
2016-12-07 14:11:33.2058|DEBUG|GroupHRIS.EmployeeLeave.webFrmEmployeeLeaveSheet|webFrmEmployeeLeaveSheet : fillHours()
2016-12-07 14:11:33.2058|DEBUG|GroupHRIS.EmployeeLeave.webFrmEmployeeLeaveSheet|webFrmEmployeeLeaveSheet : fillMinutes()
2016-12-07 14:11:33.2058|DEBUG|GroupHRIS.EmployeeLeave.webFrmEmployeeLeaveSheet|webFrmEmployeeLeaveSheet : fillHours()
2016-12-07 14:11:33.2058|DEBUG|GroupHRIS.EmployeeLeave.webFrmEmployeeLeaveSheet|webFrmEmployeeLeaveSheet : fillMinutes()
2016-12-07 14:11:33.2058|DEBUG|GroupHRIS.EmployeeLeave.webFrmEmployeeLeaveSheet|webFrmEmployeeLeaveSheet : fillLeaveSummary()
2016-12-07 14:11:33.3462|DEBUG|GroupHRIS.EmployeeLeave.webFrmEmployeeLeaveSheet|webFrmEmployeeLeaveSheet : getSupervisor()
2016-12-07 14:11:33.3774|DEBUG|GroupHRIS.EmployeeLeave.webFrmEmployeeLeaveSheet|webFrmEmployeeLeaveSheet : fillHistory()
2016-12-07 14:11:33.3930|DEBUG|GroupHRIS.EmployeeLeave.webFrmEmployeeLeaveSheet|webFrmEmployeeLeaveSheet : gvLeaveHistory_RowDataBound()
2016-12-07 14:11:33.3930|DEBUG|GroupHRIS.EmployeeLeave.webFrmEmployeeLeaveSheet|webFrmEmployeeLeaveSheet : gvLeaveHistory_RowDataBound()
2016-12-07 14:11:33.3930|DEBUG|GroupHRIS.EmployeeLeave.webFrmEmployeeLeaveSheet|webFrmEmployeeLeaveSheet : gvLeaveHistory_RowDataBound()
2016-12-07 14:11:33.4086|DEBUG|GroupHRIS.EmployeeLeave.webFrmEmployeeLeaveSheet|webFrmEmployeeLeaveSheet : gvLeaveHistory_RowDataBound()
2016-12-07 14:11:33.4086|DEBUG|GroupHRIS.EmployeeLeave.webFrmEmployeeLeaveSheet|webFrmEmployeeLeaveSheet : gvLeaveHistory_RowDataBound()
2016-12-07 14:11:33.4086|DEBUG|GroupHRIS.EmployeeLeave.webFrmEmployeeLeaveSheet|webFrmEmployeeLeaveSheet : gvLeaveHistory_RowDataBound()
2016-12-07 14:11:33.4086|DEBUG|GroupHRIS.EmployeeLeave.webFrmEmployeeLeaveSheet|webFrmEmployeeLeaveSheet : gvLeaveHistory_RowDataBound()
2016-12-07 14:11:39.4458|DEBUG|GroupHRIS.Employee.webFrmEmployeeSearch|Page_Load()
2016-12-07 14:11:39.4458|DEBUG|GroupHRIS.Employee.webFrmEmployeeSearch|fillCompanies()
2016-12-07 14:11:39.4614|DEBUG|GroupHRIS.Employee.webFrmEmployeeSearch|fillEmployeeStatus():
2016-12-07 14:11:44.4378|DEBUG|GroupHRIS.Employee.webFrmEmployeeSearch|Page_Load()
2016-12-07 14:11:47.0898|DEBUG|GroupHRIS.Employee.webFrmEmployeeSearch|Page_Load()
2016-12-07 14:11:49.6794|DEBUG|GroupHRIS.EmployeeLeave.webFrmEmployeeLeaveSheet|IP:::1webFrmEmployeeLeaveSheet : Page_Load
2016-12-07 14:11:50.8026|DEBUG|GroupHRIS.Employee.webFrmEmployeeSearch|Page_Load()
2016-12-07 14:12:03.3607|DEBUG|GroupHRIS.EmployeeLeave.webFrmEmployeeLeaveSheet|IP:::1webFrmEmployeeLeaveSheet : Page_Load
2016-12-07 14:12:17.9155|DEBUG|GroupHRIS.EmployeeLeave.webFrmEmployeeLeaveSheet|IP:::1webFrmEmployeeLeaveSheet : Page_Load
2016-12-07 14:12:18.2587|DEBUG|GroupHRIS.EmployeeLeave.webFrmEmployeeLeaveSheet|webFrmEmployeeLeaveSheet : btnApply_Click()
2016-12-07 14:12:18.3367|DEBUG|GroupHRIS.EmployeeLeave.webFrmEmployeeLeaveSheet|webFrmEmployeeLeaveSheet : isLeaveExist()
2016-12-07 14:12:18.3523|DEBUG|GroupHRIS.EmployeeLeave.webFrmEmployeeLeaveSheet|webFrmEmployeeLeaveSheet : gvLeaveSheet_RowDataBound()
2016-12-07 14:12:18.3523|DEBUG|GroupHRIS.EmployeeLeave.webFrmEmployeeLeaveSheet|webFrmEmployeeLeaveSheet : gvLeaveSheet_RowDataBound()
2016-12-07 14:12:18.3679|DEBUG|GroupHRIS.EmployeeLeave.webFrmEmployeeLeaveSheet|webFrmEmployeeLeaveSheet : gvLeaveSheet_RowDataBound()
2016-12-07 14:12:23.2663|DEBUG|GroupHRIS.EmployeeLeave.webFrmEmployeeLeaveSheet|IP:::1webFrmEmployeeLeaveSheet : Page_Load
2016-12-07 14:12:23.2663|DEBUG|GroupHRIS.EmployeeLeave.webFrmEmployeeLeaveSheet|webFrmEmployeeLeaveSheet : ddlLeaveType_Update()
2016-12-07 14:12:23.2663|DEBUG|GroupHRIS.EmployeeLeave.webFrmEmployeeLeaveSheet|webFrmEmployeeLeaveSheet : gvLeaveSheet_RowDataBound()
2016-12-07 14:12:23.2663|DEBUG|GroupHRIS.EmployeeLeave.webFrmEmployeeLeaveSheet|webFrmEmployeeLeaveSheet : gvLeaveSheet_RowDataBound()
2016-12-07 14:12:23.2819|DEBUG|GroupHRIS.EmployeeLeave.webFrmEmployeeLeaveSheet|webFrmEmployeeLeaveSheet : gvLeaveSheet_RowDataBound()
2016-12-07 14:12:34.6699|DEBUG|GroupHRIS.EmployeeLeave.webFrmEmployeeLeaveSheet|IP:::1webFrmEmployeeLeaveSheet : Page_Load
2016-12-07 14:12:52.4696|DEBUG|GroupHRIS.EmployeeLeave.webFrmEmployeeLeaveSheet|IP:::1webFrmEmployeeLeaveSheet : Page_Load
2016-12-07 14:12:52.7504|DEBUG|GroupHRIS.EmployeeLeave.webFrmEmployeeLeaveSheet|webFrmEmployeeLeaveSheet : btnApply_Click()
2016-12-07 14:12:52.8284|DEBUG|GroupHRIS.EmployeeLeave.webFrmEmployeeLeaveSheet|webFrmEmployeeLeaveSheet : isLeaveExist()
2016-12-07 14:12:52.8440|DEBUG|GroupHRIS.EmployeeLeave.webFrmEmployeeLeaveSheet|webFrmEmployeeLeaveSheet : gvLeaveSheet_RowDataBound()
2016-12-07 14:12:52.8440|DEBUG|GroupHRIS.EmployeeLeave.webFrmEmployeeLeaveSheet|webFrmEmployeeLeaveSheet : gvLeaveSheet_RowDataBound()
2016-12-07 14:12:52.8596|DEBUG|GroupHRIS.EmployeeLeave.webFrmEmployeeLeaveSheet|webFrmEmployeeLeaveSheet : gvLeaveSheet_RowDataBound()
2016-12-07 14:12:52.8752|DEBUG|GroupHRIS.EmployeeLeave.webFrmEmployeeLeaveSheet|webFrmEmployeeLeaveSheet : gvLeaveSheet_RowDataBound()
2016-12-07 14:12:57.4304|DEBUG|GroupHRIS.EmployeeLeave.webFrmEmployeeLeaveSheet|IP:::1webFrmEmployeeLeaveSheet : Page_Load
2016-12-07 14:12:57.4304|DEBUG|GroupHRIS.EmployeeLeave.webFrmEmployeeLeaveSheet|webFrmEmployeeLeaveSheet : ddlLeaveType_Update()
2016-12-07 14:12:57.4304|DEBUG|GroupHRIS.EmployeeLeave.webFrmEmployeeLeaveSheet|webFrmEmployeeLeaveSheet : gvLeaveSheet_RowDataBound()
2016-12-07 14:12:57.4304|DEBUG|GroupHRIS.EmployeeLeave.webFrmEmployeeLeaveSheet|webFrmEmployeeLeaveSheet : gvLeaveSheet_RowDataBound()
2016-12-07 14:12:57.6020|DEBUG|GroupHRIS.EmployeeLeave.webFrmEmployeeLeaveSheet|webFrmEmployeeLeaveSheet : gvLeaveSheet_RowDataBound()
2016-12-07 14:12:57.6176|DEBUG|GroupHRIS.EmployeeLeave.webFrmEmployeeLeaveSheet|webFrmEmployeeLeaveSheet : gvLeaveSheet_RowDataBound()
2016-12-07 14:13:00.6440|DEBUG|GroupHRIS.EmployeeLeave.webFrmEmployeeLeaveSheet|IP:::1webFrmEmployeeLeaveSheet : Page_Load
2016-12-07 14:13:00.9248|DEBUG|GroupHRIS.EmployeeLeave.webFrmEmployeeLeaveSheet|webFrmEmployeeLeaveSheet : btnSave_Click()
2016-12-07 14:13:00.9248|DEBUG|GroupHRIS.EmployeeLeave.webFrmEmployeeLeaveSheet|webFrmEmployeeLeaveSheet : isLeaveTypeNotSelected()
2016-12-07 14:13:01.0652|DEBUG|GroupHRIS.EmployeeLeave.webFrmEmployeeLeaveSheet|webFrmEmployeeLeaveSheet : btnSave_Click() -> Insert
2016-12-07 14:13:01.1276|DEBUG|GroupHRIS.EmployeeLeave.webFrmEmployeeLeaveSheet|webFrmEmployeeLeaveSheet : fillHistory()
2016-12-07 14:13:01.1432|DEBUG|GroupHRIS.EmployeeLeave.webFrmEmployeeLeaveSheet|webFrmEmployeeLeaveSheet : gvLeaveHistory_RowDataBound()
2016-12-07 14:13:01.1432|DEBUG|GroupHRIS.EmployeeLeave.webFrmEmployeeLeaveSheet|webFrmEmployeeLeaveSheet : gvLeaveHistory_RowDataBound()
2016-12-07 14:13:01.1432|DEBUG|GroupHRIS.EmployeeLeave.webFrmEmployeeLeaveSheet|webFrmEmployeeLeaveSheet : gvLeaveHistory_RowDataBound()
2016-12-07 14:13:01.1432|DEBUG|GroupHRIS.EmployeeLeave.webFrmEmployeeLeaveSheet|webFrmEmployeeLeaveSheet : gvLeaveHistory_RowDataBound()
2016-12-07 14:13:01.1432|DEBUG|GroupHRIS.EmployeeLeave.webFrmEmployeeLeaveSheet|webFrmEmployeeLeaveSheet : gvLeaveHistory_RowDataBound()
2016-12-07 14:13:01.1432|DEBUG|GroupHRIS.EmployeeLeave.webFrmEmployeeLeaveSheet|webFrmEmployeeLeaveSheet : gvLeaveHistory_RowDataBound()
2016-12-07 14:13:01.1432|DEBUG|GroupHRIS.EmployeeLeave.webFrmEmployeeLeaveSheet|webFrmEmployeeLeaveSheet : gvLeaveHistory_RowDataBound()
2016-12-07 14:13:01.1432|DEBUG|GroupHRIS.EmployeeLeave.webFrmEmployeeLeaveSheet|webFrmEmployeeLeaveSheet : gvLeaveHistory_RowDataBound()
2016-12-07 14:13:01.1900|DEBUG|GroupHRIS.EmployeeLeave.webFrmEmployeeLeaveSheet|webFrmEmployeeLeaveSheet : getMailBodyHtml()
2016-12-07 14:13:22.6174|DEBUG|GroupHRIS.EmployeeLeave.WebFrmApprove|webFrmEmployeeLeaveSheet : getMailBodyHtml()
2016-12-07 14:15:22.8690|DEBUG|GroupHRIS.EmployeeLeave.WebFrmApprove|webFrmLeaveApproval : gvLeaves_RowCommand()
