2016-12-05 15:28:54.1524|DEBUG|GroupHRIS.EmployeeLeave.webFrmEmployeeLeaveSheet|IP:::1webFrmEmployeeLeaveSheet : Page_Load
2016-12-05 15:28:54.2814|DEBUG|GroupHRIS.EmployeeLeave.webFrmEmployeeLeaveSheet|webFrmEmployeeLeaveSheet : createLeaveBucket()
2016-12-05 15:28:54.2814|DEBUG|GroupHRIS.EmployeeLeave.webFrmEmployeeLeaveSheet|webFrmEmployeeLeaveSheet : fillHours()
2016-12-05 15:28:54.2814|DEBUG|GroupHRIS.EmployeeLeave.webFrmEmployeeLeaveSheet|webFrmEmployeeLeaveSheet : fillMinutes()
2016-12-05 15:28:54.2814|DEBUG|GroupHRIS.EmployeeLeave.webFrmEmployeeLeaveSheet|webFrmEmployeeLeaveSheet : fillHours()
2016-12-05 15:28:54.2814|DEBUG|GroupHRIS.EmployeeLeave.webFrmEmployeeLeaveSheet|webFrmEmployeeLeaveSheet : fillMinutes()
2016-12-05 15:28:54.2934|DEBUG|GroupHRIS.EmployeeLeave.webFrmEmployeeLeaveSheet|webFrmEmployeeLeaveSheet : fillLeaveSummary()
2016-12-05 15:28:55.1165|DEBUG|GroupHRIS.EmployeeLeave.webFrmEmployeeLeaveSheet|webFrmEmployeeLeaveSheet : getSupervisor()
2016-12-05 15:28:55.3465|DEBUG|GroupHRIS.EmployeeLeave.webFrmEmployeeLeaveSheet|webFrmEmployeeLeaveSheet : fillHistory()
2016-12-05 15:28:55.4085|DEBUG|GroupHRIS.EmployeeLeave.webFrmEmployeeLeaveSheet|webFrmEmployeeLeaveSheet : gvLeaveHistory_RowDataBound()
2016-12-05 15:28:55.4085|DEBUG|GroupHRIS.EmployeeLeave.webFrmEmployeeLeaveSheet|webFrmEmployeeLeaveSheet : gvLeaveHistory_RowDataBound()
2016-12-05 15:28:55.4085|DEBUG|GroupHRIS.EmployeeLeave.webFrmEmployeeLeaveSheet|webFrmEmployeeLeaveSheet : gvLeaveHistory_RowDataBound()
2016-12-05 15:28:55.4085|DEBUG|GroupHRIS.EmployeeLeave.webFrmEmployeeLeaveSheet|webFrmEmployeeLeaveSheet : gvLeaveHistory_RowDataBound()
2016-12-05 15:28:55.4085|DEBUG|GroupHRIS.EmployeeLeave.webFrmEmployeeLeaveSheet|webFrmEmployeeLeaveSheet : gvLeaveHistory_RowDataBound()
2016-12-05 15:28:55.4085|DEBUG|GroupHRIS.EmployeeLeave.webFrmEmployeeLeaveSheet|webFrmEmployeeLeaveSheet : gvLeaveHistory_RowDataBound()
2016-12-05 15:28:55.4085|DEBUG|GroupHRIS.EmployeeLeave.webFrmEmployeeLeaveSheet|webFrmEmployeeLeaveSheet : gvLeaveHistory_RowDataBound()
2016-12-05 15:28:55.4165|DEBUG|GroupHRIS.EmployeeLeave.webFrmEmployeeLeaveSheet|webFrmEmployeeLeaveSheet : gvLeaveHistory_RowDataBound()
2016-12-05 15:28:55.4165|DEBUG|GroupHRIS.EmployeeLeave.webFrmEmployeeLeaveSheet|webFrmEmployeeLeaveSheet : gvLeaveHistory_RowDataBound()
2016-12-05 15:28:55.4165|DEBUG|GroupHRIS.EmployeeLeave.webFrmEmployeeLeaveSheet|webFrmEmployeeLeaveSheet : gvLeaveHistory_RowDataBound()
2016-12-05 15:28:55.4165|DEBUG|GroupHRIS.EmployeeLeave.webFrmEmployeeLeaveSheet|webFrmEmployeeLeaveSheet : gvLeaveHistory_RowDataBound()
2016-12-05 15:28:55.4165|DEBUG|GroupHRIS.EmployeeLeave.webFrmEmployeeLeaveSheet|webFrmEmployeeLeaveSheet : gvLeaveHistory_RowDataBound()
2016-12-05 15:29:15.1716|DEBUG|GroupHRIS.Employee.webFrmEmployeeSearch|Page_Load()
2016-12-05 15:29:15.1886|DEBUG|GroupHRIS.Employee.webFrmEmployeeSearch|fillCompanies()
2016-12-05 15:29:15.5506|DEBUG|GroupHRIS.Employee.webFrmEmployeeSearch|fillEmployeeStatus():
2016-12-05 15:29:37.1179|DEBUG|GroupHRIS.Employee.webFrmEmployeeSearch|Page_Load()
2016-12-05 15:29:39.5050|DEBUG|GroupHRIS.Employee.webFrmEmployeeSearch|Page_Load()
2016-12-05 15:29:41.5241|DEBUG|GroupHRIS.EmployeeLeave.webFrmEmployeeLeaveSheet|IP:::1webFrmEmployeeLeaveSheet : Page_Load
2016-12-05 15:29:43.9963|DEBUG|GroupHRIS.Employee.webFrmEmployeeSearch|Page_Load()
2016-12-05 15:29:57.2110|DEBUG|GroupHRIS.EmployeeLeave.webFrmEmployeeLeaveSheet|IP:::1webFrmEmployeeLeaveSheet : Page_Load
2016-12-05 15:29:58.6671|DEBUG|GroupHRIS.EmployeeLeave.webFrmEmployeeLeaveSheet|IP:::1webFrmEmployeeLeaveSheet : Page_Load
2016-12-05 15:30:21.2664|DEBUG|GroupHRIS.EmployeeLeave.webFrmEmployeeLeaveSheet|IP:::1webFrmEmployeeLeaveSheet : Page_Load
2016-12-05 15:30:21.6684|DEBUG|GroupHRIS.EmployeeLeave.webFrmEmployeeLeaveSheet|webFrmEmployeeLeaveSheet : btnApply_Click()
2016-12-05 15:30:22.4815|DEBUG|GroupHRIS.EmployeeLeave.webFrmEmployeeLeaveSheet|webFrmEmployeeLeaveSheet : isLeaveExist()
2016-12-05 15:30:22.5455|DEBUG|GroupHRIS.EmployeeLeave.webFrmEmployeeLeaveSheet|webFrmEmployeeLeaveSheet : gvLeaveSheet_RowDataBound()
2016-12-05 15:30:22.5455|DEBUG|GroupHRIS.EmployeeLeave.webFrmEmployeeLeaveSheet|webFrmEmployeeLeaveSheet : gvLeaveSheet_RowDataBound()
2016-12-05 15:30:22.6265|DEBUG|GroupHRIS.EmployeeLeave.webFrmEmployeeLeaveSheet|webFrmEmployeeLeaveSheet : gvLeaveSheet_RowDataBound()
2016-12-05 15:30:27.4837|DEBUG|GroupHRIS.EmployeeLeave.webFrmEmployeeLeaveSheet|IP:::1webFrmEmployeeLeaveSheet : Page_Load
2016-12-05 15:30:27.4897|DEBUG|GroupHRIS.EmployeeLeave.webFrmEmployeeLeaveSheet|webFrmEmployeeLeaveSheet : ddlLeaveType_Update()
2016-12-05 15:30:27.6918|DEBUG|GroupHRIS.EmployeeLeave.webFrmEmployeeLeaveSheet|webFrmEmployeeLeaveSheet : gvLeaveSheet_RowDataBound()
2016-12-05 15:30:27.6918|DEBUG|GroupHRIS.EmployeeLeave.webFrmEmployeeLeaveSheet|webFrmEmployeeLeaveSheet : gvLeaveSheet_RowDataBound()
2016-12-05 15:30:27.7458|DEBUG|GroupHRIS.EmployeeLeave.webFrmEmployeeLeaveSheet|webFrmEmployeeLeaveSheet : gvLeaveSheet_RowDataBound()
2016-12-05 15:31:02.0997|DEBUG|GroupHRIS.EmployeeLeave.webFrmEmployeeLeaveSheet|IP:::1webFrmEmployeeLeaveSheet : Page_Load
2016-12-05 15:31:02.4768|DEBUG|GroupHRIS.EmployeeLeave.webFrmEmployeeLeaveSheet|webFrmEmployeeLeaveSheet : btnApply_Click()
2016-12-05 15:31:02.9438|DEBUG|GroupHRIS.EmployeeLeave.webFrmEmployeeLeaveSheet|webFrmEmployeeLeaveSheet : isLeaveExist()
2016-12-05 15:31:03.4478|DEBUG|GroupHRIS.EmployeeLeave.webFrmEmployeeLeaveSheet|webFrmEmployeeLeaveSheet : isLeaveExist()
2016-12-05 15:31:05.1519|DEBUG|GroupHRIS.EmployeeLeave.webFrmEmployeeLeaveSheet|webFrmEmployeeLeaveSheet : isLeaveExist()
2016-12-05 15:31:05.9750|DEBUG|GroupHRIS.EmployeeLeave.webFrmEmployeeLeaveSheet|webFrmEmployeeLeaveSheet : isLeaveExist()
2016-12-05 15:31:06.0730|DEBUG|GroupHRIS.EmployeeLeave.webFrmEmployeeLeaveSheet|webFrmEmployeeLeaveSheet : gvLeaveSheet_RowDataBound()
2016-12-05 15:31:06.0730|DEBUG|GroupHRIS.EmployeeLeave.webFrmEmployeeLeaveSheet|webFrmEmployeeLeaveSheet : gvLeaveSheet_RowDataBound()
2016-12-05 15:31:06.1150|DEBUG|GroupHRIS.EmployeeLeave.webFrmEmployeeLeaveSheet|webFrmEmployeeLeaveSheet : gvLeaveSheet_RowDataBound()
2016-12-05 15:31:06.1470|DEBUG|GroupHRIS.EmployeeLeave.webFrmEmployeeLeaveSheet|webFrmEmployeeLeaveSheet : gvLeaveSheet_RowDataBound()
2016-12-05 15:31:06.1880|DEBUG|GroupHRIS.EmployeeLeave.webFrmEmployeeLeaveSheet|webFrmEmployeeLeaveSheet : gvLeaveSheet_RowDataBound()
2016-12-05 15:31:06.2550|DEBUG|GroupHRIS.EmployeeLeave.webFrmEmployeeLeaveSheet|webFrmEmployeeLeaveSheet : gvLeaveSheet_RowDataBound()
2016-12-05 15:31:06.3130|DEBUG|GroupHRIS.EmployeeLeave.webFrmEmployeeLeaveSheet|webFrmEmployeeLeaveSheet : gvLeaveSheet_RowDataBound()
2016-12-05 15:31:10.8842|DEBUG|GroupHRIS.EmployeeLeave.webFrmEmployeeLeaveSheet|IP:::1webFrmEmployeeLeaveSheet : Page_Load
2016-12-05 15:31:10.8842|DEBUG|GroupHRIS.EmployeeLeave.webFrmEmployeeLeaveSheet|webFrmEmployeeLeaveSheet : ddlLeaveType_Update()
2016-12-05 15:31:10.8882|DEBUG|GroupHRIS.EmployeeLeave.webFrmEmployeeLeaveSheet|webFrmEmployeeLeaveSheet : gvLeaveSheet_RowDataBound()
2016-12-05 15:31:10.8882|DEBUG|GroupHRIS.EmployeeLeave.webFrmEmployeeLeaveSheet|webFrmEmployeeLeaveSheet : gvLeaveSheet_RowDataBound()
2016-12-05 15:31:11.3013|DEBUG|GroupHRIS.EmployeeLeave.webFrmEmployeeLeaveSheet|webFrmEmployeeLeaveSheet : gvLeaveSheet_RowDataBound()
2016-12-05 15:31:11.3573|DEBUG|GroupHRIS.EmployeeLeave.webFrmEmployeeLeaveSheet|webFrmEmployeeLeaveSheet : gvLeaveSheet_RowDataBound()
2016-12-05 15:31:11.4093|DEBUG|GroupHRIS.EmployeeLeave.webFrmEmployeeLeaveSheet|webFrmEmployeeLeaveSheet : gvLeaveSheet_RowDataBound()
2016-12-05 15:31:12.5133|DEBUG|GroupHRIS.EmployeeLeave.webFrmEmployeeLeaveSheet|webFrmEmployeeLeaveSheet : gvLeaveSheet_RowDataBound()
2016-12-05 15:31:12.9964|DEBUG|GroupHRIS.EmployeeLeave.webFrmEmployeeLeaveSheet|webFrmEmployeeLeaveSheet : gvLeaveSheet_RowDataBound()
2016-12-05 15:31:14.0984|DEBUG|GroupHRIS.EmployeeLeave.webFrmEmployeeLeaveSheet|IP:::1webFrmEmployeeLeaveSheet : Page_Load
2016-12-05 15:31:14.0984|DEBUG|GroupHRIS.EmployeeLeave.webFrmEmployeeLeaveSheet|webFrmEmployeeLeaveSheet : ddlLeaveType_Update()
2016-12-05 15:31:14.1014|DEBUG|GroupHRIS.EmployeeLeave.webFrmEmployeeLeaveSheet|webFrmEmployeeLeaveSheet : gvLeaveSheet_RowDataBound()
2016-12-05 15:31:14.1014|DEBUG|GroupHRIS.EmployeeLeave.webFrmEmployeeLeaveSheet|webFrmEmployeeLeaveSheet : gvLeaveSheet_RowDataBound()
2016-12-05 15:31:14.1544|DEBUG|GroupHRIS.EmployeeLeave.webFrmEmployeeLeaveSheet|webFrmEmployeeLeaveSheet : gvLeaveSheet_RowDataBound()
2016-12-05 15:31:14.5124|DEBUG|GroupHRIS.EmployeeLeave.webFrmEmployeeLeaveSheet|webFrmEmployeeLeaveSheet : gvLeaveSheet_RowDataBound()
2016-12-05 15:31:14.8615|DEBUG|GroupHRIS.EmployeeLeave.webFrmEmployeeLeaveSheet|webFrmEmployeeLeaveSheet : gvLeaveSheet_RowDataBound()
2016-12-05 15:31:15.2095|DEBUG|GroupHRIS.EmployeeLeave.webFrmEmployeeLeaveSheet|webFrmEmployeeLeaveSheet : gvLeaveSheet_RowDataBound()
2016-12-05 15:31:15.2625|DEBUG|GroupHRIS.EmployeeLeave.webFrmEmployeeLeaveSheet|webFrmEmployeeLeaveSheet : gvLeaveSheet_RowDataBound()
2016-12-05 15:31:16.6016|DEBUG|GroupHRIS.EmployeeLeave.webFrmEmployeeLeaveSheet|IP:::1webFrmEmployeeLeaveSheet : Page_Load
2016-12-05 15:31:16.6016|DEBUG|GroupHRIS.EmployeeLeave.webFrmEmployeeLeaveSheet|webFrmEmployeeLeaveSheet : ddlLeaveType_Update()
2016-12-05 15:31:16.6016|DEBUG|GroupHRIS.EmployeeLeave.webFrmEmployeeLeaveSheet|webFrmEmployeeLeaveSheet : gvLeaveSheet_RowDataBound()
2016-12-05 15:31:16.6016|DEBUG|GroupHRIS.EmployeeLeave.webFrmEmployeeLeaveSheet|webFrmEmployeeLeaveSheet : gvLeaveSheet_RowDataBound()
2016-12-05 15:31:16.6686|DEBUG|GroupHRIS.EmployeeLeave.webFrmEmployeeLeaveSheet|webFrmEmployeeLeaveSheet : gvLeaveSheet_RowDataBound()
2016-12-05 15:31:16.7096|DEBUG|GroupHRIS.EmployeeLeave.webFrmEmployeeLeaveSheet|webFrmEmployeeLeaveSheet : gvLeaveSheet_RowDataBound()
2016-12-05 15:31:16.7616|DEBUG|GroupHRIS.EmployeeLeave.webFrmEmployeeLeaveSheet|webFrmEmployeeLeaveSheet : gvLeaveSheet_RowDataBound()
2016-12-05 15:31:16.8096|DEBUG|GroupHRIS.EmployeeLeave.webFrmEmployeeLeaveSheet|webFrmEmployeeLeaveSheet : gvLeaveSheet_RowDataBound()
2016-12-05 15:31:16.8576|DEBUG|GroupHRIS.EmployeeLeave.webFrmEmployeeLeaveSheet|webFrmEmployeeLeaveSheet : gvLeaveSheet_RowDataBound()
2016-12-05 15:31:20.6538|DEBUG|GroupHRIS.EmployeeLeave.webFrmEmployeeLeaveSheet|IP:::1webFrmEmployeeLeaveSheet : Page_Load
2016-12-05 15:31:20.6538|DEBUG|GroupHRIS.EmployeeLeave.webFrmEmployeeLeaveSheet|webFrmEmployeeLeaveSheet : ddlLeaveType_Update()
2016-12-05 15:31:20.6538|DEBUG|GroupHRIS.EmployeeLeave.webFrmEmployeeLeaveSheet|webFrmEmployeeLeaveSheet : gvLeaveSheet_RowDataBound()
2016-12-05 15:31:20.6538|DEBUG|GroupHRIS.EmployeeLeave.webFrmEmployeeLeaveSheet|webFrmEmployeeLeaveSheet : gvLeaveSheet_RowDataBound()
2016-12-05 15:31:20.6928|DEBUG|GroupHRIS.EmployeeLeave.webFrmEmployeeLeaveSheet|webFrmEmployeeLeaveSheet : gvLeaveSheet_RowDataBound()
2016-12-05 15:31:20.7328|DEBUG|GroupHRIS.EmployeeLeave.webFrmEmployeeLeaveSheet|webFrmEmployeeLeaveSheet : gvLeaveSheet_RowDataBound()
2016-12-05 15:31:21.0838|DEBUG|GroupHRIS.EmployeeLeave.webFrmEmployeeLeaveSheet|webFrmEmployeeLeaveSheet : gvLeaveSheet_RowDataBound()
2016-12-05 15:31:21.1308|DEBUG|GroupHRIS.EmployeeLeave.webFrmEmployeeLeaveSheet|webFrmEmployeeLeaveSheet : gvLeaveSheet_RowDataBound()
2016-12-05 15:31:21.1798|DEBUG|GroupHRIS.EmployeeLeave.webFrmEmployeeLeaveSheet|webFrmEmployeeLeaveSheet : gvLeaveSheet_RowDataBound()
2016-12-05 15:31:24.4580|DEBUG|GroupHRIS.EmployeeLeave.webFrmEmployeeLeaveSheet|IP:::1webFrmEmployeeLeaveSheet : Page_Load
2016-12-05 15:31:24.4600|DEBUG|GroupHRIS.EmployeeLeave.webFrmEmployeeLeaveSheet|webFrmEmployeeLeaveSheet : ddlLeaveType_Update()
2016-12-05 15:31:24.4600|DEBUG|GroupHRIS.EmployeeLeave.webFrmEmployeeLeaveSheet|webFrmEmployeeLeaveSheet : gvLeaveSheet_RowDataBound()
2016-12-05 15:31:24.4600|DEBUG|GroupHRIS.EmployeeLeave.webFrmEmployeeLeaveSheet|webFrmEmployeeLeaveSheet : gvLeaveSheet_RowDataBound()
2016-12-05 15:31:24.8150|DEBUG|GroupHRIS.EmployeeLeave.webFrmEmployeeLeaveSheet|webFrmEmployeeLeaveSheet : gvLeaveSheet_RowDataBound()
2016-12-05 15:31:24.8630|DEBUG|GroupHRIS.EmployeeLeave.webFrmEmployeeLeaveSheet|webFrmEmployeeLeaveSheet : gvLeaveSheet_RowDataBound()
2016-12-05 15:31:24.9130|DEBUG|GroupHRIS.EmployeeLeave.webFrmEmployeeLeaveSheet|webFrmEmployeeLeaveSheet : gvLeaveSheet_RowDataBound()
2016-12-05 15:31:24.9600|DEBUG|GroupHRIS.EmployeeLeave.webFrmEmployeeLeaveSheet|webFrmEmployeeLeaveSheet : gvLeaveSheet_RowDataBound()
2016-12-05 15:31:25.3131|DEBUG|GroupHRIS.EmployeeLeave.webFrmEmployeeLeaveSheet|webFrmEmployeeLeaveSheet : gvLeaveSheet_RowDataBound()
2016-12-05 15:31:29.3473|DEBUG|GroupHRIS.EmployeeLeave.webFrmEmployeeLeaveSheet|IP:::1webFrmEmployeeLeaveSheet : Page_Load
2016-12-05 15:31:29.3473|DEBUG|GroupHRIS.EmployeeLeave.webFrmEmployeeLeaveSheet|webFrmEmployeeLeaveSheet : ddlLeaveType_Update()
2016-12-05 15:31:29.3473|DEBUG|GroupHRIS.EmployeeLeave.webFrmEmployeeLeaveSheet|webFrmEmployeeLeaveSheet : gvLeaveSheet_RowDataBound()
2016-12-05 15:31:29.3473|DEBUG|GroupHRIS.EmployeeLeave.webFrmEmployeeLeaveSheet|webFrmEmployeeLeaveSheet : gvLeaveSheet_RowDataBound()
2016-12-05 15:31:29.3923|DEBUG|GroupHRIS.EmployeeLeave.webFrmEmployeeLeaveSheet|webFrmEmployeeLeaveSheet : gvLeaveSheet_RowDataBound()
2016-12-05 15:31:29.4423|DEBUG|GroupHRIS.EmployeeLeave.webFrmEmployeeLeaveSheet|webFrmEmployeeLeaveSheet : gvLeaveSheet_RowDataBound()
2016-12-05 15:31:29.4963|DEBUG|GroupHRIS.EmployeeLeave.webFrmEmployeeLeaveSheet|webFrmEmployeeLeaveSheet : gvLeaveSheet_RowDataBound()
2016-12-05 15:31:29.5423|DEBUG|GroupHRIS.EmployeeLeave.webFrmEmployeeLeaveSheet|webFrmEmployeeLeaveSheet : gvLeaveSheet_RowDataBound()
2016-12-05 15:31:30.0183|DEBUG|GroupHRIS.EmployeeLeave.webFrmEmployeeLeaveSheet|webFrmEmployeeLeaveSheet : gvLeaveSheet_RowDataBound()
2016-12-05 15:31:33.3365|DEBUG|GroupHRIS.EmployeeLeave.webFrmEmployeeLeaveSheet|IP:::1webFrmEmployeeLeaveSheet : Page_Load
2016-12-05 15:31:33.3365|DEBUG|GroupHRIS.EmployeeLeave.webFrmEmployeeLeaveSheet|webFrmEmployeeLeaveSheet : ddlLeaveType_Update()
2016-12-05 15:31:33.3365|DEBUG|GroupHRIS.EmployeeLeave.webFrmEmployeeLeaveSheet|webFrmEmployeeLeaveSheet : gvLeaveSheet_RowDataBound()
2016-12-05 15:31:33.3365|DEBUG|GroupHRIS.EmployeeLeave.webFrmEmployeeLeaveSheet|webFrmEmployeeLeaveSheet : gvLeaveSheet_RowDataBound()
2016-12-05 15:31:33.3775|DEBUG|GroupHRIS.EmployeeLeave.webFrmEmployeeLeaveSheet|webFrmEmployeeLeaveSheet : gvLeaveSheet_RowDataBound()
2016-12-05 15:31:33.4195|DEBUG|GroupHRIS.EmployeeLeave.webFrmEmployeeLeaveSheet|webFrmEmployeeLeaveSheet : gvLeaveSheet_RowDataBound()
2016-12-05 15:31:33.7745|DEBUG|GroupHRIS.EmployeeLeave.webFrmEmployeeLeaveSheet|webFrmEmployeeLeaveSheet : gvLeaveSheet_RowDataBound()
2016-12-05 15:31:33.8265|DEBUG|GroupHRIS.EmployeeLeave.webFrmEmployeeLeaveSheet|webFrmEmployeeLeaveSheet : gvLeaveSheet_RowDataBound()
2016-12-05 15:31:33.8705|DEBUG|GroupHRIS.EmployeeLeave.webFrmEmployeeLeaveSheet|webFrmEmployeeLeaveSheet : gvLeaveSheet_RowDataBound()
2016-12-05 15:31:49.9705|DEBUG|GroupHRIS.EmployeeLeave.webFrmEmployeeLeaveSheet|IP:::1webFrmEmployeeLeaveSheet : Page_Load
2016-12-05 15:31:50.3305|DEBUG|GroupHRIS.EmployeeLeave.webFrmEmployeeLeaveSheet|webFrmEmployeeLeaveSheet : btnApply_Click()
2016-12-05 15:31:51.0735|DEBUG|GroupHRIS.EmployeeLeave.webFrmEmployeeLeaveSheet|webFrmEmployeeLeaveSheet : isLeaveExist()
2016-12-05 15:31:51.8796|DEBUG|GroupHRIS.EmployeeLeave.webFrmEmployeeLeaveSheet|webFrmEmployeeLeaveSheet : isLeaveExist()
2016-12-05 15:31:51.9566|DEBUG|GroupHRIS.EmployeeLeave.webFrmEmployeeLeaveSheet|webFrmEmployeeLeaveSheet : gvLeaveSheet_RowDataBound()
2016-12-05 15:31:51.9566|DEBUG|GroupHRIS.EmployeeLeave.webFrmEmployeeLeaveSheet|webFrmEmployeeLeaveSheet : gvLeaveSheet_RowDataBound()
2016-12-05 15:31:51.9826|DEBUG|GroupHRIS.EmployeeLeave.webFrmEmployeeLeaveSheet|webFrmEmployeeLeaveSheet : gvLeaveSheet_RowDataBound()
2016-12-05 15:31:51.9826|DEBUG|GroupHRIS.EmployeeLeave.webFrmEmployeeLeaveSheet|webFrmEmployeeLeaveSheet : gvLeaveSheet_RowDataBound()
2016-12-05 15:31:52.0126|DEBUG|GroupHRIS.EmployeeLeave.webFrmEmployeeLeaveSheet|webFrmEmployeeLeaveSheet : gvLeaveSheet_RowDataBound()
2016-12-05 15:31:52.0386|DEBUG|GroupHRIS.EmployeeLeave.webFrmEmployeeLeaveSheet|webFrmEmployeeLeaveSheet : gvLeaveSheet_RowDataBound()
2016-12-05 15:31:52.0596|DEBUG|GroupHRIS.EmployeeLeave.webFrmEmployeeLeaveSheet|webFrmEmployeeLeaveSheet : gvLeaveSheet_RowDataBound()
2016-12-05 15:31:52.0596|DEBUG|GroupHRIS.EmployeeLeave.webFrmEmployeeLeaveSheet|webFrmEmployeeLeaveSheet : gvLeaveSheet_RowDataBound()
2016-12-05 15:31:52.0816|DEBUG|GroupHRIS.EmployeeLeave.webFrmEmployeeLeaveSheet|webFrmEmployeeLeaveSheet : gvLeaveSheet_RowDataBound()
2016-12-05 15:31:57.2609|DEBUG|GroupHRIS.EmployeeLeave.webFrmEmployeeLeaveSheet|IP:::1webFrmEmployeeLeaveSheet : Page_Load
2016-12-05 15:31:57.2609|DEBUG|GroupHRIS.EmployeeLeave.webFrmEmployeeLeaveSheet|webFrmEmployeeLeaveSheet : ddlLeaveType_Update()
2016-12-05 15:31:57.2609|DEBUG|GroupHRIS.EmployeeLeave.webFrmEmployeeLeaveSheet|webFrmEmployeeLeaveSheet : gvLeaveSheet_RowDataBound()
2016-12-05 15:31:57.2609|DEBUG|GroupHRIS.EmployeeLeave.webFrmEmployeeLeaveSheet|webFrmEmployeeLeaveSheet : gvLeaveSheet_RowDataBound()
2016-12-05 15:31:57.5099|DEBUG|GroupHRIS.EmployeeLeave.webFrmEmployeeLeaveSheet|webFrmEmployeeLeaveSheet : gvLeaveSheet_RowDataBound()
2016-12-05 15:31:57.5809|DEBUG|GroupHRIS.EmployeeLeave.webFrmEmployeeLeaveSheet|webFrmEmployeeLeaveSheet : gvLeaveSheet_RowDataBound()
2016-12-05 15:31:57.9469|DEBUG|GroupHRIS.EmployeeLeave.webFrmEmployeeLeaveSheet|webFrmEmployeeLeaveSheet : gvLeaveSheet_RowDataBound()
2016-12-05 15:31:58.0009|DEBUG|GroupHRIS.EmployeeLeave.webFrmEmployeeLeaveSheet|webFrmEmployeeLeaveSheet : gvLeaveSheet_RowDataBound()
2016-12-05 15:31:58.0419|DEBUG|GroupHRIS.EmployeeLeave.webFrmEmployeeLeaveSheet|webFrmEmployeeLeaveSheet : gvLeaveSheet_RowDataBound()
2016-12-05 15:31:58.0919|DEBUG|GroupHRIS.EmployeeLeave.webFrmEmployeeLeaveSheet|webFrmEmployeeLeaveSheet : gvLeaveSheet_RowDataBound()
2016-12-05 15:31:58.1579|DEBUG|GroupHRIS.EmployeeLeave.webFrmEmployeeLeaveSheet|webFrmEmployeeLeaveSheet : gvLeaveSheet_RowDataBound()
2016-12-05 15:32:04.6633|DEBUG|GroupHRIS.EmployeeLeave.webFrmEmployeeLeaveSheet|IP:::1webFrmEmployeeLeaveSheet : Page_Load
2016-12-05 15:32:04.6633|DEBUG|GroupHRIS.EmployeeLeave.webFrmEmployeeLeaveSheet|webFrmEmployeeLeaveSheet : ddlLeaveType_Update()
2016-12-05 15:32:04.6633|DEBUG|GroupHRIS.EmployeeLeave.webFrmEmployeeLeaveSheet|webFrmEmployeeLeaveSheet : gvLeaveSheet_RowDataBound()
2016-12-05 15:32:04.6773|DEBUG|GroupHRIS.EmployeeLeave.webFrmEmployeeLeaveSheet|webFrmEmployeeLeaveSheet : gvLeaveSheet_RowDataBound()
2016-12-05 15:32:04.7643|DEBUG|GroupHRIS.EmployeeLeave.webFrmEmployeeLeaveSheet|webFrmEmployeeLeaveSheet : gvLeaveSheet_RowDataBound()
2016-12-05 15:32:04.8163|DEBUG|GroupHRIS.EmployeeLeave.webFrmEmployeeLeaveSheet|webFrmEmployeeLeaveSheet : gvLeaveSheet_RowDataBound()
2016-12-05 15:32:04.8703|DEBUG|GroupHRIS.EmployeeLeave.webFrmEmployeeLeaveSheet|webFrmEmployeeLeaveSheet : gvLeaveSheet_RowDataBound()
2016-12-05 15:32:04.9253|DEBUG|GroupHRIS.EmployeeLeave.webFrmEmployeeLeaveSheet|webFrmEmployeeLeaveSheet : gvLeaveSheet_RowDataBound()
2016-12-05 15:32:04.9763|DEBUG|GroupHRIS.EmployeeLeave.webFrmEmployeeLeaveSheet|webFrmEmployeeLeaveSheet : gvLeaveSheet_RowDataBound()
2016-12-05 15:32:05.0253|DEBUG|GroupHRIS.EmployeeLeave.webFrmEmployeeLeaveSheet|webFrmEmployeeLeaveSheet : gvLeaveSheet_RowDataBound()
2016-12-05 15:32:05.1083|DEBUG|GroupHRIS.EmployeeLeave.webFrmEmployeeLeaveSheet|webFrmEmployeeLeaveSheet : gvLeaveSheet_RowDataBound()
2016-12-05 15:32:11.0567|DEBUG|GroupHRIS.EmployeeLeave.webFrmEmployeeLeaveSheet|IP:::1webFrmEmployeeLeaveSheet : Page_Load
2016-12-05 15:32:11.2797|DEBUG|GroupHRIS.EmployeeLeave.webFrmEmployeeLeaveSheet|webFrmEmployeeLeaveSheet : btnSave_Click()
2016-12-05 15:32:11.2797|DEBUG|GroupHRIS.EmployeeLeave.webFrmEmployeeLeaveSheet|webFrmEmployeeLeaveSheet : isLeaveTypeNotSelected()
2016-12-05 15:32:20.0992|DEBUG|GroupHRIS.EmployeeLeave.webFrmEmployeeLeaveSheet|IP:::1webFrmEmployeeLeaveSheet : Page_Load
2016-12-05 15:32:20.0992|DEBUG|GroupHRIS.EmployeeLeave.webFrmEmployeeLeaveSheet|webFrmEmployeeLeaveSheet : ddlLeaveType_Update()
2016-12-05 15:32:20.0992|DEBUG|GroupHRIS.EmployeeLeave.webFrmEmployeeLeaveSheet|webFrmEmployeeLeaveSheet : gvLeaveSheet_RowDataBound()
2016-12-05 15:32:20.0992|DEBUG|GroupHRIS.EmployeeLeave.webFrmEmployeeLeaveSheet|webFrmEmployeeLeaveSheet : gvLeaveSheet_RowDataBound()
2016-12-05 15:32:20.1572|DEBUG|GroupHRIS.EmployeeLeave.webFrmEmployeeLeaveSheet|webFrmEmployeeLeaveSheet : gvLeaveSheet_RowDataBound()
2016-12-05 15:32:20.2022|DEBUG|GroupHRIS.EmployeeLeave.webFrmEmployeeLeaveSheet|webFrmEmployeeLeaveSheet : gvLeaveSheet_RowDataBound()
2016-12-05 15:32:20.2542|DEBUG|GroupHRIS.EmployeeLeave.webFrmEmployeeLeaveSheet|webFrmEmployeeLeaveSheet : gvLeaveSheet_RowDataBound()
2016-12-05 15:32:20.3032|DEBUG|GroupHRIS.EmployeeLeave.webFrmEmployeeLeaveSheet|webFrmEmployeeLeaveSheet : gvLeaveSheet_RowDataBound()
2016-12-05 15:32:20.3512|DEBUG|GroupHRIS.EmployeeLeave.webFrmEmployeeLeaveSheet|webFrmEmployeeLeaveSheet : gvLeaveSheet_RowDataBound()
2016-12-05 15:32:20.3972|DEBUG|GroupHRIS.EmployeeLeave.webFrmEmployeeLeaveSheet|webFrmEmployeeLeaveSheet : gvLeaveSheet_RowDataBound()
2016-12-05 15:32:20.4452|DEBUG|GroupHRIS.EmployeeLeave.webFrmEmployeeLeaveSheet|webFrmEmployeeLeaveSheet : gvLeaveSheet_RowDataBound()
2016-12-05 15:32:22.2813|DEBUG|GroupHRIS.EmployeeLeave.webFrmEmployeeLeaveSheet|IP:::1webFrmEmployeeLeaveSheet : Page_Load
2016-12-05 15:32:22.5543|DEBUG|GroupHRIS.EmployeeLeave.webFrmEmployeeLeaveSheet|webFrmEmployeeLeaveSheet : btnSave_Click()
2016-12-05 15:32:22.5553|DEBUG|GroupHRIS.EmployeeLeave.webFrmEmployeeLeaveSheet|webFrmEmployeeLeaveSheet : isLeaveTypeNotSelected()
2016-12-05 15:32:23.5554|DEBUG|GroupHRIS.EmployeeLeave.webFrmEmployeeLeaveSheet|webFrmEmployeeLeaveSheet : btnSave_Click() -> Insert
2016-12-05 15:32:24.0914|DEBUG|GroupHRIS.EmployeeLeave.webFrmEmployeeLeaveSheet|webFrmEmployeeLeaveSheet : fillHistory()
2016-12-05 15:32:24.4464|DEBUG|GroupHRIS.EmployeeLeave.webFrmEmployeeLeaveSheet|webFrmEmployeeLeaveSheet : gvLeaveHistory_RowDataBound()
2016-12-05 15:32:24.4464|DEBUG|GroupHRIS.EmployeeLeave.webFrmEmployeeLeaveSheet|webFrmEmployeeLeaveSheet : gvLeaveHistory_RowDataBound()
2016-12-05 15:32:24.4464|DEBUG|GroupHRIS.EmployeeLeave.webFrmEmployeeLeaveSheet|webFrmEmployeeLeaveSheet : gvLeaveHistory_RowDataBound()
2016-12-05 15:32:24.4464|DEBUG|GroupHRIS.EmployeeLeave.webFrmEmployeeLeaveSheet|webFrmEmployeeLeaveSheet : gvLeaveHistory_RowDataBound()
2016-12-05 15:32:24.4464|DEBUG|GroupHRIS.EmployeeLeave.webFrmEmployeeLeaveSheet|webFrmEmployeeLeaveSheet : gvLeaveHistory_RowDataBound()
2016-12-05 15:32:24.4464|DEBUG|GroupHRIS.EmployeeLeave.webFrmEmployeeLeaveSheet|webFrmEmployeeLeaveSheet : gvLeaveHistory_RowDataBound()
2016-12-05 15:32:24.4464|DEBUG|GroupHRIS.EmployeeLeave.webFrmEmployeeLeaveSheet|webFrmEmployeeLeaveSheet : gvLeaveHistory_RowDataBound()
2016-12-05 15:32:24.4464|DEBUG|GroupHRIS.EmployeeLeave.webFrmEmployeeLeaveSheet|webFrmEmployeeLeaveSheet : gvLeaveHistory_RowDataBound()
2016-12-05 15:32:24.4464|DEBUG|GroupHRIS.EmployeeLeave.webFrmEmployeeLeaveSheet|webFrmEmployeeLeaveSheet : gvLeaveHistory_RowDataBound()
2016-12-05 15:32:24.4464|DEBUG|GroupHRIS.EmployeeLeave.webFrmEmployeeLeaveSheet|webFrmEmployeeLeaveSheet : gvLeaveHistory_RowDataBound()
2016-12-05 15:32:24.4684|DEBUG|GroupHRIS.EmployeeLeave.webFrmEmployeeLeaveSheet|webFrmEmployeeLeaveSheet : gvLeaveHistory_RowDataBound()
2016-12-05 15:32:24.4684|DEBUG|GroupHRIS.EmployeeLeave.webFrmEmployeeLeaveSheet|webFrmEmployeeLeaveSheet : gvLeaveHistory_RowDataBound()
2016-12-05 15:32:24.4734|DEBUG|GroupHRIS.EmployeeLeave.webFrmEmployeeLeaveSheet|webFrmEmployeeLeaveSheet : gvLeaveHistory_RowDataBound()
2016-12-05 15:32:24.7985|DEBUG|GroupHRIS.EmployeeLeave.webFrmEmployeeLeaveSheet|webFrmEmployeeLeaveSheet : getMailBodyHtml()
2016-12-05 15:36:03.0249|DEBUG|GroupHRIS.EmployeeLeave.webFrmEmployeeLeaveSheet|IP:::1webFrmEmployeeLeaveSheet : Page_Load
2016-12-05 15:36:03.0349|DEBUG|GroupHRIS.EmployeeLeave.webFrmEmployeeLeaveSheet|webFrmEmployeeLeaveSheet : createLeaveBucket()
2016-12-05 15:36:03.0349|DEBUG|GroupHRIS.EmployeeLeave.webFrmEmployeeLeaveSheet|webFrmEmployeeLeaveSheet : fillHours()
2016-12-05 15:36:03.0349|DEBUG|GroupHRIS.EmployeeLeave.webFrmEmployeeLeaveSheet|webFrmEmployeeLeaveSheet : fillMinutes()
2016-12-05 15:36:03.0349|DEBUG|GroupHRIS.EmployeeLeave.webFrmEmployeeLeaveSheet|webFrmEmployeeLeaveSheet : fillHours()
2016-12-05 15:36:03.0349|DEBUG|GroupHRIS.EmployeeLeave.webFrmEmployeeLeaveSheet|webFrmEmployeeLeaveSheet : fillMinutes()
2016-12-05 15:36:03.0349|DEBUG|GroupHRIS.EmployeeLeave.webFrmEmployeeLeaveSheet|webFrmEmployeeLeaveSheet : fillLeaveSummary()
2016-12-05 15:36:03.2150|DEBUG|GroupHRIS.EmployeeLeave.webFrmEmployeeLeaveSheet|webFrmEmployeeLeaveSheet : getSupervisor()
2016-12-05 15:36:03.2670|DEBUG|GroupHRIS.EmployeeLeave.webFrmEmployeeLeaveSheet|webFrmEmployeeLeaveSheet : fillHistory()
2016-12-05 15:36:03.3140|DEBUG|GroupHRIS.EmployeeLeave.webFrmEmployeeLeaveSheet|webFrmEmployeeLeaveSheet : gvLeaveHistory_RowDataBound()
2016-12-05 15:36:03.3140|DEBUG|GroupHRIS.EmployeeLeave.webFrmEmployeeLeaveSheet|webFrmEmployeeLeaveSheet : gvLeaveHistory_RowDataBound()
2016-12-05 15:36:03.3140|DEBUG|GroupHRIS.EmployeeLeave.webFrmEmployeeLeaveSheet|webFrmEmployeeLeaveSheet : gvLeaveHistory_RowDataBound()
2016-12-05 15:36:03.3140|DEBUG|GroupHRIS.EmployeeLeave.webFrmEmployeeLeaveSheet|webFrmEmployeeLeaveSheet : gvLeaveHistory_RowDataBound()
2016-12-05 15:36:03.3140|DEBUG|GroupHRIS.EmployeeLeave.webFrmEmployeeLeaveSheet|webFrmEmployeeLeaveSheet : gvLeaveHistory_RowDataBound()
2016-12-05 15:36:03.3140|DEBUG|GroupHRIS.EmployeeLeave.webFrmEmployeeLeaveSheet|webFrmEmployeeLeaveSheet : gvLeaveHistory_RowDataBound()
2016-12-05 15:36:03.3140|DEBUG|GroupHRIS.EmployeeLeave.webFrmEmployeeLeaveSheet|webFrmEmployeeLeaveSheet : gvLeaveHistory_RowDataBound()
2016-12-05 15:36:03.3370|DEBUG|GroupHRIS.EmployeeLeave.webFrmEmployeeLeaveSheet|webFrmEmployeeLeaveSheet : gvLeaveHistory_RowDataBound()
2016-12-05 15:36:03.3370|DEBUG|GroupHRIS.EmployeeLeave.webFrmEmployeeLeaveSheet|webFrmEmployeeLeaveSheet : gvLeaveHistory_RowDataBound()
2016-12-05 15:36:03.3370|DEBUG|GroupHRIS.EmployeeLeave.webFrmEmployeeLeaveSheet|webFrmEmployeeLeaveSheet : gvLeaveHistory_RowDataBound()
2016-12-05 15:36:03.3430|DEBUG|GroupHRIS.EmployeeLeave.webFrmEmployeeLeaveSheet|webFrmEmployeeLeaveSheet : gvLeaveHistory_RowDataBound()
2016-12-05 15:36:03.3430|DEBUG|GroupHRIS.EmployeeLeave.webFrmEmployeeLeaveSheet|webFrmEmployeeLeaveSheet : gvLeaveHistory_RowDataBound()
2016-12-05 15:36:03.3430|DEBUG|GroupHRIS.EmployeeLeave.webFrmEmployeeLeaveSheet|webFrmEmployeeLeaveSheet : gvLeaveHistory_RowDataBound()
2016-12-05 15:36:09.1623|DEBUG|GroupHRIS.Employee.webFrmEmployeeSearch|Page_Load()
2016-12-05 15:36:09.1623|DEBUG|GroupHRIS.Employee.webFrmEmployeeSearch|fillCompanies()
2016-12-05 15:36:09.3113|DEBUG|GroupHRIS.Employee.webFrmEmployeeSearch|fillEmployeeStatus():
2016-12-05 15:36:11.3264|DEBUG|GroupHRIS.Employee.webFrmEmployeeSearch|Page_Load()
2016-12-05 15:36:24.0241|DEBUG|GroupHRIS.Employee.webFrmEmployeeSearch|Page_Load()
2016-12-05 15:36:26.2003|DEBUG|GroupHRIS.Employee.webFrmEmployeeSearch|Page_Load()
2016-12-05 15:36:28.4634|DEBUG|GroupHRIS.EmployeeLeave.webFrmEmployeeLeaveSheet|IP:::1webFrmEmployeeLeaveSheet : Page_Load
2016-12-05 15:36:29.0554|DEBUG|GroupHRIS.Employee.webFrmEmployeeSearch|Page_Load()
2016-12-05 15:36:40.5431|DEBUG|GroupHRIS.EmployeeLeave.webFrmEmployeeLeaveSheet|IP:::1webFrmEmployeeLeaveSheet : Page_Load
2016-12-05 15:36:52.4698|DEBUG|GroupHRIS.EmployeeLeave.webFrmEmployeeLeaveSheet|IP:::1webFrmEmployeeLeaveSheet : Page_Load
2016-12-05 15:36:52.7908|DEBUG|GroupHRIS.EmployeeLeave.webFrmEmployeeLeaveSheet|webFrmEmployeeLeaveSheet : btnApply_Click()
2016-12-05 15:37:04.3384|DEBUG|GroupHRIS.EmployeeLeave.webFrmEmployeeLeaveSheet|IP:::1webFrmEmployeeLeaveSheet : Page_Load
2016-12-05 15:37:04.6295|DEBUG|GroupHRIS.EmployeeLeave.webFrmEmployeeLeaveSheet|webFrmEmployeeLeaveSheet : btnApply_Click()
2016-12-05 15:37:04.7935|DEBUG|GroupHRIS.EmployeeLeave.webFrmEmployeeLeaveSheet|webFrmEmployeeLeaveSheet : isLeaveExist()
2016-12-05 15:37:04.8405|DEBUG|GroupHRIS.EmployeeLeave.webFrmEmployeeLeaveSheet|webFrmEmployeeLeaveSheet : gvLeaveSheet_RowDataBound()
2016-12-05 15:37:04.8405|DEBUG|GroupHRIS.EmployeeLeave.webFrmEmployeeLeaveSheet|webFrmEmployeeLeaveSheet : gvLeaveSheet_RowDataBound()
2016-12-05 15:37:05.1985|DEBUG|GroupHRIS.EmployeeLeave.webFrmEmployeeLeaveSheet|webFrmEmployeeLeaveSheet : gvLeaveSheet_RowDataBound()
2016-12-05 15:37:08.4767|DEBUG|GroupHRIS.EmployeeLeave.webFrmEmployeeLeaveSheet|IP:::1webFrmEmployeeLeaveSheet : Page_Load
2016-12-05 15:37:08.4767|DEBUG|GroupHRIS.EmployeeLeave.webFrmEmployeeLeaveSheet|webFrmEmployeeLeaveSheet : ddlLeaveType_Update()
2016-12-05 15:37:08.4767|DEBUG|GroupHRIS.EmployeeLeave.webFrmEmployeeLeaveSheet|webFrmEmployeeLeaveSheet : gvLeaveSheet_RowDataBound()
2016-12-05 15:37:08.4767|DEBUG|GroupHRIS.EmployeeLeave.webFrmEmployeeLeaveSheet|webFrmEmployeeLeaveSheet : gvLeaveSheet_RowDataBound()
2016-12-05 15:37:08.5457|DEBUG|GroupHRIS.EmployeeLeave.webFrmEmployeeLeaveSheet|webFrmEmployeeLeaveSheet : gvLeaveSheet_RowDataBound()
2016-12-05 15:37:09.1917|DEBUG|GroupHRIS.EmployeeLeave.webFrmEmployeeLeaveSheet|IP:::1webFrmEmployeeLeaveSheet : Page_Load
2016-12-05 15:37:09.5827|DEBUG|GroupHRIS.EmployeeLeave.webFrmEmployeeLeaveSheet|webFrmEmployeeLeaveSheet : btnSave_Click()
2016-12-05 15:37:09.5827|DEBUG|GroupHRIS.EmployeeLeave.webFrmEmployeeLeaveSheet|webFrmEmployeeLeaveSheet : isLeaveTypeNotSelected()
2016-12-05 15:37:10.8538|DEBUG|GroupHRIS.EmployeeLeave.webFrmEmployeeLeaveSheet|webFrmEmployeeLeaveSheet : btnSave_Click() -> Insert
2016-12-05 15:37:11.6309|DEBUG|GroupHRIS.EmployeeLeave.webFrmEmployeeLeaveSheet|webFrmEmployeeLeaveSheet : fillHistory()
2016-12-05 15:37:11.6839|DEBUG|GroupHRIS.EmployeeLeave.webFrmEmployeeLeaveSheet|webFrmEmployeeLeaveSheet : gvLeaveHistory_RowDataBound()
2016-12-05 15:37:11.6839|DEBUG|GroupHRIS.EmployeeLeave.webFrmEmployeeLeaveSheet|webFrmEmployeeLeaveSheet : gvLeaveHistory_RowDataBound()
2016-12-05 15:37:11.6869|DEBUG|GroupHRIS.EmployeeLeave.webFrmEmployeeLeaveSheet|webFrmEmployeeLeaveSheet : gvLeaveHistory_RowDataBound()
2016-12-05 15:37:11.6869|DEBUG|GroupHRIS.EmployeeLeave.webFrmEmployeeLeaveSheet|webFrmEmployeeLeaveSheet : gvLeaveHistory_RowDataBound()
2016-12-05 15:37:11.6869|DEBUG|GroupHRIS.EmployeeLeave.webFrmEmployeeLeaveSheet|webFrmEmployeeLeaveSheet : gvLeaveHistory_RowDataBound()
2016-12-05 15:37:11.6869|DEBUG|GroupHRIS.EmployeeLeave.webFrmEmployeeLeaveSheet|webFrmEmployeeLeaveSheet : gvLeaveHistory_RowDataBound()
2016-12-05 15:37:11.6869|DEBUG|GroupHRIS.EmployeeLeave.webFrmEmployeeLeaveSheet|webFrmEmployeeLeaveSheet : gvLeaveHistory_RowDataBound()
2016-12-05 15:37:11.6869|DEBUG|GroupHRIS.EmployeeLeave.webFrmEmployeeLeaveSheet|webFrmEmployeeLeaveSheet : gvLeaveHistory_RowDataBound()
2016-12-05 15:37:11.6869|DEBUG|GroupHRIS.EmployeeLeave.webFrmEmployeeLeaveSheet|webFrmEmployeeLeaveSheet : gvLeaveHistory_RowDataBound()
2016-12-05 15:37:11.6869|DEBUG|GroupHRIS.EmployeeLeave.webFrmEmployeeLeaveSheet|webFrmEmployeeLeaveSheet : gvLeaveHistory_RowDataBound()
2016-12-05 15:37:11.6869|DEBUG|GroupHRIS.EmployeeLeave.webFrmEmployeeLeaveSheet|webFrmEmployeeLeaveSheet : gvLeaveHistory_RowDataBound()
2016-12-05 15:37:11.6869|DEBUG|GroupHRIS.EmployeeLeave.webFrmEmployeeLeaveSheet|webFrmEmployeeLeaveSheet : gvLeaveHistory_RowDataBound()
2016-12-05 15:37:11.6869|DEBUG|GroupHRIS.EmployeeLeave.webFrmEmployeeLeaveSheet|webFrmEmployeeLeaveSheet : gvLeaveHistory_RowDataBound()
2016-12-05 15:37:11.7459|DEBUG|GroupHRIS.EmployeeLeave.webFrmEmployeeLeaveSheet|webFrmEmployeeLeaveSheet : gvLeaveHistory_RowDataBound()
2016-12-05 15:37:13.0669|DEBUG|GroupHRIS.EmployeeLeave.webFrmEmployeeLeaveSheet|webFrmEmployeeLeaveSheet : getMailBodyHtml()
