2015-07-10 07:52:15.2486|DEBUG|GroupHRIS.Employee.webFrmEmployeeSearch|Page_Load()
2015-07-10 07:52:15.2706|DEBUG|GroupHRIS.Employee.webFrmEmployeeSearch|fillCompanies()
2015-07-10 07:52:15.3886|DEBUG|GroupHRIS.Employee.webFrmEmployeeSearch|fillEmployeeStatus():
2015-07-10 07:52:17.1957|DEBUG|GroupHRIS.Employee.webFrmEmployeeSearch|Page_Load()
2015-07-10 07:52:19.2868|DEBUG|GroupHRIS.Employee.webFrmEmployeeSearch|Page_Load()
2015-07-10 07:52:21.2080|DEBUG|GroupHRIS.Employee.webFrmEmployeeSearch|Page_Load()
2015-07-10 08:24:10.8034|DEBUG|GroupHRIS.Employee.webFrmEmployeeSearch|Page_Load()
2015-07-10 08:24:10.8034|DEBUG|GroupHRIS.Employee.webFrmEmployeeSearch|fillCompanies()
2015-07-10 08:24:10.9194|DEBUG|GroupHRIS.Employee.webFrmEmployeeSearch|fillEmployeeStatus():
2015-07-10 08:24:12.7725|DEBUG|GroupHRIS.Employee.webFrmEmployeeSearch|Page_Load()
2015-07-10 08:24:15.5687|DEBUG|GroupHRIS.Employee.webFrmEmployeeSearch|Page_Load()
2015-07-10 08:24:19.3919|DEBUG|GroupHRIS.Employee.webFrmEmployeeSearch|Page_Load()
2015-07-10 09:10:31.7664|DEBUG|GroupHRIS.Employee.webFrmEmployeeSearch|Page_Load()
2015-07-10 09:10:31.7664|DEBUG|GroupHRIS.Employee.webFrmEmployeeSearch|fillCompanies()
2015-07-10 09:10:31.8944|DEBUG|GroupHRIS.Employee.webFrmEmployeeSearch|fillEmployeeStatus():
2015-07-10 09:10:33.9186|DEBUG|GroupHRIS.Employee.webFrmEmployeeSearch|Page_Load()
2015-07-10 09:10:35.6027|DEBUG|GroupHRIS.Employee.webFrmEmployeeSearch|Page_Load()
2015-07-10 09:10:36.6147|DEBUG|GroupHRIS.Employee.webFrmEmployeeSearch|Page_Load()
2015-07-10 09:13:46.7726|DEBUG|GroupHRIS.Employee.webFrmEmployeeSearch|Page_Load()
2015-07-10 09:13:46.7726|DEBUG|GroupHRIS.Employee.webFrmEmployeeSearch|fillCompanies()
2015-07-10 09:13:46.9016|DEBUG|GroupHRIS.Employee.webFrmEmployeeSearch|fillEmployeeStatus():
2015-07-10 09:13:51.1688|DEBUG|GroupHRIS.Employee.webFrmEmployeeSearch|Page_Load()
2015-07-10 09:13:51.1688|DEBUG|GroupHRIS.Employee.webFrmEmployeeSearch|fillCompanies()
2015-07-10 09:13:51.2799|DEBUG|GroupHRIS.Employee.webFrmEmployeeSearch|fillEmployeeStatus():
2015-07-10 09:13:55.2101|DEBUG|GroupHRIS.Employee.webFrmEmployeeSearch|Page_Load()
2015-07-10 09:13:55.2101|DEBUG|GroupHRIS.Employee.webFrmEmployeeSearch|fillCompanies()
2015-07-10 09:13:55.3051|DEBUG|GroupHRIS.Employee.webFrmEmployeeSearch|fillEmployeeStatus():
2015-07-10 09:13:56.6862|DEBUG|GroupHRIS.Employee.webFrmEmployeeSearch|Page_Load()
2015-07-10 09:13:58.0172|DEBUG|GroupHRIS.Employee.webFrmEmployeeSearch|Page_Load()
2015-07-10 09:13:59.1463|DEBUG|GroupHRIS.Employee.webFrmEmployeeSearch|Page_Load()
2015-07-10 09:14:07.3268|DEBUG|GroupHRIS.Employee.webFrmEmployeeSearch|Page_Load()
2015-07-10 09:14:07.3278|DEBUG|GroupHRIS.Employee.webFrmEmployeeSearch|fillCompanies()
2015-07-10 09:14:08.3558|DEBUG|GroupHRIS.Employee.webFrmEmployeeSearch|fillEmployeeStatus():
2015-07-10 09:14:09.9399|DEBUG|GroupHRIS.Employee.webFrmEmployeeSearch|Page_Load()
2015-07-10 09:14:13.2821|DEBUG|GroupHRIS.Employee.webFrmEmployeeSearch|Page_Load()
2015-07-10 09:14:18.8154|DEBUG|GroupHRIS.Employee.webFrmEmployeeSearch|Page_Load()
2015-07-10 09:15:12.5295|DEBUG|GroupHRIS.Employee.webFrmEmployeeSearch|Page_Load()
2015-07-10 09:15:12.5385|DEBUG|GroupHRIS.Employee.webFrmEmployeeSearch|fillCompanies()
2015-07-10 09:15:12.6455|DEBUG|GroupHRIS.Employee.webFrmEmployeeSearch|fillEmployeeStatus():
2015-07-10 09:15:14.0776|DEBUG|GroupHRIS.Employee.webFrmEmployeeSearch|Page_Load()
2015-07-10 09:15:17.9528|DEBUG|GroupHRIS.Employee.webFrmEmployeeSearch|Page_Load()
2015-07-10 09:15:23.1031|DEBUG|GroupHRIS.Employee.webFrmEmployeeSearch|Page_Load()
2015-07-10 09:35:36.9025|DEBUG|GroupHRIS.Employee.webFrmEmployeeSearch|Page_Load()
2015-07-10 09:35:36.9105|DEBUG|GroupHRIS.Employee.webFrmEmployeeSearch|fillCompanies()
2015-07-10 09:35:37.3486|DEBUG|GroupHRIS.Employee.webFrmEmployeeSearch|fillEmployeeStatus():
2015-07-10 09:35:48.9812|DEBUG|GroupHRIS.Employee.webFrmEmployeeSearch|Page_Load()
2015-07-10 09:35:53.5745|DEBUG|GroupHRIS.Employee.webFrmEmployeeSearch|Page_Load()
2015-07-10 09:35:56.5227|DEBUG|GroupHRIS.Employee.webFrmEmployeeSearch|Page_Load()
2015-07-10 09:35:59.8038|DEBUG|GroupHRIS.Employee.webFrmEmployeeSearch|Page_Load()
2015-07-10 09:35:59.8038|DEBUG|GroupHRIS.Employee.webFrmEmployeeSearch|fillCompanies()
2015-07-10 09:35:59.9268|DEBUG|GroupHRIS.Employee.webFrmEmployeeSearch|fillEmployeeStatus():
2015-07-10 09:38:11.5074|DEBUG|GroupHRIS.Employee.webFrmEmployeeSearch|Page_Load()
2015-07-10 09:38:11.5074|DEBUG|GroupHRIS.Employee.webFrmEmployeeSearch|fillCompanies()
2015-07-10 09:38:11.9484|DEBUG|GroupHRIS.Employee.webFrmEmployeeSearch|fillEmployeeStatus():
2015-07-10 09:38:14.5926|DEBUG|GroupHRIS.Employee.webFrmEmployeeSearch|Page_Load()
2015-07-10 09:38:16.1156|DEBUG|GroupHRIS.Employee.webFrmEmployeeSearch|Page_Load()
2015-07-10 09:46:14.6805|DEBUG|GroupHRIS.Employee.webFrmEmployeeSearch|Page_Load()
2015-07-10 09:46:14.6805|DEBUG|GroupHRIS.Employee.webFrmEmployeeSearch|fillCompanies()
2015-07-10 09:46:15.1046|DEBUG|GroupHRIS.Employee.webFrmEmployeeSearch|fillEmployeeStatus():
2015-07-10 09:46:16.5287|DEBUG|GroupHRIS.Employee.webFrmEmployeeSearch|Page_Load()
2015-07-10 09:46:17.8597|DEBUG|GroupHRIS.Employee.webFrmEmployeeSearch|Page_Load()
2015-07-10 09:46:21.4619|DEBUG|GroupHRIS.Employee.webFrmEmployeeSearch|Page_Load()
2015-07-10 09:46:35.5397|DEBUG|GroupHRIS.Employee.webFrmEmployeeSearch|Page_Load()
2015-07-10 09:46:35.5487|DEBUG|GroupHRIS.Employee.webFrmEmployeeSearch|fillCompanies()
2015-07-10 09:46:35.6857|DEBUG|GroupHRIS.Employee.webFrmEmployeeSearch|fillEmployeeStatus():
2015-07-10 09:46:39.1031|DEBUG|GroupHRIS.Employee.webFrmEmployeeSearch|Page_Load()
2015-07-10 09:46:39.1031|DEBUG|GroupHRIS.Employee.webFrmEmployeeSearch|ddlCompany_SelectedIndexChanged()
2015-07-10 09:46:39.1031|DEBUG|GroupHRIS.Employee.webFrmEmployeeSearch|fillDepartment() - companyId:CP16
2015-07-10 09:46:39.7427|DEBUG|GroupHRIS.Employee.webFrmEmployeeSearch|fillDesignations() - companyID:CP16
2015-07-10 09:46:40.5851|DEBUG|GroupHRIS.Employee.webFrmEmployeeSearch|Page_Load()
2015-07-10 09:46:42.6131|DEBUG|GroupHRIS.Employee.webFrmEmployeeSearch|Page_Load()
2015-07-10 09:46:48.2759|DEBUG|GroupHRIS.Employee.webFrmEmployeeSearch|Page_Load()
2015-07-10 09:46:49.2743|DEBUG|GroupHRIS.Employee.webFrmEmployeeSearch|Page_Load()
2015-07-10 09:48:11.8272|DEBUG|GroupHRIS.Employee.webFrmEmployeeSearch|Page_Load()
2015-07-10 09:48:11.8272|DEBUG|GroupHRIS.Employee.webFrmEmployeeSearch|fillCompanies()
2015-07-10 09:48:11.9202|DEBUG|GroupHRIS.Employee.webFrmEmployeeSearch|fillEmployeeStatus():
2015-07-10 09:48:14.7184|DEBUG|GroupHRIS.Employee.webFrmEmployeeSearch|Page_Load()
2015-07-10 09:48:14.7184|DEBUG|GroupHRIS.Employee.webFrmEmployeeSearch|ddlCompany_SelectedIndexChanged()
2015-07-10 09:48:14.7184|DEBUG|GroupHRIS.Employee.webFrmEmployeeSearch|fillDepartment() - companyId:CP16
2015-07-10 09:48:14.8484|DEBUG|GroupHRIS.Employee.webFrmEmployeeSearch|fillDesignations() - companyID:CP16
2015-07-10 09:48:15.8654|DEBUG|GroupHRIS.Employee.webFrmEmployeeSearch|Page_Load()
2015-07-10 09:48:18.3716|DEBUG|GroupHRIS.Employee.webFrmEmployeeSearch|Page_Load()
2015-07-10 09:52:08.7564|DEBUG|GroupHRIS.Employee.webFrmEmployeeSearch|Page_Load()
2015-07-10 09:52:08.7704|DEBUG|GroupHRIS.Employee.webFrmEmployeeSearch|fillCompanies()
2015-07-10 09:52:08.8984|DEBUG|GroupHRIS.Employee.webFrmEmployeeSearch|fillEmployeeStatus():
2015-07-10 09:52:12.7506|DEBUG|GroupHRIS.Employee.webFrmEmployeeSearch|Page_Load()
2015-07-10 09:52:12.7506|DEBUG|GroupHRIS.Employee.webFrmEmployeeSearch|ddlCompany_SelectedIndexChanged()
2015-07-10 09:52:12.7576|DEBUG|GroupHRIS.Employee.webFrmEmployeeSearch|fillDepartment() - companyId:CP16
2015-07-10 09:52:12.8816|DEBUG|GroupHRIS.Employee.webFrmEmployeeSearch|fillDesignations() - companyID:CP16
2015-07-10 09:52:14.5277|DEBUG|GroupHRIS.Employee.webFrmEmployeeSearch|Page_Load()
2015-07-10 09:52:16.7868|DEBUG|GroupHRIS.Employee.webFrmEmployeeSearch|Page_Load()
2015-07-10 09:52:19.6570|DEBUG|GroupHRIS.Employee.webFrmEmployeeSearch|Page_Load()
2015-07-10 09:54:14.1225|DEBUG|GroupHRIS.Employee.webFrmEmployeeSearch|Page_Load()
2015-07-10 09:54:14.1275|DEBUG|GroupHRIS.Employee.webFrmEmployeeSearch|fillCompanies()
2015-07-10 09:54:14.2495|DEBUG|GroupHRIS.Employee.webFrmEmployeeSearch|fillEmployeeStatus():
2015-07-10 09:54:17.0767|DEBUG|GroupHRIS.Employee.webFrmEmployeeSearch|Page_Load()
2015-07-10 09:54:17.0767|DEBUG|GroupHRIS.Employee.webFrmEmployeeSearch|ddlCompany_SelectedIndexChanged()
2015-07-10 09:54:17.0767|DEBUG|GroupHRIS.Employee.webFrmEmployeeSearch|fillDepartment() - companyId:CP16
2015-07-10 09:54:17.2097|DEBUG|GroupHRIS.Employee.webFrmEmployeeSearch|fillDesignations() - companyID:CP16
2015-07-10 09:54:18.1448|DEBUG|GroupHRIS.Employee.webFrmEmployeeSearch|Page_Load()
2015-07-10 09:54:20.6939|DEBUG|GroupHRIS.Employee.webFrmEmployeeSearch|Page_Load()
2015-07-10 09:54:25.8982|DEBUG|GroupHRIS.Employee.webFrmEmployeeSearch|Page_Load()
2015-07-10 10:05:21.1026|DEBUG|GroupHRIS.Employee.webFrmEmployeeSearch|Page_Load()
2015-07-10 10:05:21.1182|DEBUG|GroupHRIS.Employee.webFrmEmployeeSearch|fillCompanies()
2015-07-10 10:05:21.2430|DEBUG|GroupHRIS.Employee.webFrmEmployeeSearch|fillEmployeeStatus():
2015-07-10 10:05:22.7094|DEBUG|GroupHRIS.Employee.webFrmEmployeeSearch|Page_Load()
2015-07-10 10:05:25.7202|DEBUG|GroupHRIS.Employee.webFrmEmployeeSearch|Page_Load()
2015-07-10 10:05:27.0306|DEBUG|GroupHRIS.Employee.webFrmEmployeeSearch|Page_Load()
2015-07-10 10:13:57.1429|DEBUG|DataHandler.Attendance.AttendanceSummaryHandler|AttendanceSummaryHandler : getCultryDate ->
2015-07-10 10:14:29.8874|DEBUG|DataHandler.Attendance.AttendanceSummaryHandler|AttendanceSummaryHandler : getCultryDate ->
2015-07-10 10:15:00.4010|DEBUG|DataHandler.Attendance.AttendanceSummaryHandler|AttendanceSummaryHandler : getCultryDate ->
2015-07-10 10:17:12.5177|DEBUG|DataHandler.Attendance.AttendanceSummaryHandler|AttendanceSummaryHandler : getCultryDate ->
2015-07-10 11:01:50.0770|DEBUG|GroupHRIS.Employee.webFrmEmployeeSearch|Page_Load()
2015-07-10 11:01:50.0930|DEBUG|GroupHRIS.Employee.webFrmEmployeeSearch|fillCompanies()
2015-07-10 11:01:50.2110|DEBUG|GroupHRIS.Employee.webFrmEmployeeSearch|fillEmployeeStatus():
2015-07-10 11:01:52.0561|DEBUG|GroupHRIS.Employee.webFrmEmployeeSearch|Page_Load()
2015-07-10 11:01:54.0602|DEBUG|GroupHRIS.Employee.webFrmEmployeeSearch|Page_Load()
2015-07-10 11:01:56.5204|DEBUG|GroupHRIS.Employee.webFrmEmployeeSearch|Page_Load()
2015-07-10 11:04:47.7804|DEBUG|GroupHRIS.Employee.webFrmEmployeeSearch|Page_Load()
2015-07-10 11:04:47.7960|DEBUG|GroupHRIS.Employee.webFrmEmployeeSearch|fillCompanies()
2015-07-10 11:04:48.1080|DEBUG|GroupHRIS.Employee.webFrmEmployeeSearch|fillEmployeeStatus():
2015-07-10 11:04:49.8708|DEBUG|GroupHRIS.Employee.webFrmEmployeeSearch|Page_Load()
2015-07-10 11:04:53.0688|DEBUG|GroupHRIS.Employee.webFrmEmployeeSearch|Page_Load()
2015-07-10 11:04:53.7552|DEBUG|GroupHRIS.Employee.webFrmEmployeeSearch|Page_Load()
2015-07-10 14:34:15.5544|DEBUG|DataHandler.Attendance.AttendanceSummaryHandler|AttendanceSummaryHandler : getCultryDate ->
