2015-07-15 08:22:33.9572|DEBUG|GroupHRIS.Employee.webFrmEmployeeSearch|Page_Load()
2015-07-15 08:22:33.9622|DEBUG|GroupHRIS.Employee.webFrmEmployeeSearch|fillCompanies()
2015-07-15 08:22:34.0852|DEBUG|GroupHRIS.Employee.webFrmEmployeeSearch|fillEmployeeStatus():
2015-07-15 08:22:35.2653|DEBUG|GroupHRIS.Employee.webFrmEmployeeSearch|Page_Load()
2015-07-15 08:22:35.2653|DEBUG|GroupHRIS.Employee.webFrmEmployeeSearch|fillCompanies()
2015-07-15 08:22:35.3793|DEBUG|GroupHRIS.Employee.webFrmEmployeeSearch|fillEmployeeStatus():
2015-07-15 08:22:38.0184|DEBUG|GroupHRIS.Employee.webFrmEmployeeSearch|Page_Load()
2015-07-15 08:22:38.0184|DEBUG|GroupHRIS.Employee.webFrmEmployeeSearch|ddlCompany_SelectedIndexChanged()
2015-07-15 08:22:38.0184|DEBUG|GroupHRIS.Employee.webFrmEmployeeSearch|fillDepartment() - companyId:CP64
2015-07-15 08:22:38.4454|DEBUG|GroupHRIS.Employee.webFrmEmployeeSearch|fillDesignations() - companyID:CP64
2015-07-15 08:22:39.3665|DEBUG|GroupHRIS.Employee.webFrmEmployeeSearch|Page_Load()
2015-07-15 08:22:44.3718|DEBUG|GroupHRIS.Employee.webFrmEmployeeSearch|Page_Load()
2015-07-15 08:22:45.6248|DEBUG|GroupHRIS.Employee.webFrmEmployeeSearch|Page_Load()
2015-07-15 08:23:15.1385|DEBUG|GroupHRIS.Employee.webFrmEmployeeSearch|Page_Load()
2015-07-15 08:23:15.1385|DEBUG|GroupHRIS.Employee.webFrmEmployeeSearch|fillCompanies()
2015-07-15 08:23:15.2585|DEBUG|GroupHRIS.Employee.webFrmEmployeeSearch|fillEmployeeStatus():
2015-07-15 08:32:27.7081|DEBUG|GroupHRIS.Employee.webFrmEmployeeSearch|Page_Load()
2015-07-15 08:32:27.7081|DEBUG|GroupHRIS.Employee.webFrmEmployeeSearch|fillCompanies()
2015-07-15 08:32:27.8181|DEBUG|GroupHRIS.Employee.webFrmEmployeeSearch|fillEmployeeStatus():
2015-07-15 08:32:30.9193|DEBUG|GroupHRIS.Employee.webFrmEmployeeSearch|Page_Load()
2015-07-15 08:32:30.9193|DEBUG|GroupHRIS.Employee.webFrmEmployeeSearch|ddlCompany_SelectedIndexChanged()
2015-07-15 08:32:30.9193|DEBUG|GroupHRIS.Employee.webFrmEmployeeSearch|fillDepartment() - companyId:CP64
2015-07-15 08:32:31.0313|DEBUG|GroupHRIS.Employee.webFrmEmployeeSearch|fillDesignations() - companyID:CP64
2015-07-15 08:32:31.9204|DEBUG|GroupHRIS.Employee.webFrmEmployeeSearch|Page_Load()
2015-07-15 08:32:33.7835|DEBUG|GroupHRIS.Employee.webFrmEmployeeSearch|Page_Load()
2015-07-15 08:32:36.3466|DEBUG|GroupHRIS.Employee.webFrmEmployeeSearch|Page_Load()
2015-07-15 08:40:15.9359|DEBUG|GroupHRIS.Employee.webFrmEmployeeSearch|Page_Load()
2015-07-15 08:40:15.9369|DEBUG|GroupHRIS.Employee.webFrmEmployeeSearch|fillCompanies()
2015-07-15 08:40:16.0599|DEBUG|GroupHRIS.Employee.webFrmEmployeeSearch|fillEmployeeStatus():
2015-07-15 08:40:17.2930|DEBUG|GroupHRIS.Employee.webFrmEmployeeSearch|Page_Load()
2015-07-15 08:40:18.5391|DEBUG|GroupHRIS.Employee.webFrmEmployeeSearch|Page_Load()
2015-07-15 08:40:20.9932|DEBUG|GroupHRIS.Employee.webFrmEmployeeSearch|Page_Load()
2015-07-15 08:42:15.8978|DEBUG|GroupHRIS.Employee.webFrmEmployeeSearch|Page_Load()
2015-07-15 08:42:15.8978|DEBUG|GroupHRIS.Employee.webFrmEmployeeSearch|fillCompanies()
2015-07-15 08:42:16.0208|DEBUG|GroupHRIS.Employee.webFrmEmployeeSearch|fillEmployeeStatus():
2015-07-15 08:42:17.7279|DEBUG|GroupHRIS.Employee.webFrmEmployeeSearch|Page_Load()
2015-07-15 08:42:19.6990|DEBUG|GroupHRIS.Employee.webFrmEmployeeSearch|Page_Load()
2015-07-15 08:42:21.8001|DEBUG|GroupHRIS.Employee.webFrmEmployeeSearch|Page_Load()
2015-07-15 08:47:51.0440|DEBUG|GroupHRIS.Employee.webFrmEmployeeSearch|Page_Load()
2015-07-15 08:47:51.0440|DEBUG|GroupHRIS.Employee.webFrmEmployeeSearch|fillCompanies()
2015-07-15 08:47:51.1600|DEBUG|GroupHRIS.Employee.webFrmEmployeeSearch|fillEmployeeStatus():
2015-07-15 08:47:53.6971|DEBUG|GroupHRIS.Employee.webFrmEmployeeSearch|Page_Load()
2015-07-15 08:47:54.9432|DEBUG|GroupHRIS.Employee.webFrmEmployeeSearch|Page_Load()
2015-07-15 08:47:58.2324|DEBUG|GroupHRIS.Employee.webFrmEmployeeSearch|Page_Load()
2015-07-15 08:49:04.8082|DEBUG|GroupHRIS.Employee.webFrmEmployeeSearch|Page_Load()
2015-07-15 08:49:04.8082|DEBUG|GroupHRIS.Employee.webFrmEmployeeSearch|fillCompanies()
2015-07-15 08:49:04.9392|DEBUG|GroupHRIS.Employee.webFrmEmployeeSearch|fillEmployeeStatus():
2015-07-15 08:49:06.3313|DEBUG|GroupHRIS.Employee.webFrmEmployeeSearch|Page_Load()
2015-07-15 08:49:08.0254|DEBUG|GroupHRIS.Employee.webFrmEmployeeSearch|Page_Load()
2015-07-15 08:49:10.1345|DEBUG|GroupHRIS.Employee.webFrmEmployeeSearch|Page_Load()
2015-07-15 08:50:28.4280|DEBUG|GroupHRIS.Employee.webFrmEmployeeSearch|Page_Load()
2015-07-15 08:50:28.4280|DEBUG|GroupHRIS.Employee.webFrmEmployeeSearch|fillCompanies()
2015-07-15 08:50:28.5340|DEBUG|GroupHRIS.Employee.webFrmEmployeeSearch|fillEmployeeStatus():
2015-07-15 08:50:30.0710|DEBUG|GroupHRIS.Employee.webFrmEmployeeSearch|Page_Load()
2015-07-15 08:50:31.5811|DEBUG|GroupHRIS.Employee.webFrmEmployeeSearch|Page_Load()
2015-07-15 08:50:32.6872|DEBUG|GroupHRIS.Employee.webFrmEmployeeSearch|Page_Load()
2015-07-15 08:52:10.8968|DEBUG|GroupHRIS.Employee.webFrmEmployeeSearch|Page_Load()
2015-07-15 08:52:10.8968|DEBUG|GroupHRIS.Employee.webFrmEmployeeSearch|fillCompanies()
2015-07-15 08:52:11.0068|DEBUG|GroupHRIS.Employee.webFrmEmployeeSearch|fillEmployeeStatus():
2015-07-15 08:52:13.5770|DEBUG|GroupHRIS.Employee.webFrmEmployeeSearch|Page_Load()
2015-07-15 08:52:14.9800|DEBUG|GroupHRIS.Employee.webFrmEmployeeSearch|Page_Load()
2015-07-15 08:52:16.0121|DEBUG|GroupHRIS.Employee.webFrmEmployeeSearch|Page_Load()
2015-07-15 08:52:19.7613|DEBUG|GroupHRIS.Employee.webFrmEmployeeSearch|Page_Load()
2015-07-15 09:44:28.0238|DEBUG|GroupHRIS.EmployeeLeave.webFrmEmployeeLeaveSheet|IP:127.0.0.1webFrmEmployeeLeaveSheet : Page_Load
2015-07-15 09:44:28.1068|DEBUG|GroupHRIS.EmployeeLeave.webFrmEmployeeLeaveSheet|webFrmEmployeeLeaveSheet : createLeaveBucket()
2015-07-15 09:44:28.1068|DEBUG|GroupHRIS.EmployeeLeave.webFrmEmployeeLeaveSheet|webFrmEmployeeLeaveSheet : fillHours()
2015-07-15 09:44:28.1068|DEBUG|GroupHRIS.EmployeeLeave.webFrmEmployeeLeaveSheet|webFrmEmployeeLeaveSheet : fillMinutes()
2015-07-15 09:44:28.1068|DEBUG|GroupHRIS.EmployeeLeave.webFrmEmployeeLeaveSheet|webFrmEmployeeLeaveSheet : fillHours()
2015-07-15 09:44:28.1068|DEBUG|GroupHRIS.EmployeeLeave.webFrmEmployeeLeaveSheet|webFrmEmployeeLeaveSheet : fillMinutes()
2015-07-15 09:44:47.0846|DEBUG|GroupHRIS.Employee.webFrmEmployeeSearch|Page_Load()
2015-07-15 09:44:47.0876|DEBUG|GroupHRIS.Employee.webFrmEmployeeSearch|fillCompanies()
2015-07-15 09:44:47.2176|DEBUG|GroupHRIS.Employee.webFrmEmployeeSearch|fillEmployeeStatus():
2015-07-15 09:45:18.8938|DEBUG|GroupHRIS.Employee.webFrmEmployeeSearch|Page_Load()
2015-07-15 09:45:18.8988|DEBUG|GroupHRIS.Employee.webFrmEmployeeSearch|ddlCompany_SelectedIndexChanged()
2015-07-15 09:45:18.8988|DEBUG|GroupHRIS.Employee.webFrmEmployeeSearch|fillDepartment() - companyId:CP25
2015-07-15 09:45:19.0068|DEBUG|GroupHRIS.Employee.webFrmEmployeeSearch|fillDesignations() - companyID:CP25
2015-07-15 09:45:23.6849|DEBUG|GroupHRIS.Employee.webFrmEmployeeSearch|Page_Load()
2015-07-15 09:45:25.7779|DEBUG|GroupHRIS.Employee.webFrmEmployeeSearch|Page_Load()
2015-07-15 09:45:28.9780|DEBUG|GroupHRIS.EmployeeLeave.webFrmEmployeeLeaveSheet|IP:127.0.0.1webFrmEmployeeLeaveSheet : Page_Load
2015-07-15 09:45:28.9780|DEBUG|GroupHRIS.EmployeeLeave.webFrmEmployeeLeaveSheet|webFrmEmployeeLeaveSheet : clearSessionTables()
2015-07-15 09:45:28.9780|DEBUG|GroupHRIS.EmployeeLeave.webFrmEmployeeLeaveSheet|webFrmEmployeeLeaveSheet : fillLeaveSummary()
2015-07-15 09:45:30.0950|DEBUG|GroupHRIS.EmployeeLeave.webFrmEmployeeLeaveSheet|webFrmEmployeeLeaveSheet : getSupervisor()
2015-07-15 09:45:30.2350|DEBUG|GroupHRIS.EmployeeLeave.webFrmEmployeeLeaveSheet|webFrmEmployeeLeaveSheet : fillHistory()
2015-07-15 09:45:39.3721|DEBUG|GroupHRIS.Employee.webFrmEmployeeSearch|Page_Load()
2015-07-15 09:45:39.3831|DEBUG|GroupHRIS.Employee.webFrmEmployeeSearch|fillCompanies()
2015-07-15 09:45:39.5042|DEBUG|GroupHRIS.Employee.webFrmEmployeeSearch|fillEmployeeStatus():
2015-07-15 10:11:48.3752|DEBUG|DataHandler.Attendance.AttendanceSummaryHandler|AttendanceSummaryHandler : getCultryDate ->
2015-07-15 10:12:06.3798|DEBUG|DataHandler.Attendance.AttendanceSummaryHandler|AttendanceSummaryHandler : getCultryDate ->
2015-07-15 10:38:00.2368|DEBUG|GroupHRIS.Attendance.AttendanceInOut|AttendanceInOut : Page_Load()
2015-07-15 10:38:00.2428|DEBUG|GroupHRIS.Attendance.AttendanceInOut|AttendanceInOut : fillHours()
2015-07-15 10:38:00.2548|DEBUG|GroupHRIS.Attendance.AttendanceInOut|AttendanceInOut : fillMinutes()
2015-07-15 10:38:00.2548|DEBUG|GroupHRIS.Attendance.AttendanceInOut|AttendanceInOut : getCompID()
2015-07-15 10:38:00.3838|DEBUG|GroupHRIS.Attendance.AttendanceInOut|AttendanceInOut : fillbrnachlocations()
2015-07-15 10:38:00.4989|DEBUG|GroupHRIS.Attendance.AttendanceInOut|AttendanceInOut : getSupervisor()
2015-07-15 10:38:00.8299|DEBUG|GroupHRIS.Attendance.AttendanceInOut|AttendanceInOut : displayattendance()
2015-07-15 10:39:06.8062|DEBUG|GroupHRIS.Attendance.AttendanceInOut|AttendanceInOut : Page_Load()
2015-07-15 10:39:06.8062|DEBUG|GroupHRIS.Attendance.AttendanceInOut|AttendanceInOut : fillbrnachlocations()
2015-07-15 10:39:16.8621|DEBUG|GroupHRIS.Attendance.AttendanceInOut|AttendanceInOut : Page_Load()
2015-07-15 10:39:16.9111|DEBUG|GroupHRIS.Attendance.AttendanceInOut|AttendanceInOut : btngeneratecalendar_Click()
2015-07-15 10:39:33.5946|DEBUG|GroupHRIS.Attendance.AttendanceInOut|AttendanceInOut : Page_Load()
2015-07-15 10:39:43.4407|DEBUG|GroupHRIS.EmployeeProfile.EmployeeOnlineLeave|IP:127.0.0.1EmployeeOnlineLeave : Page_Load
2015-07-15 10:39:43.4407|DEBUG|GroupHRIS.EmployeeProfile.EmployeeOnlineLeave|EmployeeOnlineLeave : createLeaveBucket()
2015-07-15 10:39:44.4998|DEBUG|GroupHRIS.EmployeeProfile.EmployeeOnlineLeave|EmployeeOnlineLeave : fillHistory()
2015-07-15 10:39:44.6188|DEBUG|GroupHRIS.EmployeeProfile.EmployeeOnlineLeave|EmployeeOnlineLeave : gvLeaveHistory_RowDataBound()
2015-07-15 10:39:44.6188|DEBUG|GroupHRIS.EmployeeProfile.EmployeeOnlineLeave|EmployeeOnlineLeave : gvLeaveHistory_RowDataBound()
2015-07-15 10:39:44.6188|DEBUG|GroupHRIS.EmployeeProfile.EmployeeOnlineLeave|EmployeeOnlineLeave : gvLeaveHistory_RowDataBound()
2015-07-15 10:39:44.6368|DEBUG|GroupHRIS.EmployeeProfile.EmployeeOnlineLeave|EmployeeOnlineLeave : gvLeaveHistory_RowDataBound()
2015-07-15 10:39:44.6508|DEBUG|GroupHRIS.EmployeeProfile.EmployeeOnlineLeave|EmployeeOnlineLeave : gvLeaveHistory_RowDataBound()
2015-07-15 10:39:44.6508|DEBUG|GroupHRIS.EmployeeProfile.EmployeeOnlineLeave|EmployeeOnlineLeave : gvLeaveHistory_RowDataBound()
2015-07-15 10:39:44.6508|DEBUG|GroupHRIS.EmployeeProfile.EmployeeOnlineLeave|EmployeeOnlineLeave : gvLeaveHistory_RowDataBound()
2015-07-15 10:40:01.8646|DEBUG|GroupHRIS.Employee.webFrmEmployeeSearch|Page_Load()
2015-07-15 10:40:01.8646|DEBUG|GroupHRIS.Employee.webFrmEmployeeSearch|fillCompanies()
2015-07-15 10:40:01.9996|DEBUG|GroupHRIS.Employee.webFrmEmployeeSearch|fillEmployeeStatus():
2015-07-15 10:40:04.1825|DEBUG|GroupHRIS.Employee.webFrmEmployeeSearch|Page_Load()
2015-07-15 10:40:04.1825|DEBUG|GroupHRIS.Employee.webFrmEmployeeSearch|ddlCompany_SelectedIndexChanged()
2015-07-15 10:40:04.1825|DEBUG|GroupHRIS.Employee.webFrmEmployeeSearch|fillDepartment() - companyId:CP25
2015-07-15 10:40:04.2955|DEBUG|GroupHRIS.Employee.webFrmEmployeeSearch|fillDesignations() - companyID:CP25
2015-07-15 10:40:05.7895|DEBUG|GroupHRIS.Employee.webFrmEmployeeSearch|Page_Load()
2015-07-15 10:40:07.2729|DEBUG|GroupHRIS.Employee.webFrmEmployeeSearch|Page_Load()
2015-07-15 10:40:23.5774|DEBUG|GroupHRIS.EmployeeProfile.EmployeeOnlineLeave|IP:127.0.0.1EmployeeOnlineLeave : Page_Load
2015-07-15 10:40:23.5774|DEBUG|GroupHRIS.EmployeeProfile.EmployeeOnlineLeave|EmployeeOnlineLeave : clearSessionTables()
2015-07-15 10:40:23.5774|DEBUG|GroupHRIS.EmployeeProfile.EmployeeOnlineLeave|EmployeeOnlineLeave : fillHistory()
2015-07-15 10:40:23.7042|DEBUG|GroupHRIS.EmployeeProfile.EmployeeOnlineLeave|EmployeeOnlineLeave : gvLeaveHistory_RowDataBound()
2015-07-15 10:40:23.7042|DEBUG|GroupHRIS.EmployeeProfile.EmployeeOnlineLeave|EmployeeOnlineLeave : gvLeaveHistory_RowDataBound()
2015-07-15 10:40:23.7042|DEBUG|GroupHRIS.EmployeeProfile.EmployeeOnlineLeave|EmployeeOnlineLeave : gvLeaveHistory_RowDataBound()
2015-07-15 10:40:23.7042|DEBUG|GroupHRIS.EmployeeProfile.EmployeeOnlineLeave|EmployeeOnlineLeave : gvLeaveHistory_RowDataBound()
2015-07-15 10:40:23.7042|DEBUG|GroupHRIS.EmployeeProfile.EmployeeOnlineLeave|EmployeeOnlineLeave : gvLeaveHistory_RowDataBound()
2015-07-15 10:40:23.7042|DEBUG|GroupHRIS.EmployeeProfile.EmployeeOnlineLeave|EmployeeOnlineLeave : gvLeaveHistory_RowDataBound()
2015-07-15 10:40:23.7198|DEBUG|GroupHRIS.EmployeeProfile.EmployeeOnlineLeave|EmployeeOnlineLeave : gvLeaveHistory_RowDataBound()
2015-07-15 10:40:23.7978|DEBUG|GroupHRIS.EmployeeProfile.EmployeeOnlineLeave|EmployeeOnlineLeave : btnApply_Click()
2015-07-15 10:45:52.4614|DEBUG|GroupHRIS.Attendance.AttendanceInOut|AttendanceInOut : Page_Load()
2015-07-15 10:45:52.4614|DEBUG|GroupHRIS.Attendance.AttendanceInOut|AttendanceInOut : fillHours()
2015-07-15 10:45:52.4614|DEBUG|GroupHRIS.Attendance.AttendanceInOut|AttendanceInOut : fillMinutes()
2015-07-15 10:45:52.4614|DEBUG|GroupHRIS.Attendance.AttendanceInOut|AttendanceInOut : getCompID()
2015-07-15 10:45:52.5744|DEBUG|GroupHRIS.Attendance.AttendanceInOut|AttendanceInOut : fillbrnachlocations()
2015-07-15 10:45:52.6694|DEBUG|GroupHRIS.Attendance.AttendanceInOut|AttendanceInOut : getSupervisor()
2015-07-15 10:45:52.9705|DEBUG|GroupHRIS.Attendance.AttendanceInOut|AttendanceInOut : displayattendance()
2015-07-15 11:17:11.8245|DEBUG|GroupHRIS.Attendance.AttendanceInOut|AttendanceInOut : Page_Load()
2015-07-15 11:17:11.8315|DEBUG|GroupHRIS.Attendance.AttendanceInOut|AttendanceInOut : fillHours()
2015-07-15 11:17:11.8315|DEBUG|GroupHRIS.Attendance.AttendanceInOut|AttendanceInOut : fillMinutes()
2015-07-15 11:17:11.8445|DEBUG|GroupHRIS.Attendance.AttendanceInOut|AttendanceInOut : getCompID()
2015-07-15 11:17:11.9675|DEBUG|GroupHRIS.Attendance.AttendanceInOut|AttendanceInOut : fillbrnachlocations()
2015-07-15 11:17:12.3875|DEBUG|GroupHRIS.Attendance.AttendanceInOut|AttendanceInOut : getSupervisor()
2015-07-15 11:17:13.8686|DEBUG|GroupHRIS.Attendance.AttendanceInOut|AttendanceInOut : displayattendance()
2015-07-15 11:19:31.7571|DEBUG|GroupHRIS.Attendance.AttendanceInOut|AttendanceInOut : Page_Load()
2015-07-15 11:19:31.7571|DEBUG|GroupHRIS.Attendance.AttendanceInOut|AttendanceInOut : fillHours()
2015-07-15 11:19:31.7861|DEBUG|GroupHRIS.Attendance.AttendanceInOut|AttendanceInOut : fillMinutes()
2015-07-15 11:19:31.7941|DEBUG|GroupHRIS.Attendance.AttendanceInOut|AttendanceInOut : getCompID()
2015-07-15 11:19:31.9061|DEBUG|GroupHRIS.Attendance.AttendanceInOut|AttendanceInOut : fillbrnachlocations()
2015-07-15 11:19:32.0241|DEBUG|GroupHRIS.Attendance.AttendanceInOut|AttendanceInOut : getSupervisor()
2015-07-15 11:19:33.4822|DEBUG|GroupHRIS.Attendance.AttendanceInOut|AttendanceInOut : displayattendance()
2015-07-15 11:24:49.1127|DEBUG|GroupHRIS.Attendance.AttendanceInOut|AttendanceInOut : Page_Load()
2015-07-15 11:24:49.1197|DEBUG|GroupHRIS.Attendance.AttendanceInOut|AttendanceInOut : fillHours()
2015-07-15 11:24:49.1317|DEBUG|GroupHRIS.Attendance.AttendanceInOut|AttendanceInOut : fillMinutes()
2015-07-15 11:24:49.1317|DEBUG|GroupHRIS.Attendance.AttendanceInOut|AttendanceInOut : getCompID()
2015-07-15 11:24:49.2807|DEBUG|GroupHRIS.Attendance.AttendanceInOut|AttendanceInOut : fillbrnachlocations()
2015-07-15 11:24:49.4217|DEBUG|GroupHRIS.Attendance.AttendanceInOut|AttendanceInOut : getSupervisor()
2015-07-15 11:24:50.0247|DEBUG|GroupHRIS.Attendance.AttendanceInOut|AttendanceInOut : displayattendance()
2015-07-15 11:26:52.2123|DEBUG|GroupHRIS.Attendance.AttendanceInOut|AttendanceInOut : Page_Load()
2015-07-15 11:26:52.2183|DEBUG|GroupHRIS.Attendance.AttendanceInOut|AttendanceInOut : fillHours()
2015-07-15 11:26:52.2183|DEBUG|GroupHRIS.Attendance.AttendanceInOut|AttendanceInOut : fillMinutes()
2015-07-15 11:26:52.2313|DEBUG|GroupHRIS.Attendance.AttendanceInOut|AttendanceInOut : getCompID()
2015-07-15 11:26:52.3603|DEBUG|GroupHRIS.Attendance.AttendanceInOut|AttendanceInOut : fillbrnachlocations()
2015-07-15 11:26:52.4663|DEBUG|GroupHRIS.Attendance.AttendanceInOut|AttendanceInOut : getSupervisor()
2015-07-15 11:26:52.7813|DEBUG|GroupHRIS.Attendance.AttendanceInOut|AttendanceInOut : displayattendance()
2015-07-15 11:29:39.9905|DEBUG|GroupHRIS.Attendance.AttendanceInOutApproval|IP:127.0.0.1AttendanceInOutApproval : Page_Load
2015-07-15 11:29:39.9965|DEBUG|GroupHRIS.Attendance.AttendanceInOutApproval|AttendanceInOutApproval : loadInoutForApproval()
2015-07-15 11:29:42.5974|DEBUG|GroupHRIS.Attendance.AttendanceInOut|AttendanceInOut : Page_Load()
2015-07-15 11:29:42.5994|DEBUG|GroupHRIS.Attendance.AttendanceInOut|AttendanceInOut : fillHours()
2015-07-15 11:29:42.5994|DEBUG|GroupHRIS.Attendance.AttendanceInOut|AttendanceInOut : fillMinutes()
2015-07-15 11:29:42.5994|DEBUG|GroupHRIS.Attendance.AttendanceInOut|AttendanceInOut : getCompID()
2015-07-15 11:29:42.7324|DEBUG|GroupHRIS.Attendance.AttendanceInOut|AttendanceInOut : fillbrnachlocations()
2015-07-15 11:29:42.8294|DEBUG|GroupHRIS.Attendance.AttendanceInOut|AttendanceInOut : getSupervisor()
2015-07-15 11:29:43.1484|DEBUG|GroupHRIS.Attendance.AttendanceInOut|AttendanceInOut : displayattendance()
2015-07-15 11:31:01.0802|DEBUG|GroupHRIS.Attendance.AttendanceInOut|AttendanceInOut : Page_Load()
2015-07-15 11:31:01.0872|DEBUG|GroupHRIS.Attendance.AttendanceInOut|AttendanceInOut : fillHours()
2015-07-15 11:31:01.0872|DEBUG|GroupHRIS.Attendance.AttendanceInOut|AttendanceInOut : fillMinutes()
2015-07-15 11:31:01.0992|DEBUG|GroupHRIS.Attendance.AttendanceInOut|AttendanceInOut : getCompID()
2015-07-15 11:31:01.5892|DEBUG|GroupHRIS.Attendance.AttendanceInOut|AttendanceInOut : fillbrnachlocations()
2015-07-15 11:31:01.9912|DEBUG|GroupHRIS.Attendance.AttendanceInOut|AttendanceInOut : getSupervisor()
2015-07-15 11:31:02.6332|DEBUG|GroupHRIS.Attendance.AttendanceInOut|AttendanceInOut : displayattendance()
2015-07-15 11:34:44.6283|DEBUG|GroupHRIS.Attendance.AttendanceInOut|AttendanceInOut : Page_Load()
2015-07-15 11:34:44.6353|DEBUG|GroupHRIS.Attendance.AttendanceInOut|AttendanceInOut : fillHours()
2015-07-15 11:34:44.6353|DEBUG|GroupHRIS.Attendance.AttendanceInOut|AttendanceInOut : fillMinutes()
2015-07-15 11:34:44.6493|DEBUG|GroupHRIS.Attendance.AttendanceInOut|AttendanceInOut : getCompID()
2015-07-15 11:34:44.7603|DEBUG|GroupHRIS.Attendance.AttendanceInOut|AttendanceInOut : fillbrnachlocations()
2015-07-15 11:34:44.8783|DEBUG|GroupHRIS.Attendance.AttendanceInOut|AttendanceInOut : getSupervisor()
2015-07-15 11:34:45.1823|DEBUG|GroupHRIS.Attendance.AttendanceInOut|AttendanceInOut : displayattendance()
2015-07-15 11:35:44.4305|DEBUG|GroupHRIS.Attendance.AttendanceInOut|AttendanceInOut : Page_Load()
2015-07-15 11:35:44.4455|DEBUG|GroupHRIS.Attendance.AttendanceInOut|AttendanceInOut : fillHours()
2015-07-15 11:35:44.4455|DEBUG|GroupHRIS.Attendance.AttendanceInOut|AttendanceInOut : fillMinutes()
2015-07-15 11:35:44.4615|DEBUG|GroupHRIS.Attendance.AttendanceInOut|AttendanceInOut : getCompID()
2015-07-15 11:35:44.5955|DEBUG|GroupHRIS.Attendance.AttendanceInOut|AttendanceInOut : fillbrnachlocations()
2015-07-15 11:35:44.7245|DEBUG|GroupHRIS.Attendance.AttendanceInOut|AttendanceInOut : getSupervisor()
2015-07-15 11:35:45.0555|DEBUG|GroupHRIS.Attendance.AttendanceInOut|AttendanceInOut : displayattendance()
2015-07-15 11:36:49.6079|DEBUG|GroupHRIS.Attendance.AttendanceInOut|AttendanceInOut : Page_Load()
2015-07-15 11:36:49.6229|DEBUG|GroupHRIS.Attendance.AttendanceInOut|AttendanceInOut : fillHours()
2015-07-15 11:36:49.6229|DEBUG|GroupHRIS.Attendance.AttendanceInOut|AttendanceInOut : fillMinutes()
2015-07-15 11:36:49.6229|DEBUG|GroupHRIS.Attendance.AttendanceInOut|AttendanceInOut : getCompID()
2015-07-15 11:36:50.7780|DEBUG|GroupHRIS.Attendance.AttendanceInOut|AttendanceInOut : fillbrnachlocations()
2015-07-15 11:36:53.3071|DEBUG|GroupHRIS.Attendance.AttendanceInOut|AttendanceInOut : getSupervisor()
2015-07-15 11:36:53.6862|DEBUG|GroupHRIS.Attendance.AttendanceInOut|AttendanceInOut : displayattendance()
2015-07-15 11:53:39.3902|DEBUG|GroupHRIS.Attendance.AttendanceInOut|AttendanceInOut : Page_Load()
2015-07-15 11:53:39.4002|DEBUG|GroupHRIS.Attendance.AttendanceInOut|AttendanceInOut : fillHours()
2015-07-15 11:53:39.4002|DEBUG|GroupHRIS.Attendance.AttendanceInOut|AttendanceInOut : fillMinutes()
2015-07-15 11:53:39.4002|DEBUG|GroupHRIS.Attendance.AttendanceInOut|AttendanceInOut : getCompID()
2015-07-15 11:53:39.5652|DEBUG|GroupHRIS.Attendance.AttendanceInOut|AttendanceInOut : fillbrnachlocations()
2015-07-15 11:53:39.9252|DEBUG|GroupHRIS.Attendance.AttendanceInOut|AttendanceInOut : getSupervisor()
2015-07-15 11:53:41.1103|DEBUG|GroupHRIS.Attendance.AttendanceInOut|AttendanceInOut : displayattendance()
2015-07-15 12:01:27.0734|DEBUG|GroupHRIS.Attendance.AttendanceInOut|AttendanceInOut : Page_Load()
2015-07-15 12:01:27.0804|DEBUG|GroupHRIS.Attendance.AttendanceInOut|AttendanceInOut : fillHours()
2015-07-15 12:01:27.0924|DEBUG|GroupHRIS.Attendance.AttendanceInOut|AttendanceInOut : fillMinutes()
2015-07-15 12:01:27.0924|DEBUG|GroupHRIS.Attendance.AttendanceInOut|AttendanceInOut : getCompID()
2015-07-15 12:01:27.2435|DEBUG|GroupHRIS.Attendance.AttendanceInOut|AttendanceInOut : fillbrnachlocations()
2015-07-15 12:01:27.3595|DEBUG|GroupHRIS.Attendance.AttendanceInOut|AttendanceInOut : getSupervisor()
2015-07-15 12:01:27.7865|DEBUG|GroupHRIS.Attendance.AttendanceInOut|AttendanceInOut : displayattendance()
2015-07-15 12:15:45.2635|DEBUG|GroupHRIS.Attendance.AttendanceInOut|AttendanceInOut : Page_Load()
2015-07-15 12:15:45.2705|DEBUG|GroupHRIS.Attendance.AttendanceInOut|AttendanceInOut : fillHours()
2015-07-15 12:15:45.2705|DEBUG|GroupHRIS.Attendance.AttendanceInOut|AttendanceInOut : fillMinutes()
2015-07-15 12:15:45.2845|DEBUG|GroupHRIS.Attendance.AttendanceInOut|AttendanceInOut : getCompID()
2015-07-15 12:15:45.8525|DEBUG|GroupHRIS.Attendance.AttendanceInOut|AttendanceInOut : fillbrnachlocations()
2015-07-15 12:15:45.9835|DEBUG|GroupHRIS.Attendance.AttendanceInOut|AttendanceInOut : getSupervisor()
2015-07-15 12:15:46.3245|DEBUG|GroupHRIS.Attendance.AttendanceInOut|AttendanceInOut : displayattendance()
2015-07-15 12:19:46.3256|DEBUG|GroupHRIS.Attendance.AttendanceInOut|AttendanceInOut : Page_Load()
2015-07-15 12:19:46.3256|DEBUG|GroupHRIS.Attendance.AttendanceInOut|AttendanceInOut : fillHours()
2015-07-15 12:19:46.3256|DEBUG|GroupHRIS.Attendance.AttendanceInOut|AttendanceInOut : fillMinutes()
2015-07-15 12:19:46.3376|DEBUG|GroupHRIS.Attendance.AttendanceInOut|AttendanceInOut : getCompID()
2015-07-15 12:19:46.4606|DEBUG|GroupHRIS.Attendance.AttendanceInOut|AttendanceInOut : fillbrnachlocations()
2015-07-15 12:19:46.5706|DEBUG|GroupHRIS.Attendance.AttendanceInOut|AttendanceInOut : getSupervisor()
2015-07-15 12:19:47.1937|DEBUG|GroupHRIS.Attendance.AttendanceInOut|AttendanceInOut : displayattendance()
2015-07-15 12:21:37.3594|DEBUG|GroupHRIS.Attendance.AttendanceInOut|AttendanceInOut : Page_Load()
2015-07-15 12:21:37.3655|DEBUG|GroupHRIS.Attendance.AttendanceInOut|AttendanceInOut : fillHours()
2015-07-15 12:21:37.3655|DEBUG|GroupHRIS.Attendance.AttendanceInOut|AttendanceInOut : fillMinutes()
2015-07-15 12:21:37.3785|DEBUG|GroupHRIS.Attendance.AttendanceInOut|AttendanceInOut : getCompID()
2015-07-15 12:21:37.5205|DEBUG|GroupHRIS.Attendance.AttendanceInOut|AttendanceInOut : fillbrnachlocations()
2015-07-15 12:21:37.6905|DEBUG|GroupHRIS.Attendance.AttendanceInOut|AttendanceInOut : getSupervisor()
2015-07-15 12:21:38.4175|DEBUG|GroupHRIS.Attendance.AttendanceInOut|AttendanceInOut : displayattendance()
2015-07-15 12:23:34.7176|DEBUG|GroupHRIS.Attendance.AttendanceInOut|AttendanceInOut : Page_Load()
2015-07-15 12:23:34.7266|DEBUG|GroupHRIS.Attendance.AttendanceInOut|AttendanceInOut : fillHours()
2015-07-15 12:23:34.7396|DEBUG|GroupHRIS.Attendance.AttendanceInOut|AttendanceInOut : fillMinutes()
2015-07-15 12:23:34.7396|DEBUG|GroupHRIS.Attendance.AttendanceInOut|AttendanceInOut : getCompID()
2015-07-15 12:23:34.8656|DEBUG|GroupHRIS.Attendance.AttendanceInOut|AttendanceInOut : fillbrnachlocations()
2015-07-15 12:23:34.9926|DEBUG|GroupHRIS.Attendance.AttendanceInOut|AttendanceInOut : getSupervisor()
2015-07-15 12:23:35.3376|DEBUG|GroupHRIS.Attendance.AttendanceInOut|AttendanceInOut : displayattendance()
2015-07-15 12:24:10.3424|DEBUG|GroupHRIS.Attendance.AttendanceInOut|AttendanceInOut : Page_Load()
2015-07-15 12:24:10.3534|DEBUG|GroupHRIS.Attendance.AttendanceInOut|AttendanceInOut : fillHours()
2015-07-15 12:24:10.3534|DEBUG|GroupHRIS.Attendance.AttendanceInOut|AttendanceInOut : fillMinutes()
2015-07-15 12:24:10.3534|DEBUG|GroupHRIS.Attendance.AttendanceInOut|AttendanceInOut : getCompID()
2015-07-15 12:24:10.5404|DEBUG|GroupHRIS.Attendance.AttendanceInOut|AttendanceInOut : fillbrnachlocations()
2015-07-15 12:24:11.0454|DEBUG|GroupHRIS.Attendance.AttendanceInOut|AttendanceInOut : getSupervisor()
2015-07-15 12:24:11.3985|DEBUG|GroupHRIS.Attendance.AttendanceInOut|AttendanceInOut : displayattendance()
2015-07-15 12:38:29.0149|DEBUG|GroupHRIS.Attendance.AttendanceInOut|AttendanceInOut : Page_Load()
2015-07-15 12:38:29.0329|DEBUG|GroupHRIS.Attendance.AttendanceInOut|AttendanceInOut : fillHours()
2015-07-15 12:38:29.0329|DEBUG|GroupHRIS.Attendance.AttendanceInOut|AttendanceInOut : fillMinutes()
2015-07-15 12:38:29.0329|DEBUG|GroupHRIS.Attendance.AttendanceInOut|AttendanceInOut : getCompID()
2015-07-15 12:38:29.4389|DEBUG|GroupHRIS.Attendance.AttendanceInOut|AttendanceInOut : fillbrnachlocations()
2015-07-15 12:38:29.5729|DEBUG|GroupHRIS.Attendance.AttendanceInOut|AttendanceInOut : getSupervisor()
2015-07-15 12:38:30.2680|DEBUG|GroupHRIS.Attendance.AttendanceInOut|AttendanceInOut : displayattendance()
2015-07-15 12:38:45.5806|DEBUG|GroupHRIS.Attendance.AttendanceInOut|AttendanceInOut : Page_Load()
2015-07-15 12:38:45.5806|DEBUG|GroupHRIS.Attendance.AttendanceInOut|AttendanceInOut : fillHours()
2015-07-15 12:38:45.5806|DEBUG|GroupHRIS.Attendance.AttendanceInOut|AttendanceInOut : fillMinutes()
2015-07-15 12:38:45.5806|DEBUG|GroupHRIS.Attendance.AttendanceInOut|AttendanceInOut : getCompID()
2015-07-15 12:38:45.7766|DEBUG|GroupHRIS.Attendance.AttendanceInOut|AttendanceInOut : fillbrnachlocations()
2015-07-15 12:38:45.9236|DEBUG|GroupHRIS.Attendance.AttendanceInOut|AttendanceInOut : getSupervisor()
2015-07-15 12:38:46.2566|DEBUG|GroupHRIS.Attendance.AttendanceInOut|AttendanceInOut : displayattendance()
2015-07-15 12:40:42.4501|DEBUG|GroupHRIS.Attendance.AttendanceInOut|AttendanceInOut : Page_Load()
2015-07-15 12:40:42.4571|DEBUG|GroupHRIS.Attendance.AttendanceInOut|AttendanceInOut : fillHours()
2015-07-15 12:40:42.4571|DEBUG|GroupHRIS.Attendance.AttendanceInOut|AttendanceInOut : fillMinutes()
2015-07-15 12:40:42.4571|DEBUG|GroupHRIS.Attendance.AttendanceInOut|AttendanceInOut : getCompID()
2015-07-15 12:40:42.5771|DEBUG|GroupHRIS.Attendance.AttendanceInOut|AttendanceInOut : fillbrnachlocations()
2015-07-15 12:40:43.1171|DEBUG|GroupHRIS.Attendance.AttendanceInOut|AttendanceInOut : getSupervisor()
2015-07-15 12:40:43.4101|DEBUG|GroupHRIS.Attendance.AttendanceInOut|AttendanceInOut : displayattendance()
2015-07-15 12:42:20.3694|DEBUG|GroupHRIS.Attendance.AttendanceInOut|AttendanceInOut : Page_Load()
2015-07-15 12:42:20.3694|DEBUG|GroupHRIS.Attendance.AttendanceInOut|AttendanceInOut : fillHours()
2015-07-15 12:42:20.3694|DEBUG|GroupHRIS.Attendance.AttendanceInOut|AttendanceInOut : fillMinutes()
2015-07-15 12:42:20.3694|DEBUG|GroupHRIS.Attendance.AttendanceInOut|AttendanceInOut : getCompID()
2015-07-15 12:42:20.5724|DEBUG|GroupHRIS.Attendance.AttendanceInOut|AttendanceInOut : fillbrnachlocations()
2015-07-15 12:42:20.7344|DEBUG|GroupHRIS.Attendance.AttendanceInOut|AttendanceInOut : getSupervisor()
2015-07-15 12:42:21.3474|DEBUG|GroupHRIS.Attendance.AttendanceInOut|AttendanceInOut : displayattendance()
2015-07-15 12:55:21.1316|DEBUG|GroupHRIS.Attendance.AttendanceInOut|AttendanceInOut : Page_Load()
2015-07-15 12:55:21.1376|DEBUG|GroupHRIS.Attendance.AttendanceInOut|AttendanceInOut : fillHours()
2015-07-15 12:55:21.1376|DEBUG|GroupHRIS.Attendance.AttendanceInOut|AttendanceInOut : fillMinutes()
2015-07-15 12:55:21.1376|DEBUG|GroupHRIS.Attendance.AttendanceInOut|AttendanceInOut : getCompID()
2015-07-15 12:55:21.8347|DEBUG|GroupHRIS.Attendance.AttendanceInOut|AttendanceInOut : fillbrnachlocations()
2015-07-15 12:55:21.9567|DEBUG|GroupHRIS.Attendance.AttendanceInOut|AttendanceInOut : getSupervisor()
2015-07-15 12:55:22.2567|DEBUG|GroupHRIS.Attendance.AttendanceInOut|AttendanceInOut : displayattendance()
