2015-06-29 08:30:59.3310|DEBUG|GroupHRIS.Employee.webFrmEmployee|IP:127.0.0.1webFrmEmployee : Page_Load
2015-06-29 08:30:59.3622|DEBUG|GroupHRIS.Employee.webFrmEmployee|Session Expired
2015-06-29 08:30:59.3622|DEBUG|GroupHRIS.Employee.webFrmEmployee|fillEmployeeStatus()
2015-06-29 08:30:59.7834|DEBUG|GroupHRIS.Employee.webFrmEmployee|fillEmployeeType()
2015-06-29 08:30:59.9082|DEBUG|GroupHRIS.Employee.webFrmEmployee|fillEmployeeRole()
2015-06-29 08:31:00.0174|DEBUG|GroupHRIS.Employee.webFrmEmployee|fillEmployeeStatus()
2015-06-29 08:31:14.9322|DEBUG|GroupHRIS.Employee.webFrmEmployee|IP:127.0.0.1webFrmEmployee : Page_Load
2015-06-29 08:31:14.9322|DEBUG|GroupHRIS.Employee.webFrmEmployee|fillCompanies()
2015-06-29 08:31:15.0562|DEBUG|GroupHRIS.Employee.webFrmEmployee|fillEmployeeStatus()
2015-06-29 08:31:15.0562|DEBUG|GroupHRIS.Employee.webFrmEmployee|fillEmployeeType()
2015-06-29 08:31:15.0562|DEBUG|GroupHRIS.Employee.webFrmEmployee|fillEmployeeRole()
2015-06-29 08:31:15.0562|DEBUG|GroupHRIS.Employee.webFrmEmployee|fillEmployeeStatus()
2015-06-29 09:46:14.2451|DEBUG|GroupHRIS.Employee.webFrmEmployeeSearch|Page_Load()
2015-06-29 09:46:14.2501|DEBUG|GroupHRIS.Employee.webFrmEmployeeSearch|fillCompanies()
2015-06-29 09:46:14.3661|DEBUG|GroupHRIS.Employee.webFrmEmployeeSearch|fillEmployeeStatus():
2015-06-29 10:28:00.1713|DEBUG|GroupHRIS.Employee.webFrmEmployeeSearch|Page_Load()
2015-06-29 10:28:00.1853|DEBUG|GroupHRIS.Employee.webFrmEmployeeSearch|fillCompanies()
2015-06-29 10:28:01.1983|DEBUG|GroupHRIS.Employee.webFrmEmployeeSearch|fillEmployeeStatus():
2015-06-29 10:28:02.7884|DEBUG|GroupHRIS.Employee.webFrmEmployeeSearch|Page_Load()
2015-06-29 10:28:04.1095|DEBUG|GroupHRIS.Employee.webFrmEmployeeSearch|Page_Load()
2015-06-29 10:37:40.2954|DEBUG|GroupHRIS.Employee.webFrmEmployeeSearch|Page_Load()
2015-06-29 10:37:40.3084|DEBUG|GroupHRIS.Employee.webFrmEmployeeSearch|fillCompanies()
2015-06-29 10:37:40.4334|DEBUG|GroupHRIS.Employee.webFrmEmployeeSearch|fillEmployeeStatus():
2015-06-29 10:37:41.9745|DEBUG|GroupHRIS.Employee.webFrmEmployeeSearch|Page_Load()
2015-06-29 10:37:43.4756|DEBUG|GroupHRIS.Employee.webFrmEmployeeSearch|Page_Load()
2015-06-29 10:38:05.2839|DEBUG|GroupHRIS.Employee.webFrmEmployeeSearch|Page_Load()
2015-06-29 10:38:05.2839|DEBUG|GroupHRIS.Employee.webFrmEmployeeSearch|fillCompanies()
2015-06-29 10:38:05.3909|DEBUG|GroupHRIS.Employee.webFrmEmployeeSearch|fillEmployeeStatus():
2015-06-29 11:06:15.6279|DEBUG|GroupHRIS.Employee.webFrmEmployeeSearch|Page_Load()
2015-06-29 11:06:15.6279|DEBUG|GroupHRIS.Employee.webFrmEmployeeSearch|fillCompanies()
2015-06-29 11:06:16.0803|DEBUG|GroupHRIS.Employee.webFrmEmployeeSearch|fillEmployeeStatus():
2015-06-29 11:06:17.5935|DEBUG|GroupHRIS.Employee.webFrmEmployeeSearch|Page_Load()
2015-06-29 11:06:21.4156|DEBUG|GroupHRIS.Employee.webFrmEmployeeSearch|Page_Load()
2015-06-29 11:06:23.8648|DEBUG|GroupHRIS.Employee.webFrmEmployeeSearch|Page_Load()
2015-06-29 11:12:03.0542|DEBUG|GroupHRIS.Employee.webFrmEmployeeSearch|Page_Load()
2015-06-29 11:12:03.0542|DEBUG|GroupHRIS.Employee.webFrmEmployeeSearch|fillCompanies()
2015-06-29 11:12:03.2882|DEBUG|GroupHRIS.Employee.webFrmEmployeeSearch|fillEmployeeStatus():
2015-06-29 11:12:04.9418|DEBUG|GroupHRIS.Employee.webFrmEmployeeSearch|Page_Load()
2015-06-29 11:12:07.5002|DEBUG|GroupHRIS.Employee.webFrmEmployeeSearch|Page_Load()
2015-06-29 11:12:10.1990|DEBUG|GroupHRIS.Employee.webFrmEmployeeSearch|Page_Load()
2015-06-29 11:44:02.2335|DEBUG|GroupHRIS.Employee.webFrmEmployeeSearch|Page_Load()
2015-06-29 11:44:02.2505|DEBUG|GroupHRIS.Employee.webFrmEmployeeSearch|fillCompanies()
2015-06-29 11:44:02.3665|DEBUG|GroupHRIS.Employee.webFrmEmployeeSearch|fillEmployeeStatus():
2015-06-29 11:44:06.1607|DEBUG|GroupHRIS.Employee.webFrmEmployeeSearch|Page_Load()
2015-06-29 11:44:06.1607|DEBUG|GroupHRIS.Employee.webFrmEmployeeSearch|ddlCompany_SelectedIndexChanged()
2015-06-29 11:44:06.1647|DEBUG|GroupHRIS.Employee.webFrmEmployeeSearch|fillDepartment() - companyId:CP64
2015-06-29 11:44:06.2907|DEBUG|GroupHRIS.Employee.webFrmEmployeeSearch|fillDesignations() - companyID:CP64
2015-06-29 11:44:07.8828|DEBUG|GroupHRIS.Employee.webFrmEmployeeSearch|Page_Load()
2015-06-29 11:44:13.1861|DEBUG|GroupHRIS.Employee.webFrmEmployeeSearch|Page_Load()
2015-06-29 11:45:08.8003|DEBUG|GroupHRIS.Employee.webFrmEmployeeSearch|Page_Load()
2015-06-29 11:45:39.1488|DEBUG|GroupHRIS.Employee.webFrmEmployeeSearch|Page_Load()
2015-06-29 11:45:39.1568|DEBUG|GroupHRIS.Employee.webFrmEmployeeSearch|fillCompanies()
2015-06-29 11:45:39.2878|DEBUG|GroupHRIS.Employee.webFrmEmployeeSearch|fillEmployeeStatus():
2015-06-29 11:45:40.2998|DEBUG|GroupHRIS.Employee.webFrmEmployeeSearch|Page_Load()
2015-06-29 11:45:41.3719|DEBUG|GroupHRIS.Employee.webFrmEmployeeSearch|Page_Load()
2015-06-29 11:53:49.2022|DEBUG|GroupHRIS.Employee.webFrmEmployeeSearch|Page_Load()
2015-06-29 11:54:07.6262|DEBUG|GroupHRIS.Employee.webFrmEmployeeSearch|Page_Load()
2015-06-29 11:54:07.6422|DEBUG|GroupHRIS.Employee.webFrmEmployeeSearch|fillCompanies()
2015-06-29 11:54:07.7472|DEBUG|GroupHRIS.Employee.webFrmEmployeeSearch|fillEmployeeStatus():
2015-06-29 11:54:09.4223|DEBUG|GroupHRIS.Employee.webFrmEmployeeSearch|Page_Load()
2015-06-29 11:54:11.7444|DEBUG|GroupHRIS.Employee.webFrmEmployeeSearch|Page_Load()
2015-06-29 11:54:12.6535|DEBUG|GroupHRIS.Employee.webFrmEmployeeSearch|Page_Load()
2015-06-29 11:55:40.5945|DEBUG|GroupHRIS.Employee.webFrmEmployeeSearch|Page_Load()
2015-06-29 11:55:40.6025|DEBUG|GroupHRIS.Employee.webFrmEmployeeSearch|fillCompanies()
2015-06-29 11:55:40.7555|DEBUG|GroupHRIS.Employee.webFrmEmployeeSearch|fillEmployeeStatus():
2015-06-29 11:55:42.3406|DEBUG|GroupHRIS.Employee.webFrmEmployeeSearch|Page_Load()
2015-06-29 11:55:43.3437|DEBUG|GroupHRIS.Employee.webFrmEmployeeSearch|Page_Load()
2015-06-29 11:56:27.0402|DEBUG|GroupHRIS.Employee.webFrmEmployeeSearch|Page_Load()
2015-06-29 12:00:41.8252|DEBUG|GroupHRIS.Employee.webFrmEmployeeSearch|Page_Load()
2015-06-29 12:00:41.8412|DEBUG|GroupHRIS.Employee.webFrmEmployeeSearch|fillCompanies()
2015-06-29 12:00:41.9792|DEBUG|GroupHRIS.Employee.webFrmEmployeeSearch|fillEmployeeStatus():
2015-06-29 12:00:43.3522|DEBUG|GroupHRIS.Employee.webFrmEmployeeSearch|Page_Load()
2015-06-29 12:00:44.3413|DEBUG|GroupHRIS.Employee.webFrmEmployeeSearch|Page_Load()
2015-06-29 12:00:45.1853|DEBUG|GroupHRIS.Employee.webFrmEmployeeSearch|Page_Load()
2015-06-29 12:02:21.9619|DEBUG|GroupHRIS.Employee.webFrmEmployeeSearch|Page_Load()
2015-06-29 12:02:21.9769|DEBUG|GroupHRIS.Employee.webFrmEmployeeSearch|fillCompanies()
2015-06-29 12:02:25.3911|DEBUG|GroupHRIS.Employee.webFrmEmployeeSearch|fillEmployeeStatus():
2015-06-29 12:02:28.6903|DEBUG|GroupHRIS.Employee.webFrmEmployeeSearch|Page_Load()
2015-06-29 12:02:29.9003|DEBUG|GroupHRIS.Employee.webFrmEmployeeSearch|Page_Load()
2015-06-29 12:13:49.3989|DEBUG|GroupHRIS.Employee.webFrmEmployeeSearch|Page_Load()
2015-06-29 12:19:04.0685|DEBUG|GroupHRIS.Employee.webFrmEmployeeSearch|Page_Load()
2015-06-29 12:19:04.0815|DEBUG|GroupHRIS.Employee.webFrmEmployeeSearch|fillCompanies()
2015-06-29 12:19:04.2035|DEBUG|GroupHRIS.Employee.webFrmEmployeeSearch|fillEmployeeStatus():
2015-06-29 12:19:08.6588|DEBUG|GroupHRIS.Employee.webFrmEmployeeSearch|Page_Load()
2015-06-29 12:19:11.6139|DEBUG|GroupHRIS.Employee.webFrmEmployeeSearch|Page_Load()
2015-06-29 12:20:01.9758|DEBUG|GroupHRIS.Employee.webFrmEmployeeSearch|Page_Load()
2015-06-29 12:21:51.7390|DEBUG|GroupHRIS.Employee.webFrmEmployeeSearch|Page_Load()
2015-06-29 12:21:51.7390|DEBUG|GroupHRIS.Employee.webFrmEmployeeSearch|fillCompanies()
2015-06-29 12:21:52.7842|DEBUG|GroupHRIS.Employee.webFrmEmployeeSearch|fillEmployeeStatus():
2015-06-29 12:21:54.9370|DEBUG|GroupHRIS.Employee.webFrmEmployeeSearch|Page_Load()
2015-06-29 12:21:57.7294|DEBUG|GroupHRIS.Employee.webFrmEmployeeSearch|Page_Load()
2015-06-29 12:21:58.6186|DEBUG|GroupHRIS.Employee.webFrmEmployeeSearch|Page_Load()
2015-06-29 12:33:28.1398|DEBUG|GroupHRIS.Employee.webFrmEmployee|IP:127.0.0.1webFrmEmployee : Page_Load
2015-06-29 12:33:28.1398|DEBUG|GroupHRIS.Employee.webFrmEmployee|fillCompanies()
2015-06-29 12:33:28.6390|DEBUG|GroupHRIS.Employee.webFrmEmployee|fillEmployeeStatus()
2015-06-29 12:33:28.7482|DEBUG|GroupHRIS.Employee.webFrmEmployee|fillEmployeeType()
2015-06-29 12:33:28.8418|DEBUG|GroupHRIS.Employee.webFrmEmployee|fillEmployeeRole()
2015-06-29 12:33:28.9510|DEBUG|GroupHRIS.Employee.webFrmEmployee|fillEmployeeStatus()
2015-06-29 12:33:29.0758|DEBUG|GroupHRIS.Employee.webFrmEmployee|fillOtSession()
2015-06-29 12:42:43.5772|DEBUG|GroupHRIS.Employee.webFrmEmployeeSearch|Page_Load()
2015-06-29 12:42:43.5832|DEBUG|GroupHRIS.Employee.webFrmEmployeeSearch|fillCompanies()
2015-06-29 12:42:43.7762|DEBUG|GroupHRIS.Employee.webFrmEmployeeSearch|fillEmployeeStatus():
2015-06-29 12:42:45.3493|DEBUG|GroupHRIS.Employee.webFrmEmployeeSearch|Page_Load()
2015-06-29 12:42:48.4045|DEBUG|GroupHRIS.Employee.webFrmEmployeeSearch|Page_Load()
2015-06-29 12:42:58.6231|DEBUG|GroupHRIS.Employee.webFrmEmployeeSearch|Page_Load()
2015-06-29 12:43:00.9292|DEBUG|GroupHRIS.Employee.webFrmEmployeeSearch|Page_Load()
2015-06-29 12:43:00.9292|DEBUG|GroupHRIS.Employee.webFrmEmployeeSearch|fillCompanies()
2015-06-29 12:43:01.0522|DEBUG|GroupHRIS.Employee.webFrmEmployeeSearch|fillEmployeeStatus():
2015-06-29 12:43:02.5693|DEBUG|GroupHRIS.Employee.webFrmEmployeeSearch|Page_Load()
2015-06-29 12:43:04.8334|DEBUG|GroupHRIS.Employee.webFrmEmployeeSearch|Page_Load()
2015-06-29 12:43:08.0606|DEBUG|GroupHRIS.Employee.webFrmEmployeeSearch|Page_Load()
2015-06-29 12:43:44.3827|DEBUG|GroupHRIS.Employee.webFrmEmployeeSearch|Page_Load()
2015-06-29 12:43:44.3897|DEBUG|GroupHRIS.Employee.webFrmEmployeeSearch|fillCompanies()
2015-06-29 12:43:45.0787|DEBUG|GroupHRIS.Employee.webFrmEmployeeSearch|fillEmployeeStatus():
2015-06-29 12:43:47.2958|DEBUG|GroupHRIS.Employee.webFrmEmployeeSearch|Page_Load()
2015-06-29 12:43:48.6209|DEBUG|GroupHRIS.Employee.webFrmEmployeeSearch|Page_Load()
2015-06-29 12:43:58.4735|DEBUG|GroupHRIS.Employee.webFrmEmployeeSearch|Page_Load()
2015-06-29 12:43:58.4735|DEBUG|GroupHRIS.Employee.webFrmEmployeeSearch|fillCompanies()
2015-06-29 12:44:00.1576|DEBUG|GroupHRIS.Employee.webFrmEmployeeSearch|fillEmployeeStatus():
2015-06-29 13:40:21.5818|DEBUG|GroupHRIS.Employee.webFrmEmployeeSearch|Page_Load()
2015-06-29 13:40:21.5988|DEBUG|GroupHRIS.Employee.webFrmEmployeeSearch|fillCompanies()
2015-06-29 13:40:21.7388|DEBUG|GroupHRIS.Employee.webFrmEmployeeSearch|fillEmployeeStatus():
2015-06-29 13:40:22.9779|DEBUG|GroupHRIS.Employee.webFrmEmployeeSearch|Page_Load()
2015-06-29 13:40:25.3241|DEBUG|GroupHRIS.Employee.webFrmEmployeeSearch|Page_Load()
2015-06-29 13:40:58.1779|DEBUG|GroupHRIS.Employee.webFrmEmployeeSearch|Page_Load()
2015-06-29 13:47:14.8190|DEBUG|GroupHRIS.Employee.webFrmEmployeeSearch|Page_Load()
2015-06-29 13:47:14.8490|DEBUG|GroupHRIS.Employee.webFrmEmployeeSearch|fillCompanies()
2015-06-29 13:47:14.9670|DEBUG|GroupHRIS.Employee.webFrmEmployeeSearch|fillEmployeeStatus():
2015-06-29 13:47:16.6301|DEBUG|GroupHRIS.Employee.webFrmEmployeeSearch|Page_Load()
2015-06-29 13:47:18.3982|DEBUG|GroupHRIS.Employee.webFrmEmployeeSearch|Page_Load()
2015-06-29 14:01:02.4390|DEBUG|GroupHRIS.Employee.webFrmEmployeeSearch|Page_Load()
2015-06-29 14:01:02.4660|DEBUG|GroupHRIS.Employee.webFrmEmployeeSearch|fillCompanies()
2015-06-29 14:01:02.9411|DEBUG|GroupHRIS.Employee.webFrmEmployeeSearch|fillEmployeeStatus():
2015-06-29 14:01:04.6442|DEBUG|GroupHRIS.Employee.webFrmEmployeeSearch|Page_Load()
2015-06-29 14:01:15.9558|DEBUG|GroupHRIS.Employee.webFrmEmployeeSearch|Page_Load()
2015-06-29 14:02:54.3262|DEBUG|GroupHRIS.Employee.webFrmEmployeeSearch|Page_Load()
2015-06-29 14:02:54.3262|DEBUG|GroupHRIS.Employee.webFrmEmployeeSearch|fillCompanies()
2015-06-29 14:02:54.4510|DEBUG|GroupHRIS.Employee.webFrmEmployeeSearch|fillEmployeeStatus():
2015-06-29 14:02:59.0218|DEBUG|GroupHRIS.Employee.webFrmEmployeeSearch|Page_Load()
2015-06-29 14:02:59.0374|DEBUG|GroupHRIS.Employee.webFrmEmployeeSearch|ddlCompany_SelectedIndexChanged()
2015-06-29 14:02:59.0374|DEBUG|GroupHRIS.Employee.webFrmEmployeeSearch|fillDepartment() - companyId:CP64
2015-06-29 14:02:59.4586|DEBUG|GroupHRIS.Employee.webFrmEmployeeSearch|fillDesignations() - companyID:CP64
2015-06-29 14:03:01.5022|DEBUG|GroupHRIS.Employee.webFrmEmployeeSearch|Page_Load()
2015-06-29 14:03:07.3210|DEBUG|GroupHRIS.Employee.webFrmEmployeeSearch|Page_Load()
2015-06-29 14:04:04.5887|DEBUG|GroupHRIS.Employee.webFrmEmployeeSearch|Page_Load()
2015-06-29 14:04:04.5887|DEBUG|GroupHRIS.Employee.webFrmEmployeeSearch|fillCompanies()
2015-06-29 14:04:06.6791|DEBUG|GroupHRIS.Employee.webFrmEmployeeSearch|fillEmployeeStatus():
2015-06-29 14:04:08.3015|DEBUG|GroupHRIS.Employee.webFrmEmployeeSearch|Page_Load()
2015-06-29 14:04:13.9644|DEBUG|GroupHRIS.Employee.webFrmEmployeeSearch|Page_Load()
2015-06-29 14:04:13.9644|DEBUG|GroupHRIS.Employee.webFrmEmployeeSearch|fillCompanies()
2015-06-29 14:04:14.0580|DEBUG|GroupHRIS.Employee.webFrmEmployeeSearch|fillEmployeeStatus():
2015-06-29 14:04:25.0404|DEBUG|GroupHRIS.Employee.webFrmEmployeeSearch|Page_Load()
2015-06-29 14:04:25.0404|DEBUG|GroupHRIS.Employee.webFrmEmployeeSearch|ddlCompany_SelectedIndexChanged()
2015-06-29 14:04:25.0560|DEBUG|GroupHRIS.Employee.webFrmEmployeeSearch|fillDepartment() - companyId:CP62
2015-06-29 14:04:25.1652|DEBUG|GroupHRIS.Employee.webFrmEmployeeSearch|fillDesignations() - companyID:CP62
2015-06-29 14:04:26.6004|DEBUG|GroupHRIS.Employee.webFrmEmployeeSearch|Page_Load()
2015-06-29 14:04:37.8168|DEBUG|GroupHRIS.Employee.webFrmEmployeeSearch|Page_Load()
2015-06-29 14:04:37.8168|DEBUG|GroupHRIS.Employee.webFrmEmployeeSearch|ddlCompany_SelectedIndexChanged()
2015-06-29 14:04:37.8168|DEBUG|GroupHRIS.Employee.webFrmEmployeeSearch|fillDepartment() - companyId:CP29
2015-06-29 14:04:38.6436|DEBUG|GroupHRIS.Employee.webFrmEmployeeSearch|fillDesignations() - companyID:CP29
2015-06-29 14:04:45.3204|DEBUG|GroupHRIS.Employee.webFrmEmployeeSearch|Page_Load()
2015-06-29 14:04:55.8660|DEBUG|GroupHRIS.Employee.webFrmEmployeeSearch|Page_Load()
2015-06-29 14:04:55.8660|DEBUG|GroupHRIS.Employee.webFrmEmployeeSearch|ddlCompany_SelectedIndexChanged()
2015-06-29 14:04:55.8660|DEBUG|GroupHRIS.Employee.webFrmEmployeeSearch|fillDepartment() - companyId:CP50
2015-06-29 14:04:56.5212|DEBUG|GroupHRIS.Employee.webFrmEmployeeSearch|fillDesignations() - companyID:CP50
2015-06-29 14:04:56.9892|DEBUG|GroupHRIS.Employee.webFrmEmployeeSearch|Page_Load()
2015-06-29 14:04:59.0328|DEBUG|GroupHRIS.Employee.webFrmEmployeeSearch|Page_Load()
2015-06-29 14:05:12.3801|DEBUG|GroupHRIS.Employee.webFrmEmployeeSearch|Page_Load()
2015-06-29 14:20:15.7926|DEBUG|GroupHRIS.Employee.webFrmEmployeeSearch|Page_Load()
2015-06-29 14:20:15.8066|DEBUG|GroupHRIS.Employee.webFrmEmployeeSearch|fillCompanies()
2015-06-29 14:20:15.9277|DEBUG|GroupHRIS.Employee.webFrmEmployeeSearch|fillEmployeeStatus():
2015-06-29 14:20:17.6838|DEBUG|GroupHRIS.Employee.webFrmEmployeeSearch|Page_Load()
2015-06-29 14:24:43.8925|DEBUG|GroupHRIS.Employee.webFrmEmployeeSearch|Page_Load()
2015-06-29 14:24:43.9145|DEBUG|GroupHRIS.Employee.webFrmEmployeeSearch|fillCompanies()
2015-06-29 14:24:46.6066|DEBUG|GroupHRIS.Employee.webFrmEmployeeSearch|fillEmployeeStatus():
2015-06-29 14:34:25.9625|DEBUG|GroupHRIS.Employee.webFrmEmployeeSearch|Page_Load()
2015-06-29 14:34:25.9795|DEBUG|GroupHRIS.Employee.webFrmEmployeeSearch|fillCompanies()
2015-06-29 14:34:26.5386|DEBUG|GroupHRIS.Employee.webFrmEmployeeSearch|fillEmployeeStatus():
2015-06-29 14:34:28.3777|DEBUG|GroupHRIS.Employee.webFrmEmployeeSearch|Page_Load()
2015-06-29 14:34:31.1658|DEBUG|GroupHRIS.Employee.webFrmEmployeeSearch|Page_Load()
2015-06-29 14:34:37.9382|DEBUG|GroupHRIS.Employee.webFrmEmployeeSearch|Page_Load()
2015-06-29 14:40:31.9007|DEBUG|GroupHRIS.Employee.webFrmEmployeeSearch|Page_Load()
2015-06-29 14:40:31.9163|DEBUG|GroupHRIS.Employee.webFrmEmployeeSearch|fillCompanies()
2015-06-29 14:40:32.5871|DEBUG|GroupHRIS.Employee.webFrmEmployeeSearch|fillEmployeeStatus():
2015-06-29 14:44:51.6293|DEBUG|GroupHRIS.Employee.webFrmEmployeeSearch|Page_Load()
2015-06-29 14:44:51.6353|DEBUG|GroupHRIS.Employee.webFrmEmployeeSearch|fillCompanies()
2015-06-29 14:44:51.7013|DEBUG|GroupHRIS.Employee.webFrmEmployeeSearch|fillEmployeeStatus():
