2015-05-19 10:18:01.2345|DEBUG|GroupHRIS.Employee.webFrmEmployee|IP:127.0.0.1webFrmEmployee : Page_Load
2015-05-19 10:18:01.3005|DEBUG|GroupHRIS.Employee.webFrmEmployee|fillCompanies()
2015-05-19 10:18:01.3965|DEBUG|GroupHRIS.Employee.webFrmEmployee|fillEmployeeStatus()
2015-05-19 10:18:01.4425|DEBUG|GroupHRIS.Employee.webFrmEmployee|fillEmployeeType()
2015-05-19 10:18:01.4855|DEBUG|GroupHRIS.Employee.webFrmEmployee|fillEmployeeRole()
2015-05-19 10:18:01.5305|DEBUG|GroupHRIS.Employee.webFrmEmployee|fillEmployeeStatus()
2015-05-19 10:46:56.7172|DEBUG|GroupHRIS.Employee.webFrmEmployeeSearch|Page_Load()
2015-05-19 10:46:56.7312|DEBUG|GroupHRIS.Employee.webFrmEmployeeSearch|fillCompanies()
2015-05-19 10:46:56.8243|DEBUG|GroupHRIS.Employee.webFrmEmployeeSearch|fillEmployeeStatus():
2015-05-19 11:32:47.5068|DEBUG|GroupHRIS.Employee.webFrmEmployeeSearch|Page_Load()
2015-05-19 11:32:47.5068|DEBUG|GroupHRIS.Employee.webFrmEmployeeSearch|fillCompanies()
2015-05-19 11:32:47.6248|DEBUG|GroupHRIS.Employee.webFrmEmployeeSearch|fillEmployeeStatus():
2015-05-19 11:32:52.8111|DEBUG|GroupHRIS.Employee.webFrmEmployeeSearch|Page_Load()
2015-05-19 11:32:52.8171|DEBUG|GroupHRIS.Employee.webFrmEmployeeSearch|ddlCompany_SelectedIndexChanged()
2015-05-19 11:32:52.8171|DEBUG|GroupHRIS.Employee.webFrmEmployeeSearch|fillDepartment() - companyId:CP16
2015-05-19 11:32:52.9441|DEBUG|GroupHRIS.Employee.webFrmEmployeeSearch|fillDesignations() - companyID:CP16
2015-05-19 11:32:54.6882|DEBUG|GroupHRIS.Employee.webFrmEmployeeSearch|Page_Load()
2015-05-19 11:32:58.2074|DEBUG|GroupHRIS.Employee.webFrmEmployeeSearch|Page_Load()
2015-05-19 11:33:00.3695|DEBUG|GroupHRIS.Employee.webFrmEmployeeSearch|Page_Load()
2015-05-19 11:33:08.3090|DEBUG|GroupHRIS.Employee.webFrmEmployeeSearch|Page_Load()
2015-05-19 11:33:08.3090|DEBUG|GroupHRIS.Employee.webFrmEmployeeSearch|fillCompanies()
2015-05-19 11:33:08.4500|DEBUG|GroupHRIS.Employee.webFrmEmployeeSearch|fillEmployeeStatus():
2015-05-19 11:33:12.4572|DEBUG|GroupHRIS.Employee.webFrmEmployeeSearch|Page_Load()
2015-05-19 11:33:12.4572|DEBUG|GroupHRIS.Employee.webFrmEmployeeSearch|ddlCompany_SelectedIndexChanged()
2015-05-19 11:33:12.4572|DEBUG|GroupHRIS.Employee.webFrmEmployeeSearch|fillDepartment() - companyId:CP60
2015-05-19 11:33:12.5792|DEBUG|GroupHRIS.Employee.webFrmEmployeeSearch|fillDesignations() - companyID:CP60
2015-05-19 11:33:14.1283|DEBUG|GroupHRIS.Employee.webFrmEmployeeSearch|Page_Load()
2015-05-19 11:33:15.1314|DEBUG|GroupHRIS.Employee.webFrmEmployeeSearch|Page_Load()
2015-05-19 11:33:16.0724|DEBUG|GroupHRIS.Employee.webFrmEmployeeSearch|Page_Load()
2015-05-19 14:25:49.4928|DEBUG|GroupHRIS.Employee.webFrmEmployeeSearch|Page_Load()
2015-05-19 14:25:49.5158|DEBUG|GroupHRIS.Employee.webFrmEmployeeSearch|fillCompanies()
2015-05-19 14:25:49.6438|DEBUG|GroupHRIS.Employee.webFrmEmployeeSearch|fillEmployeeStatus():
2015-05-19 14:25:53.0120|DEBUG|GroupHRIS.Employee.webFrmEmployeeSearch|Page_Load()
2015-05-19 14:25:53.0120|DEBUG|GroupHRIS.Employee.webFrmEmployeeSearch|ddlCompany_SelectedIndexChanged()
2015-05-19 14:25:53.0120|DEBUG|GroupHRIS.Employee.webFrmEmployeeSearch|fillDepartment() - companyId:CP16
2015-05-19 14:25:53.1240|DEBUG|GroupHRIS.Employee.webFrmEmployeeSearch|fillDesignations() - companyID:CP16
2015-05-19 14:25:54.5741|DEBUG|GroupHRIS.Employee.webFrmEmployeeSearch|Page_Load()
2015-05-19 14:26:25.5838|DEBUG|GroupHRIS.Employee.webFrmEmployeeSearch|Page_Load()
2015-05-19 14:26:25.5838|DEBUG|GroupHRIS.Employee.webFrmEmployeeSearch|fillCompanies()
2015-05-19 14:26:25.7058|DEBUG|GroupHRIS.Employee.webFrmEmployeeSearch|fillEmployeeStatus():
2015-05-19 14:30:34.9981|DEBUG|GroupHRIS.Employee.webFrmEmployeeSearch|Page_Load()
2015-05-19 14:30:34.9981|DEBUG|GroupHRIS.Employee.webFrmEmployeeSearch|fillCompanies()
2015-05-19 14:30:35.1761|DEBUG|GroupHRIS.Employee.webFrmEmployeeSearch|fillEmployeeStatus():
2015-05-19 14:30:36.9992|DEBUG|GroupHRIS.Employee.webFrmEmployeeSearch|Page_Load()
2015-05-19 14:30:38.1023|DEBUG|GroupHRIS.Employee.webFrmEmployeeSearch|Page_Load()
2015-05-19 14:30:39.0553|DEBUG|GroupHRIS.Employee.webFrmEmployeeSearch|Page_Load()
2015-05-19 14:30:43.3836|DEBUG|GroupHRIS.Employee.webFrmEmployeeSearch|Page_Load()
2015-05-19 14:30:43.3836|DEBUG|GroupHRIS.Employee.webFrmEmployeeSearch|fillCompanies()
2015-05-19 14:30:43.4426|DEBUG|GroupHRIS.Employee.webFrmEmployeeSearch|fillEmployeeStatus():
2015-05-19 15:30:06.0934|DEBUG|GroupHRIS.Employee.webFrmEmployeeSearch|Page_Load()
2015-05-19 15:30:06.0994|DEBUG|GroupHRIS.Employee.webFrmEmployeeSearch|fillCompanies()
2015-05-19 15:30:06.5264|DEBUG|GroupHRIS.Employee.webFrmEmployeeSearch|fillEmployeeStatus():
2015-05-19 15:30:08.2545|DEBUG|GroupHRIS.Employee.webFrmEmployeeSearch|Page_Load()
2015-05-19 15:30:10.8056|DEBUG|GroupHRIS.Employee.webFrmEmployeeSearch|Page_Load()
2015-05-19 15:30:12.9737|DEBUG|GroupHRIS.Employee.webFrmEmployeeSearch|Page_Load()
2015-05-19 15:43:45.5022|DEBUG|GroupHRIS.Employee.webFrmEmployeeSearch|Page_Load()
2015-05-19 15:43:45.5072|DEBUG|GroupHRIS.Employee.webFrmEmployeeSearch|fillCompanies()
2015-05-19 15:43:45.6422|DEBUG|GroupHRIS.Employee.webFrmEmployeeSearch|fillEmployeeStatus():
2015-05-19 15:44:44.9616|DEBUG|GroupHRIS.Employee.webFrmEmployeeSearch|Page_Load()
2015-05-19 15:44:46.0777|DEBUG|GroupHRIS.Employee.webFrmEmployeeSearch|Page_Load()
2015-05-19 15:44:47.1037|DEBUG|GroupHRIS.Employee.webFrmEmployeeSearch|Page_Load()
2015-05-19 15:45:01.1465|DEBUG|GroupHRIS.Employee.webFrmEmployeeSearch|Page_Load()
2015-05-19 15:45:01.1465|DEBUG|GroupHRIS.Employee.webFrmEmployeeSearch|fillCompanies()
2015-05-19 15:45:01.2526|DEBUG|GroupHRIS.Employee.webFrmEmployeeSearch|fillEmployeeStatus():
2015-05-19 15:45:03.1527|DEBUG|GroupHRIS.Employee.webFrmEmployeeSearch|Page_Load()
2015-05-19 15:45:04.1837|DEBUG|GroupHRIS.Employee.webFrmEmployeeSearch|Page_Load()
2015-05-19 15:45:04.9998|DEBUG|GroupHRIS.Employee.webFrmEmployeeSearch|Page_Load()
2015-05-19 15:45:09.1770|DEBUG|GroupHRIS.Employee.webFrmEmployeeSearch|Page_Load()
2015-05-19 15:45:09.1770|DEBUG|GroupHRIS.Employee.webFrmEmployeeSearch|fillCompanies()
2015-05-19 15:45:09.2980|DEBUG|GroupHRIS.Employee.webFrmEmployeeSearch|fillEmployeeStatus():
2015-05-19 15:45:10.8591|DEBUG|GroupHRIS.Employee.webFrmEmployeeSearch|Page_Load()
2015-05-19 15:45:11.9852|DEBUG|GroupHRIS.Employee.webFrmEmployeeSearch|Page_Load()
2015-05-19 15:45:13.2732|DEBUG|GroupHRIS.Employee.webFrmEmployeeSearch|Page_Load()
2015-05-19 15:45:17.4365|DEBUG|GroupHRIS.Employee.webFrmEmployeeSearch|Page_Load()
2015-05-19 15:45:17.4365|DEBUG|GroupHRIS.Employee.webFrmEmployeeSearch|fillCompanies()
2015-05-19 15:45:17.5445|DEBUG|GroupHRIS.Employee.webFrmEmployeeSearch|fillEmployeeStatus():
2015-05-19 15:45:19.0886|DEBUG|GroupHRIS.Employee.webFrmEmployeeSearch|Page_Load()
2015-05-19 15:45:20.5257|DEBUG|GroupHRIS.Employee.webFrmEmployeeSearch|Page_Load()
2015-05-19 15:45:32.8754|DEBUG|GroupHRIS.Employee.webFrmEmployeeSearch|Page_Load()
2015-05-19 15:45:32.8754|DEBUG|GroupHRIS.Employee.webFrmEmployeeSearch|fillCompanies()
2015-05-19 15:45:32.9954|DEBUG|GroupHRIS.Employee.webFrmEmployeeSearch|fillEmployeeStatus():
2015-05-19 15:45:34.3554|DEBUG|GroupHRIS.Employee.webFrmEmployeeSearch|Page_Load()
2015-05-19 15:45:35.4735|DEBUG|GroupHRIS.Employee.webFrmEmployeeSearch|Page_Load()
2015-05-19 15:45:38.3567|DEBUG|GroupHRIS.Employee.webFrmEmployeeSearch|Page_Load()
2015-05-19 16:45:51.5885|DEBUG|GroupHRIS.Employee.webFrmEmployeeSearch|Page_Load()
2015-05-19 16:45:51.5945|DEBUG|GroupHRIS.Employee.webFrmEmployeeSearch|fillCompanies()
2015-05-19 16:45:51.7035|DEBUG|GroupHRIS.Employee.webFrmEmployeeSearch|fillEmployeeStatus():
2015-05-19 16:45:52.9935|DEBUG|GroupHRIS.Employee.webFrmEmployeeSearch|Page_Load()
2015-05-19 16:45:54.6036|DEBUG|GroupHRIS.Employee.webFrmEmployeeSearch|Page_Load()
2015-05-19 16:45:57.8628|DEBUG|GroupHRIS.Employee.webFrmEmployeeSearch|Page_Load()
2015-05-19 17:02:49.9364|DEBUG|GroupHRIS.Employee.webFrmEmployeeSearch|Page_Load()
2015-05-19 17:02:49.9494|DEBUG|GroupHRIS.Employee.webFrmEmployeeSearch|fillCompanies()
2015-05-19 17:02:50.2444|DEBUG|GroupHRIS.Employee.webFrmEmployeeSearch|fillEmployeeStatus():
2015-05-19 17:02:51.5785|DEBUG|GroupHRIS.Employee.webFrmEmployeeSearch|Page_Load()
2015-05-19 17:02:52.8526|DEBUG|GroupHRIS.Employee.webFrmEmployeeSearch|Page_Load()
2015-05-19 17:02:54.6317|DEBUG|GroupHRIS.Employee.webFrmEmployeeSearch|Page_Load()
2015-05-19 17:04:33.0274|DEBUG|GroupHRIS.Employee.webFrmEmployeeSearch|Page_Load()
2015-05-19 17:04:33.0334|DEBUG|GroupHRIS.Employee.webFrmEmployeeSearch|fillCompanies()
2015-05-19 17:04:34.3505|DEBUG|GroupHRIS.Employee.webFrmEmployeeSearch|fillEmployeeStatus():
2015-05-19 17:04:36.0636|DEBUG|GroupHRIS.Employee.webFrmEmployeeSearch|Page_Load()
2015-05-19 17:04:41.2209|DEBUG|GroupHRIS.Employee.webFrmEmployeeSearch|Page_Load()
2015-05-19 17:04:43.1450|DEBUG|GroupHRIS.Employee.webFrmEmployeeSearch|Page_Load()
2015-05-19 17:07:26.2197|DEBUG|GroupHRIS.Employee.webFrmEmployeeSearch|Page_Load()
2015-05-19 17:07:26.2527|DEBUG|GroupHRIS.Employee.webFrmEmployeeSearch|fillCompanies()
2015-05-19 17:07:26.3497|DEBUG|GroupHRIS.Employee.webFrmEmployeeSearch|fillEmployeeStatus():
2015-05-19 17:07:28.3969|DEBUG|GroupHRIS.Employee.webFrmEmployeeSearch|Page_Load()
2015-05-19 17:07:30.1930|DEBUG|GroupHRIS.Employee.webFrmEmployeeSearch|Page_Load()
2015-05-19 17:07:31.1050|DEBUG|GroupHRIS.Employee.webFrmEmployeeSearch|Page_Load()
2015-05-19 17:09:45.4996|DEBUG|GroupHRIS.Employee.webFrmEmployeeSearch|Page_Load()
2015-05-19 17:09:45.5056|DEBUG|GroupHRIS.Employee.webFrmEmployeeSearch|fillCompanies()
2015-05-19 17:09:45.5976|DEBUG|GroupHRIS.Employee.webFrmEmployeeSearch|fillEmployeeStatus():
2015-05-19 17:09:47.1967|DEBUG|GroupHRIS.Employee.webFrmEmployeeSearch|Page_Load()
2015-05-19 17:09:48.5918|DEBUG|GroupHRIS.Employee.webFrmEmployeeSearch|Page_Load()
2015-05-19 17:09:50.6709|DEBUG|GroupHRIS.Employee.webFrmEmployeeSearch|Page_Load()
2015-05-19 17:11:11.8635|DEBUG|GroupHRIS.Employee.webFrmEmployeeSearch|Page_Load()
2015-05-19 17:11:11.8685|DEBUG|GroupHRIS.Employee.webFrmEmployeeSearch|fillCompanies()
2015-05-19 17:11:11.9715|DEBUG|GroupHRIS.Employee.webFrmEmployeeSearch|fillEmployeeStatus():
2015-05-19 17:11:13.6776|DEBUG|GroupHRIS.Employee.webFrmEmployeeSearch|Page_Load()
2015-05-19 17:11:15.4147|DEBUG|GroupHRIS.Employee.webFrmEmployeeSearch|Page_Load()
2015-05-19 17:11:16.1948|DEBUG|GroupHRIS.Employee.webFrmEmployeeSearch|Page_Load()
2015-05-19 17:12:40.0306|DEBUG|GroupHRIS.Employee.webFrmEmployeeSearch|Page_Load()
2015-05-19 17:12:40.0386|DEBUG|GroupHRIS.Employee.webFrmEmployeeSearch|fillCompanies()
2015-05-19 17:12:40.1476|DEBUG|GroupHRIS.Employee.webFrmEmployeeSearch|fillEmployeeStatus():
2015-05-19 17:12:41.8537|DEBUG|GroupHRIS.Employee.webFrmEmployeeSearch|Page_Load()
2015-05-19 17:12:42.9847|DEBUG|GroupHRIS.Employee.webFrmEmployeeSearch|Page_Load()
2015-05-19 17:12:43.6838|DEBUG|GroupHRIS.Employee.webFrmEmployeeSearch|Page_Load()
2015-05-19 17:18:42.7673|DEBUG|GroupHRIS.Employee.webFrmEmployeeSearch|Page_Load()
2015-05-19 17:18:42.7733|DEBUG|GroupHRIS.Employee.webFrmEmployeeSearch|fillCompanies()
2015-05-19 17:18:42.8873|DEBUG|GroupHRIS.Employee.webFrmEmployeeSearch|fillEmployeeStatus():
2015-05-19 17:18:44.1174|DEBUG|GroupHRIS.Employee.webFrmEmployeeSearch|Page_Load()
2015-05-19 17:18:45.3264|DEBUG|GroupHRIS.Employee.webFrmEmployeeSearch|Page_Load()
2015-05-19 17:18:47.5466|DEBUG|GroupHRIS.Employee.webFrmEmployeeSearch|Page_Load()
2015-05-19 17:24:30.7802|DEBUG|GroupHRIS.Employee.webFrmEmployeeSearch|Page_Load()
2015-05-19 17:24:30.7802|DEBUG|GroupHRIS.Employee.webFrmEmployeeSearch|fillCompanies()
2015-05-19 17:24:30.8182|DEBUG|GroupHRIS.Employee.webFrmEmployeeSearch|fillEmployeeStatus():
2015-05-19 17:24:32.4803|DEBUG|GroupHRIS.Employee.webFrmEmployeeSearch|Page_Load()
2015-05-19 17:24:33.5694|DEBUG|GroupHRIS.Employee.webFrmEmployeeSearch|Page_Load()
2015-05-19 17:24:34.9334|DEBUG|GroupHRIS.Employee.webFrmEmployeeSearch|Page_Load()
2015-05-19 17:27:13.8899|DEBUG|GroupHRIS.Employee.webFrmEmployeeSearch|Page_Load()
2015-05-19 17:27:13.8959|DEBUG|GroupHRIS.Employee.webFrmEmployeeSearch|fillCompanies()
2015-05-19 17:27:14.0499|DEBUG|GroupHRIS.Employee.webFrmEmployeeSearch|fillEmployeeStatus():
2015-05-19 17:27:15.4760|DEBUG|GroupHRIS.Employee.webFrmEmployeeSearch|Page_Load()
2015-05-19 17:27:16.9871|DEBUG|GroupHRIS.Employee.webFrmEmployeeSearch|Page_Load()
2015-05-19 17:27:18.3991|DEBUG|GroupHRIS.Employee.webFrmEmployeeSearch|Page_Load()
2015-05-19 17:28:34.5015|DEBUG|GroupHRIS.Employee.webFrmEmployeeSearch|Page_Load()
2015-05-19 17:28:34.5015|DEBUG|GroupHRIS.Employee.webFrmEmployeeSearch|fillCompanies()
2015-05-19 17:28:34.6085|DEBUG|GroupHRIS.Employee.webFrmEmployeeSearch|fillEmployeeStatus():
2015-05-19 17:28:36.1146|DEBUG|GroupHRIS.Employee.webFrmEmployeeSearch|Page_Load()
2015-05-19 17:28:37.6084|DEBUG|GroupHRIS.Employee.webFrmEmployeeSearch|Page_Load()
2015-05-19 17:30:22.4978|DEBUG|GroupHRIS.Employee.webFrmEmployeeSearch|Page_Load()
2015-05-19 17:30:22.4978|DEBUG|GroupHRIS.Employee.webFrmEmployeeSearch|fillCompanies()
2015-05-19 17:30:22.6308|DEBUG|GroupHRIS.Employee.webFrmEmployeeSearch|fillEmployeeStatus():
2015-05-19 17:30:24.3319|DEBUG|GroupHRIS.Employee.webFrmEmployeeSearch|Page_Load()
2015-05-19 17:30:25.4340|DEBUG|GroupHRIS.Employee.webFrmEmployeeSearch|Page_Load()
2015-05-19 17:30:27.1381|DEBUG|GroupHRIS.Employee.webFrmEmployeeSearch|Page_Load()
2015-05-19 17:31:19.4071|DEBUG|GroupHRIS.Employee.webFrmEmployeeSearch|Page_Load()
2015-05-19 17:31:19.4071|DEBUG|GroupHRIS.Employee.webFrmEmployeeSearch|fillCompanies()
2015-05-19 17:31:19.5221|DEBUG|GroupHRIS.Employee.webFrmEmployeeSearch|fillEmployeeStatus():
2015-05-19 17:31:20.6382|DEBUG|GroupHRIS.Employee.webFrmEmployeeSearch|Page_Load()
2015-05-19 17:31:22.0992|DEBUG|GroupHRIS.Employee.webFrmEmployeeSearch|Page_Load()
2015-05-19 17:31:23.3403|DEBUG|GroupHRIS.Employee.webFrmEmployeeSearch|Page_Load()
2015-05-19 17:31:32.9989|DEBUG|GroupHRIS.Employee.webFrmEmployeeSearch|Page_Load()
2015-05-19 17:31:33.0129|DEBUG|GroupHRIS.Employee.webFrmEmployeeSearch|fillCompanies()
2015-05-19 17:31:33.1239|DEBUG|GroupHRIS.Employee.webFrmEmployeeSearch|fillEmployeeStatus():
2015-05-19 17:31:34.9230|DEBUG|GroupHRIS.Employee.webFrmEmployeeSearch|Page_Load()
2015-05-19 17:31:36.2911|DEBUG|GroupHRIS.Employee.webFrmEmployeeSearch|Page_Load()
2015-05-19 17:31:38.3182|DEBUG|GroupHRIS.Employee.webFrmEmployeeSearch|Page_Load()
2015-05-19 17:32:38.6396|DEBUG|GroupHRIS.Employee.webFrmEmployeeSearch|Page_Load()
2015-05-19 17:32:38.6396|DEBUG|GroupHRIS.Employee.webFrmEmployeeSearch|fillCompanies()
2015-05-19 17:32:38.7456|DEBUG|GroupHRIS.Employee.webFrmEmployeeSearch|fillEmployeeStatus():
2015-05-19 17:32:39.8855|DEBUG|GroupHRIS.Employee.webFrmEmployeeSearch|Page_Load()
2015-05-19 17:32:41.2895|DEBUG|GroupHRIS.Employee.webFrmEmployeeSearch|Page_Load()
