2016-11-18 12:44:18.5517|DEBUG|GroupHRIS.TrainingAndDevelopment.WebFrmTrainingRequstApprove|IP:::1WebFrmTrainingRequstApprove : Page_Load
2016-11-18 12:45:34.2118|DEBUG|GroupHRIS.TrainingAndDevelopment.WebFrmTrainingRequstApprove|IP:::1WebFrmTrainingRequstApprove : Page_Load
2016-11-18 12:45:34.6330|DEBUG|GroupHRIS.TrainingAndDevelopment.WebFrmTrainingRequstApprove|WebFrmTrainingRequstApprove : grdTrainingRequest_RowCommand
2016-11-18 12:45:41.3579|DEBUG|GroupHRIS.TrainingAndDevelopment.WebFrmTraingRequest|IP:::1WebFrmTraingRequest : Page_Load
2016-11-18 12:45:41.3709|DEBUG|GroupHRIS.TrainingAndDevelopment.WebFrmTraingRequest|fillCompanies()
2016-11-18 12:45:47.8957|DEBUG|GroupHRIS.TrainingAndDevelopment.WebFrmTraingRequest|fillDepartment() - companyId:CP25
2016-11-18 12:45:47.9893|DEBUG|GroupHRIS.TrainingAndDevelopment.WebFrmTraingRequest|fillDivisions() - departmentId:DP00026
2016-11-18 12:46:19.4057|DEBUG|GroupHRIS.TrainingAndDevelopment.WebFrmTraingRequest|IP:::1WebFrmTraingRequest : Page_Load
2016-11-18 12:46:26.8158|DEBUG|GroupHRIS.TrainingAndDevelopment.WebFrmTraingRequest|IP:::1WebFrmTraingRequest : Page_Load
2016-11-18 12:46:27.1590|DEBUG|GroupHRIS.TrainingAndDevelopment.WebFrmTraingRequest|btnSave_Click()
2016-11-18 12:47:37.2967|DEBUG|GroupHRIS.TrainingAndDevelopment.WebFrmTraingRequest|btnSave_Click() -> update
2016-11-18 12:49:32.8935|DEBUG|GroupHRIS.TrainingAndDevelopment.WebFrmTraingRequest|IP:::1WebFrmTraingRequest : Page_Load
2016-11-18 12:49:33.2991|DEBUG|GroupHRIS.TrainingAndDevelopment.WebFrmTraingRequest|btnSave_Click()
2016-11-18 12:49:36.2383|DEBUG|GroupHRIS.TrainingAndDevelopment.WebFrmTraingRequest|btnSave_Click() -> update
2016-11-18 12:52:38.8678|DEBUG|GroupHRIS.TrainingAndDevelopment.WebFrmTraingRequest|IP:::1WebFrmTraingRequest : Page_Load
2016-11-18 12:52:50.8955|DEBUG|GroupHRIS.TrainingAndDevelopment.WebFrmTraingRequest|IP:::1WebFrmTraingRequest : Page_Load
2016-11-18 13:00:53.6823|DEBUG|GroupHRIS.TrainingAndDevelopment.WebFrmTraingRequest|IP:::1WebFrmTraingRequest : Page_Load
2016-11-18 13:00:53.7447|DEBUG|GroupHRIS.TrainingAndDevelopment.WebFrmTraingRequest|Session Expired
2016-11-18 13:01:48.7522|DEBUG|GroupHRIS.TrainingAndDevelopment.WebFrmTraingRequest|IP:::1WebFrmTraingRequest : Page_Load
2016-11-18 13:01:48.7990|DEBUG|GroupHRIS.TrainingAndDevelopment.WebFrmTraingRequest|IP:::1WebFrmTraingRequest : Page_Load
2016-11-18 13:01:48.8146|DEBUG|GroupHRIS.TrainingAndDevelopment.WebFrmTraingRequest|IP:::1WebFrmTraingRequest : Page_Load
2016-11-18 13:01:48.8302|DEBUG|GroupHRIS.TrainingAndDevelopment.WebFrmTraingRequest|Session Expired
2016-11-18 13:01:48.8302|DEBUG|GroupHRIS.TrainingAndDevelopment.WebFrmTraingRequest|Session Expired
2016-11-18 13:01:48.8302|DEBUG|GroupHRIS.TrainingAndDevelopment.WebFrmTraingRequest|Session Expired
2016-11-18 13:04:57.4543|DEBUG|GroupHRIS.TrainingAndDevelopment.WebFrmTraingRequest|IP:::1WebFrmTraingRequest : Page_Load
2016-11-18 13:04:57.4983|DEBUG|GroupHRIS.TrainingAndDevelopment.WebFrmTraingRequest|fillCompanies()
2016-11-18 13:05:05.7388|DEBUG|GroupHRIS.TrainingAndDevelopment.WebFrmTraingRequest|IP:::1WebFrmTraingRequest : Page_Load
2016-11-18 13:05:39.8497|DEBUG|GroupHRIS.TrainingAndDevelopment.WebFrmTraingRequest|fillDepartment() - companyId:CP17
2016-11-18 13:05:47.0831|DEBUG|GroupHRIS.TrainingAndDevelopment.WebFrmTraingRequest|fillDivisions() - departmentId:DP00007
2016-11-18 13:07:33.8728|DEBUG|GroupHRIS.TrainingAndDevelopment.WebFrmTraingRequest|IP:::1WebFrmTraingRequest : Page_Load
2016-11-18 13:07:34.1848|DEBUG|GroupHRIS.TrainingAndDevelopment.WebFrmTraingRequest|btnSave_Click()
2016-11-18 13:09:43.7008|DEBUG|GroupHRIS.TrainingAndDevelopment.WebFrmTraingRequest|btnSave_Click() -> update
2016-11-18 13:10:56.5962|DEBUG|GroupHRIS.TrainingAndDevelopment.WebFrmTrainingRequstApprove|IP:::1WebFrmTrainingRequstApprove : Page_Load
2016-11-18 13:11:02.5536|DEBUG|GroupHRIS.TrainingAndDevelopment.WebFrmTrainingRequstApprove|IP:::1WebFrmTrainingRequstApprove : Page_Load
2016-11-18 13:11:02.9426|DEBUG|GroupHRIS.TrainingAndDevelopment.WebFrmTrainingRequstApprove|WebFrmTrainingRequstApprove : grdTrainingRequest_RowCommand
2016-11-18 13:11:12.3891|DEBUG|GroupHRIS.TrainingAndDevelopment.WebFrmTraingRequest|IP:::1WebFrmTraingRequest : Page_Load
2016-11-18 13:11:12.3891|DEBUG|GroupHRIS.TrainingAndDevelopment.WebFrmTraingRequest|fillCompanies()
2016-11-18 13:11:23.2387|DEBUG|GroupHRIS.TrainingAndDevelopment.WebFrmTraingRequest|fillDepartment() - companyId:CP17
2016-11-18 13:11:23.6248|DEBUG|GroupHRIS.TrainingAndDevelopment.WebFrmTraingRequest|fillDivisions() - departmentId:DP00007
2016-11-18 13:11:40.3017|DEBUG|GroupHRIS.TrainingAndDevelopment.WebFrmTraingRequest|IP:::1WebFrmTraingRequest : Page_Load
2016-11-18 13:15:03.3460|DEBUG|GroupHRIS.TrainingAndDevelopment.WebFrmTrainingRequstApprove|IP:::1WebFrmTrainingRequstApprove : Page_Load
2016-11-18 13:15:06.4572|DEBUG|GroupHRIS.TrainingAndDevelopment.WebFrmTrainingRequstApprove|IP:::1WebFrmTrainingRequstApprove : Page_Load
2016-11-18 13:15:08.3373|DEBUG|GroupHRIS.TrainingAndDevelopment.WebFrmTrainingRequstApprove|IP:::1WebFrmTrainingRequstApprove : Page_Load
2016-11-18 13:15:09.0344|DEBUG|GroupHRIS.TrainingAndDevelopment.WebFrmTrainingRequstApprove|WebFrmTrainingRequstApprove : grdTrainingRequest_RowCommand
2016-11-18 13:15:14.1027|DEBUG|GroupHRIS.TrainingAndDevelopment.WebFrmTraingRequest|IP:::1WebFrmTraingRequest : Page_Load
2016-11-18 13:15:14.1027|DEBUG|GroupHRIS.TrainingAndDevelopment.WebFrmTraingRequest|fillCompanies()
2016-11-18 13:15:22.2811|DEBUG|GroupHRIS.TrainingAndDevelopment.WebFrmTraingRequest|fillDepartment() - companyId:CP17
2016-11-18 13:15:22.4641|DEBUG|GroupHRIS.TrainingAndDevelopment.WebFrmTraingRequest|fillDivisions() - departmentId:DP00007
2016-11-18 13:15:38.0280|DEBUG|GroupHRIS.TrainingAndDevelopment.WebFrmTraingRequest|IP:::1WebFrmTraingRequest : Page_Load
2016-11-18 13:15:52.3948|DEBUG|GroupHRIS.TrainingAndDevelopment.WebFrmTraingRequest|IP:::1WebFrmTraingRequest : Page_Load
2016-11-18 13:15:52.7219|DEBUG|GroupHRIS.TrainingAndDevelopment.WebFrmTraingRequest|btnSave_Click()
2016-11-18 13:15:58.0282|DEBUG|GroupHRIS.TrainingAndDevelopment.WebFrmTraingRequest|btnSave_Click() -> update
2016-11-18 14:24:13.8273|DEBUG|GroupHRIS.TrainingAndDevelopment.WebFrmTrainingRequstApprove|IP:::1WebFrmTrainingRequstApprove : Page_Load
2016-11-18 14:24:26.5116|DEBUG|GroupHRIS.TrainingAndDevelopment.WebFrmTrainingRequstApprove|IP:::1WebFrmTrainingRequstApprove : Page_Load
2016-11-18 14:24:26.8916|DEBUG|GroupHRIS.TrainingAndDevelopment.WebFrmTrainingRequstApprove|WebFrmTrainingRequstApprove : grdTrainingRequest_RowCommand
2016-11-18 14:24:30.3837|DEBUG|GroupHRIS.TrainingAndDevelopment.WebFrmTraingRequest|IP:::1WebFrmTraingRequest : Page_Load
2016-11-18 14:24:30.3837|DEBUG|GroupHRIS.TrainingAndDevelopment.WebFrmTraingRequest|fillCompanies()
2016-11-18 14:24:37.6237|DEBUG|GroupHRIS.TrainingAndDevelopment.WebFrmTraingRequest|fillDepartment() - companyId:CP17
2016-11-18 14:24:37.7837|DEBUG|GroupHRIS.TrainingAndDevelopment.WebFrmTraingRequest|fillDivisions() - departmentId:DP00007
2016-11-18 14:25:00.1157|DEBUG|GroupHRIS.TrainingAndDevelopment.WebFrmTraingRequest|IP:::1WebFrmTraingRequest : Page_Load
2016-11-18 14:25:11.1857|DEBUG|GroupHRIS.TrainingAndDevelopment.WebFrmTraingRequest|IP:::1WebFrmTraingRequest : Page_Load
2016-11-18 14:25:11.4957|DEBUG|GroupHRIS.TrainingAndDevelopment.WebFrmTraingRequest|btnSave_Click()
2016-11-18 14:25:23.8458|DEBUG|GroupHRIS.TrainingAndDevelopment.WebFrmTraingRequest|btnSave_Click() -> update
2016-11-18 14:25:36.4868|DEBUG|GroupHRIS.TrainingAndDevelopment.WebFrmTraingRequest|IP:::1WebFrmTraingRequest : Page_Load
2016-11-18 14:25:36.7768|DEBUG|GroupHRIS.TrainingAndDevelopment.WebFrmTraingRequest|btnSave_Click()
2016-11-18 14:25:42.1568|DEBUG|GroupHRIS.TrainingAndDevelopment.WebFrmTraingRequest|btnSave_Click() -> update
2016-11-18 14:28:22.4061|DEBUG|GroupHRIS.TrainingAndDevelopment.WebFrmTraingRequest|IP:::1WebFrmTraingRequest : Page_Load
2016-11-18 15:25:13.9623|DEBUG|GroupHRIS.TrainingAndDevelopment.WebFrmTrainingRequstApprove|IP:::1WebFrmTrainingRequstApprove : Page_Load
2016-11-18 15:25:20.9667|DEBUG|GroupHRIS.TrainingAndDevelopment.WebFrmTrainingRequstApprove|IP:::1WebFrmTrainingRequstApprove : Page_Load
2016-11-18 15:25:21.4147|DEBUG|GroupHRIS.TrainingAndDevelopment.WebFrmTrainingRequstApprove|WebFrmTrainingRequstApprove : grdTrainingRequest_RowCommand
2016-11-18 15:25:27.1210|DEBUG|GroupHRIS.TrainingAndDevelopment.WebFrmTraingRequest|IP:::1WebFrmTraingRequest : Page_Load
2016-11-18 15:25:27.1210|DEBUG|GroupHRIS.TrainingAndDevelopment.WebFrmTraingRequest|fillCompanies()
2016-11-18 15:25:43.9840|DEBUG|GroupHRIS.TrainingAndDevelopment.WebFrmTraingRequest|fillDepartment() - companyId:CP25
2016-11-18 15:25:44.1300|DEBUG|GroupHRIS.TrainingAndDevelopment.WebFrmTraingRequest|fillDivisions() - departmentId:DP00026
2016-11-18 15:26:09.8566|DEBUG|GroupHRIS.TrainingAndDevelopment.WebFrmTraingRequest|IP:::1WebFrmTraingRequest : Page_Load
2016-11-18 15:26:15.2966|DEBUG|GroupHRIS.TrainingAndDevelopment.WebFrmTraingRequest|IP:::1WebFrmTraingRequest : Page_Load
2016-11-18 15:26:15.5966|DEBUG|GroupHRIS.TrainingAndDevelopment.WebFrmTraingRequest|btnSave_Click()
2016-11-18 15:26:37.8897|DEBUG|GroupHRIS.TrainingAndDevelopment.WebFrmTraingRequest|btnSave_Click() -> update
2016-11-18 15:27:10.3597|DEBUG|GroupHRIS.TrainingAndDevelopment.WebFrmTrainingRequstApprove|IP:::1WebFrmTrainingRequstApprove : Page_Load
2016-11-18 15:27:36.5697|DEBUG|GroupHRIS.TrainingAndDevelopment.WebFrmTrainingRequstApprove|IP:::1WebFrmTrainingRequstApprove : Page_Load
2016-11-18 15:27:36.8897|DEBUG|GroupHRIS.TrainingAndDevelopment.WebFrmTrainingRequstApprove|WebFrmTrainingRequstApprove : grdTrainingRequest_RowCommand
2016-11-18 15:27:36.9097|DEBUG|GroupHRIS.TrainingAndDevelopment.WebFrmTraingRequest|IP:::1WebFrmTraingRequest : Page_Load
2016-11-18 15:27:36.9097|DEBUG|GroupHRIS.TrainingAndDevelopment.WebFrmTraingRequest|fillCompanies()
2016-11-18 15:27:37.5197|DEBUG|GroupHRIS.TrainingAndDevelopment.WebFrmTraingRequest|fillDepartment() - companyId:CP27
2016-11-18 15:27:37.6397|DEBUG|GroupHRIS.TrainingAndDevelopment.WebFrmTraingRequest|fillDivisions() - departmentId:DP00037
2016-11-18 15:27:45.9798|DEBUG|GroupHRIS.TrainingAndDevelopment.WebFrmTraingRequest|IP:::1WebFrmTraingRequest : Page_Load
2016-11-18 15:27:54.4198|DEBUG|GroupHRIS.TrainingAndDevelopment.WebFrmTraingRequest|IP:::1WebFrmTraingRequest : Page_Load
2016-11-18 15:27:54.7298|DEBUG|GroupHRIS.TrainingAndDevelopment.WebFrmTraingRequest|btnSave_Click()
2016-11-18 15:27:59.2598|DEBUG|GroupHRIS.TrainingAndDevelopment.WebFrmTraingRequest|btnSave_Click() -> update
2016-11-18 15:28:28.3798|DEBUG|GroupHRIS.TrainingAndDevelopment.WebFrmTraingRequest|IP:::1WebFrmTraingRequest : Page_Load
2016-11-18 17:16:32.1370|DEBUG|GroupHRIS.TrainingAndDevelopment.WebFrmTrainingRequstApprove|IP:::1WebFrmTrainingRequstApprove : Page_Load
2016-11-18 17:16:39.7524|DEBUG|GroupHRIS.TrainingAndDevelopment.WebFrmTrainingRequstApprove|IP:::1WebFrmTrainingRequstApprove : Page_Load
2016-11-18 17:16:40.1504|DEBUG|GroupHRIS.TrainingAndDevelopment.WebFrmTrainingRequstApprove|WebFrmTrainingRequstApprove : grdTrainingRequest_RowCommand
2016-11-18 17:16:41.4085|DEBUG|GroupHRIS.TrainingAndDevelopment.WebFrmTraingRequest|IP:::1WebFrmTraingRequest : Page_Load
2016-11-18 17:16:41.4085|DEBUG|GroupHRIS.TrainingAndDevelopment.WebFrmTraingRequest|fillCompanies()
2016-11-18 17:16:42.1595|DEBUG|GroupHRIS.TrainingAndDevelopment.WebFrmTraingRequest|fillDepartment() - companyId:CP27
2016-11-18 17:16:42.2545|DEBUG|GroupHRIS.TrainingAndDevelopment.WebFrmTraingRequest|fillDivisions() - departmentId:DP00037
2016-11-18 17:16:50.9100|DEBUG|GroupHRIS.TrainingAndDevelopment.WebFrmTraingRequest|IP:::1WebFrmTraingRequest : Page_Load
2016-11-18 17:16:54.6862|DEBUG|GroupHRIS.TrainingAndDevelopment.WebFrmTrainingRequstApprove|IP:::1WebFrmTrainingRequstApprove : Page_Load
2016-11-18 17:16:58.5575|DEBUG|GroupHRIS.TrainingAndDevelopment.WebFrmTrainingRequstApprove|IP:::1WebFrmTrainingRequstApprove : Page_Load
2016-11-18 17:16:58.9095|DEBUG|GroupHRIS.TrainingAndDevelopment.WebFrmTrainingRequstApprove|WebFrmTrainingRequstApprove : grdTrainingRequest_RowCommand
2016-11-18 17:16:58.9215|DEBUG|GroupHRIS.TrainingAndDevelopment.WebFrmTraingRequest|IP:::1WebFrmTraingRequest : Page_Load
2016-11-18 17:16:58.9215|DEBUG|GroupHRIS.TrainingAndDevelopment.WebFrmTraingRequest|fillCompanies()
2016-11-18 17:16:59.4255|DEBUG|GroupHRIS.TrainingAndDevelopment.WebFrmTraingRequest|fillDepartment() - companyId:CP17
2016-11-18 17:16:59.5355|DEBUG|GroupHRIS.TrainingAndDevelopment.WebFrmTraingRequest|fillDivisions() - departmentId:DP00007
2016-11-18 17:17:10.3661|DEBUG|GroupHRIS.TrainingAndDevelopment.WebFrmTraingRequest|IP:::1WebFrmTraingRequest : Page_Load
2016-11-18 17:17:26.5850|DEBUG|GroupHRIS.TrainingAndDevelopment.WebFrmTraingRequest|IP:::1WebFrmTraingRequest : Page_Load
2016-11-18 17:17:26.9650|DEBUG|GroupHRIS.TrainingAndDevelopment.WebFrmTraingRequest|btnSave_Click()
2016-11-18 17:24:28.9000|DEBUG|GroupHRIS.TrainingAndDevelopment.WebFrmTrainingRequstApprove|IP:::1WebFrmTrainingRequstApprove : Page_Load
2016-11-18 17:24:37.4265|DEBUG|GroupHRIS.TrainingAndDevelopment.WebFrmTrainingRequstApprove|IP:::1WebFrmTrainingRequstApprove : Page_Load
2016-11-18 17:24:37.8045|DEBUG|GroupHRIS.TrainingAndDevelopment.WebFrmTrainingRequstApprove|WebFrmTrainingRequstApprove : grdTrainingRequest_RowCommand
2016-11-18 17:24:39.1226|DEBUG|GroupHRIS.TrainingAndDevelopment.WebFrmTraingRequest|IP:::1WebFrmTraingRequest : Page_Load
2016-11-18 17:24:39.1226|DEBUG|GroupHRIS.TrainingAndDevelopment.WebFrmTraingRequest|fillCompanies()
2016-11-18 17:24:39.8976|DEBUG|GroupHRIS.TrainingAndDevelopment.WebFrmTraingRequest|fillDepartment() - companyId:CP17
2016-11-18 17:24:40.0096|DEBUG|GroupHRIS.TrainingAndDevelopment.WebFrmTraingRequest|fillDivisions() - departmentId:DP00007
2016-11-18 17:24:53.7374|DEBUG|GroupHRIS.TrainingAndDevelopment.WebFrmTraingRequest|IP:::1WebFrmTraingRequest : Page_Load
2016-11-18 17:25:03.9270|DEBUG|GroupHRIS.TrainingAndDevelopment.WebFrmTraingRequest|IP:::1WebFrmTraingRequest : Page_Load
2016-11-18 17:25:04.2350|DEBUG|GroupHRIS.TrainingAndDevelopment.WebFrmTraingRequest|btnSave_Click()
2016-11-18 17:28:02.2055|DEBUG|GroupHRIS.TrainingAndDevelopment.WebFrmTrainingRequstApprove|IP:::1WebFrmTrainingRequstApprove : Page_Load
2016-11-18 17:34:46.9346|DEBUG|GroupHRIS.TrainingAndDevelopment.WebFrmTrainingRequstApprove|IP:::1WebFrmTrainingRequstApprove : Page_Load
2016-11-18 17:34:47.2446|DEBUG|GroupHRIS.TrainingAndDevelopment.WebFrmTrainingRequstApprove|WebFrmTrainingRequstApprove : grdTrainingRequest_RowCommand
2016-11-18 17:34:48.6646|DEBUG|GroupHRIS.TrainingAndDevelopment.WebFrmTraingRequest|IP:::1WebFrmTraingRequest : Page_Load
2016-11-18 17:34:48.6746|DEBUG|GroupHRIS.TrainingAndDevelopment.WebFrmTraingRequest|fillCompanies()
2016-11-18 17:34:49.7346|DEBUG|GroupHRIS.TrainingAndDevelopment.WebFrmTraingRequest|fillDepartment() - companyId:CP17
2016-11-18 17:34:49.8846|DEBUG|GroupHRIS.TrainingAndDevelopment.WebFrmTraingRequest|fillDivisions() - departmentId:DP00007
2016-11-18 17:43:59.1154|DEBUG|GroupHRIS.TrainingAndDevelopment.WebFrmTraingRequest|IP:::1WebFrmTraingRequest : Page_Load
2016-11-18 17:45:22.7024|DEBUG|GroupHRIS.TrainingAndDevelopment.WebFrmTrainingRequstApprove|IP:::1WebFrmTrainingRequstApprove : Page_Load
2016-11-18 17:45:27.1376|DEBUG|GroupHRIS.TrainingAndDevelopment.WebFrmTrainingRequstApprove|IP:::1WebFrmTrainingRequstApprove : Page_Load
2016-11-18 17:45:27.4477|DEBUG|GroupHRIS.TrainingAndDevelopment.WebFrmTrainingRequstApprove|WebFrmTrainingRequstApprove : grdTrainingRequest_RowCommand
2016-11-18 17:45:28.7307|DEBUG|GroupHRIS.TrainingAndDevelopment.WebFrmTraingRequest|IP:::1WebFrmTraingRequest : Page_Load
2016-11-18 17:45:28.7307|DEBUG|GroupHRIS.TrainingAndDevelopment.WebFrmTraingRequest|fillCompanies()
2016-11-18 17:45:29.7178|DEBUG|GroupHRIS.TrainingAndDevelopment.WebFrmTraingRequest|fillDepartment() - companyId:CP17
2016-11-18 17:45:29.8288|DEBUG|GroupHRIS.TrainingAndDevelopment.WebFrmTraingRequest|fillDivisions() - departmentId:DP00007
2016-11-18 17:45:44.9737|DEBUG|GroupHRIS.TrainingAndDevelopment.WebFrmTraingRequest|IP:::1WebFrmTraingRequest : Page_Load
2016-11-18 17:45:52.4171|DEBUG|GroupHRIS.TrainingAndDevelopment.WebFrmTraingRequest|IP:::1WebFrmTraingRequest : Page_Load
2016-11-18 17:45:52.8741|DEBUG|GroupHRIS.TrainingAndDevelopment.WebFrmTraingRequest|btnSave_Click()
