2015-06-15 09:02:17.1934|DEBUG|GroupHRIS.Employee.webFrmEmployee|IP:127.0.0.1webFrmEmployee : Page_Load
2015-06-15 09:02:17.1994|DEBUG|GroupHRIS.Employee.webFrmEmployee|fillCompanies()
2015-06-15 09:02:17.6295|DEBUG|GroupHRIS.Employee.webFrmEmployee|fillEmployeeStatus()
2015-06-15 09:02:17.7535|DEBUG|GroupHRIS.Employee.webFrmEmployee|fillEmployeeType()
2015-06-15 09:02:17.8625|DEBUG|GroupHRIS.Employee.webFrmEmployee|fillEmployeeRole()
2015-06-15 09:02:17.9695|DEBUG|GroupHRIS.Employee.webFrmEmployee|fillEmployeeStatus()
2015-06-15 09:56:37.4847|DEBUG|GroupHRIS.Employee.webFrmEmployee|IP:127.0.0.1webFrmEmployee : Page_Load
2015-06-15 09:56:37.4987|DEBUG|GroupHRIS.Employee.webFrmEmployee|fillCompanies()
2015-06-15 09:56:37.9117|DEBUG|GroupHRIS.Employee.webFrmEmployee|fillEmployeeStatus()
2015-06-15 09:56:38.0307|DEBUG|GroupHRIS.Employee.webFrmEmployee|fillEmployeeType()
2015-06-15 09:56:38.1347|DEBUG|GroupHRIS.Employee.webFrmEmployee|fillEmployeeRole()
2015-06-15 09:56:38.2427|DEBUG|GroupHRIS.Employee.webFrmEmployee|fillEmployeeStatus()
2015-06-15 09:57:34.5169|DEBUG|GroupHRIS.Employee.webFrmEmployee|IP:127.0.0.1webFrmEmployee : Page_Load
2015-06-15 09:57:34.5169|DEBUG|GroupHRIS.Employee.webFrmEmployee|ddlCompany_SelectedIndexChanged()
2015-06-15 09:57:34.5169|DEBUG|GroupHRIS.Employee.webFrmEmployee|fillDepartment() - companyId:CP63
2015-06-15 09:57:34.6289|DEBUG|GroupHRIS.Employee.webFrmEmployee|fillDesignations() - companyId:CP63
2015-06-15 09:57:34.7439|DEBUG|GroupHRIS.Employee.webFrmEmployee|fillBranches() - companyId:CP63
2015-06-15 09:57:34.8470|DEBUG|GroupHRIS.Employee.webFrmEmployee|fillLocations() - companyId:CP63
2015-06-15 09:57:34.9720|DEBUG|GroupHRIS.Employee.webFrmEmployee|getNextEpfNo() - companyId:CP63
2015-06-15 09:57:38.4362|DEBUG|GroupHRIS.Employee.webFrmEmployee|IP:127.0.0.1webFrmEmployee : Page_Load
2015-06-15 09:57:38.4362|DEBUG|GroupHRIS.Employee.webFrmEmployee|ddlDepartment_SelectedIndexChanged()
2015-06-15 09:57:38.4362|DEBUG|GroupHRIS.Employee.webFrmEmployee|fillDivisions() - departmentId:DP00071
