2016-11-23 10:03:40.2322|DEBUG|GroupHRIS.TrainingAndDevelopment.WebFrmTrainingRequstApprove|IP:::1WebFrmTrainingRequstApprove : Page_Load
2016-11-23 10:03:45.0526|DEBUG|GroupHRIS.TrainingAndDevelopment.WebFrmTrainingRequstApprove|IP:::1WebFrmTrainingRequstApprove : Page_Load
2016-11-23 10:03:45.2710|DEBUG|GroupHRIS.TrainingAndDevelopment.WebFrmTrainingRequstApprove|WebFrmTrainingRequstApprove : grdTrainingRequest_RowCommand
2016-11-23 10:03:45.8482|DEBUG|GroupHRIS.TrainingAndDevelopment.WebFrmTraingRequest|IP:::1WebFrmTraingRequest : Page_Load
2016-11-23 10:03:45.8482|DEBUG|GroupHRIS.TrainingAndDevelopment.WebFrmTraingRequest|fillCompanies()
2016-11-23 10:03:51.3863|DEBUG|GroupHRIS.TrainingAndDevelopment.WebFrmTraingRequest|fillDepartment() - companyId:CP17
2016-11-23 10:03:51.4955|DEBUG|GroupHRIS.TrainingAndDevelopment.WebFrmTraingRequest|fillDivisions() - departmentId:DP00007
2016-11-23 10:04:21.3951|DEBUG|GroupHRIS.TrainingAndDevelopment.WebFrmTraingRequest|IP:::1WebFrmTraingRequest : Page_Load
2016-11-23 10:05:05.8084|DEBUG|GroupHRIS.TrainingAndDevelopment.WebFrmTraingRequest|IP:::1WebFrmTraingRequest : Page_Load
2016-11-23 10:05:06.1048|DEBUG|GroupHRIS.TrainingAndDevelopment.WebFrmTraingRequest|btnSave_Click()
2016-11-23 10:25:22.3255|DEBUG|GroupHRIS.TrainingAndDevelopment.WebFrmTrainingRequstApprove|IP:::1WebFrmTrainingRequstApprove : Page_Load
2016-11-23 10:25:25.9597|DEBUG|GroupHRIS.TrainingAndDevelopment.WebFrmTrainingRequstApprove|IP:::1WebFrmTrainingRequstApprove : Page_Load
2016-11-23 10:25:26.2927|DEBUG|GroupHRIS.TrainingAndDevelopment.WebFrmTrainingRequstApprove|WebFrmTrainingRequstApprove : grdTrainingRequest_RowCommand
2016-11-23 10:25:27.6218|DEBUG|GroupHRIS.TrainingAndDevelopment.WebFrmTraingRequest|IP:::1WebFrmTraingRequest : Page_Load
2016-11-23 10:25:27.6218|DEBUG|GroupHRIS.TrainingAndDevelopment.WebFrmTraingRequest|fillCompanies()
2016-11-23 10:25:33.1681|DEBUG|GroupHRIS.TrainingAndDevelopment.WebFrmTraingRequest|fillDepartment() - companyId:CP17
2016-11-23 10:25:33.2051|DEBUG|GroupHRIS.TrainingAndDevelopment.WebFrmTraingRequest|fillDivisions() - departmentId:DP00007
2016-11-23 10:25:54.0038|DEBUG|GroupHRIS.TrainingAndDevelopment.WebFrmTraingRequest|IP:::1WebFrmTraingRequest : Page_Load
2016-11-23 10:26:08.1062|DEBUG|GroupHRIS.TrainingAndDevelopment.WebFrmTraingRequest|IP:::1WebFrmTraingRequest : Page_Load
2016-11-23 10:26:08.3714|DEBUG|GroupHRIS.TrainingAndDevelopment.WebFrmTraingRequest|btnSave_Click()
2016-11-23 10:26:23.7998|DEBUG|GroupHRIS.TrainingAndDevelopment.WebFrmTraingRequest|IP:::1WebFrmTraingRequest : Page_Load
2016-11-23 10:26:24.1118|DEBUG|GroupHRIS.TrainingAndDevelopment.WebFrmTraingRequest|btnSave_Click()
2016-11-23 14:27:53.6410|DEBUG|GroupHRIS.TrainingAndDevelopment.WebFrmTrainingRequstApprove|IP:::1WebFrmTrainingRequstApprove : Page_Load
2016-11-23 14:28:01.9965|DEBUG|GroupHRIS.TrainingAndDevelopment.WebFrmTrainingRequstApprove|IP:::1WebFrmTrainingRequstApprove : Page_Load
2016-11-23 14:28:02.3475|DEBUG|GroupHRIS.TrainingAndDevelopment.WebFrmTrainingRequstApprove|WebFrmTrainingRequstApprove : grdTrainingRequest_RowCommand
2016-11-23 14:28:03.6616|DEBUG|GroupHRIS.TrainingAndDevelopment.WebFrmTraingRequest|IP:::1WebFrmTraingRequest : Page_Load
2016-11-23 14:28:03.6616|DEBUG|GroupHRIS.TrainingAndDevelopment.WebFrmTraingRequest|fillCompanies()
2016-11-23 14:28:40.9367|DEBUG|GroupHRIS.TrainingAndDevelopment.WebFrmTraingRequest|fillDepartment() - companyId:CP17
2016-11-23 14:28:41.0357|DEBUG|GroupHRIS.TrainingAndDevelopment.WebFrmTraingRequest|fillDivisions() - departmentId:DP00007
2016-11-23 14:29:45.6764|DEBUG|GroupHRIS.TrainingAndDevelopment.WebFrmTraingRequest|IP:::1WebFrmTraingRequest : Page_Load
2016-11-23 14:29:52.4128|DEBUG|GroupHRIS.TrainingAndDevelopment.WebFrmTraingRequest|IP:::1WebFrmTraingRequest : Page_Load
2016-11-23 14:29:52.7268|DEBUG|GroupHRIS.TrainingAndDevelopment.WebFrmTraingRequest|btnSave_Click()
2016-11-23 14:30:29.3739|DEBUG|GroupHRIS.TrainingAndDevelopment.WebFrmTraingRequest|btnSave_Click() -> update
2016-11-23 14:31:19.8978|DEBUG|GroupHRIS.TrainingAndDevelopment.WebFrmTraingRequest|IP:::1WebFrmTraingRequest : Page_Load
2016-11-23 14:31:37.6518|DEBUG|GroupHRIS.TrainingAndDevelopment.WebFrmTraingRequest|IP:::1WebFrmTraingRequest : Page_Load
2016-11-23 14:31:54.7978|DEBUG|GroupHRIS.TrainingAndDevelopment.WebFrmTraingRequest|IP:::1WebFrmTraingRequest : Page_Load
2016-11-23 14:31:57.2769|DEBUG|GroupHRIS.TrainingAndDevelopment.WebFrmTraingRequest|IP:::1WebFrmTraingRequest : Page_Load
2016-11-23 14:32:16.3150|DEBUG|GroupHRIS.TrainingAndDevelopment.WebFrmTraingRequest|IP:::1WebFrmTraingRequest : Page_Load
2016-11-23 14:32:26.8786|DEBUG|GroupHRIS.TrainingAndDevelopment.WebFrmTraingRequest|IP:::1WebFrmTraingRequest : Page_Load
2016-11-23 14:32:27.2186|DEBUG|GroupHRIS.TrainingAndDevelopment.WebFrmTraingRequest|btnSave_Click()
2016-11-23 14:32:34.8061|DEBUG|GroupHRIS.TrainingAndDevelopment.WebFrmTraingRequest|btnSave_Click() -> update
