2015-09-09 08:26:22.0224|DEBUG|DataHandler.Attendance.AttendanceSummaryHandler|getCultryDate ->
2015-09-09 08:28:29.1787|DEBUG|DataHandler.Attendance.AttendanceSummaryHandler|getCultryDate ->
2015-09-09 08:31:54.7124|DEBUG|DataHandler.Attendance.AttendanceSummaryHandler|getCultryDate ->
2015-09-09 08:40:46.5099|DEBUG|GroupHRIS.EmployeeProfile.EmployeeOnlineLeave|IP:127.0.0.1EmployeeOnlineLeave : Page_Load
2015-09-09 08:40:46.5239|DEBUG|GroupHRIS.EmployeeProfile.EmployeeOnlineLeave|EmployeeOnlineLeave : createLeaveBucket()
2015-09-09 08:40:46.5849|DEBUG|GroupHRIS.EmployeeProfile.EmployeeOnlineLeave|EmployeeOnlineLeave : fillHistory()
2015-09-09 08:40:46.5849|DEBUG|GroupHRIS.EmployeeProfile.EmployeeOnlineLeave|EmployeeOnlineLeave : gvLeaveHistory_RowDataBound()
2015-09-09 08:40:46.5999|DEBUG|GroupHRIS.EmployeeProfile.EmployeeOnlineLeave|EmployeeOnlineLeave : gvLeaveHistory_RowDataBound()
2015-09-09 08:40:46.5999|DEBUG|GroupHRIS.EmployeeProfile.EmployeeOnlineLeave|EmployeeOnlineLeave : gvLeaveHistory_RowDataBound()
2015-09-09 08:40:46.5999|DEBUG|GroupHRIS.EmployeeProfile.EmployeeOnlineLeave|EmployeeOnlineLeave : gvLeaveHistory_RowDataBound()
2015-09-09 08:40:46.5999|DEBUG|GroupHRIS.EmployeeProfile.EmployeeOnlineLeave|EmployeeOnlineLeave : gvLeaveHistory_RowDataBound()
2015-09-09 08:40:46.5999|DEBUG|GroupHRIS.EmployeeProfile.EmployeeOnlineLeave|EmployeeOnlineLeave : gvLeaveHistory_RowDataBound()
2015-09-09 08:40:46.5999|DEBUG|GroupHRIS.EmployeeProfile.EmployeeOnlineLeave|EmployeeOnlineLeave : gvLeaveHistory_RowDataBound()
2015-09-09 08:40:53.8463|DEBUG|GroupHRIS.Employee.webFrmEmployeeSearch|Page_Load()
2015-09-09 08:40:53.8463|DEBUG|GroupHRIS.Employee.webFrmEmployeeSearch|fillCompanies()
2015-09-09 08:40:53.8543|DEBUG|GroupHRIS.Employee.webFrmEmployeeSearch|fillEmployeeStatus():
2015-09-09 08:41:02.4588|DEBUG|GroupHRIS.Employee.webFrmEmployeeSearch|Page_Load()
2015-09-09 08:41:02.4588|DEBUG|GroupHRIS.Employee.webFrmEmployeeSearch|ddlCompany_SelectedIndexChanged()
2015-09-09 08:41:02.4588|DEBUG|GroupHRIS.Employee.webFrmEmployeeSearch|fillDepartment() - companyId:CP58
2015-09-09 08:41:02.4738|DEBUG|GroupHRIS.Employee.webFrmEmployeeSearch|fillDesignations() - companyID:CP58
2015-09-09 08:41:03.8818|DEBUG|GroupHRIS.Employee.webFrmEmployeeSearch|Page_Load()
2015-09-09 08:41:10.5592|DEBUG|GroupHRIS.Employee.webFrmEmployeeSearch|Page_Load()
2015-09-09 08:41:13.9744|DEBUG|GroupHRIS.Employee.webFrmEmployeeSearch|Page_Load()
2015-09-09 08:42:00.9461|DEBUG|GroupHRIS.EmployeeProfile.EmployeeOnlineLeave|IP:127.0.0.1EmployeeOnlineLeave : Page_Load
2015-09-09 08:42:00.9461|DEBUG|GroupHRIS.EmployeeProfile.EmployeeOnlineLeave|EmployeeOnlineLeave : clearSessionTables()
2015-09-09 08:42:00.9461|DEBUG|GroupHRIS.EmployeeProfile.EmployeeOnlineLeave|EmployeeOnlineLeave : fillHistory()
2015-09-09 08:42:00.9561|DEBUG|GroupHRIS.EmployeeProfile.EmployeeOnlineLeave|EmployeeOnlineLeave : gvLeaveHistory_RowDataBound()
2015-09-09 08:42:00.9561|DEBUG|GroupHRIS.EmployeeProfile.EmployeeOnlineLeave|EmployeeOnlineLeave : gvLeaveHistory_RowDataBound()
2015-09-09 08:42:00.9561|DEBUG|GroupHRIS.EmployeeProfile.EmployeeOnlineLeave|EmployeeOnlineLeave : gvLeaveHistory_RowDataBound()
2015-09-09 08:42:00.9561|DEBUG|GroupHRIS.EmployeeProfile.EmployeeOnlineLeave|EmployeeOnlineLeave : gvLeaveHistory_RowDataBound()
2015-09-09 08:42:00.9561|DEBUG|GroupHRIS.EmployeeProfile.EmployeeOnlineLeave|EmployeeOnlineLeave : gvLeaveHistory_RowDataBound()
2015-09-09 08:42:00.9561|DEBUG|GroupHRIS.EmployeeProfile.EmployeeOnlineLeave|EmployeeOnlineLeave : gvLeaveHistory_RowDataBound()
2015-09-09 08:42:00.9561|DEBUG|GroupHRIS.EmployeeProfile.EmployeeOnlineLeave|EmployeeOnlineLeave : gvLeaveHistory_RowDataBound()
2015-09-09 08:42:01.0081|DEBUG|GroupHRIS.EmployeeProfile.EmployeeOnlineLeave|EmployeeOnlineLeave : btnApply_Click()
2015-09-09 08:42:23.8424|DEBUG|GroupHRIS.EmployeeProfile.EmployeeOnlineLeave|IP:127.0.0.1EmployeeOnlineLeave : Page_Load
2015-09-09 08:42:23.8874|DEBUG|GroupHRIS.EmployeeProfile.EmployeeOnlineLeave|EmployeeOnlineLeave : btnApply_Click()
2015-09-09 08:42:23.9954|DEBUG|GroupHRIS.EmployeeProfile.EmployeeOnlineLeave|EmployeeOnlineLeave : gvLeaveSheet_RowDataBound()
2015-09-09 08:42:23.9954|DEBUG|GroupHRIS.EmployeeProfile.EmployeeOnlineLeave|EmployeeOnlineLeave : gvLeaveSheet_RowDataBound()
2015-09-09 08:42:23.9954|DEBUG|GroupHRIS.EmployeeProfile.EmployeeOnlineLeave|EmployeeOnlineLeave : gvLeaveSheet_RowDataBound()
2015-09-09 08:42:24.0074|DEBUG|GroupHRIS.EmployeeProfile.EmployeeOnlineLeave|EmployeeOnlineLeave : gvLeaveSheet_RowDataBound()
2015-09-09 08:42:24.0074|DEBUG|GroupHRIS.EmployeeProfile.EmployeeOnlineLeave|EmployeeOnlineLeave : gvLeaveSheet_RowDataBound()
2015-09-09 08:42:24.0274|DEBUG|GroupHRIS.EmployeeProfile.EmployeeOnlineLeave|EmployeeOnlineLeave : gvLeaveSheet_RowDataBound()
2015-09-09 08:42:29.8958|DEBUG|GroupHRIS.EmployeeProfile.EmployeeOnlineLeave|IP:127.0.0.1EmployeeOnlineLeave : Page_Load
2015-09-09 08:42:29.8958|DEBUG|GroupHRIS.EmployeeProfile.EmployeeOnlineLeave|EmployeeOnlineLeave : ddlLeaveType_Update()
2015-09-09 08:42:29.8958|DEBUG|GroupHRIS.EmployeeProfile.EmployeeOnlineLeave|EmployeeOnlineLeave : gvLeaveSheet_RowDataBound()
2015-09-09 08:42:29.8958|DEBUG|GroupHRIS.EmployeeProfile.EmployeeOnlineLeave|EmployeeOnlineLeave : gvLeaveSheet_RowDataBound()
2015-09-09 08:42:29.9048|DEBUG|GroupHRIS.EmployeeProfile.EmployeeOnlineLeave|EmployeeOnlineLeave : gvLeaveSheet_RowDataBound()
2015-09-09 08:42:29.9048|DEBUG|GroupHRIS.EmployeeProfile.EmployeeOnlineLeave|EmployeeOnlineLeave : gvLeaveSheet_RowDataBound()
2015-09-09 08:42:29.9198|DEBUG|GroupHRIS.EmployeeProfile.EmployeeOnlineLeave|EmployeeOnlineLeave : gvLeaveSheet_RowDataBound()
2015-09-09 08:42:29.9198|DEBUG|GroupHRIS.EmployeeProfile.EmployeeOnlineLeave|EmployeeOnlineLeave : gvLeaveSheet_RowDataBound()
2015-09-09 08:42:31.5799|DEBUG|GroupHRIS.EmployeeProfile.EmployeeOnlineLeave|IP:127.0.0.1EmployeeOnlineLeave : Page_Load
2015-09-09 08:42:31.5799|DEBUG|GroupHRIS.EmployeeProfile.EmployeeOnlineLeave|EmployeeOnlineLeave : ddlLeaveType_Update()
2015-09-09 08:42:31.5799|DEBUG|GroupHRIS.EmployeeProfile.EmployeeOnlineLeave|EmployeeOnlineLeave : gvLeaveSheet_RowDataBound()
2015-09-09 08:42:31.5799|DEBUG|GroupHRIS.EmployeeProfile.EmployeeOnlineLeave|EmployeeOnlineLeave : gvLeaveSheet_RowDataBound()
2015-09-09 08:42:31.5889|DEBUG|GroupHRIS.EmployeeProfile.EmployeeOnlineLeave|EmployeeOnlineLeave : gvLeaveSheet_RowDataBound()
2015-09-09 08:42:31.5889|DEBUG|GroupHRIS.EmployeeProfile.EmployeeOnlineLeave|EmployeeOnlineLeave : gvLeaveSheet_RowDataBound()
2015-09-09 08:42:31.6089|DEBUG|GroupHRIS.EmployeeProfile.EmployeeOnlineLeave|EmployeeOnlineLeave : gvLeaveSheet_RowDataBound()
2015-09-09 08:42:31.6089|DEBUG|GroupHRIS.EmployeeProfile.EmployeeOnlineLeave|EmployeeOnlineLeave : gvLeaveSheet_RowDataBound()
2015-09-09 08:42:36.1031|DEBUG|GroupHRIS.EmployeeProfile.EmployeeOnlineLeave|IP:127.0.0.1EmployeeOnlineLeave : Page_Load
2015-09-09 08:42:36.1031|DEBUG|GroupHRIS.EmployeeProfile.EmployeeOnlineLeave|EmployeeOnlineLeave : ddlLeaveType_Update()
2015-09-09 08:42:36.1031|DEBUG|GroupHRIS.EmployeeProfile.EmployeeOnlineLeave|EmployeeOnlineLeave : gvLeaveSheet_RowDataBound()
2015-09-09 08:42:36.1031|DEBUG|GroupHRIS.EmployeeProfile.EmployeeOnlineLeave|EmployeeOnlineLeave : gvLeaveSheet_RowDataBound()
2015-09-09 08:42:36.1031|DEBUG|GroupHRIS.EmployeeProfile.EmployeeOnlineLeave|EmployeeOnlineLeave : gvLeaveSheet_RowDataBound()
2015-09-09 08:42:36.1131|DEBUG|GroupHRIS.EmployeeProfile.EmployeeOnlineLeave|EmployeeOnlineLeave : gvLeaveSheet_RowDataBound()
2015-09-09 08:42:36.1131|DEBUG|GroupHRIS.EmployeeProfile.EmployeeOnlineLeave|EmployeeOnlineLeave : gvLeaveSheet_RowDataBound()
2015-09-09 08:42:36.1341|DEBUG|GroupHRIS.EmployeeProfile.EmployeeOnlineLeave|EmployeeOnlineLeave : gvLeaveSheet_RowDataBound()
2015-09-09 08:42:37.8342|DEBUG|GroupHRIS.EmployeeProfile.EmployeeOnlineLeave|IP:127.0.0.1EmployeeOnlineLeave : Page_Load
2015-09-09 08:42:37.8342|DEBUG|GroupHRIS.EmployeeProfile.EmployeeOnlineLeave|EmployeeOnlineLeave : ddlLeaveType_Update()
2015-09-09 08:42:37.8342|DEBUG|GroupHRIS.EmployeeProfile.EmployeeOnlineLeave|EmployeeOnlineLeave : gvLeaveSheet_RowDataBound()
2015-09-09 08:42:37.8342|DEBUG|GroupHRIS.EmployeeProfile.EmployeeOnlineLeave|EmployeeOnlineLeave : gvLeaveSheet_RowDataBound()
2015-09-09 08:42:37.8462|DEBUG|GroupHRIS.EmployeeProfile.EmployeeOnlineLeave|EmployeeOnlineLeave : gvLeaveSheet_RowDataBound()
2015-09-09 08:42:37.8462|DEBUG|GroupHRIS.EmployeeProfile.EmployeeOnlineLeave|EmployeeOnlineLeave : gvLeaveSheet_RowDataBound()
2015-09-09 08:42:37.8632|DEBUG|GroupHRIS.EmployeeProfile.EmployeeOnlineLeave|EmployeeOnlineLeave : gvLeaveSheet_RowDataBound()
2015-09-09 08:42:37.8632|DEBUG|GroupHRIS.EmployeeProfile.EmployeeOnlineLeave|EmployeeOnlineLeave : gvLeaveSheet_RowDataBound()
2015-09-09 08:42:39.6643|DEBUG|GroupHRIS.EmployeeProfile.EmployeeOnlineLeave|IP:127.0.0.1EmployeeOnlineLeave : Page_Load
2015-09-09 08:42:39.6643|DEBUG|GroupHRIS.EmployeeProfile.EmployeeOnlineLeave|EmployeeOnlineLeave : chkIS_DAY_OFF_OnCheckedChanged()
2015-09-09 08:42:39.6643|DEBUG|GroupHRIS.EmployeeProfile.EmployeeOnlineLeave|EmployeeOnlineLeave : gvLeaveSheet_RowDataBound()
2015-09-09 08:42:39.6643|DEBUG|GroupHRIS.EmployeeProfile.EmployeeOnlineLeave|EmployeeOnlineLeave : gvLeaveSheet_RowDataBound()
2015-09-09 08:42:39.6733|DEBUG|GroupHRIS.EmployeeProfile.EmployeeOnlineLeave|EmployeeOnlineLeave : gvLeaveSheet_RowDataBound()
2015-09-09 08:42:39.6883|DEBUG|GroupHRIS.EmployeeProfile.EmployeeOnlineLeave|EmployeeOnlineLeave : gvLeaveSheet_RowDataBound()
2015-09-09 08:42:39.6883|DEBUG|GroupHRIS.EmployeeProfile.EmployeeOnlineLeave|EmployeeOnlineLeave : gvLeaveSheet_RowDataBound()
2015-09-09 08:42:39.7023|DEBUG|GroupHRIS.EmployeeProfile.EmployeeOnlineLeave|EmployeeOnlineLeave : gvLeaveSheet_RowDataBound()
2015-09-09 08:42:40.9354|DEBUG|GroupHRIS.EmployeeProfile.EmployeeOnlineLeave|IP:127.0.0.1EmployeeOnlineLeave : Page_Load
2015-09-09 08:42:40.9354|DEBUG|GroupHRIS.EmployeeProfile.EmployeeOnlineLeave|EmployeeOnlineLeave : chkIS_DAY_OFF_OnCheckedChanged()
2015-09-09 08:42:40.9354|DEBUG|GroupHRIS.EmployeeProfile.EmployeeOnlineLeave|EmployeeOnlineLeave : gvLeaveSheet_RowDataBound()
2015-09-09 08:42:40.9354|DEBUG|GroupHRIS.EmployeeProfile.EmployeeOnlineLeave|EmployeeOnlineLeave : gvLeaveSheet_RowDataBound()
2015-09-09 08:42:40.9354|DEBUG|GroupHRIS.EmployeeProfile.EmployeeOnlineLeave|EmployeeOnlineLeave : gvLeaveSheet_RowDataBound()
2015-09-09 08:42:40.9554|DEBUG|GroupHRIS.EmployeeProfile.EmployeeOnlineLeave|EmployeeOnlineLeave : gvLeaveSheet_RowDataBound()
2015-09-09 08:42:40.9664|DEBUG|GroupHRIS.EmployeeProfile.EmployeeOnlineLeave|EmployeeOnlineLeave : gvLeaveSheet_RowDataBound()
2015-09-09 08:42:40.9664|DEBUG|GroupHRIS.EmployeeProfile.EmployeeOnlineLeave|EmployeeOnlineLeave : gvLeaveSheet_RowDataBound()
2015-09-09 08:42:46.4397|DEBUG|GroupHRIS.EmployeeProfile.EmployeeOnlineLeave|IP:127.0.0.1EmployeeOnlineLeave : Page_Load
2015-09-09 08:42:46.4397|DEBUG|GroupHRIS.EmployeeProfile.EmployeeOnlineLeave|EmployeeOnlineLeave : chkIS_DAY_OFF_OnCheckedChanged()
2015-09-09 08:42:46.4397|DEBUG|GroupHRIS.EmployeeProfile.EmployeeOnlineLeave|EmployeeOnlineLeave : gvLeaveSheet_RowDataBound()
2015-09-09 08:42:46.4397|DEBUG|GroupHRIS.EmployeeProfile.EmployeeOnlineLeave|EmployeeOnlineLeave : gvLeaveSheet_RowDataBound()
2015-09-09 08:42:46.4397|DEBUG|GroupHRIS.EmployeeProfile.EmployeeOnlineLeave|EmployeeOnlineLeave : gvLeaveSheet_RowDataBound()
2015-09-09 08:42:46.4567|DEBUG|GroupHRIS.EmployeeProfile.EmployeeOnlineLeave|EmployeeOnlineLeave : gvLeaveSheet_RowDataBound()
2015-09-09 08:42:46.4567|DEBUG|GroupHRIS.EmployeeProfile.EmployeeOnlineLeave|EmployeeOnlineLeave : gvLeaveSheet_RowDataBound()
2015-09-09 08:42:46.4567|DEBUG|GroupHRIS.EmployeeProfile.EmployeeOnlineLeave|EmployeeOnlineLeave : gvLeaveSheet_RowDataBound()
2015-09-09 08:43:03.7447|DEBUG|GroupHRIS.Employee.webFrmEmployeeSearch|Page_Load()
2015-09-09 08:43:03.7447|DEBUG|GroupHRIS.Employee.webFrmEmployeeSearch|fillCompanies()
2015-09-09 08:43:03.7447|DEBUG|GroupHRIS.Employee.webFrmEmployeeSearch|fillEmployeeStatus():
2015-09-09 08:48:04.5569|DEBUG|DataHandler.Attendance.AttendanceSummaryHandler|getCultryDate ->
2015-09-09 08:50:00.1495|DEBUG|GroupHRIS.EmployeeProfile.EmployeeOnlineLeave|IP:127.0.0.1EmployeeOnlineLeave : Page_Load
2015-09-09 08:50:00.1495|DEBUG|GroupHRIS.EmployeeProfile.EmployeeOnlineLeave|EmployeeOnlineLeave : createLeaveBucket()
2015-09-09 08:50:00.2215|DEBUG|GroupHRIS.EmployeeProfile.EmployeeOnlineLeave|EmployeeOnlineLeave : fillHistory()
2015-09-09 08:50:00.2215|DEBUG|GroupHRIS.EmployeeProfile.EmployeeOnlineLeave|EmployeeOnlineLeave : gvLeaveHistory_RowDataBound()
2015-09-09 08:50:00.2215|DEBUG|GroupHRIS.EmployeeProfile.EmployeeOnlineLeave|EmployeeOnlineLeave : gvLeaveHistory_RowDataBound()
2015-09-09 08:50:00.2215|DEBUG|GroupHRIS.EmployeeProfile.EmployeeOnlineLeave|EmployeeOnlineLeave : gvLeaveHistory_RowDataBound()
2015-09-09 08:50:00.2215|DEBUG|GroupHRIS.EmployeeProfile.EmployeeOnlineLeave|EmployeeOnlineLeave : gvLeaveHistory_RowDataBound()
2015-09-09 08:50:00.2325|DEBUG|GroupHRIS.EmployeeProfile.EmployeeOnlineLeave|EmployeeOnlineLeave : gvLeaveHistory_RowDataBound()
2015-09-09 08:50:00.2325|DEBUG|GroupHRIS.EmployeeProfile.EmployeeOnlineLeave|EmployeeOnlineLeave : gvLeaveHistory_RowDataBound()
2015-09-09 08:50:00.2325|DEBUG|GroupHRIS.EmployeeProfile.EmployeeOnlineLeave|EmployeeOnlineLeave : gvLeaveHistory_RowDataBound()
2015-09-09 08:50:03.7507|DEBUG|GroupHRIS.Employee.webFrmEmployeeSearch|Page_Load()
2015-09-09 08:50:03.7507|DEBUG|GroupHRIS.Employee.webFrmEmployeeSearch|fillCompanies()
2015-09-09 08:50:03.7817|DEBUG|GroupHRIS.Employee.webFrmEmployeeSearch|fillEmployeeStatus():
2015-09-09 08:50:12.3292|DEBUG|GroupHRIS.Employee.webFrmEmployeeSearch|Page_Load()
2015-09-09 08:50:12.3292|DEBUG|GroupHRIS.Employee.webFrmEmployeeSearch|ddlCompany_SelectedIndexChanged()
2015-09-09 08:50:12.3292|DEBUG|GroupHRIS.Employee.webFrmEmployeeSearch|fillDepartment() - companyId:CP58
2015-09-09 08:50:12.3392|DEBUG|GroupHRIS.Employee.webFrmEmployeeSearch|fillDesignations() - companyID:CP58
2015-09-09 08:50:13.1873|DEBUG|GroupHRIS.Employee.webFrmEmployeeSearch|Page_Load()
2015-09-09 08:50:16.6725|DEBUG|GroupHRIS.Employee.webFrmEmployeeSearch|Page_Load()
2015-09-09 08:50:18.3846|DEBUG|GroupHRIS.Employee.webFrmEmployeeSearch|Page_Load()
2015-09-09 08:50:39.7118|DEBUG|GroupHRIS.EmployeeProfile.EmployeeOnlineLeave|IP:127.0.0.1EmployeeOnlineLeave : Page_Load
2015-09-09 08:50:39.7118|DEBUG|GroupHRIS.EmployeeProfile.EmployeeOnlineLeave|EmployeeOnlineLeave : clearSessionTables()
2015-09-09 08:50:39.7118|DEBUG|GroupHRIS.EmployeeProfile.EmployeeOnlineLeave|EmployeeOnlineLeave : fillHistory()
2015-09-09 08:50:39.7208|DEBUG|GroupHRIS.EmployeeProfile.EmployeeOnlineLeave|EmployeeOnlineLeave : gvLeaveHistory_RowDataBound()
2015-09-09 08:50:39.7208|DEBUG|GroupHRIS.EmployeeProfile.EmployeeOnlineLeave|EmployeeOnlineLeave : gvLeaveHistory_RowDataBound()
2015-09-09 08:50:39.7208|DEBUG|GroupHRIS.EmployeeProfile.EmployeeOnlineLeave|EmployeeOnlineLeave : gvLeaveHistory_RowDataBound()
2015-09-09 08:50:39.7208|DEBUG|GroupHRIS.EmployeeProfile.EmployeeOnlineLeave|EmployeeOnlineLeave : gvLeaveHistory_RowDataBound()
2015-09-09 08:50:39.7208|DEBUG|GroupHRIS.EmployeeProfile.EmployeeOnlineLeave|EmployeeOnlineLeave : gvLeaveHistory_RowDataBound()
2015-09-09 08:50:39.7208|DEBUG|GroupHRIS.EmployeeProfile.EmployeeOnlineLeave|EmployeeOnlineLeave : gvLeaveHistory_RowDataBound()
2015-09-09 08:50:39.7208|DEBUG|GroupHRIS.EmployeeProfile.EmployeeOnlineLeave|EmployeeOnlineLeave : gvLeaveHistory_RowDataBound()
2015-09-09 08:50:39.7208|DEBUG|GroupHRIS.EmployeeProfile.EmployeeOnlineLeave|EmployeeOnlineLeave : btnApply_Click()
2015-09-09 08:50:39.9038|DEBUG|GroupHRIS.EmployeeProfile.EmployeeOnlineLeave|EmployeeOnlineLeave : gvLeaveSheet_RowDataBound()
2015-09-09 08:50:39.9038|DEBUG|GroupHRIS.EmployeeProfile.EmployeeOnlineLeave|EmployeeOnlineLeave : gvLeaveSheet_RowDataBound()
2015-09-09 08:50:39.9198|DEBUG|GroupHRIS.EmployeeProfile.EmployeeOnlineLeave|EmployeeOnlineLeave : gvLeaveSheet_RowDataBound()
2015-09-09 08:50:39.9198|DEBUG|GroupHRIS.EmployeeProfile.EmployeeOnlineLeave|EmployeeOnlineLeave : gvLeaveSheet_RowDataBound()
2015-09-09 08:50:39.9358|DEBUG|GroupHRIS.EmployeeProfile.EmployeeOnlineLeave|EmployeeOnlineLeave : gvLeaveSheet_RowDataBound()
2015-09-09 08:50:58.0748|DEBUG|GroupHRIS.EmployeeProfile.EmployeeOnlineLeave|IP:127.0.0.1EmployeeOnlineLeave : Page_Load
2015-09-09 08:50:58.0748|DEBUG|GroupHRIS.EmployeeProfile.EmployeeOnlineLeave|EmployeeOnlineLeave : btnApply_Click()
2015-09-09 08:50:58.0938|DEBUG|GroupHRIS.EmployeeProfile.EmployeeOnlineLeave|EmployeeOnlineLeave : gvLeaveSheet_RowDataBound()
2015-09-09 08:50:58.0938|DEBUG|GroupHRIS.EmployeeProfile.EmployeeOnlineLeave|EmployeeOnlineLeave : gvLeaveSheet_RowDataBound()
2015-09-09 08:50:58.0938|DEBUG|GroupHRIS.EmployeeProfile.EmployeeOnlineLeave|EmployeeOnlineLeave : gvLeaveSheet_RowDataBound()
2015-09-09 08:50:58.1088|DEBUG|GroupHRIS.EmployeeProfile.EmployeeOnlineLeave|EmployeeOnlineLeave : gvLeaveSheet_RowDataBound()
2015-09-09 08:50:58.1088|DEBUG|GroupHRIS.EmployeeProfile.EmployeeOnlineLeave|EmployeeOnlineLeave : gvLeaveSheet_RowDataBound()
2015-09-09 08:51:00.2240|DEBUG|GroupHRIS.EmployeeProfile.EmployeeOnlineLeave|IP:127.0.0.1EmployeeOnlineLeave : Page_Load
2015-09-09 08:51:00.2240|DEBUG|GroupHRIS.EmployeeProfile.EmployeeOnlineLeave|EmployeeOnlineLeave : btnApply_Click()
2015-09-09 08:51:00.2350|DEBUG|GroupHRIS.EmployeeProfile.EmployeeOnlineLeave|EmployeeOnlineLeave : gvLeaveSheet_RowDataBound()
2015-09-09 08:51:00.2350|DEBUG|GroupHRIS.EmployeeProfile.EmployeeOnlineLeave|EmployeeOnlineLeave : gvLeaveSheet_RowDataBound()
2015-09-09 08:51:00.2350|DEBUG|GroupHRIS.EmployeeProfile.EmployeeOnlineLeave|EmployeeOnlineLeave : gvLeaveSheet_RowDataBound()
2015-09-09 08:51:00.2490|DEBUG|GroupHRIS.EmployeeProfile.EmployeeOnlineLeave|EmployeeOnlineLeave : gvLeaveSheet_RowDataBound()
2015-09-09 08:51:00.2490|DEBUG|GroupHRIS.EmployeeProfile.EmployeeOnlineLeave|EmployeeOnlineLeave : gvLeaveSheet_RowDataBound()
2015-09-09 08:51:08.3234|DEBUG|GroupHRIS.EmployeeProfile.EmployeeOnlineLeave|IP:127.0.0.1EmployeeOnlineLeave : Page_Load
2015-09-09 08:51:08.3234|DEBUG|GroupHRIS.EmployeeProfile.EmployeeOnlineLeave|EmployeeOnlineLeave : btnApply_Click()
2015-09-09 08:51:08.3334|DEBUG|GroupHRIS.EmployeeProfile.EmployeeOnlineLeave|EmployeeOnlineLeave : gvLeaveSheet_RowDataBound()
2015-09-09 08:51:08.3334|DEBUG|GroupHRIS.EmployeeProfile.EmployeeOnlineLeave|EmployeeOnlineLeave : gvLeaveSheet_RowDataBound()
2015-09-09 08:51:08.3334|DEBUG|GroupHRIS.EmployeeProfile.EmployeeOnlineLeave|EmployeeOnlineLeave : gvLeaveSheet_RowDataBound()
2015-09-09 08:51:08.3484|DEBUG|GroupHRIS.EmployeeProfile.EmployeeOnlineLeave|EmployeeOnlineLeave : gvLeaveSheet_RowDataBound()
2015-09-09 08:51:08.3484|DEBUG|GroupHRIS.EmployeeProfile.EmployeeOnlineLeave|EmployeeOnlineLeave : gvLeaveSheet_RowDataBound()
2015-09-09 08:51:08.7344|DEBUG|GroupHRIS.EmployeeProfile.EmployeeOnlineLeave|IP:127.0.0.1EmployeeOnlineLeave : Page_Load
2015-09-09 08:51:08.7344|DEBUG|GroupHRIS.EmployeeProfile.EmployeeOnlineLeave|EmployeeOnlineLeave : btnApply_Click()
2015-09-09 08:51:08.7344|DEBUG|GroupHRIS.EmployeeProfile.EmployeeOnlineLeave|EmployeeOnlineLeave : gvLeaveSheet_RowDataBound()
2015-09-09 08:51:08.7344|DEBUG|GroupHRIS.EmployeeProfile.EmployeeOnlineLeave|EmployeeOnlineLeave : gvLeaveSheet_RowDataBound()
2015-09-09 08:51:08.7524|DEBUG|GroupHRIS.EmployeeProfile.EmployeeOnlineLeave|EmployeeOnlineLeave : gvLeaveSheet_RowDataBound()
2015-09-09 08:51:08.7524|DEBUG|GroupHRIS.EmployeeProfile.EmployeeOnlineLeave|EmployeeOnlineLeave : gvLeaveSheet_RowDataBound()
2015-09-09 08:51:08.7674|DEBUG|GroupHRIS.EmployeeProfile.EmployeeOnlineLeave|EmployeeOnlineLeave : gvLeaveSheet_RowDataBound()
2015-09-09 08:51:18.0680|DEBUG|GroupHRIS.EmployeeProfile.EmployeeOnlineLeave|IP:127.0.0.1EmployeeOnlineLeave : Page_Load
2015-09-09 08:51:18.0680|DEBUG|GroupHRIS.EmployeeProfile.EmployeeOnlineLeave|EmployeeOnlineLeave : btnApply_Click()
2015-09-09 08:51:18.1050|DEBUG|GroupHRIS.EmployeeProfile.EmployeeOnlineLeave|EmployeeOnlineLeave : gvLeaveSheet_RowDataBound()
2015-09-09 08:51:18.1050|DEBUG|GroupHRIS.EmployeeProfile.EmployeeOnlineLeave|EmployeeOnlineLeave : gvLeaveSheet_RowDataBound()
2015-09-09 08:51:18.1130|DEBUG|GroupHRIS.EmployeeProfile.EmployeeOnlineLeave|EmployeeOnlineLeave : gvLeaveSheet_RowDataBound()
2015-09-09 08:51:18.1130|DEBUG|GroupHRIS.EmployeeProfile.EmployeeOnlineLeave|EmployeeOnlineLeave : gvLeaveSheet_RowDataBound()
2015-09-09 08:51:18.1260|DEBUG|GroupHRIS.EmployeeProfile.EmployeeOnlineLeave|EmployeeOnlineLeave : gvLeaveSheet_RowDataBound()
2015-09-09 08:51:18.1260|DEBUG|GroupHRIS.EmployeeProfile.EmployeeOnlineLeave|EmployeeOnlineLeave : gvLeaveSheet_RowDataBound()
2015-09-09 08:51:41.8143|DEBUG|GroupHRIS.EmployeeProfile.EmployeeOnlineLeave|IP:127.0.0.1EmployeeOnlineLeave : Page_Load
2015-09-09 08:51:41.8143|DEBUG|GroupHRIS.EmployeeProfile.EmployeeOnlineLeave|EmployeeOnlineLeave : btnApply_Click()
2015-09-09 08:51:52.8960|DEBUG|GroupHRIS.EmployeeProfile.EmployeeOnlineLeave|IP:127.0.0.1EmployeeOnlineLeave : Page_Load
2015-09-09 08:51:52.8960|DEBUG|GroupHRIS.EmployeeProfile.EmployeeOnlineLeave|EmployeeOnlineLeave : btnClear_Click()
2015-09-09 08:51:52.8960|DEBUG|GroupHRIS.EmployeeProfile.EmployeeOnlineLeave|EmployeeOnlineLeave : clear()
2015-09-09 08:51:52.8960|DEBUG|GroupHRIS.EmployeeProfile.EmployeeOnlineLeave|EmployeeOnlineLeave : clearSessionTables()
2015-09-09 08:51:57.0812|DEBUG|GroupHRIS.Employee.webFrmEmployeeSearch|Page_Load()
2015-09-09 08:51:57.0812|DEBUG|GroupHRIS.Employee.webFrmEmployeeSearch|fillCompanies()
2015-09-09 08:51:57.0812|DEBUG|GroupHRIS.Employee.webFrmEmployeeSearch|fillEmployeeStatus():
2015-09-09 08:52:02.5565|DEBUG|GroupHRIS.Employee.webFrmEmployeeSearch|Page_Load()
2015-09-09 08:52:02.5565|DEBUG|GroupHRIS.Employee.webFrmEmployeeSearch|ddlCompany_SelectedIndexChanged()
2015-09-09 08:52:02.5565|DEBUG|GroupHRIS.Employee.webFrmEmployeeSearch|fillDepartment() - companyId:CP63
2015-09-09 08:52:02.5565|DEBUG|GroupHRIS.Employee.webFrmEmployeeSearch|fillDesignations() - companyID:CP63
2015-09-09 08:52:03.3616|DEBUG|GroupHRIS.Employee.webFrmEmployeeSearch|Page_Load()
2015-09-09 08:52:04.1326|DEBUG|GroupHRIS.Employee.webFrmEmployeeSearch|Page_Load()
2015-09-09 08:52:05.0787|DEBUG|GroupHRIS.Employee.webFrmEmployeeSearch|Page_Load()
2015-09-09 08:52:08.0298|DEBUG|GroupHRIS.Employee.webFrmEmployeeSearch|Page_Load()
2015-09-09 08:52:08.0298|DEBUG|GroupHRIS.Employee.webFrmEmployeeSearch|fillCompanies()
2015-09-09 08:52:08.0298|DEBUG|GroupHRIS.Employee.webFrmEmployeeSearch|fillEmployeeStatus():
2015-09-09 08:52:10.0700|DEBUG|GroupHRIS.Employee.webFrmEmployeeSearch|Page_Load()
2015-09-09 08:52:11.1560|DEBUG|GroupHRIS.Employee.webFrmEmployeeSearch|Page_Load()
2015-09-09 08:53:04.8251|DEBUG|GroupHRIS.EmployeeProfile.EmployeeOnlineLeave|IP:127.0.0.1EmployeeOnlineLeave : Page_Load
2015-09-09 08:53:04.8251|DEBUG|GroupHRIS.EmployeeProfile.EmployeeOnlineLeave|EmployeeOnlineLeave : clearSessionTables()
2015-09-09 08:53:04.8251|DEBUG|GroupHRIS.EmployeeProfile.EmployeeOnlineLeave|EmployeeOnlineLeave : fillHistory()
2015-09-09 08:53:04.8331|DEBUG|GroupHRIS.EmployeeProfile.EmployeeOnlineLeave|EmployeeOnlineLeave : gvLeaveHistory_RowDataBound()
2015-09-09 08:53:04.8331|DEBUG|GroupHRIS.EmployeeProfile.EmployeeOnlineLeave|EmployeeOnlineLeave : gvLeaveHistory_RowDataBound()
2015-09-09 08:53:04.8331|DEBUG|GroupHRIS.EmployeeProfile.EmployeeOnlineLeave|EmployeeOnlineLeave : gvLeaveHistory_RowDataBound()
2015-09-09 08:53:04.8331|DEBUG|GroupHRIS.EmployeeProfile.EmployeeOnlineLeave|EmployeeOnlineLeave : gvLeaveHistory_RowDataBound()
2015-09-09 08:53:04.8331|DEBUG|GroupHRIS.EmployeeProfile.EmployeeOnlineLeave|EmployeeOnlineLeave : gvLeaveHistory_RowDataBound()
2015-09-09 08:53:04.8331|DEBUG|GroupHRIS.EmployeeProfile.EmployeeOnlineLeave|EmployeeOnlineLeave : gvLeaveHistory_RowDataBound()
2015-09-09 08:53:04.8331|DEBUG|GroupHRIS.EmployeeProfile.EmployeeOnlineLeave|EmployeeOnlineLeave : gvLeaveHistory_RowDataBound()
2015-09-09 08:53:04.8331|DEBUG|GroupHRIS.EmployeeProfile.EmployeeOnlineLeave|EmployeeOnlineLeave : btnApply_Click()
2015-09-09 08:53:04.8981|DEBUG|GroupHRIS.EmployeeProfile.EmployeeOnlineLeave|EmployeeOnlineLeave : gvLeaveSheet_RowDataBound()
2015-09-09 08:53:04.8981|DEBUG|GroupHRIS.EmployeeProfile.EmployeeOnlineLeave|EmployeeOnlineLeave : gvLeaveSheet_RowDataBound()
2015-09-09 08:53:04.9071|DEBUG|GroupHRIS.EmployeeProfile.EmployeeOnlineLeave|EmployeeOnlineLeave : gvLeaveSheet_RowDataBound()
2015-09-09 08:53:04.9071|DEBUG|GroupHRIS.EmployeeProfile.EmployeeOnlineLeave|EmployeeOnlineLeave : gvLeaveSheet_RowDataBound()
2015-09-09 08:53:09.1083|DEBUG|GroupHRIS.EmployeeProfile.EmployeeOnlineLeave|IP:127.0.0.1EmployeeOnlineLeave : Page_Load
2015-09-09 08:53:09.1083|DEBUG|GroupHRIS.EmployeeProfile.EmployeeOnlineLeave|EmployeeOnlineLeave : ddlLeaveType_Update()
2015-09-09 08:53:09.1083|DEBUG|GroupHRIS.EmployeeProfile.EmployeeOnlineLeave|EmployeeOnlineLeave : gvLeaveSheet_RowDataBound()
2015-09-09 08:53:09.1083|DEBUG|GroupHRIS.EmployeeProfile.EmployeeOnlineLeave|EmployeeOnlineLeave : gvLeaveSheet_RowDataBound()
2015-09-09 08:53:09.1233|DEBUG|GroupHRIS.EmployeeProfile.EmployeeOnlineLeave|EmployeeOnlineLeave : gvLeaveSheet_RowDataBound()
2015-09-09 08:53:09.1233|DEBUG|GroupHRIS.EmployeeProfile.EmployeeOnlineLeave|EmployeeOnlineLeave : gvLeaveSheet_RowDataBound()
2015-09-09 08:53:11.0714|DEBUG|GroupHRIS.EmployeeProfile.EmployeeOnlineLeave|IP:127.0.0.1EmployeeOnlineLeave : Page_Load
2015-09-09 08:53:11.0714|DEBUG|GroupHRIS.EmployeeProfile.EmployeeOnlineLeave|EmployeeOnlineLeave : ddlLeaveType_Update()
2015-09-09 08:53:11.0714|DEBUG|GroupHRIS.EmployeeProfile.EmployeeOnlineLeave|EmployeeOnlineLeave : gvLeaveSheet_RowDataBound()
2015-09-09 08:53:11.0714|DEBUG|GroupHRIS.EmployeeProfile.EmployeeOnlineLeave|EmployeeOnlineLeave : gvLeaveSheet_RowDataBound()
2015-09-09 08:53:11.0714|DEBUG|GroupHRIS.EmployeeProfile.EmployeeOnlineLeave|EmployeeOnlineLeave : gvLeaveSheet_RowDataBound()
2015-09-09 08:53:11.0874|DEBUG|GroupHRIS.EmployeeProfile.EmployeeOnlineLeave|EmployeeOnlineLeave : gvLeaveSheet_RowDataBound()
2015-09-09 08:54:10.5098|DEBUG|GroupHRIS.EmployeeProfile.EmployeeOnlineLeave|IP:127.0.0.1EmployeeOnlineLeave : Page_Load
2015-09-09 08:54:10.5268|DEBUG|GroupHRIS.EmployeeProfile.EmployeeOnlineLeave|EmployeeOnlineLeave : createLeaveBucket()
2015-09-09 08:54:10.6128|DEBUG|GroupHRIS.EmployeeProfile.EmployeeOnlineLeave|EmployeeOnlineLeave : fillHistory()
2015-09-09 08:54:10.6138|DEBUG|GroupHRIS.EmployeeProfile.EmployeeOnlineLeave|EmployeeOnlineLeave : gvLeaveHistory_RowDataBound()
2015-09-09 08:54:10.6138|DEBUG|GroupHRIS.EmployeeProfile.EmployeeOnlineLeave|EmployeeOnlineLeave : gvLeaveHistory_RowDataBound()
2015-09-09 08:54:10.6138|DEBUG|GroupHRIS.EmployeeProfile.EmployeeOnlineLeave|EmployeeOnlineLeave : gvLeaveHistory_RowDataBound()
2015-09-09 08:54:10.6138|DEBUG|GroupHRIS.EmployeeProfile.EmployeeOnlineLeave|EmployeeOnlineLeave : gvLeaveHistory_RowDataBound()
2015-09-09 08:54:10.6288|DEBUG|GroupHRIS.EmployeeProfile.EmployeeOnlineLeave|EmployeeOnlineLeave : gvLeaveHistory_RowDataBound()
2015-09-09 08:54:10.6288|DEBUG|GroupHRIS.EmployeeProfile.EmployeeOnlineLeave|EmployeeOnlineLeave : gvLeaveHistory_RowDataBound()
2015-09-09 08:54:10.6288|DEBUG|GroupHRIS.EmployeeProfile.EmployeeOnlineLeave|EmployeeOnlineLeave : gvLeaveHistory_RowDataBound()
2015-09-09 08:54:13.7900|DEBUG|GroupHRIS.Employee.webFrmEmployeeSearch|Page_Load()
2015-09-09 08:54:13.7900|DEBUG|GroupHRIS.Employee.webFrmEmployeeSearch|fillCompanies()
2015-09-09 08:54:13.7980|DEBUG|GroupHRIS.Employee.webFrmEmployeeSearch|fillEmployeeStatus():
2015-09-09 08:54:17.3492|DEBUG|GroupHRIS.Employee.webFrmEmployeeSearch|Page_Load()
2015-09-09 08:54:17.3492|DEBUG|GroupHRIS.Employee.webFrmEmployeeSearch|ddlCompany_SelectedIndexChanged()
2015-09-09 08:54:17.3492|DEBUG|GroupHRIS.Employee.webFrmEmployeeSearch|fillDepartment() - companyId:CP63
2015-09-09 08:54:17.3572|DEBUG|GroupHRIS.Employee.webFrmEmployeeSearch|fillDesignations() - companyID:CP63
2015-09-09 08:54:18.1963|DEBUG|GroupHRIS.Employee.webFrmEmployeeSearch|Page_Load()
2015-09-09 08:54:19.2563|DEBUG|GroupHRIS.Employee.webFrmEmployeeSearch|Page_Load()
2015-09-09 08:54:42.7007|DEBUG|GroupHRIS.EmployeeProfile.EmployeeOnlineLeave|IP:127.0.0.1EmployeeOnlineLeave : Page_Load
2015-09-09 08:54:42.7117|DEBUG|GroupHRIS.EmployeeProfile.EmployeeOnlineLeave|EmployeeOnlineLeave : clearSessionTables()
2015-09-09 08:54:42.7117|DEBUG|GroupHRIS.EmployeeProfile.EmployeeOnlineLeave|EmployeeOnlineLeave : fillHistory()
2015-09-09 08:54:42.7357|DEBUG|GroupHRIS.EmployeeProfile.EmployeeOnlineLeave|EmployeeOnlineLeave : gvLeaveHistory_RowDataBound()
2015-09-09 08:54:42.7357|DEBUG|GroupHRIS.EmployeeProfile.EmployeeOnlineLeave|EmployeeOnlineLeave : gvLeaveHistory_RowDataBound()
2015-09-09 08:54:42.7357|DEBUG|GroupHRIS.EmployeeProfile.EmployeeOnlineLeave|EmployeeOnlineLeave : gvLeaveHistory_RowDataBound()
2015-09-09 08:54:42.7357|DEBUG|GroupHRIS.EmployeeProfile.EmployeeOnlineLeave|EmployeeOnlineLeave : gvLeaveHistory_RowDataBound()
2015-09-09 08:54:42.7357|DEBUG|GroupHRIS.EmployeeProfile.EmployeeOnlineLeave|EmployeeOnlineLeave : gvLeaveHistory_RowDataBound()
2015-09-09 08:54:42.7357|DEBUG|GroupHRIS.EmployeeProfile.EmployeeOnlineLeave|EmployeeOnlineLeave : gvLeaveHistory_RowDataBound()
2015-09-09 08:54:42.7357|DEBUG|GroupHRIS.EmployeeProfile.EmployeeOnlineLeave|EmployeeOnlineLeave : gvLeaveHistory_RowDataBound()
2015-09-09 08:54:42.7837|DEBUG|GroupHRIS.EmployeeProfile.EmployeeOnlineLeave|EmployeeOnlineLeave : btnApply_Click()
2015-09-09 08:54:42.8487|DEBUG|GroupHRIS.EmployeeProfile.EmployeeOnlineLeave|EmployeeOnlineLeave : gvLeaveSheet_RowDataBound()
2015-09-09 08:54:42.8487|DEBUG|GroupHRIS.EmployeeProfile.EmployeeOnlineLeave|EmployeeOnlineLeave : gvLeaveSheet_RowDataBound()
2015-09-09 08:54:42.8487|DEBUG|GroupHRIS.EmployeeProfile.EmployeeOnlineLeave|EmployeeOnlineLeave : gvLeaveSheet_RowDataBound()
2015-09-09 08:54:42.8647|DEBUG|GroupHRIS.EmployeeProfile.EmployeeOnlineLeave|EmployeeOnlineLeave : gvLeaveSheet_RowDataBound()
2015-09-09 08:54:50.1081|DEBUG|GroupHRIS.EmployeeProfile.EmployeeOnlineLeave|IP:127.0.0.1EmployeeOnlineLeave : Page_Load
2015-09-09 08:54:50.1181|DEBUG|GroupHRIS.EmployeeProfile.EmployeeOnlineLeave|EmployeeOnlineLeave : ddlLeaveType_Update()
2015-09-09 08:54:50.1181|DEBUG|GroupHRIS.EmployeeProfile.EmployeeOnlineLeave|EmployeeOnlineLeave : gvLeaveSheet_RowDataBound()
2015-09-09 08:54:50.1181|DEBUG|GroupHRIS.EmployeeProfile.EmployeeOnlineLeave|EmployeeOnlineLeave : gvLeaveSheet_RowDataBound()
2015-09-09 08:54:50.1401|DEBUG|GroupHRIS.EmployeeProfile.EmployeeOnlineLeave|EmployeeOnlineLeave : gvLeaveSheet_RowDataBound()
2015-09-09 08:54:50.1501|DEBUG|GroupHRIS.EmployeeProfile.EmployeeOnlineLeave|EmployeeOnlineLeave : gvLeaveSheet_RowDataBound()
2015-09-09 08:54:52.9063|DEBUG|GroupHRIS.EmployeeProfile.EmployeeOnlineLeave|IP:127.0.0.1EmployeeOnlineLeave : Page_Load
2015-09-09 08:54:52.9063|DEBUG|GroupHRIS.EmployeeProfile.EmployeeOnlineLeave|EmployeeOnlineLeave : ddlLeaveType_Update()
2015-09-09 08:54:52.9063|DEBUG|GroupHRIS.EmployeeProfile.EmployeeOnlineLeave|EmployeeOnlineLeave : gvLeaveSheet_RowDataBound()
2015-09-09 08:54:52.9063|DEBUG|GroupHRIS.EmployeeProfile.EmployeeOnlineLeave|EmployeeOnlineLeave : gvLeaveSheet_RowDataBound()
2015-09-09 08:54:52.9213|DEBUG|GroupHRIS.EmployeeProfile.EmployeeOnlineLeave|EmployeeOnlineLeave : gvLeaveSheet_RowDataBound()
2015-09-09 08:54:52.9213|DEBUG|GroupHRIS.EmployeeProfile.EmployeeOnlineLeave|EmployeeOnlineLeave : gvLeaveSheet_RowDataBound()
2015-09-09 08:54:53.9053|DEBUG|GroupHRIS.EmployeeProfile.EmployeeOnlineLeave|IP:127.0.0.1EmployeeOnlineLeave : Page_Load
2015-09-09 08:54:56.8055|DEBUG|GroupHRIS.EmployeeProfile.EmployeeOnlineLeave|EmployeeOnlineLeave : btnSave_Click()
2015-09-09 08:57:21.5248|DEBUG|GroupHRIS.EmployeeProfile.EmployeeOnlineLeave|EmployeeOnlineLeave : btnSave_Click() -> Insert
2015-09-09 08:57:37.1167|DEBUG|GroupHRIS.EmployeeProfile.EmployeeOnlineLeave|EmployeeOnlineLeave : fillHistory()
2015-09-09 08:57:37.1367|DEBUG|GroupHRIS.EmployeeProfile.EmployeeOnlineLeave|EmployeeOnlineLeave : gvLeaveHistory_RowDataBound()
2015-09-09 08:57:37.1367|DEBUG|GroupHRIS.EmployeeProfile.EmployeeOnlineLeave|EmployeeOnlineLeave : gvLeaveHistory_RowDataBound()
2015-09-09 08:57:37.1367|DEBUG|GroupHRIS.EmployeeProfile.EmployeeOnlineLeave|EmployeeOnlineLeave : gvLeaveHistory_RowDataBound()
2015-09-09 08:57:37.1367|DEBUG|GroupHRIS.EmployeeProfile.EmployeeOnlineLeave|EmployeeOnlineLeave : gvLeaveHistory_RowDataBound()
2015-09-09 08:57:37.1367|DEBUG|GroupHRIS.EmployeeProfile.EmployeeOnlineLeave|EmployeeOnlineLeave : gvLeaveHistory_RowDataBound()
2015-09-09 08:57:37.1367|DEBUG|GroupHRIS.EmployeeProfile.EmployeeOnlineLeave|EmployeeOnlineLeave : gvLeaveHistory_RowDataBound()
2015-09-09 08:57:37.1367|DEBUG|GroupHRIS.EmployeeProfile.EmployeeOnlineLeave|EmployeeOnlineLeave : gvLeaveHistory_RowDataBound()
2015-09-09 08:57:37.1367|DEBUG|GroupHRIS.EmployeeProfile.EmployeeOnlineLeave|EmployeeOnlineLeave : gvLeaveHistory_RowDataBound()
2015-09-09 08:58:00.2110|DEBUG|GroupHRIS.EmployeeProfile.EmployeeOnlineLeave|EmployeeOnlineLeave : getMailBodyHtml()
2015-09-09 10:19:31.0397|DEBUG|DataHandler.Attendance.AttendanceSummaryHandler|getCultryDate ->
2015-09-09 11:12:30.9976|DEBUG|GroupHRIS.EmployeeProfile.EmployeeOnlineLeave|IP:127.0.0.1EmployeeOnlineLeave : Page_Load
2015-09-09 11:12:31.0056|DEBUG|GroupHRIS.EmployeeProfile.EmployeeOnlineLeave|EmployeeOnlineLeave : createLeaveBucket()
2015-09-09 11:12:31.4236|DEBUG|GroupHRIS.EmployeeProfile.EmployeeOnlineLeave|EmployeeOnlineLeave : fillHistory()
2015-09-09 11:12:31.4346|DEBUG|GroupHRIS.EmployeeProfile.EmployeeOnlineLeave|EmployeeOnlineLeave : gvLeaveHistory_RowDataBound()
2015-09-09 11:12:31.4346|DEBUG|GroupHRIS.EmployeeProfile.EmployeeOnlineLeave|EmployeeOnlineLeave : gvLeaveHistory_RowDataBound()
2015-09-09 11:12:31.4346|DEBUG|GroupHRIS.EmployeeProfile.EmployeeOnlineLeave|EmployeeOnlineLeave : gvLeaveHistory_RowDataBound()
2015-09-09 11:12:31.4346|DEBUG|GroupHRIS.EmployeeProfile.EmployeeOnlineLeave|EmployeeOnlineLeave : gvLeaveHistory_RowDataBound()
2015-09-09 11:12:31.4346|DEBUG|GroupHRIS.EmployeeProfile.EmployeeOnlineLeave|EmployeeOnlineLeave : gvLeaveHistory_RowDataBound()
2015-09-09 11:12:31.4346|DEBUG|GroupHRIS.EmployeeProfile.EmployeeOnlineLeave|EmployeeOnlineLeave : gvLeaveHistory_RowDataBound()
2015-09-09 11:12:31.4346|DEBUG|GroupHRIS.EmployeeProfile.EmployeeOnlineLeave|EmployeeOnlineLeave : gvLeaveHistory_RowDataBound()
2015-09-09 11:12:31.4346|DEBUG|GroupHRIS.EmployeeProfile.EmployeeOnlineLeave|EmployeeOnlineLeave : gvLeaveHistory_RowDataBound()
2015-09-09 11:12:39.8971|DEBUG|GroupHRIS.Employee.webFrmEmployeeSearch|Page_Load()
2015-09-09 11:12:39.8981|DEBUG|GroupHRIS.Employee.webFrmEmployeeSearch|fillCompanies()
2015-09-09 11:12:39.9581|DEBUG|GroupHRIS.Employee.webFrmEmployeeSearch|fillEmployeeStatus():
2015-09-09 11:12:42.0572|DEBUG|GroupHRIS.Employee.webFrmEmployeeSearch|Page_Load()
2015-09-09 11:12:44.6714|DEBUG|GroupHRIS.Employee.webFrmEmployeeSearch|Page_Load()
2015-09-09 11:13:06.5126|DEBUG|GroupHRIS.EmployeeProfile.EmployeeOnlineLeave|IP:127.0.0.1EmployeeOnlineLeave : Page_Load
2015-09-09 11:13:06.5126|DEBUG|GroupHRIS.EmployeeProfile.EmployeeOnlineLeave|EmployeeOnlineLeave : clearSessionTables()
2015-09-09 11:13:06.5126|DEBUG|GroupHRIS.EmployeeProfile.EmployeeOnlineLeave|EmployeeOnlineLeave : fillHistory()
2015-09-09 11:13:06.5656|DEBUG|GroupHRIS.EmployeeProfile.EmployeeOnlineLeave|EmployeeOnlineLeave : gvLeaveHistory_RowDataBound()
2015-09-09 11:13:06.5656|DEBUG|GroupHRIS.EmployeeProfile.EmployeeOnlineLeave|EmployeeOnlineLeave : gvLeaveHistory_RowDataBound()
2015-09-09 11:13:06.5656|DEBUG|GroupHRIS.EmployeeProfile.EmployeeOnlineLeave|EmployeeOnlineLeave : gvLeaveHistory_RowDataBound()
2015-09-09 11:13:06.5656|DEBUG|GroupHRIS.EmployeeProfile.EmployeeOnlineLeave|EmployeeOnlineLeave : gvLeaveHistory_RowDataBound()
2015-09-09 11:13:06.5656|DEBUG|GroupHRIS.EmployeeProfile.EmployeeOnlineLeave|EmployeeOnlineLeave : gvLeaveHistory_RowDataBound()
2015-09-09 11:13:06.5656|DEBUG|GroupHRIS.EmployeeProfile.EmployeeOnlineLeave|EmployeeOnlineLeave : gvLeaveHistory_RowDataBound()
2015-09-09 11:13:06.5656|DEBUG|GroupHRIS.EmployeeProfile.EmployeeOnlineLeave|EmployeeOnlineLeave : gvLeaveHistory_RowDataBound()
2015-09-09 11:13:06.5656|DEBUG|GroupHRIS.EmployeeProfile.EmployeeOnlineLeave|EmployeeOnlineLeave : gvLeaveHistory_RowDataBound()
2015-09-09 11:13:06.6246|DEBUG|GroupHRIS.EmployeeProfile.EmployeeOnlineLeave|EmployeeOnlineLeave : btnApply_Click()
2015-09-09 11:13:06.9287|DEBUG|GroupHRIS.EmployeeProfile.EmployeeOnlineLeave|EmployeeOnlineLeave : gvLeaveSheet_RowDataBound()
2015-09-09 11:13:06.9327|DEBUG|GroupHRIS.EmployeeProfile.EmployeeOnlineLeave|EmployeeOnlineLeave : gvLeaveSheet_RowDataBound()
2015-09-09 11:13:06.9327|DEBUG|GroupHRIS.EmployeeProfile.EmployeeOnlineLeave|EmployeeOnlineLeave : gvLeaveSheet_RowDataBound()
2015-09-09 11:13:06.9327|DEBUG|GroupHRIS.EmployeeProfile.EmployeeOnlineLeave|EmployeeOnlineLeave : gvLeaveSheet_RowDataBound()
2015-09-09 11:13:09.7568|DEBUG|GroupHRIS.EmployeeProfile.EmployeeOnlineLeave|IP:127.0.0.1EmployeeOnlineLeave : Page_Load
2015-09-09 11:13:09.7568|DEBUG|GroupHRIS.EmployeeProfile.EmployeeOnlineLeave|EmployeeOnlineLeave : ddlLeaveType_Update()
2015-09-09 11:13:09.7568|DEBUG|GroupHRIS.EmployeeProfile.EmployeeOnlineLeave|EmployeeOnlineLeave : gvLeaveSheet_RowDataBound()
2015-09-09 11:13:09.7568|DEBUG|GroupHRIS.EmployeeProfile.EmployeeOnlineLeave|EmployeeOnlineLeave : gvLeaveSheet_RowDataBound()
2015-09-09 11:13:09.7568|DEBUG|GroupHRIS.EmployeeProfile.EmployeeOnlineLeave|EmployeeOnlineLeave : gvLeaveSheet_RowDataBound()
2015-09-09 11:13:09.7748|DEBUG|GroupHRIS.EmployeeProfile.EmployeeOnlineLeave|EmployeeOnlineLeave : gvLeaveSheet_RowDataBound()
2015-09-09 11:13:11.3809|DEBUG|GroupHRIS.EmployeeProfile.EmployeeOnlineLeave|IP:127.0.0.1EmployeeOnlineLeave : Page_Load
2015-09-09 11:13:11.3809|DEBUG|GroupHRIS.EmployeeProfile.EmployeeOnlineLeave|EmployeeOnlineLeave : ddlLeaveType_Update()
2015-09-09 11:13:11.3809|DEBUG|GroupHRIS.EmployeeProfile.EmployeeOnlineLeave|EmployeeOnlineLeave : gvLeaveSheet_RowDataBound()
2015-09-09 11:13:11.3809|DEBUG|GroupHRIS.EmployeeProfile.EmployeeOnlineLeave|EmployeeOnlineLeave : gvLeaveSheet_RowDataBound()
2015-09-09 11:13:11.4149|DEBUG|GroupHRIS.EmployeeProfile.EmployeeOnlineLeave|EmployeeOnlineLeave : gvLeaveSheet_RowDataBound()
2015-09-09 11:13:11.4519|DEBUG|GroupHRIS.EmployeeProfile.EmployeeOnlineLeave|EmployeeOnlineLeave : gvLeaveSheet_RowDataBound()
2015-09-09 11:13:13.3560|DEBUG|GroupHRIS.EmployeeProfile.EmployeeOnlineLeave|IP:127.0.0.1EmployeeOnlineLeave : Page_Load
2015-09-09 11:13:58.1866|DEBUG|GroupHRIS.EmployeeProfile.EmployeeOnlineLeave|EmployeeOnlineLeave : btnSave_Click()
2015-09-09 11:13:58.2846|DEBUG|GroupHRIS.EmployeeProfile.EmployeeOnlineLeave|EmployeeOnlineLeave : btnSave_Click() -> Insert
2015-09-09 11:13:58.3496|DEBUG|GroupHRIS.EmployeeProfile.EmployeeOnlineLeave|EmployeeOnlineLeave : fillHistory()
2015-09-09 11:13:58.3636|DEBUG|GroupHRIS.EmployeeProfile.EmployeeOnlineLeave|EmployeeOnlineLeave : gvLeaveHistory_RowDataBound()
2015-09-09 11:13:58.3636|DEBUG|GroupHRIS.EmployeeProfile.EmployeeOnlineLeave|EmployeeOnlineLeave : gvLeaveHistory_RowDataBound()
2015-09-09 11:13:58.3636|DEBUG|GroupHRIS.EmployeeProfile.EmployeeOnlineLeave|EmployeeOnlineLeave : gvLeaveHistory_RowDataBound()
2015-09-09 11:13:58.3636|DEBUG|GroupHRIS.EmployeeProfile.EmployeeOnlineLeave|EmployeeOnlineLeave : gvLeaveHistory_RowDataBound()
2015-09-09 11:13:58.3636|DEBUG|GroupHRIS.EmployeeProfile.EmployeeOnlineLeave|EmployeeOnlineLeave : gvLeaveHistory_RowDataBound()
2015-09-09 11:13:58.3736|DEBUG|GroupHRIS.EmployeeProfile.EmployeeOnlineLeave|EmployeeOnlineLeave : gvLeaveHistory_RowDataBound()
2015-09-09 11:13:58.3736|DEBUG|GroupHRIS.EmployeeProfile.EmployeeOnlineLeave|EmployeeOnlineLeave : gvLeaveHistory_RowDataBound()
2015-09-09 11:13:58.3736|DEBUG|GroupHRIS.EmployeeProfile.EmployeeOnlineLeave|EmployeeOnlineLeave : gvLeaveHistory_RowDataBound()
2015-09-09 11:13:58.3736|DEBUG|GroupHRIS.EmployeeProfile.EmployeeOnlineLeave|EmployeeOnlineLeave : gvLeaveHistory_RowDataBound()
2015-09-09 11:14:11.0033|DEBUG|GroupHRIS.EmployeeProfile.EmployeeOnlineLeave|EmployeeOnlineLeave : getMailBodyHtml()
2015-09-09 11:28:13.5625|DEBUG|GroupHRIS.EmployeeLeave.WebFrmApprove|webFrmEmployeeLeaveSheet : getMailBodyHtml()
2015-09-09 11:28:14.9516|DEBUG|GroupHRIS.EmployeeLeave.WebFrmApprove|webFrmLeaveApproval : gvLeaves_RowCommand()
