2016-12-06 12:38:39.2114|DEBUG|GroupHRIS.EmployeeLeave.webFrmEmployeeLeaveSheet|IP:::1webFrmEmployeeLeaveSheet : Page_Load
2016-12-06 12:38:39.3518|DEBUG|GroupHRIS.EmployeeLeave.webFrmEmployeeLeaveSheet|webFrmEmployeeLeaveSheet : createLeaveBucket()
2016-12-06 12:38:39.3674|DEBUG|GroupHRIS.EmployeeLeave.webFrmEmployeeLeaveSheet|webFrmEmployeeLeaveSheet : fillHours()
2016-12-06 12:38:39.3674|DEBUG|GroupHRIS.EmployeeLeave.webFrmEmployeeLeaveSheet|webFrmEmployeeLeaveSheet : fillMinutes()
2016-12-06 12:38:39.3674|DEBUG|GroupHRIS.EmployeeLeave.webFrmEmployeeLeaveSheet|webFrmEmployeeLeaveSheet : fillHours()
2016-12-06 12:38:39.3674|DEBUG|GroupHRIS.EmployeeLeave.webFrmEmployeeLeaveSheet|webFrmEmployeeLeaveSheet : fillMinutes()
2016-12-06 12:38:39.4298|DEBUG|GroupHRIS.EmployeeLeave.webFrmEmployeeLeaveSheet|webFrmEmployeeLeaveSheet : fillLeaveSummary()
2016-12-06 12:38:39.5858|DEBUG|GroupHRIS.EmployeeLeave.webFrmEmployeeLeaveSheet|webFrmEmployeeLeaveSheet : getSupervisor()
2016-12-06 12:38:39.6170|DEBUG|GroupHRIS.EmployeeLeave.webFrmEmployeeLeaveSheet|webFrmEmployeeLeaveSheet : fillHistory()
2016-12-06 12:38:39.6482|DEBUG|GroupHRIS.EmployeeLeave.webFrmEmployeeLeaveSheet|webFrmEmployeeLeaveSheet : gvLeaveHistory_RowDataBound()
2016-12-06 12:38:39.6482|DEBUG|GroupHRIS.EmployeeLeave.webFrmEmployeeLeaveSheet|webFrmEmployeeLeaveSheet : gvLeaveHistory_RowDataBound()
2016-12-06 12:38:39.6482|DEBUG|GroupHRIS.EmployeeLeave.webFrmEmployeeLeaveSheet|webFrmEmployeeLeaveSheet : gvLeaveHistory_RowDataBound()
2016-12-06 12:38:39.6638|DEBUG|GroupHRIS.EmployeeLeave.webFrmEmployeeLeaveSheet|webFrmEmployeeLeaveSheet : gvLeaveHistory_RowDataBound()
2016-12-06 12:38:39.6638|DEBUG|GroupHRIS.EmployeeLeave.webFrmEmployeeLeaveSheet|webFrmEmployeeLeaveSheet : gvLeaveHistory_RowDataBound()
2016-12-06 12:38:39.6638|DEBUG|GroupHRIS.EmployeeLeave.webFrmEmployeeLeaveSheet|webFrmEmployeeLeaveSheet : gvLeaveHistory_RowDataBound()
2016-12-06 12:38:39.6638|DEBUG|GroupHRIS.EmployeeLeave.webFrmEmployeeLeaveSheet|webFrmEmployeeLeaveSheet : gvLeaveHistory_RowDataBound()
2016-12-06 12:38:48.4085|DEBUG|GroupHRIS.EmployeeLeave.webFrmEmployeeLeaveSheet|IP:::1webFrmEmployeeLeaveSheet : Page_Load
2016-12-06 12:38:48.4085|DEBUG|GroupHRIS.EmployeeLeave.webFrmEmployeeLeaveSheet|webFrmEmployeeLeaveSheet : createLeaveBucket()
2016-12-06 12:38:48.4085|DEBUG|GroupHRIS.EmployeeLeave.webFrmEmployeeLeaveSheet|webFrmEmployeeLeaveSheet : fillHours()
2016-12-06 12:38:48.4085|DEBUG|GroupHRIS.EmployeeLeave.webFrmEmployeeLeaveSheet|webFrmEmployeeLeaveSheet : fillMinutes()
2016-12-06 12:38:48.4165|DEBUG|GroupHRIS.EmployeeLeave.webFrmEmployeeLeaveSheet|webFrmEmployeeLeaveSheet : fillHours()
2016-12-06 12:38:48.4165|DEBUG|GroupHRIS.EmployeeLeave.webFrmEmployeeLeaveSheet|webFrmEmployeeLeaveSheet : fillMinutes()
2016-12-06 12:38:48.4165|DEBUG|GroupHRIS.EmployeeLeave.webFrmEmployeeLeaveSheet|webFrmEmployeeLeaveSheet : fillLeaveSummary()
2016-12-06 12:38:50.4786|DEBUG|GroupHRIS.EmployeeLeave.webFrmEmployeeLeaveSheet|webFrmEmployeeLeaveSheet : getSupervisor()
2016-12-06 12:38:50.5186|DEBUG|GroupHRIS.EmployeeLeave.webFrmEmployeeLeaveSheet|webFrmEmployeeLeaveSheet : fillHistory()
2016-12-06 12:38:50.5416|DEBUG|GroupHRIS.EmployeeLeave.webFrmEmployeeLeaveSheet|webFrmEmployeeLeaveSheet : gvLeaveHistory_RowDataBound()
2016-12-06 12:38:50.5416|DEBUG|GroupHRIS.EmployeeLeave.webFrmEmployeeLeaveSheet|webFrmEmployeeLeaveSheet : gvLeaveHistory_RowDataBound()
2016-12-06 12:38:50.5416|DEBUG|GroupHRIS.EmployeeLeave.webFrmEmployeeLeaveSheet|webFrmEmployeeLeaveSheet : gvLeaveHistory_RowDataBound()
2016-12-06 12:38:50.5416|DEBUG|GroupHRIS.EmployeeLeave.webFrmEmployeeLeaveSheet|webFrmEmployeeLeaveSheet : gvLeaveHistory_RowDataBound()
2016-12-06 12:38:50.5416|DEBUG|GroupHRIS.EmployeeLeave.webFrmEmployeeLeaveSheet|webFrmEmployeeLeaveSheet : gvLeaveHistory_RowDataBound()
2016-12-06 12:38:50.5416|DEBUG|GroupHRIS.EmployeeLeave.webFrmEmployeeLeaveSheet|webFrmEmployeeLeaveSheet : gvLeaveHistory_RowDataBound()
2016-12-06 12:38:50.5416|DEBUG|GroupHRIS.EmployeeLeave.webFrmEmployeeLeaveSheet|webFrmEmployeeLeaveSheet : gvLeaveHistory_RowDataBound()
2016-12-06 12:39:04.8575|DEBUG|GroupHRIS.Employee.webFrmEmployeeSearch|Page_Load()
2016-12-06 12:39:04.8575|DEBUG|GroupHRIS.Employee.webFrmEmployeeSearch|fillCompanies()
2016-12-06 12:39:04.8887|DEBUG|GroupHRIS.Employee.webFrmEmployeeSearch|fillEmployeeStatus():
2016-12-06 12:39:11.5811|DEBUG|GroupHRIS.Employee.webFrmEmployeeSearch|Page_Load()
2016-12-06 12:39:13.6247|DEBUG|GroupHRIS.Employee.webFrmEmployeeSearch|Page_Load()
2016-12-06 12:39:15.9335|DEBUG|GroupHRIS.EmployeeLeave.webFrmEmployeeLeaveSheet|IP:::1webFrmEmployeeLeaveSheet : Page_Load
2016-12-06 12:39:16.4795|DEBUG|GroupHRIS.Employee.webFrmEmployeeSearch|Page_Load()
2016-12-06 12:39:47.2583|DEBUG|GroupHRIS.EmployeeLeave.webFrmEmployeeLeaveSheet|IP:::1webFrmEmployeeLeaveSheet : Page_Load
2016-12-06 12:39:47.5703|DEBUG|GroupHRIS.EmployeeLeave.webFrmEmployeeLeaveSheet|webFrmEmployeeLeaveSheet : btnApply_Click()
2016-12-06 12:39:47.6327|DEBUG|GroupHRIS.EmployeeLeave.webFrmEmployeeLeaveSheet|webFrmEmployeeLeaveSheet : isLeaveExist()
2016-12-06 12:39:47.6795|DEBUG|GroupHRIS.EmployeeLeave.webFrmEmployeeLeaveSheet|webFrmEmployeeLeaveSheet : isLeaveExist()
2016-12-06 12:39:47.7419|DEBUG|GroupHRIS.EmployeeLeave.webFrmEmployeeLeaveSheet|webFrmEmployeeLeaveSheet : isLeaveExist()
2016-12-06 12:39:47.8043|DEBUG|GroupHRIS.EmployeeLeave.webFrmEmployeeLeaveSheet|webFrmEmployeeLeaveSheet : isLeaveExist()
2016-12-06 12:39:47.8511|DEBUG|GroupHRIS.EmployeeLeave.webFrmEmployeeLeaveSheet|webFrmEmployeeLeaveSheet : gvLeaveSheet_RowDataBound()
2016-12-06 12:39:47.8511|DEBUG|GroupHRIS.EmployeeLeave.webFrmEmployeeLeaveSheet|webFrmEmployeeLeaveSheet : gvLeaveSheet_RowDataBound()
2016-12-06 12:39:47.8667|DEBUG|GroupHRIS.EmployeeLeave.webFrmEmployeeLeaveSheet|webFrmEmployeeLeaveSheet : gvLeaveSheet_RowDataBound()
2016-12-06 12:39:47.8823|DEBUG|GroupHRIS.EmployeeLeave.webFrmEmployeeLeaveSheet|webFrmEmployeeLeaveSheet : gvLeaveSheet_RowDataBound()
2016-12-06 12:39:47.8979|DEBUG|GroupHRIS.EmployeeLeave.webFrmEmployeeLeaveSheet|webFrmEmployeeLeaveSheet : gvLeaveSheet_RowDataBound()
2016-12-06 12:39:47.9291|DEBUG|GroupHRIS.EmployeeLeave.webFrmEmployeeLeaveSheet|webFrmEmployeeLeaveSheet : gvLeaveSheet_RowDataBound()
2016-12-06 12:39:52.2659|DEBUG|GroupHRIS.EmployeeLeave.webFrmEmployeeLeaveSheet|IP:::1webFrmEmployeeLeaveSheet : Page_Load
2016-12-06 12:39:52.2815|DEBUG|GroupHRIS.EmployeeLeave.webFrmEmployeeLeaveSheet|webFrmEmployeeLeaveSheet : ddlLeaveType_Update()
2016-12-06 12:39:52.2971|DEBUG|GroupHRIS.EmployeeLeave.webFrmEmployeeLeaveSheet|webFrmEmployeeLeaveSheet : gvLeaveSheet_RowDataBound()
2016-12-06 12:39:52.2971|DEBUG|GroupHRIS.EmployeeLeave.webFrmEmployeeLeaveSheet|webFrmEmployeeLeaveSheet : gvLeaveSheet_RowDataBound()
2016-12-06 12:39:52.3283|DEBUG|GroupHRIS.EmployeeLeave.webFrmEmployeeLeaveSheet|webFrmEmployeeLeaveSheet : gvLeaveSheet_RowDataBound()
2016-12-06 12:39:52.3595|DEBUG|GroupHRIS.EmployeeLeave.webFrmEmployeeLeaveSheet|webFrmEmployeeLeaveSheet : gvLeaveSheet_RowDataBound()
2016-12-06 12:39:52.4063|DEBUG|GroupHRIS.EmployeeLeave.webFrmEmployeeLeaveSheet|webFrmEmployeeLeaveSheet : gvLeaveSheet_RowDataBound()
2016-12-06 12:39:52.4219|DEBUG|GroupHRIS.EmployeeLeave.webFrmEmployeeLeaveSheet|webFrmEmployeeLeaveSheet : gvLeaveSheet_RowDataBound()
2016-12-06 12:39:54.6216|DEBUG|GroupHRIS.EmployeeLeave.webFrmEmployeeLeaveSheet|IP:::1webFrmEmployeeLeaveSheet : Page_Load
2016-12-06 12:39:54.6216|DEBUG|GroupHRIS.EmployeeLeave.webFrmEmployeeLeaveSheet|webFrmEmployeeLeaveSheet : ddlLeaveType_Update()
2016-12-06 12:39:54.6372|DEBUG|GroupHRIS.EmployeeLeave.webFrmEmployeeLeaveSheet|webFrmEmployeeLeaveSheet : gvLeaveSheet_RowDataBound()
2016-12-06 12:39:54.6372|DEBUG|GroupHRIS.EmployeeLeave.webFrmEmployeeLeaveSheet|webFrmEmployeeLeaveSheet : gvLeaveSheet_RowDataBound()
2016-12-06 12:39:54.6684|DEBUG|GroupHRIS.EmployeeLeave.webFrmEmployeeLeaveSheet|webFrmEmployeeLeaveSheet : gvLeaveSheet_RowDataBound()
2016-12-06 12:39:54.6840|DEBUG|GroupHRIS.EmployeeLeave.webFrmEmployeeLeaveSheet|webFrmEmployeeLeaveSheet : gvLeaveSheet_RowDataBound()
2016-12-06 12:39:54.7152|DEBUG|GroupHRIS.EmployeeLeave.webFrmEmployeeLeaveSheet|webFrmEmployeeLeaveSheet : gvLeaveSheet_RowDataBound()
2016-12-06 12:39:54.7464|DEBUG|GroupHRIS.EmployeeLeave.webFrmEmployeeLeaveSheet|webFrmEmployeeLeaveSheet : gvLeaveSheet_RowDataBound()
2016-12-06 12:39:57.2424|DEBUG|GroupHRIS.EmployeeLeave.webFrmEmployeeLeaveSheet|IP:::1webFrmEmployeeLeaveSheet : Page_Load
2016-12-06 12:39:57.2424|DEBUG|GroupHRIS.EmployeeLeave.webFrmEmployeeLeaveSheet|webFrmEmployeeLeaveSheet : ddlLeaveType_Update()
2016-12-06 12:39:57.2424|DEBUG|GroupHRIS.EmployeeLeave.webFrmEmployeeLeaveSheet|webFrmEmployeeLeaveSheet : gvLeaveSheet_RowDataBound()
2016-12-06 12:39:57.2424|DEBUG|GroupHRIS.EmployeeLeave.webFrmEmployeeLeaveSheet|webFrmEmployeeLeaveSheet : gvLeaveSheet_RowDataBound()
2016-12-06 12:39:57.2580|DEBUG|GroupHRIS.EmployeeLeave.webFrmEmployeeLeaveSheet|webFrmEmployeeLeaveSheet : gvLeaveSheet_RowDataBound()
2016-12-06 12:39:57.2736|DEBUG|GroupHRIS.EmployeeLeave.webFrmEmployeeLeaveSheet|webFrmEmployeeLeaveSheet : gvLeaveSheet_RowDataBound()
2016-12-06 12:39:57.2892|DEBUG|GroupHRIS.EmployeeLeave.webFrmEmployeeLeaveSheet|webFrmEmployeeLeaveSheet : gvLeaveSheet_RowDataBound()
2016-12-06 12:39:57.2892|DEBUG|GroupHRIS.EmployeeLeave.webFrmEmployeeLeaveSheet|webFrmEmployeeLeaveSheet : gvLeaveSheet_RowDataBound()
2016-12-06 12:40:00.7992|DEBUG|GroupHRIS.EmployeeLeave.webFrmEmployeeLeaveSheet|IP:::1webFrmEmployeeLeaveSheet : Page_Load
2016-12-06 12:40:00.7992|DEBUG|GroupHRIS.EmployeeLeave.webFrmEmployeeLeaveSheet|webFrmEmployeeLeaveSheet : ddlLeaveType_Update()
2016-12-06 12:40:00.7992|DEBUG|GroupHRIS.EmployeeLeave.webFrmEmployeeLeaveSheet|webFrmEmployeeLeaveSheet : gvLeaveSheet_RowDataBound()
2016-12-06 12:40:00.7992|DEBUG|GroupHRIS.EmployeeLeave.webFrmEmployeeLeaveSheet|webFrmEmployeeLeaveSheet : gvLeaveSheet_RowDataBound()
2016-12-06 12:40:00.8304|DEBUG|GroupHRIS.EmployeeLeave.webFrmEmployeeLeaveSheet|webFrmEmployeeLeaveSheet : gvLeaveSheet_RowDataBound()
2016-12-06 12:40:00.8460|DEBUG|GroupHRIS.EmployeeLeave.webFrmEmployeeLeaveSheet|webFrmEmployeeLeaveSheet : gvLeaveSheet_RowDataBound()
2016-12-06 12:40:00.8616|DEBUG|GroupHRIS.EmployeeLeave.webFrmEmployeeLeaveSheet|webFrmEmployeeLeaveSheet : gvLeaveSheet_RowDataBound()
2016-12-06 12:40:00.8772|DEBUG|GroupHRIS.EmployeeLeave.webFrmEmployeeLeaveSheet|webFrmEmployeeLeaveSheet : gvLeaveSheet_RowDataBound()
2016-12-06 12:40:12.2652|DEBUG|GroupHRIS.EmployeeLeave.webFrmEmployeeLeaveSheet|IP:::1webFrmEmployeeLeaveSheet : Page_Load
2016-12-06 12:40:12.5772|DEBUG|GroupHRIS.EmployeeLeave.webFrmEmployeeLeaveSheet|webFrmEmployeeLeaveSheet : btnApply_Click()
2016-12-06 12:40:12.6240|DEBUG|GroupHRIS.EmployeeLeave.webFrmEmployeeLeaveSheet|webFrmEmployeeLeaveSheet : isLeaveExist()
2016-12-06 12:40:12.6864|DEBUG|GroupHRIS.EmployeeLeave.webFrmEmployeeLeaveSheet|webFrmEmployeeLeaveSheet : isLeaveExist()
2016-12-06 12:40:12.7644|DEBUG|GroupHRIS.EmployeeLeave.webFrmEmployeeLeaveSheet|webFrmEmployeeLeaveSheet : isLeaveExist()
2016-12-06 12:40:12.7800|DEBUG|GroupHRIS.EmployeeLeave.webFrmEmployeeLeaveSheet|webFrmEmployeeLeaveSheet : gvLeaveSheet_RowDataBound()
2016-12-06 12:40:12.7956|DEBUG|GroupHRIS.EmployeeLeave.webFrmEmployeeLeaveSheet|webFrmEmployeeLeaveSheet : gvLeaveSheet_RowDataBound()
2016-12-06 12:40:12.7956|DEBUG|GroupHRIS.EmployeeLeave.webFrmEmployeeLeaveSheet|webFrmEmployeeLeaveSheet : gvLeaveSheet_RowDataBound()
2016-12-06 12:40:12.8112|DEBUG|GroupHRIS.EmployeeLeave.webFrmEmployeeLeaveSheet|webFrmEmployeeLeaveSheet : gvLeaveSheet_RowDataBound()
2016-12-06 12:40:12.8268|DEBUG|GroupHRIS.EmployeeLeave.webFrmEmployeeLeaveSheet|webFrmEmployeeLeaveSheet : gvLeaveSheet_RowDataBound()
2016-12-06 12:40:12.8424|DEBUG|GroupHRIS.EmployeeLeave.webFrmEmployeeLeaveSheet|webFrmEmployeeLeaveSheet : gvLeaveSheet_RowDataBound()
2016-12-06 12:40:12.8580|DEBUG|GroupHRIS.EmployeeLeave.webFrmEmployeeLeaveSheet|webFrmEmployeeLeaveSheet : gvLeaveSheet_RowDataBound()
2016-12-06 12:40:12.8736|DEBUG|GroupHRIS.EmployeeLeave.webFrmEmployeeLeaveSheet|webFrmEmployeeLeaveSheet : gvLeaveSheet_RowDataBound()
2016-12-06 12:40:12.8892|DEBUG|GroupHRIS.EmployeeLeave.webFrmEmployeeLeaveSheet|webFrmEmployeeLeaveSheet : gvLeaveSheet_RowDataBound()
2016-12-06 12:40:18.8640|DEBUG|GroupHRIS.EmployeeLeave.webFrmEmployeeLeaveSheet|IP:::1webFrmEmployeeLeaveSheet : Page_Load
2016-12-06 12:40:18.8640|DEBUG|GroupHRIS.EmployeeLeave.webFrmEmployeeLeaveSheet|webFrmEmployeeLeaveSheet : ddlLeaveType_Update()
2016-12-06 12:40:18.8640|DEBUG|GroupHRIS.EmployeeLeave.webFrmEmployeeLeaveSheet|webFrmEmployeeLeaveSheet : gvLeaveSheet_RowDataBound()
2016-12-06 12:40:18.8796|DEBUG|GroupHRIS.EmployeeLeave.webFrmEmployeeLeaveSheet|webFrmEmployeeLeaveSheet : gvLeaveSheet_RowDataBound()
2016-12-06 12:40:18.8952|DEBUG|GroupHRIS.EmployeeLeave.webFrmEmployeeLeaveSheet|webFrmEmployeeLeaveSheet : gvLeaveSheet_RowDataBound()
2016-12-06 12:40:18.9108|DEBUG|GroupHRIS.EmployeeLeave.webFrmEmployeeLeaveSheet|webFrmEmployeeLeaveSheet : gvLeaveSheet_RowDataBound()
2016-12-06 12:40:18.9264|DEBUG|GroupHRIS.EmployeeLeave.webFrmEmployeeLeaveSheet|webFrmEmployeeLeaveSheet : gvLeaveSheet_RowDataBound()
2016-12-06 12:40:18.9420|DEBUG|GroupHRIS.EmployeeLeave.webFrmEmployeeLeaveSheet|webFrmEmployeeLeaveSheet : gvLeaveSheet_RowDataBound()
2016-12-06 12:40:18.9576|DEBUG|GroupHRIS.EmployeeLeave.webFrmEmployeeLeaveSheet|webFrmEmployeeLeaveSheet : gvLeaveSheet_RowDataBound()
2016-12-06 12:40:18.9732|DEBUG|GroupHRIS.EmployeeLeave.webFrmEmployeeLeaveSheet|webFrmEmployeeLeaveSheet : gvLeaveSheet_RowDataBound()
2016-12-06 12:40:18.9732|DEBUG|GroupHRIS.EmployeeLeave.webFrmEmployeeLeaveSheet|webFrmEmployeeLeaveSheet : gvLeaveSheet_RowDataBound()
2016-12-06 12:40:22.4988|DEBUG|GroupHRIS.EmployeeLeave.webFrmEmployeeLeaveSheet|IP:::1webFrmEmployeeLeaveSheet : Page_Load
2016-12-06 12:40:22.4988|DEBUG|GroupHRIS.EmployeeLeave.webFrmEmployeeLeaveSheet|webFrmEmployeeLeaveSheet : ddlLeaveType_Update()
2016-12-06 12:40:22.4988|DEBUG|GroupHRIS.EmployeeLeave.webFrmEmployeeLeaveSheet|webFrmEmployeeLeaveSheet : gvLeaveSheet_RowDataBound()
2016-12-06 12:40:22.4988|DEBUG|GroupHRIS.EmployeeLeave.webFrmEmployeeLeaveSheet|webFrmEmployeeLeaveSheet : gvLeaveSheet_RowDataBound()
2016-12-06 12:40:22.5300|DEBUG|GroupHRIS.EmployeeLeave.webFrmEmployeeLeaveSheet|webFrmEmployeeLeaveSheet : gvLeaveSheet_RowDataBound()
2016-12-06 12:40:22.5456|DEBUG|GroupHRIS.EmployeeLeave.webFrmEmployeeLeaveSheet|webFrmEmployeeLeaveSheet : gvLeaveSheet_RowDataBound()
2016-12-06 12:40:22.5768|DEBUG|GroupHRIS.EmployeeLeave.webFrmEmployeeLeaveSheet|webFrmEmployeeLeaveSheet : gvLeaveSheet_RowDataBound()
2016-12-06 12:40:22.6236|DEBUG|GroupHRIS.EmployeeLeave.webFrmEmployeeLeaveSheet|webFrmEmployeeLeaveSheet : gvLeaveSheet_RowDataBound()
2016-12-06 12:40:22.6236|DEBUG|GroupHRIS.EmployeeLeave.webFrmEmployeeLeaveSheet|webFrmEmployeeLeaveSheet : gvLeaveSheet_RowDataBound()
2016-12-06 12:40:22.6392|DEBUG|GroupHRIS.EmployeeLeave.webFrmEmployeeLeaveSheet|webFrmEmployeeLeaveSheet : gvLeaveSheet_RowDataBound()
2016-12-06 12:40:22.6548|DEBUG|GroupHRIS.EmployeeLeave.webFrmEmployeeLeaveSheet|webFrmEmployeeLeaveSheet : gvLeaveSheet_RowDataBound()
2016-12-06 12:40:31.5624|DEBUG|GroupHRIS.EmployeeLeave.webFrmEmployeeLeaveSheet|IP:::1webFrmEmployeeLeaveSheet : Page_Load
2016-12-06 12:40:31.5624|DEBUG|GroupHRIS.EmployeeLeave.webFrmEmployeeLeaveSheet|webFrmEmployeeLeaveSheet : ddlLeaveType_Update()
2016-12-06 12:40:31.5624|DEBUG|GroupHRIS.EmployeeLeave.webFrmEmployeeLeaveSheet|webFrmEmployeeLeaveSheet : gvLeaveSheet_RowDataBound()
2016-12-06 12:40:31.5624|DEBUG|GroupHRIS.EmployeeLeave.webFrmEmployeeLeaveSheet|webFrmEmployeeLeaveSheet : gvLeaveSheet_RowDataBound()
2016-12-06 12:40:31.5936|DEBUG|GroupHRIS.EmployeeLeave.webFrmEmployeeLeaveSheet|webFrmEmployeeLeaveSheet : gvLeaveSheet_RowDataBound()
2016-12-06 12:40:31.6092|DEBUG|GroupHRIS.EmployeeLeave.webFrmEmployeeLeaveSheet|webFrmEmployeeLeaveSheet : gvLeaveSheet_RowDataBound()
2016-12-06 12:40:31.6248|DEBUG|GroupHRIS.EmployeeLeave.webFrmEmployeeLeaveSheet|webFrmEmployeeLeaveSheet : gvLeaveSheet_RowDataBound()
2016-12-06 12:40:31.6404|DEBUG|GroupHRIS.EmployeeLeave.webFrmEmployeeLeaveSheet|webFrmEmployeeLeaveSheet : gvLeaveSheet_RowDataBound()
2016-12-06 12:40:31.6560|DEBUG|GroupHRIS.EmployeeLeave.webFrmEmployeeLeaveSheet|webFrmEmployeeLeaveSheet : gvLeaveSheet_RowDataBound()
2016-12-06 12:40:31.6716|DEBUG|GroupHRIS.EmployeeLeave.webFrmEmployeeLeaveSheet|webFrmEmployeeLeaveSheet : gvLeaveSheet_RowDataBound()
2016-12-06 12:40:31.6872|DEBUG|GroupHRIS.EmployeeLeave.webFrmEmployeeLeaveSheet|webFrmEmployeeLeaveSheet : gvLeaveSheet_RowDataBound()
2016-12-06 12:40:44.2306|DEBUG|GroupHRIS.EmployeeLeave.webFrmEmployeeLeaveSheet|IP:::1webFrmEmployeeLeaveSheet : Page_Load
2016-12-06 12:41:03.3719|DEBUG|GroupHRIS.EmployeeLeave.webFrmEmployeeLeaveSheet|IP:::1webFrmEmployeeLeaveSheet : Page_Load
2016-12-06 12:41:03.7931|DEBUG|GroupHRIS.EmployeeLeave.webFrmEmployeeLeaveSheet|webFrmEmployeeLeaveSheet : btnApply_Click()
2016-12-06 12:41:03.8711|DEBUG|GroupHRIS.EmployeeLeave.webFrmEmployeeLeaveSheet|webFrmEmployeeLeaveSheet : isLeaveExist()
2016-12-06 12:41:03.8867|DEBUG|GroupHRIS.EmployeeLeave.webFrmEmployeeLeaveSheet|webFrmEmployeeLeaveSheet : gvLeaveSheet_RowDataBound()
2016-12-06 12:41:03.8867|DEBUG|GroupHRIS.EmployeeLeave.webFrmEmployeeLeaveSheet|webFrmEmployeeLeaveSheet : gvLeaveSheet_RowDataBound()
2016-12-06 12:41:03.9023|DEBUG|GroupHRIS.EmployeeLeave.webFrmEmployeeLeaveSheet|webFrmEmployeeLeaveSheet : gvLeaveSheet_RowDataBound()
2016-12-06 12:41:03.9179|DEBUG|GroupHRIS.EmployeeLeave.webFrmEmployeeLeaveSheet|webFrmEmployeeLeaveSheet : gvLeaveSheet_RowDataBound()
2016-12-06 12:41:03.9335|DEBUG|GroupHRIS.EmployeeLeave.webFrmEmployeeLeaveSheet|webFrmEmployeeLeaveSheet : gvLeaveSheet_RowDataBound()
2016-12-06 12:41:03.9491|DEBUG|GroupHRIS.EmployeeLeave.webFrmEmployeeLeaveSheet|webFrmEmployeeLeaveSheet : gvLeaveSheet_RowDataBound()
2016-12-06 12:41:03.9491|DEBUG|GroupHRIS.EmployeeLeave.webFrmEmployeeLeaveSheet|webFrmEmployeeLeaveSheet : gvLeaveSheet_RowDataBound()
2016-12-06 12:41:03.9647|DEBUG|GroupHRIS.EmployeeLeave.webFrmEmployeeLeaveSheet|webFrmEmployeeLeaveSheet : gvLeaveSheet_RowDataBound()
2016-12-06 12:41:03.9803|DEBUG|GroupHRIS.EmployeeLeave.webFrmEmployeeLeaveSheet|webFrmEmployeeLeaveSheet : gvLeaveSheet_RowDataBound()
2016-12-06 12:41:03.9959|DEBUG|GroupHRIS.EmployeeLeave.webFrmEmployeeLeaveSheet|webFrmEmployeeLeaveSheet : gvLeaveSheet_RowDataBound()
2016-12-06 12:41:08.5043|DEBUG|GroupHRIS.EmployeeLeave.webFrmEmployeeLeaveSheet|IP:::1webFrmEmployeeLeaveSheet : Page_Load
2016-12-06 12:41:08.5043|DEBUG|GroupHRIS.EmployeeLeave.webFrmEmployeeLeaveSheet|webFrmEmployeeLeaveSheet : ddlLeaveType_Update()
2016-12-06 12:41:08.5043|DEBUG|GroupHRIS.EmployeeLeave.webFrmEmployeeLeaveSheet|webFrmEmployeeLeaveSheet : gvLeaveSheet_RowDataBound()
2016-12-06 12:41:08.5043|DEBUG|GroupHRIS.EmployeeLeave.webFrmEmployeeLeaveSheet|webFrmEmployeeLeaveSheet : gvLeaveSheet_RowDataBound()
2016-12-06 12:41:08.5355|DEBUG|GroupHRIS.EmployeeLeave.webFrmEmployeeLeaveSheet|webFrmEmployeeLeaveSheet : gvLeaveSheet_RowDataBound()
2016-12-06 12:41:08.5511|DEBUG|GroupHRIS.EmployeeLeave.webFrmEmployeeLeaveSheet|webFrmEmployeeLeaveSheet : gvLeaveSheet_RowDataBound()
2016-12-06 12:41:08.5667|DEBUG|GroupHRIS.EmployeeLeave.webFrmEmployeeLeaveSheet|webFrmEmployeeLeaveSheet : gvLeaveSheet_RowDataBound()
2016-12-06 12:41:08.5823|DEBUG|GroupHRIS.EmployeeLeave.webFrmEmployeeLeaveSheet|webFrmEmployeeLeaveSheet : gvLeaveSheet_RowDataBound()
2016-12-06 12:41:08.6135|DEBUG|GroupHRIS.EmployeeLeave.webFrmEmployeeLeaveSheet|webFrmEmployeeLeaveSheet : gvLeaveSheet_RowDataBound()
2016-12-06 12:41:08.6291|DEBUG|GroupHRIS.EmployeeLeave.webFrmEmployeeLeaveSheet|webFrmEmployeeLeaveSheet : gvLeaveSheet_RowDataBound()
2016-12-06 12:41:08.6447|DEBUG|GroupHRIS.EmployeeLeave.webFrmEmployeeLeaveSheet|webFrmEmployeeLeaveSheet : gvLeaveSheet_RowDataBound()
2016-12-06 12:41:08.6447|DEBUG|GroupHRIS.EmployeeLeave.webFrmEmployeeLeaveSheet|webFrmEmployeeLeaveSheet : gvLeaveSheet_RowDataBound()
2016-12-06 12:41:13.6991|DEBUG|GroupHRIS.EmployeeLeave.webFrmEmployeeLeaveSheet|IP:::1webFrmEmployeeLeaveSheet : Page_Load
2016-12-06 12:41:13.9799|DEBUG|GroupHRIS.EmployeeLeave.webFrmEmployeeLeaveSheet|webFrmEmployeeLeaveSheet : btnSave_Click()
2016-12-06 12:41:13.9799|DEBUG|GroupHRIS.EmployeeLeave.webFrmEmployeeLeaveSheet|webFrmEmployeeLeaveSheet : isLeaveTypeNotSelected()
2016-12-06 12:41:14.1671|DEBUG|GroupHRIS.EmployeeLeave.webFrmEmployeeLeaveSheet|webFrmEmployeeLeaveSheet : btnSave_Click() -> Insert
2016-12-06 12:41:14.3855|DEBUG|GroupHRIS.EmployeeLeave.webFrmEmployeeLeaveSheet|webFrmEmployeeLeaveSheet : fillHistory()
2016-12-06 12:41:14.4011|DEBUG|GroupHRIS.EmployeeLeave.webFrmEmployeeLeaveSheet|webFrmEmployeeLeaveSheet : gvLeaveHistory_RowDataBound()
2016-12-06 12:41:14.4011|DEBUG|GroupHRIS.EmployeeLeave.webFrmEmployeeLeaveSheet|webFrmEmployeeLeaveSheet : gvLeaveHistory_RowDataBound()
2016-12-06 12:41:14.4011|DEBUG|GroupHRIS.EmployeeLeave.webFrmEmployeeLeaveSheet|webFrmEmployeeLeaveSheet : gvLeaveHistory_RowDataBound()
2016-12-06 12:41:14.4011|DEBUG|GroupHRIS.EmployeeLeave.webFrmEmployeeLeaveSheet|webFrmEmployeeLeaveSheet : gvLeaveHistory_RowDataBound()
2016-12-06 12:41:14.4011|DEBUG|GroupHRIS.EmployeeLeave.webFrmEmployeeLeaveSheet|webFrmEmployeeLeaveSheet : gvLeaveHistory_RowDataBound()
2016-12-06 12:41:14.4011|DEBUG|GroupHRIS.EmployeeLeave.webFrmEmployeeLeaveSheet|webFrmEmployeeLeaveSheet : gvLeaveHistory_RowDataBound()
2016-12-06 12:41:14.4011|DEBUG|GroupHRIS.EmployeeLeave.webFrmEmployeeLeaveSheet|webFrmEmployeeLeaveSheet : gvLeaveHistory_RowDataBound()
2016-12-06 12:41:14.4011|DEBUG|GroupHRIS.EmployeeLeave.webFrmEmployeeLeaveSheet|webFrmEmployeeLeaveSheet : gvLeaveHistory_RowDataBound()
2016-12-06 12:41:14.4479|DEBUG|GroupHRIS.EmployeeLeave.webFrmEmployeeLeaveSheet|webFrmEmployeeLeaveSheet : getMailBodyHtml()
2016-12-06 12:41:29.2438|DEBUG|GroupHRIS.EmployeeLeave.WebFrmApprove|webFrmEmployeeLeaveSheet : getMailBodyHtml()
2016-12-06 12:41:29.8958|DEBUG|GroupHRIS.EmployeeLeave.WebFrmApprove|webFrmLeaveApproval : gvLeaves_RowCommand()
2016-12-06 13:21:04.8722|DEBUG|GroupHRIS.EmployeeLeave.webFrmEmployeeLeaveSheet|IP:::1webFrmEmployeeLeaveSheet : Page_Load
2016-12-06 13:21:04.9162|DEBUG|GroupHRIS.EmployeeLeave.webFrmEmployeeLeaveSheet|webFrmEmployeeLeaveSheet : createLeaveBucket()
2016-12-06 13:21:04.9162|DEBUG|GroupHRIS.EmployeeLeave.webFrmEmployeeLeaveSheet|webFrmEmployeeLeaveSheet : fillHours()
2016-12-06 13:21:04.9162|DEBUG|GroupHRIS.EmployeeLeave.webFrmEmployeeLeaveSheet|webFrmEmployeeLeaveSheet : fillMinutes()
2016-12-06 13:21:04.9162|DEBUG|GroupHRIS.EmployeeLeave.webFrmEmployeeLeaveSheet|webFrmEmployeeLeaveSheet : fillHours()
2016-12-06 13:21:04.9162|DEBUG|GroupHRIS.EmployeeLeave.webFrmEmployeeLeaveSheet|webFrmEmployeeLeaveSheet : fillMinutes()
2016-12-06 13:21:04.9162|DEBUG|GroupHRIS.EmployeeLeave.webFrmEmployeeLeaveSheet|webFrmEmployeeLeaveSheet : fillLeaveSummary()
2016-12-06 13:21:05.1302|DEBUG|GroupHRIS.EmployeeLeave.webFrmEmployeeLeaveSheet|webFrmEmployeeLeaveSheet : getSupervisor()
2016-12-06 13:21:05.1842|DEBUG|GroupHRIS.EmployeeLeave.webFrmEmployeeLeaveSheet|webFrmEmployeeLeaveSheet : fillHistory()
2016-12-06 13:21:05.2152|DEBUG|GroupHRIS.EmployeeLeave.webFrmEmployeeLeaveSheet|webFrmEmployeeLeaveSheet : gvLeaveHistory_RowDataBound()
2016-12-06 13:21:05.2152|DEBUG|GroupHRIS.EmployeeLeave.webFrmEmployeeLeaveSheet|webFrmEmployeeLeaveSheet : gvLeaveHistory_RowDataBound()
2016-12-06 13:21:05.2152|DEBUG|GroupHRIS.EmployeeLeave.webFrmEmployeeLeaveSheet|webFrmEmployeeLeaveSheet : gvLeaveHistory_RowDataBound()
2016-12-06 13:21:05.2152|DEBUG|GroupHRIS.EmployeeLeave.webFrmEmployeeLeaveSheet|webFrmEmployeeLeaveSheet : gvLeaveHistory_RowDataBound()
2016-12-06 13:21:05.2152|DEBUG|GroupHRIS.EmployeeLeave.webFrmEmployeeLeaveSheet|webFrmEmployeeLeaveSheet : gvLeaveHistory_RowDataBound()
2016-12-06 13:21:05.2152|DEBUG|GroupHRIS.EmployeeLeave.webFrmEmployeeLeaveSheet|webFrmEmployeeLeaveSheet : gvLeaveHistory_RowDataBound()
2016-12-06 13:21:05.2152|DEBUG|GroupHRIS.EmployeeLeave.webFrmEmployeeLeaveSheet|webFrmEmployeeLeaveSheet : gvLeaveHistory_RowDataBound()
2016-12-06 13:21:05.2292|DEBUG|GroupHRIS.EmployeeLeave.webFrmEmployeeLeaveSheet|webFrmEmployeeLeaveSheet : gvLeaveHistory_RowDataBound()
2016-12-06 13:21:22.4342|DEBUG|GroupHRIS.Employee.webFrmEmployeeSearch|Page_Load()
2016-12-06 13:21:22.4342|DEBUG|GroupHRIS.Employee.webFrmEmployeeSearch|fillCompanies()
2016-12-06 13:21:22.4642|DEBUG|GroupHRIS.Employee.webFrmEmployeeSearch|fillEmployeeStatus():
2016-12-06 13:21:27.5415|DEBUG|GroupHRIS.Employee.webFrmEmployeeSearch|Page_Load()
2016-12-06 13:21:29.2336|DEBUG|GroupHRIS.Employee.webFrmEmployeeSearch|Page_Load()
2016-12-06 13:21:31.0127|DEBUG|GroupHRIS.EmployeeLeave.webFrmEmployeeLeaveSheet|IP:::1webFrmEmployeeLeaveSheet : Page_Load
2016-12-06 13:21:32.0297|DEBUG|GroupHRIS.Employee.webFrmEmployeeSearch|Page_Load()
2016-12-06 13:21:44.5425|DEBUG|GroupHRIS.EmployeeLeave.webFrmEmployeeLeaveSheet|IP:::1webFrmEmployeeLeaveSheet : Page_Load
2016-12-06 13:22:00.6697|DEBUG|GroupHRIS.EmployeeLeave.webFrmEmployeeLeaveSheet|IP:::1webFrmEmployeeLeaveSheet : Page_Load
2016-12-06 13:22:00.9661|DEBUG|GroupHRIS.EmployeeLeave.webFrmEmployeeLeaveSheet|webFrmEmployeeLeaveSheet : btnApply_Click()
2016-12-06 13:22:01.0441|DEBUG|GroupHRIS.EmployeeLeave.webFrmEmployeeLeaveSheet|webFrmEmployeeLeaveSheet : isLeaveExist()
2016-12-06 13:22:01.0597|DEBUG|GroupHRIS.EmployeeLeave.webFrmEmployeeLeaveSheet|webFrmEmployeeLeaveSheet : gvLeaveSheet_RowDataBound()
2016-12-06 13:22:01.0597|DEBUG|GroupHRIS.EmployeeLeave.webFrmEmployeeLeaveSheet|webFrmEmployeeLeaveSheet : gvLeaveSheet_RowDataBound()
2016-12-06 13:22:01.0753|DEBUG|GroupHRIS.EmployeeLeave.webFrmEmployeeLeaveSheet|webFrmEmployeeLeaveSheet : gvLeaveSheet_RowDataBound()
2016-12-06 13:22:05.6617|DEBUG|GroupHRIS.EmployeeLeave.webFrmEmployeeLeaveSheet|IP:::1webFrmEmployeeLeaveSheet : Page_Load
2016-12-06 13:22:05.6617|DEBUG|GroupHRIS.EmployeeLeave.webFrmEmployeeLeaveSheet|webFrmEmployeeLeaveSheet : ddlLeaveType_Update()
2016-12-06 13:22:05.6617|DEBUG|GroupHRIS.EmployeeLeave.webFrmEmployeeLeaveSheet|webFrmEmployeeLeaveSheet : gvLeaveSheet_RowDataBound()
2016-12-06 13:22:05.6617|DEBUG|GroupHRIS.EmployeeLeave.webFrmEmployeeLeaveSheet|webFrmEmployeeLeaveSheet : gvLeaveSheet_RowDataBound()
2016-12-06 13:22:05.6773|DEBUG|GroupHRIS.EmployeeLeave.webFrmEmployeeLeaveSheet|webFrmEmployeeLeaveSheet : gvLeaveSheet_RowDataBound()
2016-12-06 13:22:38.3438|DEBUG|GroupHRIS.EmployeeLeave.webFrmEmployeeLeaveSheet|IP:::1webFrmEmployeeLeaveSheet : Page_Load
2016-12-06 13:23:09.1539|DEBUG|GroupHRIS.EmployeeLeave.webFrmEmployeeLeaveSheet|IP:::1webFrmEmployeeLeaveSheet : Page_Load
2016-12-06 13:23:09.4503|DEBUG|GroupHRIS.EmployeeLeave.webFrmEmployeeLeaveSheet|webFrmEmployeeLeaveSheet : btnApply_Click()
2016-12-06 13:23:09.5283|DEBUG|GroupHRIS.EmployeeLeave.webFrmEmployeeLeaveSheet|webFrmEmployeeLeaveSheet : isLeaveExist()
2016-12-06 13:23:09.5439|DEBUG|GroupHRIS.EmployeeLeave.webFrmEmployeeLeaveSheet|webFrmEmployeeLeaveSheet : gvLeaveSheet_RowDataBound()
2016-12-06 13:23:09.5439|DEBUG|GroupHRIS.EmployeeLeave.webFrmEmployeeLeaveSheet|webFrmEmployeeLeaveSheet : gvLeaveSheet_RowDataBound()
2016-12-06 13:23:09.5595|DEBUG|GroupHRIS.EmployeeLeave.webFrmEmployeeLeaveSheet|webFrmEmployeeLeaveSheet : gvLeaveSheet_RowDataBound()
2016-12-06 13:23:09.5751|DEBUG|GroupHRIS.EmployeeLeave.webFrmEmployeeLeaveSheet|webFrmEmployeeLeaveSheet : gvLeaveSheet_RowDataBound()
2016-12-06 13:23:15.3003|DEBUG|GroupHRIS.EmployeeLeave.webFrmEmployeeLeaveSheet|IP:::1webFrmEmployeeLeaveSheet : Page_Load
2016-12-06 13:23:15.3003|DEBUG|GroupHRIS.EmployeeLeave.webFrmEmployeeLeaveSheet|webFrmEmployeeLeaveSheet : ddlLeaveType_Update()
2016-12-06 13:23:15.3003|DEBUG|GroupHRIS.EmployeeLeave.webFrmEmployeeLeaveSheet|webFrmEmployeeLeaveSheet : gvLeaveSheet_RowDataBound()
2016-12-06 13:23:15.3003|DEBUG|GroupHRIS.EmployeeLeave.webFrmEmployeeLeaveSheet|webFrmEmployeeLeaveSheet : gvLeaveSheet_RowDataBound()
2016-12-06 13:23:15.3315|DEBUG|GroupHRIS.EmployeeLeave.webFrmEmployeeLeaveSheet|webFrmEmployeeLeaveSheet : gvLeaveSheet_RowDataBound()
2016-12-06 13:23:15.3627|DEBUG|GroupHRIS.EmployeeLeave.webFrmEmployeeLeaveSheet|webFrmEmployeeLeaveSheet : gvLeaveSheet_RowDataBound()
2016-12-06 13:23:16.2519|DEBUG|GroupHRIS.EmployeeLeave.webFrmEmployeeLeaveSheet|IP:::1webFrmEmployeeLeaveSheet : Page_Load
2016-12-06 13:23:16.5171|DEBUG|GroupHRIS.EmployeeLeave.webFrmEmployeeLeaveSheet|webFrmEmployeeLeaveSheet : btnSave_Click()
2016-12-06 13:23:16.5171|DEBUG|GroupHRIS.EmployeeLeave.webFrmEmployeeLeaveSheet|webFrmEmployeeLeaveSheet : isLeaveTypeNotSelected()
2016-12-06 13:23:16.8759|DEBUG|GroupHRIS.EmployeeLeave.webFrmEmployeeLeaveSheet|webFrmEmployeeLeaveSheet : btnSave_Click() -> Insert
2016-12-06 13:23:16.9539|DEBUG|GroupHRIS.EmployeeLeave.webFrmEmployeeLeaveSheet|webFrmEmployeeLeaveSheet : fillHistory()
2016-12-06 13:23:16.9695|DEBUG|GroupHRIS.EmployeeLeave.webFrmEmployeeLeaveSheet|webFrmEmployeeLeaveSheet : gvLeaveHistory_RowDataBound()
2016-12-06 13:23:16.9695|DEBUG|GroupHRIS.EmployeeLeave.webFrmEmployeeLeaveSheet|webFrmEmployeeLeaveSheet : gvLeaveHistory_RowDataBound()
2016-12-06 13:23:16.9695|DEBUG|GroupHRIS.EmployeeLeave.webFrmEmployeeLeaveSheet|webFrmEmployeeLeaveSheet : gvLeaveHistory_RowDataBound()
2016-12-06 13:23:16.9695|DEBUG|GroupHRIS.EmployeeLeave.webFrmEmployeeLeaveSheet|webFrmEmployeeLeaveSheet : gvLeaveHistory_RowDataBound()
2016-12-06 13:23:16.9695|DEBUG|GroupHRIS.EmployeeLeave.webFrmEmployeeLeaveSheet|webFrmEmployeeLeaveSheet : gvLeaveHistory_RowDataBound()
2016-12-06 13:23:16.9695|DEBUG|GroupHRIS.EmployeeLeave.webFrmEmployeeLeaveSheet|webFrmEmployeeLeaveSheet : gvLeaveHistory_RowDataBound()
2016-12-06 13:23:16.9695|DEBUG|GroupHRIS.EmployeeLeave.webFrmEmployeeLeaveSheet|webFrmEmployeeLeaveSheet : gvLeaveHistory_RowDataBound()
2016-12-06 13:23:16.9851|DEBUG|GroupHRIS.EmployeeLeave.webFrmEmployeeLeaveSheet|webFrmEmployeeLeaveSheet : gvLeaveHistory_RowDataBound()
2016-12-06 13:23:16.9851|DEBUG|GroupHRIS.EmployeeLeave.webFrmEmployeeLeaveSheet|webFrmEmployeeLeaveSheet : gvLeaveHistory_RowDataBound()
2016-12-06 13:23:17.0319|DEBUG|GroupHRIS.EmployeeLeave.webFrmEmployeeLeaveSheet|webFrmEmployeeLeaveSheet : getMailBodyHtml()
2016-12-06 13:23:39.8411|DEBUG|GroupHRIS.EmployeeLeave.WebFrmApprove|webFrmEmployeeLeaveSheet : getMailBodyHtml()
2016-12-06 14:22:18.3755|DEBUG|GroupHRIS.EmployeeLeave.webFrmEmployeeLeaveSheet|IP:::1webFrmEmployeeLeaveSheet : Page_Load
2016-12-06 14:22:18.3755|DEBUG|GroupHRIS.EmployeeLeave.webFrmEmployeeLeaveSheet|webFrmEmployeeLeaveSheet : createLeaveBucket()
2016-12-06 14:22:18.3755|DEBUG|GroupHRIS.EmployeeLeave.webFrmEmployeeLeaveSheet|webFrmEmployeeLeaveSheet : fillHours()
2016-12-06 14:22:18.3755|DEBUG|GroupHRIS.EmployeeLeave.webFrmEmployeeLeaveSheet|webFrmEmployeeLeaveSheet : fillMinutes()
2016-12-06 14:22:18.3755|DEBUG|GroupHRIS.EmployeeLeave.webFrmEmployeeLeaveSheet|webFrmEmployeeLeaveSheet : fillHours()
2016-12-06 14:22:18.3755|DEBUG|GroupHRIS.EmployeeLeave.webFrmEmployeeLeaveSheet|webFrmEmployeeLeaveSheet : fillMinutes()
2016-12-06 14:22:18.3795|DEBUG|GroupHRIS.EmployeeLeave.webFrmEmployeeLeaveSheet|webFrmEmployeeLeaveSheet : fillLeaveSummary()
2016-12-06 14:22:18.5175|DEBUG|GroupHRIS.EmployeeLeave.webFrmEmployeeLeaveSheet|webFrmEmployeeLeaveSheet : getSupervisor()
2016-12-06 14:22:18.5785|DEBUG|GroupHRIS.EmployeeLeave.webFrmEmployeeLeaveSheet|webFrmEmployeeLeaveSheet : fillHistory()
2016-12-06 14:22:18.5965|DEBUG|GroupHRIS.EmployeeLeave.webFrmEmployeeLeaveSheet|webFrmEmployeeLeaveSheet : gvLeaveHistory_RowDataBound()
2016-12-06 14:22:18.5975|DEBUG|GroupHRIS.EmployeeLeave.webFrmEmployeeLeaveSheet|webFrmEmployeeLeaveSheet : gvLeaveHistory_RowDataBound()
2016-12-06 14:22:18.5975|DEBUG|GroupHRIS.EmployeeLeave.webFrmEmployeeLeaveSheet|webFrmEmployeeLeaveSheet : gvLeaveHistory_RowDataBound()
2016-12-06 14:22:18.5975|DEBUG|GroupHRIS.EmployeeLeave.webFrmEmployeeLeaveSheet|webFrmEmployeeLeaveSheet : gvLeaveHistory_RowDataBound()
2016-12-06 14:22:18.5975|DEBUG|GroupHRIS.EmployeeLeave.webFrmEmployeeLeaveSheet|webFrmEmployeeLeaveSheet : gvLeaveHistory_RowDataBound()
2016-12-06 14:22:18.5975|DEBUG|GroupHRIS.EmployeeLeave.webFrmEmployeeLeaveSheet|webFrmEmployeeLeaveSheet : gvLeaveHistory_RowDataBound()
2016-12-06 14:22:18.5975|DEBUG|GroupHRIS.EmployeeLeave.webFrmEmployeeLeaveSheet|webFrmEmployeeLeaveSheet : gvLeaveHistory_RowDataBound()
2016-12-06 14:22:22.6468|DEBUG|GroupHRIS.Employee.webFrmEmployeeSearch|Page_Load()
2016-12-06 14:22:22.6468|DEBUG|GroupHRIS.Employee.webFrmEmployeeSearch|fillCompanies()
2016-12-06 14:22:22.8368|DEBUG|GroupHRIS.Employee.webFrmEmployeeSearch|fillEmployeeStatus():
2016-12-06 14:22:27.9371|DEBUG|GroupHRIS.Employee.webFrmEmployeeSearch|Page_Load()
2016-12-06 14:22:29.6062|DEBUG|GroupHRIS.Employee.webFrmEmployeeSearch|Page_Load()
2016-12-06 14:22:31.6663|DEBUG|GroupHRIS.EmployeeLeave.webFrmEmployeeLeaveSheet|IP:::1webFrmEmployeeLeaveSheet : Page_Load
2016-12-06 14:22:32.3413|DEBUG|GroupHRIS.Employee.webFrmEmployeeSearch|Page_Load()
2016-12-06 14:22:46.2481|DEBUG|GroupHRIS.EmployeeLeave.webFrmEmployeeLeaveSheet|IP:::1webFrmEmployeeLeaveSheet : Page_Load
2016-12-06 14:22:46.3391|DEBUG|GroupHRIS.EmployeeLeave.webFrmEmployeeLeaveSheet|webFrmEmployeeLeaveSheet : btnApply_Click()
2016-12-06 14:22:46.4601|DEBUG|GroupHRIS.EmployeeLeave.webFrmEmployeeLeaveSheet|webFrmEmployeeLeaveSheet : isLeaveExist()
2016-12-06 14:22:46.5281|DEBUG|GroupHRIS.EmployeeLeave.webFrmEmployeeLeaveSheet|webFrmEmployeeLeaveSheet : gvLeaveSheet_RowDataBound()
2016-12-06 14:22:46.5281|DEBUG|GroupHRIS.EmployeeLeave.webFrmEmployeeLeaveSheet|webFrmEmployeeLeaveSheet : gvLeaveSheet_RowDataBound()
2016-12-06 14:22:46.5631|DEBUG|GroupHRIS.EmployeeLeave.webFrmEmployeeLeaveSheet|webFrmEmployeeLeaveSheet : gvLeaveSheet_RowDataBound()
2016-12-06 14:22:49.4003|DEBUG|GroupHRIS.EmployeeLeave.webFrmEmployeeLeaveSheet|IP:::1webFrmEmployeeLeaveSheet : Page_Load
2016-12-06 14:22:49.4003|DEBUG|GroupHRIS.EmployeeLeave.webFrmEmployeeLeaveSheet|webFrmEmployeeLeaveSheet : ddlLeaveType_Update()
2016-12-06 14:22:53.5625|DEBUG|GroupHRIS.EmployeeLeave.webFrmEmployeeLeaveSheet|IP:::1webFrmEmployeeLeaveSheet : Page_Load
2016-12-06 14:23:14.5387|DEBUG|GroupHRIS.EmployeeLeave.webFrmEmployeeLeaveSheet|IP:::1webFrmEmployeeLeaveSheet : Page_Load
2016-12-06 14:23:14.8607|DEBUG|GroupHRIS.EmployeeLeave.webFrmEmployeeLeaveSheet|webFrmEmployeeLeaveSheet : btnApply_Click()
2016-12-06 14:23:14.9427|DEBUG|GroupHRIS.EmployeeLeave.webFrmEmployeeLeaveSheet|webFrmEmployeeLeaveSheet : isLeaveExist()
2016-12-06 14:23:14.9427|DEBUG|GroupHRIS.EmployeeLeave.webFrmEmployeeLeaveSheet|webFrmEmployeeLeaveSheet : gvLeaveSheet_RowDataBound()
2016-12-06 14:23:14.9457|DEBUG|GroupHRIS.EmployeeLeave.webFrmEmployeeLeaveSheet|webFrmEmployeeLeaveSheet : gvLeaveSheet_RowDataBound()
2016-12-06 14:23:14.9637|DEBUG|GroupHRIS.EmployeeLeave.webFrmEmployeeLeaveSheet|webFrmEmployeeLeaveSheet : gvLeaveSheet_RowDataBound()
2016-12-06 14:23:18.3389|DEBUG|GroupHRIS.EmployeeLeave.webFrmEmployeeLeaveSheet|IP:::1webFrmEmployeeLeaveSheet : Page_Load
2016-12-06 14:23:18.3389|DEBUG|GroupHRIS.EmployeeLeave.webFrmEmployeeLeaveSheet|webFrmEmployeeLeaveSheet : ddlLeaveType_Update()
2016-12-06 14:23:23.1682|DEBUG|GroupHRIS.EmployeeLeave.webFrmEmployeeLeaveSheet|IP:::1webFrmEmployeeLeaveSheet : Page_Load
2016-12-06 14:23:48.1237|DEBUG|GroupHRIS.EmployeeLeave.webFrmEmployeeLeaveSheet|IP:::1webFrmEmployeeLeaveSheet : Page_Load
2016-12-06 14:23:48.1237|DEBUG|GroupHRIS.EmployeeLeave.webFrmEmployeeLeaveSheet|webFrmEmployeeLeaveSheet : ddlLeaveType_Update()
2016-12-06 14:23:48.1237|DEBUG|GroupHRIS.EmployeeLeave.webFrmEmployeeLeaveSheet|webFrmEmployeeLeaveSheet : gvLeaveSheet_RowDataBound()
2016-12-06 14:23:48.1237|DEBUG|GroupHRIS.EmployeeLeave.webFrmEmployeeLeaveSheet|webFrmEmployeeLeaveSheet : gvLeaveSheet_RowDataBound()
2016-12-06 14:23:48.1549|DEBUG|GroupHRIS.EmployeeLeave.webFrmEmployeeLeaveSheet|webFrmEmployeeLeaveSheet : gvLeaveSheet_RowDataBound()
2016-12-06 14:23:51.2281|DEBUG|GroupHRIS.EmployeeLeave.webFrmEmployeeLeaveSheet|IP:::1webFrmEmployeeLeaveSheet : Page_Load
2016-12-06 14:23:51.2281|DEBUG|GroupHRIS.EmployeeLeave.webFrmEmployeeLeaveSheet|webFrmEmployeeLeaveSheet : ddlLeaveType_Update()
2016-12-06 14:24:02.4758|DEBUG|GroupHRIS.EmployeeLeave.webFrmEmployeeLeaveSheet|IP:::1webFrmEmployeeLeaveSheet : Page_Load
2016-12-06 14:24:02.8346|DEBUG|GroupHRIS.EmployeeLeave.webFrmEmployeeLeaveSheet|webFrmEmployeeLeaveSheet : btnClear_Click()
2016-12-06 14:24:02.8346|DEBUG|GroupHRIS.EmployeeLeave.webFrmEmployeeLeaveSheet|webFrmEmployeeLeaveSheet : clear()
2016-12-06 14:24:02.8346|DEBUG|GroupHRIS.EmployeeLeave.webFrmEmployeeLeaveSheet|webFrmEmployeeLeaveSheet : clearSessionTables()
2016-12-06 14:24:11.9918|DEBUG|GroupHRIS.EmployeeLeave.webFrmEmployeeLeaveSheet|IP:::1webFrmEmployeeLeaveSheet : Page_Load
2016-12-06 14:24:11.9918|DEBUG|GroupHRIS.EmployeeLeave.webFrmEmployeeLeaveSheet|webFrmEmployeeLeaveSheet : createLeaveBucket()
2016-12-06 14:24:11.9918|DEBUG|GroupHRIS.EmployeeLeave.webFrmEmployeeLeaveSheet|webFrmEmployeeLeaveSheet : fillHours()
2016-12-06 14:24:11.9918|DEBUG|GroupHRIS.EmployeeLeave.webFrmEmployeeLeaveSheet|webFrmEmployeeLeaveSheet : fillMinutes()
2016-12-06 14:24:11.9918|DEBUG|GroupHRIS.EmployeeLeave.webFrmEmployeeLeaveSheet|webFrmEmployeeLeaveSheet : fillHours()
2016-12-06 14:24:11.9918|DEBUG|GroupHRIS.EmployeeLeave.webFrmEmployeeLeaveSheet|webFrmEmployeeLeaveSheet : fillMinutes()
2016-12-06 14:24:11.9918|DEBUG|GroupHRIS.EmployeeLeave.webFrmEmployeeLeaveSheet|webFrmEmployeeLeaveSheet : fillLeaveSummary()
2016-12-06 14:24:12.1166|DEBUG|GroupHRIS.EmployeeLeave.webFrmEmployeeLeaveSheet|webFrmEmployeeLeaveSheet : getSupervisor()
2016-12-06 14:24:12.1322|DEBUG|GroupHRIS.EmployeeLeave.webFrmEmployeeLeaveSheet|webFrmEmployeeLeaveSheet : fillHistory()
2016-12-06 14:24:12.1478|DEBUG|GroupHRIS.EmployeeLeave.webFrmEmployeeLeaveSheet|webFrmEmployeeLeaveSheet : gvLeaveHistory_RowDataBound()
2016-12-06 14:24:12.1478|DEBUG|GroupHRIS.EmployeeLeave.webFrmEmployeeLeaveSheet|webFrmEmployeeLeaveSheet : gvLeaveHistory_RowDataBound()
2016-12-06 14:24:12.1478|DEBUG|GroupHRIS.EmployeeLeave.webFrmEmployeeLeaveSheet|webFrmEmployeeLeaveSheet : gvLeaveHistory_RowDataBound()
2016-12-06 14:24:12.1478|DEBUG|GroupHRIS.EmployeeLeave.webFrmEmployeeLeaveSheet|webFrmEmployeeLeaveSheet : gvLeaveHistory_RowDataBound()
2016-12-06 14:24:12.1478|DEBUG|GroupHRIS.EmployeeLeave.webFrmEmployeeLeaveSheet|webFrmEmployeeLeaveSheet : gvLeaveHistory_RowDataBound()
2016-12-06 14:24:12.1634|DEBUG|GroupHRIS.EmployeeLeave.webFrmEmployeeLeaveSheet|webFrmEmployeeLeaveSheet : gvLeaveHistory_RowDataBound()
2016-12-06 14:24:12.1634|DEBUG|GroupHRIS.EmployeeLeave.webFrmEmployeeLeaveSheet|webFrmEmployeeLeaveSheet : gvLeaveHistory_RowDataBound()
2016-12-06 14:24:17.3738|DEBUG|GroupHRIS.Employee.webFrmEmployeeSearch|Page_Load()
2016-12-06 14:24:17.3738|DEBUG|GroupHRIS.Employee.webFrmEmployeeSearch|fillCompanies()
2016-12-06 14:24:17.4206|DEBUG|GroupHRIS.Employee.webFrmEmployeeSearch|fillEmployeeStatus():
2016-12-06 14:24:23.8946|DEBUG|GroupHRIS.Employee.webFrmEmployeeSearch|Page_Load()
2016-12-06 14:24:25.8602|DEBUG|GroupHRIS.Employee.webFrmEmployeeSearch|Page_Load()
2016-12-06 14:24:27.6542|DEBUG|GroupHRIS.Employee.webFrmEmployeeSearch|Page_Load()
2016-12-06 14:24:28.8866|DEBUG|GroupHRIS.EmployeeLeave.webFrmEmployeeLeaveSheet|IP:::1webFrmEmployeeLeaveSheet : Page_Load
2016-12-06 14:24:41.2886|DEBUG|GroupHRIS.EmployeeLeave.webFrmEmployeeLeaveSheet|IP:::1webFrmEmployeeLeaveSheet : Page_Load
2016-12-06 14:24:57.2631|DEBUG|GroupHRIS.EmployeeLeave.webFrmEmployeeLeaveSheet|IP:::1webFrmEmployeeLeaveSheet : Page_Load
2016-12-06 14:24:57.5751|DEBUG|GroupHRIS.EmployeeLeave.webFrmEmployeeLeaveSheet|webFrmEmployeeLeaveSheet : btnApply_Click()
2016-12-06 14:24:57.9963|DEBUG|GroupHRIS.EmployeeLeave.webFrmEmployeeLeaveSheet|webFrmEmployeeLeaveSheet : isLeaveExist()
2016-12-06 14:24:58.0275|DEBUG|GroupHRIS.EmployeeLeave.webFrmEmployeeLeaveSheet|webFrmEmployeeLeaveSheet : gvLeaveSheet_RowDataBound()
2016-12-06 14:24:58.0275|DEBUG|GroupHRIS.EmployeeLeave.webFrmEmployeeLeaveSheet|webFrmEmployeeLeaveSheet : gvLeaveSheet_RowDataBound()
2016-12-06 14:24:58.0743|DEBUG|GroupHRIS.EmployeeLeave.webFrmEmployeeLeaveSheet|webFrmEmployeeLeaveSheet : gvLeaveSheet_RowDataBound()
2016-12-06 14:25:04.4391|DEBUG|GroupHRIS.EmployeeLeave.webFrmEmployeeLeaveSheet|IP:::1webFrmEmployeeLeaveSheet : Page_Load
2016-12-06 14:25:04.4391|DEBUG|GroupHRIS.EmployeeLeave.webFrmEmployeeLeaveSheet|webFrmEmployeeLeaveSheet : ddlLeaveType_Update()
2016-12-06 14:25:04.4391|DEBUG|GroupHRIS.EmployeeLeave.webFrmEmployeeLeaveSheet|webFrmEmployeeLeaveSheet : gvLeaveSheet_RowDataBound()
2016-12-06 14:25:04.4391|DEBUG|GroupHRIS.EmployeeLeave.webFrmEmployeeLeaveSheet|webFrmEmployeeLeaveSheet : gvLeaveSheet_RowDataBound()
2016-12-06 14:25:04.4547|DEBUG|GroupHRIS.EmployeeLeave.webFrmEmployeeLeaveSheet|webFrmEmployeeLeaveSheet : gvLeaveSheet_RowDataBound()
2016-12-06 14:25:16.4355|DEBUG|GroupHRIS.EmployeeLeave.webFrmEmployeeLeaveSheet|IP:::1webFrmEmployeeLeaveSheet : Page_Load
2016-12-06 14:25:34.2819|DEBUG|GroupHRIS.EmployeeLeave.webFrmEmployeeLeaveSheet|IP:::1webFrmEmployeeLeaveSheet : Page_Load
2016-12-06 14:25:34.5939|DEBUG|GroupHRIS.EmployeeLeave.webFrmEmployeeLeaveSheet|webFrmEmployeeLeaveSheet : btnApply_Click()
2016-12-06 14:25:34.8279|DEBUG|GroupHRIS.EmployeeLeave.webFrmEmployeeLeaveSheet|webFrmEmployeeLeaveSheet : isLeaveExist()
2016-12-06 14:25:34.8435|DEBUG|GroupHRIS.EmployeeLeave.webFrmEmployeeLeaveSheet|webFrmEmployeeLeaveSheet : gvLeaveSheet_RowDataBound()
2016-12-06 14:25:34.8435|DEBUG|GroupHRIS.EmployeeLeave.webFrmEmployeeLeaveSheet|webFrmEmployeeLeaveSheet : gvLeaveSheet_RowDataBound()
2016-12-06 14:25:34.8591|DEBUG|GroupHRIS.EmployeeLeave.webFrmEmployeeLeaveSheet|webFrmEmployeeLeaveSheet : gvLeaveSheet_RowDataBound()
2016-12-06 14:25:34.8747|DEBUG|GroupHRIS.EmployeeLeave.webFrmEmployeeLeaveSheet|webFrmEmployeeLeaveSheet : gvLeaveSheet_RowDataBound()
2016-12-06 14:25:38.6343|DEBUG|GroupHRIS.EmployeeLeave.webFrmEmployeeLeaveSheet|IP:::1webFrmEmployeeLeaveSheet : Page_Load
2016-12-06 14:25:38.6343|DEBUG|GroupHRIS.EmployeeLeave.webFrmEmployeeLeaveSheet|webFrmEmployeeLeaveSheet : ddlLeaveType_Update()
2016-12-06 14:25:38.6343|DEBUG|GroupHRIS.EmployeeLeave.webFrmEmployeeLeaveSheet|webFrmEmployeeLeaveSheet : gvLeaveSheet_RowDataBound()
2016-12-06 14:25:38.6343|DEBUG|GroupHRIS.EmployeeLeave.webFrmEmployeeLeaveSheet|webFrmEmployeeLeaveSheet : gvLeaveSheet_RowDataBound()
2016-12-06 14:25:38.6499|DEBUG|GroupHRIS.EmployeeLeave.webFrmEmployeeLeaveSheet|webFrmEmployeeLeaveSheet : gvLeaveSheet_RowDataBound()
2016-12-06 14:25:38.6655|DEBUG|GroupHRIS.EmployeeLeave.webFrmEmployeeLeaveSheet|webFrmEmployeeLeaveSheet : gvLeaveSheet_RowDataBound()
2016-12-06 14:25:46.2940|DEBUG|GroupHRIS.EmployeeLeave.webFrmEmployeeLeaveSheet|IP:::1webFrmEmployeeLeaveSheet : Page_Load
2016-12-06 14:25:46.6216|DEBUG|GroupHRIS.EmployeeLeave.webFrmEmployeeLeaveSheet|webFrmEmployeeLeaveSheet : btnSave_Click()
2016-12-06 14:25:46.6216|DEBUG|GroupHRIS.EmployeeLeave.webFrmEmployeeLeaveSheet|webFrmEmployeeLeaveSheet : isLeaveTypeNotSelected()
2016-12-06 14:25:46.7464|DEBUG|GroupHRIS.EmployeeLeave.webFrmEmployeeLeaveSheet|webFrmEmployeeLeaveSheet : btnSave_Click() -> Insert
2016-12-06 14:25:46.8088|DEBUG|GroupHRIS.EmployeeLeave.webFrmEmployeeLeaveSheet|webFrmEmployeeLeaveSheet : fillHistory()
2016-12-06 14:25:46.8400|DEBUG|GroupHRIS.EmployeeLeave.webFrmEmployeeLeaveSheet|webFrmEmployeeLeaveSheet : gvLeaveHistory_RowDataBound()
2016-12-06 14:25:46.8400|DEBUG|GroupHRIS.EmployeeLeave.webFrmEmployeeLeaveSheet|webFrmEmployeeLeaveSheet : gvLeaveHistory_RowDataBound()
2016-12-06 14:25:46.8400|DEBUG|GroupHRIS.EmployeeLeave.webFrmEmployeeLeaveSheet|webFrmEmployeeLeaveSheet : gvLeaveHistory_RowDataBound()
2016-12-06 14:25:46.8400|DEBUG|GroupHRIS.EmployeeLeave.webFrmEmployeeLeaveSheet|webFrmEmployeeLeaveSheet : gvLeaveHistory_RowDataBound()
2016-12-06 14:25:46.8556|DEBUG|GroupHRIS.EmployeeLeave.webFrmEmployeeLeaveSheet|webFrmEmployeeLeaveSheet : gvLeaveHistory_RowDataBound()
2016-12-06 14:25:46.8556|DEBUG|GroupHRIS.EmployeeLeave.webFrmEmployeeLeaveSheet|webFrmEmployeeLeaveSheet : gvLeaveHistory_RowDataBound()
2016-12-06 14:25:46.8556|DEBUG|GroupHRIS.EmployeeLeave.webFrmEmployeeLeaveSheet|webFrmEmployeeLeaveSheet : gvLeaveHistory_RowDataBound()
2016-12-06 14:25:46.8556|DEBUG|GroupHRIS.EmployeeLeave.webFrmEmployeeLeaveSheet|webFrmEmployeeLeaveSheet : gvLeaveHistory_RowDataBound()
2016-12-06 14:25:46.8868|DEBUG|GroupHRIS.EmployeeLeave.webFrmEmployeeLeaveSheet|webFrmEmployeeLeaveSheet : getMailBodyHtml()
2016-12-06 14:27:38.4031|DEBUG|GroupHRIS.EmployeeLeave.WebFrmApprove|webFrmEmployeeLeaveSheet : getMailBodyHtml()
2016-12-06 14:46:24.8648|DEBUG|GroupHRIS.EmployeeLeave.webFrmEmployeeLeaveSheet|IP:::1webFrmEmployeeLeaveSheet : Page_Load
2016-12-06 14:46:24.8960|DEBUG|GroupHRIS.EmployeeLeave.webFrmEmployeeLeaveSheet|webFrmEmployeeLeaveSheet : createLeaveBucket()
2016-12-06 14:46:24.8960|DEBUG|GroupHRIS.EmployeeLeave.webFrmEmployeeLeaveSheet|webFrmEmployeeLeaveSheet : fillHours()
2016-12-06 14:46:24.8960|DEBUG|GroupHRIS.EmployeeLeave.webFrmEmployeeLeaveSheet|webFrmEmployeeLeaveSheet : fillMinutes()
2016-12-06 14:46:24.8960|DEBUG|GroupHRIS.EmployeeLeave.webFrmEmployeeLeaveSheet|webFrmEmployeeLeaveSheet : fillHours()
2016-12-06 14:46:24.8960|DEBUG|GroupHRIS.EmployeeLeave.webFrmEmployeeLeaveSheet|webFrmEmployeeLeaveSheet : fillMinutes()
2016-12-06 14:46:24.9116|DEBUG|GroupHRIS.EmployeeLeave.webFrmEmployeeLeaveSheet|webFrmEmployeeLeaveSheet : fillLeaveSummary()
2016-12-06 14:46:25.0676|DEBUG|GroupHRIS.EmployeeLeave.webFrmEmployeeLeaveSheet|webFrmEmployeeLeaveSheet : getSupervisor()
2016-12-06 14:46:25.0832|DEBUG|GroupHRIS.EmployeeLeave.webFrmEmployeeLeaveSheet|webFrmEmployeeLeaveSheet : fillHistory()
2016-12-06 14:46:25.0988|DEBUG|GroupHRIS.EmployeeLeave.webFrmEmployeeLeaveSheet|webFrmEmployeeLeaveSheet : gvLeaveHistory_RowDataBound()
2016-12-06 14:46:25.0988|DEBUG|GroupHRIS.EmployeeLeave.webFrmEmployeeLeaveSheet|webFrmEmployeeLeaveSheet : gvLeaveHistory_RowDataBound()
2016-12-06 14:46:25.0988|DEBUG|GroupHRIS.EmployeeLeave.webFrmEmployeeLeaveSheet|webFrmEmployeeLeaveSheet : gvLeaveHistory_RowDataBound()
2016-12-06 14:46:25.0988|DEBUG|GroupHRIS.EmployeeLeave.webFrmEmployeeLeaveSheet|webFrmEmployeeLeaveSheet : gvLeaveHistory_RowDataBound()
2016-12-06 14:46:25.0988|DEBUG|GroupHRIS.EmployeeLeave.webFrmEmployeeLeaveSheet|webFrmEmployeeLeaveSheet : gvLeaveHistory_RowDataBound()
2016-12-06 14:46:25.0988|DEBUG|GroupHRIS.EmployeeLeave.webFrmEmployeeLeaveSheet|webFrmEmployeeLeaveSheet : gvLeaveHistory_RowDataBound()
2016-12-06 14:46:25.0988|DEBUG|GroupHRIS.EmployeeLeave.webFrmEmployeeLeaveSheet|webFrmEmployeeLeaveSheet : gvLeaveHistory_RowDataBound()
2016-12-06 14:46:25.0988|DEBUG|GroupHRIS.EmployeeLeave.webFrmEmployeeLeaveSheet|webFrmEmployeeLeaveSheet : gvLeaveHistory_RowDataBound()
2016-12-06 14:46:40.8080|DEBUG|GroupHRIS.Employee.webFrmEmployeeSearch|Page_Load()
2016-12-06 14:46:40.8080|DEBUG|GroupHRIS.Employee.webFrmEmployeeSearch|fillCompanies()
2016-12-06 14:46:40.9952|DEBUG|GroupHRIS.Employee.webFrmEmployeeSearch|fillEmployeeStatus():
2016-12-06 14:46:59.4189|DEBUG|GroupHRIS.Employee.webFrmEmployeeSearch|Page_Load()
2016-12-06 14:47:01.4781|DEBUG|GroupHRIS.Employee.webFrmEmployeeSearch|Page_Load()
2016-12-06 14:47:03.3345|DEBUG|GroupHRIS.EmployeeLeave.webFrmEmployeeLeaveSheet|IP:::1webFrmEmployeeLeaveSheet : Page_Load
2016-12-06 14:47:04.3485|DEBUG|GroupHRIS.Employee.webFrmEmployeeSearch|Page_Load()
2016-12-06 14:48:39.9611|DEBUG|GroupHRIS.EmployeeLeave.webFrmEmployeeLeaveSheet|IP:::1webFrmEmployeeLeaveSheet : Page_Load
2016-12-06 14:48:58.8527|DEBUG|GroupHRIS.EmployeeLeave.webFrmEmployeeLeaveSheet|IP:::1webFrmEmployeeLeaveSheet : Page_Load
2016-12-06 14:48:59.2115|DEBUG|GroupHRIS.EmployeeLeave.webFrmEmployeeLeaveSheet|webFrmEmployeeLeaveSheet : btnApply_Click()
2016-12-06 14:48:59.2895|DEBUG|GroupHRIS.EmployeeLeave.webFrmEmployeeLeaveSheet|webFrmEmployeeLeaveSheet : isLeaveExist()
2016-12-06 14:48:59.3051|DEBUG|GroupHRIS.EmployeeLeave.webFrmEmployeeLeaveSheet|webFrmEmployeeLeaveSheet : gvLeaveSheet_RowDataBound()
2016-12-06 14:48:59.3051|DEBUG|GroupHRIS.EmployeeLeave.webFrmEmployeeLeaveSheet|webFrmEmployeeLeaveSheet : gvLeaveSheet_RowDataBound()
2016-12-06 14:48:59.3207|DEBUG|GroupHRIS.EmployeeLeave.webFrmEmployeeLeaveSheet|webFrmEmployeeLeaveSheet : gvLeaveSheet_RowDataBound()
2016-12-06 14:49:03.7355|DEBUG|GroupHRIS.EmployeeLeave.webFrmEmployeeLeaveSheet|IP:::1webFrmEmployeeLeaveSheet : Page_Load
2016-12-06 14:49:03.7355|DEBUG|GroupHRIS.EmployeeLeave.webFrmEmployeeLeaveSheet|webFrmEmployeeLeaveSheet : ddlLeaveType_Update()
2016-12-06 14:49:03.7355|DEBUG|GroupHRIS.EmployeeLeave.webFrmEmployeeLeaveSheet|webFrmEmployeeLeaveSheet : gvLeaveSheet_RowDataBound()
2016-12-06 14:49:03.7355|DEBUG|GroupHRIS.EmployeeLeave.webFrmEmployeeLeaveSheet|webFrmEmployeeLeaveSheet : gvLeaveSheet_RowDataBound()
2016-12-06 14:49:03.7667|DEBUG|GroupHRIS.EmployeeLeave.webFrmEmployeeLeaveSheet|webFrmEmployeeLeaveSheet : gvLeaveSheet_RowDataBound()
2016-12-06 14:49:04.4999|DEBUG|GroupHRIS.EmployeeLeave.webFrmEmployeeLeaveSheet|IP:::1webFrmEmployeeLeaveSheet : Page_Load
2016-12-06 14:49:04.8119|DEBUG|GroupHRIS.EmployeeLeave.webFrmEmployeeLeaveSheet|webFrmEmployeeLeaveSheet : btnSave_Click()
2016-12-06 14:49:04.8119|DEBUG|GroupHRIS.EmployeeLeave.webFrmEmployeeLeaveSheet|webFrmEmployeeLeaveSheet : isLeaveTypeNotSelected()
2016-12-06 14:49:05.6387|DEBUG|GroupHRIS.EmployeeLeave.webFrmEmployeeLeaveSheet|webFrmEmployeeLeaveSheet : btnSave_Click() -> Insert
2016-12-06 14:49:06.1691|DEBUG|GroupHRIS.EmployeeLeave.webFrmEmployeeLeaveSheet|webFrmEmployeeLeaveSheet : fillHistory()
2016-12-06 14:49:06.1847|DEBUG|GroupHRIS.EmployeeLeave.webFrmEmployeeLeaveSheet|webFrmEmployeeLeaveSheet : gvLeaveHistory_RowDataBound()
2016-12-06 14:49:06.1847|DEBUG|GroupHRIS.EmployeeLeave.webFrmEmployeeLeaveSheet|webFrmEmployeeLeaveSheet : gvLeaveHistory_RowDataBound()
2016-12-06 14:49:06.1847|DEBUG|GroupHRIS.EmployeeLeave.webFrmEmployeeLeaveSheet|webFrmEmployeeLeaveSheet : gvLeaveHistory_RowDataBound()
2016-12-06 14:49:06.1847|DEBUG|GroupHRIS.EmployeeLeave.webFrmEmployeeLeaveSheet|webFrmEmployeeLeaveSheet : gvLeaveHistory_RowDataBound()
2016-12-06 14:49:06.1847|DEBUG|GroupHRIS.EmployeeLeave.webFrmEmployeeLeaveSheet|webFrmEmployeeLeaveSheet : gvLeaveHistory_RowDataBound()
2016-12-06 14:49:06.1847|DEBUG|GroupHRIS.EmployeeLeave.webFrmEmployeeLeaveSheet|webFrmEmployeeLeaveSheet : gvLeaveHistory_RowDataBound()
2016-12-06 14:49:06.1847|DEBUG|GroupHRIS.EmployeeLeave.webFrmEmployeeLeaveSheet|webFrmEmployeeLeaveSheet : gvLeaveHistory_RowDataBound()
2016-12-06 14:49:06.1847|DEBUG|GroupHRIS.EmployeeLeave.webFrmEmployeeLeaveSheet|webFrmEmployeeLeaveSheet : gvLeaveHistory_RowDataBound()
2016-12-06 14:49:06.2315|DEBUG|GroupHRIS.EmployeeLeave.webFrmEmployeeLeaveSheet|webFrmEmployeeLeaveSheet : getMailBodyHtml()
2016-12-06 14:49:16.0595|DEBUG|GroupHRIS.EmployeeLeave.webFrmEmployeeLeaveSheet|IP:::1webFrmEmployeeLeaveSheet : Page_Load
2016-12-06 14:50:02.7972|DEBUG|GroupHRIS.EmployeeLeave.webFrmEmployeeLeaveSheet|IP:::1webFrmEmployeeLeaveSheet : Page_Load
2016-12-06 14:50:03.1092|DEBUG|GroupHRIS.EmployeeLeave.webFrmEmployeeLeaveSheet|webFrmEmployeeLeaveSheet : btnApply_Click()
2016-12-06 14:50:03.1872|DEBUG|GroupHRIS.EmployeeLeave.webFrmEmployeeLeaveSheet|webFrmEmployeeLeaveSheet : isLeaveExist()
2016-12-06 14:50:03.2184|DEBUG|GroupHRIS.EmployeeLeave.webFrmEmployeeLeaveSheet|webFrmEmployeeLeaveSheet : gvLeaveSheet_RowDataBound()
2016-12-06 14:50:03.2184|DEBUG|GroupHRIS.EmployeeLeave.webFrmEmployeeLeaveSheet|webFrmEmployeeLeaveSheet : gvLeaveSheet_RowDataBound()
2016-12-06 14:50:03.2496|DEBUG|GroupHRIS.EmployeeLeave.webFrmEmployeeLeaveSheet|webFrmEmployeeLeaveSheet : gvLeaveSheet_RowDataBound()
2016-12-06 14:50:03.2652|DEBUG|GroupHRIS.EmployeeLeave.webFrmEmployeeLeaveSheet|webFrmEmployeeLeaveSheet : gvLeaveSheet_RowDataBound()
2016-12-06 14:50:06.9780|DEBUG|GroupHRIS.EmployeeLeave.webFrmEmployeeLeaveSheet|IP:::1webFrmEmployeeLeaveSheet : Page_Load
2016-12-06 14:50:06.9780|DEBUG|GroupHRIS.EmployeeLeave.webFrmEmployeeLeaveSheet|webFrmEmployeeLeaveSheet : ddlLeaveType_Update()
2016-12-06 14:50:06.9780|DEBUG|GroupHRIS.EmployeeLeave.webFrmEmployeeLeaveSheet|webFrmEmployeeLeaveSheet : gvLeaveSheet_RowDataBound()
2016-12-06 14:50:06.9780|DEBUG|GroupHRIS.EmployeeLeave.webFrmEmployeeLeaveSheet|webFrmEmployeeLeaveSheet : gvLeaveSheet_RowDataBound()
2016-12-06 14:50:07.0092|DEBUG|GroupHRIS.EmployeeLeave.webFrmEmployeeLeaveSheet|webFrmEmployeeLeaveSheet : gvLeaveSheet_RowDataBound()
2016-12-06 14:50:07.0248|DEBUG|GroupHRIS.EmployeeLeave.webFrmEmployeeLeaveSheet|webFrmEmployeeLeaveSheet : gvLeaveSheet_RowDataBound()
2016-12-06 14:50:10.4256|DEBUG|GroupHRIS.EmployeeLeave.webFrmEmployeeLeaveSheet|IP:::1webFrmEmployeeLeaveSheet : Page_Load
2016-12-06 14:50:10.7376|DEBUG|GroupHRIS.EmployeeLeave.webFrmEmployeeLeaveSheet|webFrmEmployeeLeaveSheet : btnSave_Click()
2016-12-06 14:50:10.7376|DEBUG|GroupHRIS.EmployeeLeave.webFrmEmployeeLeaveSheet|webFrmEmployeeLeaveSheet : isLeaveTypeNotSelected()
2016-12-06 15:08:00.3637|DEBUG|GroupHRIS.EmployeeLeave.webFrmEmployeeLeaveSheet|IP:::1webFrmEmployeeLeaveSheet : Page_Load
2016-12-06 15:08:00.4097|DEBUG|GroupHRIS.EmployeeLeave.webFrmEmployeeLeaveSheet|webFrmEmployeeLeaveSheet : createLeaveBucket()
2016-12-06 15:08:00.4097|DEBUG|GroupHRIS.EmployeeLeave.webFrmEmployeeLeaveSheet|webFrmEmployeeLeaveSheet : fillHours()
2016-12-06 15:08:00.4097|DEBUG|GroupHRIS.EmployeeLeave.webFrmEmployeeLeaveSheet|webFrmEmployeeLeaveSheet : fillMinutes()
2016-12-06 15:08:00.4097|DEBUG|GroupHRIS.EmployeeLeave.webFrmEmployeeLeaveSheet|webFrmEmployeeLeaveSheet : fillHours()
2016-12-06 15:08:00.4097|DEBUG|GroupHRIS.EmployeeLeave.webFrmEmployeeLeaveSheet|webFrmEmployeeLeaveSheet : fillMinutes()
2016-12-06 15:08:00.4287|DEBUG|GroupHRIS.EmployeeLeave.webFrmEmployeeLeaveSheet|webFrmEmployeeLeaveSheet : fillLeaveSummary()
2016-12-06 15:08:01.5358|DEBUG|GroupHRIS.EmployeeLeave.webFrmEmployeeLeaveSheet|webFrmEmployeeLeaveSheet : getSupervisor()
2016-12-06 15:08:01.6108|DEBUG|GroupHRIS.EmployeeLeave.webFrmEmployeeLeaveSheet|webFrmEmployeeLeaveSheet : fillHistory()
2016-12-06 15:08:01.6658|DEBUG|GroupHRIS.EmployeeLeave.webFrmEmployeeLeaveSheet|webFrmEmployeeLeaveSheet : gvLeaveHistory_RowDataBound()
2016-12-06 15:08:01.6658|DEBUG|GroupHRIS.EmployeeLeave.webFrmEmployeeLeaveSheet|webFrmEmployeeLeaveSheet : gvLeaveHistory_RowDataBound()
2016-12-06 15:08:01.6658|DEBUG|GroupHRIS.EmployeeLeave.webFrmEmployeeLeaveSheet|webFrmEmployeeLeaveSheet : gvLeaveHistory_RowDataBound()
2016-12-06 15:08:01.6658|DEBUG|GroupHRIS.EmployeeLeave.webFrmEmployeeLeaveSheet|webFrmEmployeeLeaveSheet : gvLeaveHistory_RowDataBound()
2016-12-06 15:08:01.6728|DEBUG|GroupHRIS.EmployeeLeave.webFrmEmployeeLeaveSheet|webFrmEmployeeLeaveSheet : gvLeaveHistory_RowDataBound()
2016-12-06 15:08:01.6728|DEBUG|GroupHRIS.EmployeeLeave.webFrmEmployeeLeaveSheet|webFrmEmployeeLeaveSheet : gvLeaveHistory_RowDataBound()
2016-12-06 15:08:01.6728|DEBUG|GroupHRIS.EmployeeLeave.webFrmEmployeeLeaveSheet|webFrmEmployeeLeaveSheet : gvLeaveHistory_RowDataBound()
2016-12-06 15:08:32.8376|DEBUG|GroupHRIS.Employee.webFrmEmployeeSearch|Page_Load()
2016-12-06 15:08:32.8376|DEBUG|GroupHRIS.Employee.webFrmEmployeeSearch|fillCompanies()
2016-12-06 15:08:32.8876|DEBUG|GroupHRIS.Employee.webFrmEmployeeSearch|fillEmployeeStatus():
2016-12-06 15:08:39.3129|DEBUG|GroupHRIS.Employee.webFrmEmployeeSearch|Page_Load()
2016-12-06 15:08:41.3630|DEBUG|GroupHRIS.Employee.webFrmEmployeeSearch|Page_Load()
2016-12-06 15:08:44.0842|DEBUG|GroupHRIS.Employee.webFrmEmployeeSearch|Page_Load()
2016-12-06 15:08:44.8332|DEBUG|GroupHRIS.EmployeeLeave.webFrmEmployeeLeaveSheet|IP:::1webFrmEmployeeLeaveSheet : Page_Load
2016-12-06 15:08:57.3580|DEBUG|GroupHRIS.EmployeeLeave.webFrmEmployeeLeaveSheet|IP:::1webFrmEmployeeLeaveSheet : Page_Load
2016-12-06 15:09:15.4930|DEBUG|GroupHRIS.EmployeeLeave.webFrmEmployeeLeaveSheet|IP:::1webFrmEmployeeLeaveSheet : Page_Load
2016-12-06 15:09:15.9390|DEBUG|GroupHRIS.EmployeeLeave.webFrmEmployeeLeaveSheet|webFrmEmployeeLeaveSheet : btnApply_Click()
2016-12-06 15:09:16.2480|DEBUG|GroupHRIS.EmployeeLeave.webFrmEmployeeLeaveSheet|webFrmEmployeeLeaveSheet : isLeaveExist()
2016-12-06 15:09:16.3060|DEBUG|GroupHRIS.EmployeeLeave.webFrmEmployeeLeaveSheet|webFrmEmployeeLeaveSheet : gvLeaveSheet_RowDataBound()
2016-12-06 15:09:16.3060|DEBUG|GroupHRIS.EmployeeLeave.webFrmEmployeeLeaveSheet|webFrmEmployeeLeaveSheet : gvLeaveSheet_RowDataBound()
2016-12-06 15:09:16.3580|DEBUG|GroupHRIS.EmployeeLeave.webFrmEmployeeLeaveSheet|webFrmEmployeeLeaveSheet : gvLeaveSheet_RowDataBound()
2016-12-06 15:09:22.8494|DEBUG|GroupHRIS.EmployeeLeave.webFrmEmployeeLeaveSheet|IP:::1webFrmEmployeeLeaveSheet : Page_Load
2016-12-06 15:09:22.8554|DEBUG|GroupHRIS.EmployeeLeave.webFrmEmployeeLeaveSheet|webFrmEmployeeLeaveSheet : ddlLeaveType_Update()
2016-12-06 15:09:22.8554|DEBUG|GroupHRIS.EmployeeLeave.webFrmEmployeeLeaveSheet|webFrmEmployeeLeaveSheet : gvLeaveSheet_RowDataBound()
2016-12-06 15:09:22.8554|DEBUG|GroupHRIS.EmployeeLeave.webFrmEmployeeLeaveSheet|webFrmEmployeeLeaveSheet : gvLeaveSheet_RowDataBound()
2016-12-06 15:09:22.9284|DEBUG|GroupHRIS.EmployeeLeave.webFrmEmployeeLeaveSheet|webFrmEmployeeLeaveSheet : gvLeaveSheet_RowDataBound()
2016-12-06 15:09:34.3951|DEBUG|GroupHRIS.EmployeeLeave.webFrmEmployeeLeaveSheet|IP:::1webFrmEmployeeLeaveSheet : Page_Load
2016-12-06 15:09:55.0323|DEBUG|GroupHRIS.EmployeeLeave.webFrmEmployeeLeaveSheet|IP:::1webFrmEmployeeLeaveSheet : Page_Load
2016-12-06 15:09:55.6143|DEBUG|GroupHRIS.EmployeeLeave.webFrmEmployeeLeaveSheet|webFrmEmployeeLeaveSheet : btnApply_Click()
2016-12-06 15:09:56.2073|DEBUG|GroupHRIS.EmployeeLeave.webFrmEmployeeLeaveSheet|webFrmEmployeeLeaveSheet : isLeaveExist()
2016-12-06 15:09:56.6093|DEBUG|GroupHRIS.EmployeeLeave.webFrmEmployeeLeaveSheet|webFrmEmployeeLeaveSheet : gvLeaveSheet_RowDataBound()
2016-12-06 15:09:56.6163|DEBUG|GroupHRIS.EmployeeLeave.webFrmEmployeeLeaveSheet|webFrmEmployeeLeaveSheet : gvLeaveSheet_RowDataBound()
2016-12-06 15:09:56.6903|DEBUG|GroupHRIS.EmployeeLeave.webFrmEmployeeLeaveSheet|webFrmEmployeeLeaveSheet : gvLeaveSheet_RowDataBound()
2016-12-06 15:09:57.0484|DEBUG|GroupHRIS.EmployeeLeave.webFrmEmployeeLeaveSheet|webFrmEmployeeLeaveSheet : gvLeaveSheet_RowDataBound()
2016-12-06 15:10:01.4356|DEBUG|GroupHRIS.EmployeeLeave.webFrmEmployeeLeaveSheet|IP:::1webFrmEmployeeLeaveSheet : Page_Load
2016-12-06 15:10:01.4356|DEBUG|GroupHRIS.EmployeeLeave.webFrmEmployeeLeaveSheet|webFrmEmployeeLeaveSheet : ddlLeaveType_Update()
2016-12-06 15:10:01.4356|DEBUG|GroupHRIS.EmployeeLeave.webFrmEmployeeLeaveSheet|webFrmEmployeeLeaveSheet : gvLeaveSheet_RowDataBound()
2016-12-06 15:10:01.4506|DEBUG|GroupHRIS.EmployeeLeave.webFrmEmployeeLeaveSheet|webFrmEmployeeLeaveSheet : gvLeaveSheet_RowDataBound()
2016-12-06 15:10:01.5046|DEBUG|GroupHRIS.EmployeeLeave.webFrmEmployeeLeaveSheet|webFrmEmployeeLeaveSheet : gvLeaveSheet_RowDataBound()
2016-12-06 15:10:01.5456|DEBUG|GroupHRIS.EmployeeLeave.webFrmEmployeeLeaveSheet|webFrmEmployeeLeaveSheet : gvLeaveSheet_RowDataBound()
2016-12-06 15:10:05.2178|DEBUG|GroupHRIS.EmployeeLeave.webFrmEmployeeLeaveSheet|IP:::1webFrmEmployeeLeaveSheet : Page_Load
2016-12-06 15:10:05.6249|DEBUG|GroupHRIS.EmployeeLeave.webFrmEmployeeLeaveSheet|webFrmEmployeeLeaveSheet : btnSave_Click()
2016-12-06 15:10:05.6249|DEBUG|GroupHRIS.EmployeeLeave.webFrmEmployeeLeaveSheet|webFrmEmployeeLeaveSheet : isLeaveTypeNotSelected()
2016-12-06 15:10:06.7969|DEBUG|GroupHRIS.EmployeeLeave.webFrmEmployeeLeaveSheet|webFrmEmployeeLeaveSheet : btnSave_Click() -> Insert
2016-12-06 15:10:07.6690|DEBUG|GroupHRIS.EmployeeLeave.webFrmEmployeeLeaveSheet|webFrmEmployeeLeaveSheet : fillHistory()
2016-12-06 15:10:07.7210|DEBUG|GroupHRIS.EmployeeLeave.webFrmEmployeeLeaveSheet|webFrmEmployeeLeaveSheet : gvLeaveHistory_RowDataBound()
2016-12-06 15:10:07.7220|DEBUG|GroupHRIS.EmployeeLeave.webFrmEmployeeLeaveSheet|webFrmEmployeeLeaveSheet : gvLeaveHistory_RowDataBound()
2016-12-06 15:10:07.7220|DEBUG|GroupHRIS.EmployeeLeave.webFrmEmployeeLeaveSheet|webFrmEmployeeLeaveSheet : gvLeaveHistory_RowDataBound()
2016-12-06 15:10:07.7220|DEBUG|GroupHRIS.EmployeeLeave.webFrmEmployeeLeaveSheet|webFrmEmployeeLeaveSheet : gvLeaveHistory_RowDataBound()
2016-12-06 15:10:07.7220|DEBUG|GroupHRIS.EmployeeLeave.webFrmEmployeeLeaveSheet|webFrmEmployeeLeaveSheet : gvLeaveHistory_RowDataBound()
2016-12-06 15:10:07.7220|DEBUG|GroupHRIS.EmployeeLeave.webFrmEmployeeLeaveSheet|webFrmEmployeeLeaveSheet : gvLeaveHistory_RowDataBound()
2016-12-06 15:10:07.7220|DEBUG|GroupHRIS.EmployeeLeave.webFrmEmployeeLeaveSheet|webFrmEmployeeLeaveSheet : gvLeaveHistory_RowDataBound()
2016-12-06 15:10:07.7220|DEBUG|GroupHRIS.EmployeeLeave.webFrmEmployeeLeaveSheet|webFrmEmployeeLeaveSheet : gvLeaveHistory_RowDataBound()
2016-12-06 15:10:08.1560|DEBUG|GroupHRIS.EmployeeLeave.webFrmEmployeeLeaveSheet|webFrmEmployeeLeaveSheet : getMailBodyHtml()
2016-12-06 15:10:37.1327|DEBUG|GroupHRIS.EmployeeLeave.WebFrmApprove|webFrmEmployeeLeaveSheet : getMailBodyHtml()
2016-12-06 15:10:43.3130|DEBUG|GroupHRIS.EmployeeLeave.WebFrmApprove|webFrmLeaveApproval : gvLeaves_RowCommand()
2016-12-06 15:36:07.9662|DEBUG|GroupHRIS.EmployeeLeave.webFrmEmployeeLeaveSheet|IP:::1webFrmEmployeeLeaveSheet : Page_Load
2016-12-06 15:36:07.9852|DEBUG|GroupHRIS.EmployeeLeave.webFrmEmployeeLeaveSheet|webFrmEmployeeLeaveSheet : createLeaveBucket()
2016-12-06 15:36:07.9852|DEBUG|GroupHRIS.EmployeeLeave.webFrmEmployeeLeaveSheet|webFrmEmployeeLeaveSheet : fillHours()
2016-12-06 15:36:07.9852|DEBUG|GroupHRIS.EmployeeLeave.webFrmEmployeeLeaveSheet|webFrmEmployeeLeaveSheet : fillMinutes()
2016-12-06 15:36:07.9852|DEBUG|GroupHRIS.EmployeeLeave.webFrmEmployeeLeaveSheet|webFrmEmployeeLeaveSheet : fillHours()
2016-12-06 15:36:07.9852|DEBUG|GroupHRIS.EmployeeLeave.webFrmEmployeeLeaveSheet|webFrmEmployeeLeaveSheet : fillMinutes()
2016-12-06 15:36:07.9852|DEBUG|GroupHRIS.EmployeeLeave.webFrmEmployeeLeaveSheet|webFrmEmployeeLeaveSheet : fillLeaveSummary()
2016-12-06 15:36:08.6263|DEBUG|GroupHRIS.EmployeeLeave.webFrmEmployeeLeaveSheet|webFrmEmployeeLeaveSheet : getSupervisor()
2016-12-06 15:36:09.3233|DEBUG|GroupHRIS.EmployeeLeave.webFrmEmployeeLeaveSheet|webFrmEmployeeLeaveSheet : fillHistory()
2016-12-06 15:36:09.3783|DEBUG|GroupHRIS.EmployeeLeave.webFrmEmployeeLeaveSheet|webFrmEmployeeLeaveSheet : gvLeaveHistory_RowDataBound()
2016-12-06 15:36:09.3783|DEBUG|GroupHRIS.EmployeeLeave.webFrmEmployeeLeaveSheet|webFrmEmployeeLeaveSheet : gvLeaveHistory_RowDataBound()
2016-12-06 15:36:09.3783|DEBUG|GroupHRIS.EmployeeLeave.webFrmEmployeeLeaveSheet|webFrmEmployeeLeaveSheet : gvLeaveHistory_RowDataBound()
2016-12-06 15:36:09.3783|DEBUG|GroupHRIS.EmployeeLeave.webFrmEmployeeLeaveSheet|webFrmEmployeeLeaveSheet : gvLeaveHistory_RowDataBound()
2016-12-06 15:36:09.3873|DEBUG|GroupHRIS.EmployeeLeave.webFrmEmployeeLeaveSheet|webFrmEmployeeLeaveSheet : gvLeaveHistory_RowDataBound()
2016-12-06 15:36:09.3873|DEBUG|GroupHRIS.EmployeeLeave.webFrmEmployeeLeaveSheet|webFrmEmployeeLeaveSheet : gvLeaveHistory_RowDataBound()
2016-12-06 15:36:09.3873|DEBUG|GroupHRIS.EmployeeLeave.webFrmEmployeeLeaveSheet|webFrmEmployeeLeaveSheet : gvLeaveHistory_RowDataBound()
2016-12-06 15:36:15.3716|DEBUG|GroupHRIS.EmployeeLeave.webFrmEmployeeLeaveSheet|IP:::1webFrmEmployeeLeaveSheet : Page_Load
2016-12-06 15:36:15.3716|DEBUG|GroupHRIS.EmployeeLeave.webFrmEmployeeLeaveSheet|webFrmEmployeeLeaveSheet : createLeaveBucket()
2016-12-06 15:36:15.3756|DEBUG|GroupHRIS.EmployeeLeave.webFrmEmployeeLeaveSheet|webFrmEmployeeLeaveSheet : fillHours()
2016-12-06 15:36:15.3756|DEBUG|GroupHRIS.EmployeeLeave.webFrmEmployeeLeaveSheet|webFrmEmployeeLeaveSheet : fillMinutes()
2016-12-06 15:36:15.3756|DEBUG|GroupHRIS.EmployeeLeave.webFrmEmployeeLeaveSheet|webFrmEmployeeLeaveSheet : fillHours()
2016-12-06 15:36:15.3756|DEBUG|GroupHRIS.EmployeeLeave.webFrmEmployeeLeaveSheet|webFrmEmployeeLeaveSheet : fillMinutes()
2016-12-06 15:36:15.3756|DEBUG|GroupHRIS.EmployeeLeave.webFrmEmployeeLeaveSheet|webFrmEmployeeLeaveSheet : fillLeaveSummary()
2016-12-06 15:36:16.7497|DEBUG|GroupHRIS.EmployeeLeave.webFrmEmployeeLeaveSheet|webFrmEmployeeLeaveSheet : getSupervisor()
2016-12-06 15:36:16.8237|DEBUG|GroupHRIS.EmployeeLeave.webFrmEmployeeLeaveSheet|webFrmEmployeeLeaveSheet : fillHistory()
2016-12-06 15:36:16.8627|DEBUG|GroupHRIS.EmployeeLeave.webFrmEmployeeLeaveSheet|webFrmEmployeeLeaveSheet : gvLeaveHistory_RowDataBound()
2016-12-06 15:36:16.8627|DEBUG|GroupHRIS.EmployeeLeave.webFrmEmployeeLeaveSheet|webFrmEmployeeLeaveSheet : gvLeaveHistory_RowDataBound()
2016-12-06 15:36:16.8627|DEBUG|GroupHRIS.EmployeeLeave.webFrmEmployeeLeaveSheet|webFrmEmployeeLeaveSheet : gvLeaveHistory_RowDataBound()
2016-12-06 15:36:16.8627|DEBUG|GroupHRIS.EmployeeLeave.webFrmEmployeeLeaveSheet|webFrmEmployeeLeaveSheet : gvLeaveHistory_RowDataBound()
2016-12-06 15:36:16.8627|DEBUG|GroupHRIS.EmployeeLeave.webFrmEmployeeLeaveSheet|webFrmEmployeeLeaveSheet : gvLeaveHistory_RowDataBound()
2016-12-06 15:36:16.8627|DEBUG|GroupHRIS.EmployeeLeave.webFrmEmployeeLeaveSheet|webFrmEmployeeLeaveSheet : gvLeaveHistory_RowDataBound()
2016-12-06 15:36:16.8627|DEBUG|GroupHRIS.EmployeeLeave.webFrmEmployeeLeaveSheet|webFrmEmployeeLeaveSheet : gvLeaveHistory_RowDataBound()
2016-12-06 15:36:29.6535|DEBUG|GroupHRIS.Employee.webFrmEmployeeSearch|Page_Load()
2016-12-06 15:36:29.6535|DEBUG|GroupHRIS.Employee.webFrmEmployeeSearch|fillCompanies()
2016-12-06 15:36:30.0195|DEBUG|GroupHRIS.Employee.webFrmEmployeeSearch|fillEmployeeStatus():
2016-12-06 15:36:36.5319|DEBUG|GroupHRIS.Employee.webFrmEmployeeSearch|Page_Load()
2016-12-06 15:36:38.9110|DEBUG|GroupHRIS.Employee.webFrmEmployeeSearch|Page_Load()
2016-12-06 15:36:40.8371|DEBUG|GroupHRIS.EmployeeLeave.webFrmEmployeeLeaveSheet|IP:::1webFrmEmployeeLeaveSheet : Page_Load
2016-12-06 15:36:41.7572|DEBUG|GroupHRIS.Employee.webFrmEmployeeSearch|Page_Load()
2016-12-06 15:36:53.1378|DEBUG|GroupHRIS.EmployeeLeave.webFrmEmployeeLeaveSheet|IP:::1webFrmEmployeeLeaveSheet : Page_Load
2016-12-06 15:37:06.6226|DEBUG|GroupHRIS.EmployeeLeave.webFrmEmployeeLeaveSheet|IP:::1webFrmEmployeeLeaveSheet : Page_Load
2016-12-06 15:37:07.0036|DEBUG|GroupHRIS.EmployeeLeave.webFrmEmployeeLeaveSheet|webFrmEmployeeLeaveSheet : btnApply_Click()
2016-12-06 15:37:07.2956|DEBUG|GroupHRIS.EmployeeLeave.webFrmEmployeeLeaveSheet|webFrmEmployeeLeaveSheet : isLeaveExist()
2016-12-06 15:37:07.3146|DEBUG|GroupHRIS.EmployeeLeave.webFrmEmployeeLeaveSheet|webFrmEmployeeLeaveSheet : gvLeaveSheet_RowDataBound()
2016-12-06 15:37:07.3146|DEBUG|GroupHRIS.EmployeeLeave.webFrmEmployeeLeaveSheet|webFrmEmployeeLeaveSheet : gvLeaveSheet_RowDataBound()
2016-12-06 15:37:07.3626|DEBUG|GroupHRIS.EmployeeLeave.webFrmEmployeeLeaveSheet|webFrmEmployeeLeaveSheet : gvLeaveSheet_RowDataBound()
2016-12-06 15:37:12.1199|DEBUG|GroupHRIS.EmployeeLeave.webFrmEmployeeLeaveSheet|IP:::1webFrmEmployeeLeaveSheet : Page_Load
2016-12-06 15:37:12.1199|DEBUG|GroupHRIS.EmployeeLeave.webFrmEmployeeLeaveSheet|webFrmEmployeeLeaveSheet : ddlLeaveType_Update()
2016-12-06 15:37:12.1199|DEBUG|GroupHRIS.EmployeeLeave.webFrmEmployeeLeaveSheet|webFrmEmployeeLeaveSheet : gvLeaveSheet_RowDataBound()
2016-12-06 15:37:12.1649|DEBUG|GroupHRIS.EmployeeLeave.webFrmEmployeeLeaveSheet|webFrmEmployeeLeaveSheet : gvLeaveSheet_RowDataBound()
2016-12-06 15:37:12.2169|DEBUG|GroupHRIS.EmployeeLeave.webFrmEmployeeLeaveSheet|webFrmEmployeeLeaveSheet : gvLeaveSheet_RowDataBound()
2016-12-06 15:37:23.1845|DEBUG|GroupHRIS.EmployeeLeave.webFrmEmployeeLeaveSheet|IP:::1webFrmEmployeeLeaveSheet : Page_Load
2016-12-06 15:37:36.5323|DEBUG|GroupHRIS.EmployeeLeave.webFrmEmployeeLeaveSheet|IP:::1webFrmEmployeeLeaveSheet : Page_Load
2016-12-06 15:37:36.8723|DEBUG|GroupHRIS.EmployeeLeave.webFrmEmployeeLeaveSheet|webFrmEmployeeLeaveSheet : btnApply_Click()
2016-12-06 15:37:37.7764|DEBUG|GroupHRIS.EmployeeLeave.webFrmEmployeeLeaveSheet|webFrmEmployeeLeaveSheet : isLeaveExist()
2016-12-06 15:37:37.8324|DEBUG|GroupHRIS.EmployeeLeave.webFrmEmployeeLeaveSheet|webFrmEmployeeLeaveSheet : gvLeaveSheet_RowDataBound()
2016-12-06 15:37:37.8324|DEBUG|GroupHRIS.EmployeeLeave.webFrmEmployeeLeaveSheet|webFrmEmployeeLeaveSheet : gvLeaveSheet_RowDataBound()
2016-12-06 15:37:38.1864|DEBUG|GroupHRIS.EmployeeLeave.webFrmEmployeeLeaveSheet|webFrmEmployeeLeaveSheet : gvLeaveSheet_RowDataBound()
2016-12-06 15:37:38.2354|DEBUG|GroupHRIS.EmployeeLeave.webFrmEmployeeLeaveSheet|webFrmEmployeeLeaveSheet : gvLeaveSheet_RowDataBound()
2016-12-06 15:37:42.2436|DEBUG|GroupHRIS.EmployeeLeave.webFrmEmployeeLeaveSheet|IP:::1webFrmEmployeeLeaveSheet : Page_Load
2016-12-06 15:37:42.2436|DEBUG|GroupHRIS.EmployeeLeave.webFrmEmployeeLeaveSheet|webFrmEmployeeLeaveSheet : ddlLeaveType_Update()
2016-12-06 15:37:42.2436|DEBUG|GroupHRIS.EmployeeLeave.webFrmEmployeeLeaveSheet|webFrmEmployeeLeaveSheet : gvLeaveSheet_RowDataBound()
2016-12-06 15:37:42.2436|DEBUG|GroupHRIS.EmployeeLeave.webFrmEmployeeLeaveSheet|webFrmEmployeeLeaveSheet : gvLeaveSheet_RowDataBound()
2016-12-06 15:37:42.3046|DEBUG|GroupHRIS.EmployeeLeave.webFrmEmployeeLeaveSheet|webFrmEmployeeLeaveSheet : gvLeaveSheet_RowDataBound()
2016-12-06 15:37:42.3536|DEBUG|GroupHRIS.EmployeeLeave.webFrmEmployeeLeaveSheet|webFrmEmployeeLeaveSheet : gvLeaveSheet_RowDataBound()
2016-12-06 15:37:43.0527|DEBUG|GroupHRIS.EmployeeLeave.webFrmEmployeeLeaveSheet|IP:::1webFrmEmployeeLeaveSheet : Page_Load
2016-12-06 15:37:43.4187|DEBUG|GroupHRIS.EmployeeLeave.webFrmEmployeeLeaveSheet|webFrmEmployeeLeaveSheet : btnSave_Click()
2016-12-06 15:37:43.4187|DEBUG|GroupHRIS.EmployeeLeave.webFrmEmployeeLeaveSheet|webFrmEmployeeLeaveSheet : isLeaveTypeNotSelected()
2016-12-06 15:37:46.3188|DEBUG|GroupHRIS.EmployeeLeave.webFrmEmployeeLeaveSheet|webFrmEmployeeLeaveSheet : btnSave_Click() -> Insert
2016-12-06 15:37:48.8020|DEBUG|GroupHRIS.EmployeeLeave.webFrmEmployeeLeaveSheet|webFrmEmployeeLeaveSheet : fillHistory()
2016-12-06 15:37:48.8750|DEBUG|GroupHRIS.EmployeeLeave.webFrmEmployeeLeaveSheet|webFrmEmployeeLeaveSheet : gvLeaveHistory_RowDataBound()
2016-12-06 15:37:48.8750|DEBUG|GroupHRIS.EmployeeLeave.webFrmEmployeeLeaveSheet|webFrmEmployeeLeaveSheet : gvLeaveHistory_RowDataBound()
2016-12-06 15:37:48.8750|DEBUG|GroupHRIS.EmployeeLeave.webFrmEmployeeLeaveSheet|webFrmEmployeeLeaveSheet : gvLeaveHistory_RowDataBound()
2016-12-06 15:37:48.8750|DEBUG|GroupHRIS.EmployeeLeave.webFrmEmployeeLeaveSheet|webFrmEmployeeLeaveSheet : gvLeaveHistory_RowDataBound()
2016-12-06 15:37:48.8750|DEBUG|GroupHRIS.EmployeeLeave.webFrmEmployeeLeaveSheet|webFrmEmployeeLeaveSheet : gvLeaveHistory_RowDataBound()
2016-12-06 15:37:48.8750|DEBUG|GroupHRIS.EmployeeLeave.webFrmEmployeeLeaveSheet|webFrmEmployeeLeaveSheet : gvLeaveHistory_RowDataBound()
2016-12-06 15:37:48.8750|DEBUG|GroupHRIS.EmployeeLeave.webFrmEmployeeLeaveSheet|webFrmEmployeeLeaveSheet : gvLeaveHistory_RowDataBound()
2016-12-06 15:37:48.8830|DEBUG|GroupHRIS.EmployeeLeave.webFrmEmployeeLeaveSheet|webFrmEmployeeLeaveSheet : gvLeaveHistory_RowDataBound()
2016-12-06 15:37:48.9890|DEBUG|GroupHRIS.EmployeeLeave.webFrmEmployeeLeaveSheet|webFrmEmployeeLeaveSheet : getMailBodyHtml()
2016-12-06 15:38:19.9288|DEBUG|GroupHRIS.EmployeeLeave.WebFrmApprove|webFrmEmployeeLeaveSheet : getMailBodyHtml()
2016-12-06 15:38:25.3341|DEBUG|GroupHRIS.EmployeeLeave.WebFrmApprove|webFrmLeaveApproval : gvLeaves_RowCommand()
2016-12-06 16:32:34.7819|DEBUG|GroupHRIS.EmployeeLeave.webFrmEmployeeLeaveSheet|IP:::1webFrmEmployeeLeaveSheet : Page_Load
2016-12-06 16:32:34.8349|DEBUG|GroupHRIS.EmployeeLeave.webFrmEmployeeLeaveSheet|webFrmEmployeeLeaveSheet : createLeaveBucket()
2016-12-06 16:32:34.8429|DEBUG|GroupHRIS.EmployeeLeave.webFrmEmployeeLeaveSheet|webFrmEmployeeLeaveSheet : fillHours()
2016-12-06 16:32:34.8429|DEBUG|GroupHRIS.EmployeeLeave.webFrmEmployeeLeaveSheet|webFrmEmployeeLeaveSheet : fillMinutes()
2016-12-06 16:32:34.8429|DEBUG|GroupHRIS.EmployeeLeave.webFrmEmployeeLeaveSheet|webFrmEmployeeLeaveSheet : fillHours()
2016-12-06 16:32:34.8429|DEBUG|GroupHRIS.EmployeeLeave.webFrmEmployeeLeaveSheet|webFrmEmployeeLeaveSheet : fillMinutes()
2016-12-06 16:32:34.9009|DEBUG|GroupHRIS.EmployeeLeave.webFrmEmployeeLeaveSheet|webFrmEmployeeLeaveSheet : fillLeaveSummary()
2016-12-06 16:32:35.2180|DEBUG|GroupHRIS.EmployeeLeave.webFrmEmployeeLeaveSheet|webFrmEmployeeLeaveSheet : getSupervisor()
2016-12-06 16:32:35.2510|DEBUG|GroupHRIS.EmployeeLeave.webFrmEmployeeLeaveSheet|webFrmEmployeeLeaveSheet : fillHistory()
2016-12-06 16:32:35.2870|DEBUG|GroupHRIS.EmployeeLeave.webFrmEmployeeLeaveSheet|webFrmEmployeeLeaveSheet : gvLeaveHistory_RowDataBound()
2016-12-06 16:32:35.2870|DEBUG|GroupHRIS.EmployeeLeave.webFrmEmployeeLeaveSheet|webFrmEmployeeLeaveSheet : gvLeaveHistory_RowDataBound()
2016-12-06 16:32:35.2870|DEBUG|GroupHRIS.EmployeeLeave.webFrmEmployeeLeaveSheet|webFrmEmployeeLeaveSheet : gvLeaveHistory_RowDataBound()
2016-12-06 16:32:35.2870|DEBUG|GroupHRIS.EmployeeLeave.webFrmEmployeeLeaveSheet|webFrmEmployeeLeaveSheet : gvLeaveHistory_RowDataBound()
2016-12-06 16:32:35.2930|DEBUG|GroupHRIS.EmployeeLeave.webFrmEmployeeLeaveSheet|webFrmEmployeeLeaveSheet : gvLeaveHistory_RowDataBound()
2016-12-06 16:32:35.2930|DEBUG|GroupHRIS.EmployeeLeave.webFrmEmployeeLeaveSheet|webFrmEmployeeLeaveSheet : gvLeaveHistory_RowDataBound()
2016-12-06 16:32:35.2930|DEBUG|GroupHRIS.EmployeeLeave.webFrmEmployeeLeaveSheet|webFrmEmployeeLeaveSheet : gvLeaveHistory_RowDataBound()
2016-12-06 16:32:53.3810|DEBUG|GroupHRIS.Employee.webFrmEmployeeSearch|Page_Load()
2016-12-06 16:32:53.3810|DEBUG|GroupHRIS.Employee.webFrmEmployeeSearch|fillCompanies()
2016-12-06 16:32:53.4040|DEBUG|GroupHRIS.Employee.webFrmEmployeeSearch|fillEmployeeStatus():
2016-12-06 16:33:00.6734|DEBUG|GroupHRIS.Employee.webFrmEmployeeSearch|Page_Load()
2016-12-06 16:33:07.5898|DEBUG|GroupHRIS.Employee.webFrmEmployeeSearch|Page_Load()
2016-12-06 16:33:09.9579|DEBUG|GroupHRIS.Employee.webFrmEmployeeSearch|Page_Load()
2016-12-06 16:33:12.4891|DEBUG|GroupHRIS.EmployeeLeave.webFrmEmployeeLeaveSheet|IP:::1webFrmEmployeeLeaveSheet : Page_Load
2016-12-06 16:33:12.9841|DEBUG|GroupHRIS.Employee.webFrmEmployeeSearch|Page_Load()
2016-12-06 16:33:26.1169|DEBUG|GroupHRIS.EmployeeLeave.webFrmEmployeeLeaveSheet|IP:::1webFrmEmployeeLeaveSheet : Page_Load
2016-12-06 16:33:41.8338|DEBUG|GroupHRIS.EmployeeLeave.webFrmEmployeeLeaveSheet|IP:::1webFrmEmployeeLeaveSheet : Page_Load
2016-12-06 16:33:42.4078|DEBUG|GroupHRIS.EmployeeLeave.webFrmEmployeeLeaveSheet|webFrmEmployeeLeaveSheet : btnApply_Click()
2016-12-06 16:33:42.5268|DEBUG|GroupHRIS.EmployeeLeave.webFrmEmployeeLeaveSheet|webFrmEmployeeLeaveSheet : isLeaveExist()
2016-12-06 16:33:42.5478|DEBUG|GroupHRIS.EmployeeLeave.webFrmEmployeeLeaveSheet|webFrmEmployeeLeaveSheet : gvLeaveSheet_RowDataBound()
2016-12-06 16:33:42.5478|DEBUG|GroupHRIS.EmployeeLeave.webFrmEmployeeLeaveSheet|webFrmEmployeeLeaveSheet : gvLeaveSheet_RowDataBound()
2016-12-06 16:33:42.5688|DEBUG|GroupHRIS.EmployeeLeave.webFrmEmployeeLeaveSheet|webFrmEmployeeLeaveSheet : gvLeaveSheet_RowDataBound()
2016-12-06 16:34:24.6702|DEBUG|GroupHRIS.EmployeeLeave.webFrmEmployeeLeaveSheet|IP:::1webFrmEmployeeLeaveSheet : Page_Load
2016-12-06 16:34:25.1562|DEBUG|GroupHRIS.EmployeeLeave.webFrmEmployeeLeaveSheet|webFrmEmployeeLeaveSheet : btnApply_Click()
2016-12-06 16:34:25.2032|DEBUG|GroupHRIS.EmployeeLeave.webFrmEmployeeLeaveSheet|webFrmEmployeeLeaveSheet : isLeaveExist()
2016-12-06 16:34:25.2032|DEBUG|GroupHRIS.EmployeeLeave.webFrmEmployeeLeaveSheet|webFrmEmployeeLeaveSheet : gvLeaveSheet_RowDataBound()
2016-12-06 16:34:25.2032|DEBUG|GroupHRIS.EmployeeLeave.webFrmEmployeeLeaveSheet|webFrmEmployeeLeaveSheet : gvLeaveSheet_RowDataBound()
2016-12-06 16:34:25.2303|DEBUG|GroupHRIS.EmployeeLeave.webFrmEmployeeLeaveSheet|webFrmEmployeeLeaveSheet : gvLeaveSheet_RowDataBound()
2016-12-06 16:34:39.9631|DEBUG|GroupHRIS.Employee.webFrmEmployeeSearch|Page_Load()
2016-12-06 16:34:39.9631|DEBUG|GroupHRIS.Employee.webFrmEmployeeSearch|fillCompanies()
2016-12-06 16:34:40.0391|DEBUG|GroupHRIS.Employee.webFrmEmployeeSearch|fillEmployeeStatus():
2016-12-06 16:34:41.8202|DEBUG|GroupHRIS.Employee.webFrmEmployeeSearch|Page_Load()
2016-12-06 16:34:52.7688|DEBUG|GroupHRIS.Employee.webFrmEmployeeSearch|Page_Load()
2016-12-06 16:34:52.7688|DEBUG|GroupHRIS.Employee.webFrmEmployeeSearch|ddlCompany_SelectedIndexChanged()
2016-12-06 16:34:52.7688|DEBUG|GroupHRIS.Employee.webFrmEmployeeSearch|fillDepartment() - companyId:CP17
2016-12-06 16:34:52.7928|DEBUG|GroupHRIS.Employee.webFrmEmployeeSearch|fillDesignations() - companyID:CP17
2016-12-06 16:34:54.7369|DEBUG|GroupHRIS.Employee.webFrmEmployeeSearch|Page_Load()
2016-12-06 16:34:58.6552|DEBUG|GroupHRIS.Employee.webFrmEmployeeSearch|Page_Load()
2016-12-06 16:35:00.5003|DEBUG|GroupHRIS.Employee.webFrmEmployeeSearch|Page_Load()
2016-12-06 16:35:01.1003|DEBUG|GroupHRIS.EmployeeLeave.webFrmEmployeeLeaveSheet|IP:::1webFrmEmployeeLeaveSheet : Page_Load
2016-12-06 16:35:01.1003|DEBUG|GroupHRIS.EmployeeLeave.webFrmEmployeeLeaveSheet|webFrmEmployeeLeaveSheet : clear()
2016-12-06 16:35:01.1003|DEBUG|GroupHRIS.EmployeeLeave.webFrmEmployeeLeaveSheet|webFrmEmployeeLeaveSheet : clearSessionTables()
2016-12-06 16:35:01.1003|DEBUG|GroupHRIS.EmployeeLeave.webFrmEmployeeLeaveSheet|webFrmEmployeeLeaveSheet : clearSessionTables()
2016-12-06 16:35:01.1003|DEBUG|GroupHRIS.EmployeeLeave.webFrmEmployeeLeaveSheet|webFrmEmployeeLeaveSheet : fillLeaveSummary()
2016-12-06 16:35:01.5483|DEBUG|GroupHRIS.EmployeeLeave.webFrmEmployeeLeaveSheet|webFrmEmployeeLeaveSheet : getSupervisor()
2016-12-06 16:35:01.5843|DEBUG|GroupHRIS.EmployeeLeave.webFrmEmployeeLeaveSheet|webFrmEmployeeLeaveSheet : fillHistory()
2016-12-06 16:35:01.6143|DEBUG|GroupHRIS.EmployeeLeave.webFrmEmployeeLeaveSheet|webFrmEmployeeLeaveSheet : gvLeaveHistory_RowDataBound()
2016-12-06 16:35:01.6143|DEBUG|GroupHRIS.EmployeeLeave.webFrmEmployeeLeaveSheet|webFrmEmployeeLeaveSheet : gvLeaveHistory_RowDataBound()
2016-12-06 16:35:01.6143|DEBUG|GroupHRIS.EmployeeLeave.webFrmEmployeeLeaveSheet|webFrmEmployeeLeaveSheet : gvLeaveHistory_RowDataBound()
2016-12-06 16:35:01.6223|DEBUG|GroupHRIS.EmployeeLeave.webFrmEmployeeLeaveSheet|webFrmEmployeeLeaveSheet : gvLeaveHistory_RowDataBound()
2016-12-06 16:35:01.6223|DEBUG|GroupHRIS.EmployeeLeave.webFrmEmployeeLeaveSheet|webFrmEmployeeLeaveSheet : gvLeaveHistory_RowDataBound()
2016-12-06 16:35:01.6223|DEBUG|GroupHRIS.EmployeeLeave.webFrmEmployeeLeaveSheet|webFrmEmployeeLeaveSheet : gvLeaveHistory_RowDataBound()
2016-12-06 16:35:01.6223|DEBUG|GroupHRIS.EmployeeLeave.webFrmEmployeeLeaveSheet|webFrmEmployeeLeaveSheet : gvLeaveHistory_RowDataBound()
2016-12-06 16:35:06.9616|DEBUG|GroupHRIS.Employee.webFrmEmployeeSearch|Page_Load()
2016-12-06 16:35:06.9616|DEBUG|GroupHRIS.Employee.webFrmEmployeeSearch|fillCompanies()
2016-12-06 16:35:07.0206|DEBUG|GroupHRIS.Employee.webFrmEmployeeSearch|fillEmployeeStatus():
2016-12-06 16:35:15.9692|DEBUG|GroupHRIS.Employee.webFrmEmployeeSearch|Page_Load()
2016-12-06 16:35:18.0383|DEBUG|GroupHRIS.Employee.webFrmEmployeeSearch|Page_Load()
2016-12-06 16:35:35.0072|DEBUG|GroupHRIS.Employee.webFrmEmployeeSearch|Page_Load()
2016-12-06 16:35:36.4133|DEBUG|GroupHRIS.EmployeeLeave.webFrmEmployeeLeaveSheet|IP:::1webFrmEmployeeLeaveSheet : Page_Load
2016-12-06 16:35:37.2924|DEBUG|GroupHRIS.Employee.webFrmEmployeeSearch|Page_Load()
2016-12-06 16:35:53.7153|DEBUG|GroupHRIS.EmployeeLeave.webFrmEmployeeLeaveSheet|IP:::1webFrmEmployeeLeaveSheet : Page_Load
2016-12-06 16:36:06.8611|DEBUG|GroupHRIS.EmployeeLeave.webFrmEmployeeLeaveSheet|IP:::1webFrmEmployeeLeaveSheet : Page_Load
2016-12-06 16:36:07.2111|DEBUG|GroupHRIS.EmployeeLeave.webFrmEmployeeLeaveSheet|webFrmEmployeeLeaveSheet : btnApply_Click()
2016-12-06 16:36:07.2701|DEBUG|GroupHRIS.EmployeeLeave.webFrmEmployeeLeaveSheet|webFrmEmployeeLeaveSheet : isLeaveExist()
2016-12-06 16:36:07.2701|DEBUG|GroupHRIS.EmployeeLeave.webFrmEmployeeLeaveSheet|webFrmEmployeeLeaveSheet : gvLeaveSheet_RowDataBound()
2016-12-06 16:36:07.2831|DEBUG|GroupHRIS.EmployeeLeave.webFrmEmployeeLeaveSheet|webFrmEmployeeLeaveSheet : gvLeaveSheet_RowDataBound()
2016-12-06 16:36:07.2831|DEBUG|GroupHRIS.EmployeeLeave.webFrmEmployeeLeaveSheet|webFrmEmployeeLeaveSheet : gvLeaveSheet_RowDataBound()
2016-12-06 16:36:28.0143|DEBUG|GroupHRIS.EmployeeLeave.webFrmEmployeeLeaveSheet|IP:::1webFrmEmployeeLeaveSheet : Page_Load
2016-12-06 16:36:28.0153|DEBUG|GroupHRIS.EmployeeLeave.webFrmEmployeeLeaveSheet|webFrmEmployeeLeaveSheet : ddlLeaveType_Update()
2016-12-06 16:36:28.0153|DEBUG|GroupHRIS.EmployeeLeave.webFrmEmployeeLeaveSheet|webFrmEmployeeLeaveSheet : gvLeaveSheet_RowDataBound()
2016-12-06 16:36:28.0153|DEBUG|GroupHRIS.EmployeeLeave.webFrmEmployeeLeaveSheet|webFrmEmployeeLeaveSheet : gvLeaveSheet_RowDataBound()
2016-12-06 16:36:28.0473|DEBUG|GroupHRIS.EmployeeLeave.webFrmEmployeeLeaveSheet|webFrmEmployeeLeaveSheet : gvLeaveSheet_RowDataBound()
2016-12-06 16:37:47.3088|DEBUG|GroupHRIS.EmployeeLeave.webFrmEmployeeLeaveSheet|IP:::1webFrmEmployeeLeaveSheet : Page_Load
2016-12-06 16:38:03.4147|DEBUG|GroupHRIS.EmployeeLeave.webFrmEmployeeLeaveSheet|IP:::1webFrmEmployeeLeaveSheet : Page_Load
2016-12-06 16:38:03.8518|DEBUG|GroupHRIS.EmployeeLeave.webFrmEmployeeLeaveSheet|webFrmEmployeeLeaveSheet : btnApply_Click()
2016-12-06 16:38:03.9788|DEBUG|GroupHRIS.EmployeeLeave.webFrmEmployeeLeaveSheet|webFrmEmployeeLeaveSheet : isLeaveExist()
2016-12-06 16:38:04.0048|DEBUG|GroupHRIS.EmployeeLeave.webFrmEmployeeLeaveSheet|webFrmEmployeeLeaveSheet : gvLeaveSheet_RowDataBound()
2016-12-06 16:38:04.0048|DEBUG|GroupHRIS.EmployeeLeave.webFrmEmployeeLeaveSheet|webFrmEmployeeLeaveSheet : gvLeaveSheet_RowDataBound()
2016-12-06 16:38:04.0318|DEBUG|GroupHRIS.EmployeeLeave.webFrmEmployeeLeaveSheet|webFrmEmployeeLeaveSheet : gvLeaveSheet_RowDataBound()
2016-12-06 16:38:04.0708|DEBUG|GroupHRIS.EmployeeLeave.webFrmEmployeeLeaveSheet|webFrmEmployeeLeaveSheet : gvLeaveSheet_RowDataBound()
2016-12-06 16:38:31.9844|DEBUG|GroupHRIS.EmployeeLeave.webFrmEmployeeLeaveSheet|IP:::1webFrmEmployeeLeaveSheet : Page_Load
2016-12-06 16:38:31.9844|DEBUG|GroupHRIS.EmployeeLeave.webFrmEmployeeLeaveSheet|webFrmEmployeeLeaveSheet : ddlLeaveType_Update()
2016-12-06 16:38:31.9844|DEBUG|GroupHRIS.EmployeeLeave.webFrmEmployeeLeaveSheet|webFrmEmployeeLeaveSheet : gvLeaveSheet_RowDataBound()
2016-12-06 16:38:31.9924|DEBUG|GroupHRIS.EmployeeLeave.webFrmEmployeeLeaveSheet|webFrmEmployeeLeaveSheet : gvLeaveSheet_RowDataBound()
2016-12-06 16:38:32.0144|DEBUG|GroupHRIS.EmployeeLeave.webFrmEmployeeLeaveSheet|webFrmEmployeeLeaveSheet : gvLeaveSheet_RowDataBound()
2016-12-06 16:38:32.0264|DEBUG|GroupHRIS.EmployeeLeave.webFrmEmployeeLeaveSheet|webFrmEmployeeLeaveSheet : gvLeaveSheet_RowDataBound()
2016-12-06 16:51:05.4005|DEBUG|GroupHRIS.EmployeeLeave.webFrmEmployeeLeaveSheet|IP:::1webFrmEmployeeLeaveSheet : Page_Load
2016-12-06 16:51:05.7955|DEBUG|GroupHRIS.EmployeeLeave.webFrmEmployeeLeaveSheet|webFrmEmployeeLeaveSheet : btnSave_Click()
2016-12-06 16:51:05.7955|DEBUG|GroupHRIS.EmployeeLeave.webFrmEmployeeLeaveSheet|webFrmEmployeeLeaveSheet : isLeaveTypeNotSelected()
2016-12-06 16:51:06.2005|DEBUG|GroupHRIS.EmployeeLeave.webFrmEmployeeLeaveSheet|webFrmEmployeeLeaveSheet : btnSave_Click() -> Insert
2016-12-06 16:51:06.2895|DEBUG|GroupHRIS.EmployeeLeave.webFrmEmployeeLeaveSheet|webFrmEmployeeLeaveSheet : fillHistory()
2016-12-06 16:51:06.3065|DEBUG|GroupHRIS.EmployeeLeave.webFrmEmployeeLeaveSheet|webFrmEmployeeLeaveSheet : gvLeaveHistory_RowDataBound()
2016-12-06 16:51:06.3065|DEBUG|GroupHRIS.EmployeeLeave.webFrmEmployeeLeaveSheet|webFrmEmployeeLeaveSheet : gvLeaveHistory_RowDataBound()
2016-12-06 16:51:06.3065|DEBUG|GroupHRIS.EmployeeLeave.webFrmEmployeeLeaveSheet|webFrmEmployeeLeaveSheet : gvLeaveHistory_RowDataBound()
2016-12-06 16:51:06.3065|DEBUG|GroupHRIS.EmployeeLeave.webFrmEmployeeLeaveSheet|webFrmEmployeeLeaveSheet : gvLeaveHistory_RowDataBound()
2016-12-06 16:51:06.3065|DEBUG|GroupHRIS.EmployeeLeave.webFrmEmployeeLeaveSheet|webFrmEmployeeLeaveSheet : gvLeaveHistory_RowDataBound()
2016-12-06 16:51:06.3165|DEBUG|GroupHRIS.EmployeeLeave.webFrmEmployeeLeaveSheet|webFrmEmployeeLeaveSheet : gvLeaveHistory_RowDataBound()
2016-12-06 16:51:06.3795|DEBUG|GroupHRIS.EmployeeLeave.webFrmEmployeeLeaveSheet|webFrmEmployeeLeaveSheet : gvLeaveHistory_RowDataBound()
2016-12-06 16:51:06.3795|DEBUG|GroupHRIS.EmployeeLeave.webFrmEmployeeLeaveSheet|webFrmEmployeeLeaveSheet : gvLeaveHistory_RowDataBound()
2016-12-06 16:51:06.4375|DEBUG|GroupHRIS.EmployeeLeave.webFrmEmployeeLeaveSheet|webFrmEmployeeLeaveSheet : getMailBodyHtml()
2016-12-06 16:51:24.8986|DEBUG|GroupHRIS.EmployeeLeave.WebFrmApprove|webFrmEmployeeLeaveSheet : getMailBodyHtml()
2016-12-06 16:51:30.9749|DEBUG|GroupHRIS.EmployeeLeave.WebFrmApprove|webFrmLeaveApproval : gvLeaves_RowCommand()
2016-12-06 16:56:52.2643|DEBUG|GroupHRIS.EmployeeLeave.webFrmEmployeeLeaveSheet|IP:::1webFrmEmployeeLeaveSheet : Page_Load
2016-12-06 16:56:52.3403|DEBUG|GroupHRIS.EmployeeLeave.webFrmEmployeeLeaveSheet|webFrmEmployeeLeaveSheet : createLeaveBucket()
2016-12-06 16:56:52.3433|DEBUG|GroupHRIS.EmployeeLeave.webFrmEmployeeLeaveSheet|webFrmEmployeeLeaveSheet : fillHours()
2016-12-06 16:56:52.3433|DEBUG|GroupHRIS.EmployeeLeave.webFrmEmployeeLeaveSheet|webFrmEmployeeLeaveSheet : fillMinutes()
2016-12-06 16:56:52.3663|DEBUG|GroupHRIS.EmployeeLeave.webFrmEmployeeLeaveSheet|webFrmEmployeeLeaveSheet : fillHours()
2016-12-06 16:56:52.3733|DEBUG|GroupHRIS.EmployeeLeave.webFrmEmployeeLeaveSheet|webFrmEmployeeLeaveSheet : fillMinutes()
2016-12-06 16:56:52.4183|DEBUG|GroupHRIS.EmployeeLeave.webFrmEmployeeLeaveSheet|webFrmEmployeeLeaveSheet : fillLeaveSummary()
2016-12-06 16:56:52.5673|DEBUG|GroupHRIS.EmployeeLeave.webFrmEmployeeLeaveSheet|webFrmEmployeeLeaveSheet : getSupervisor()
2016-12-06 16:56:52.5933|DEBUG|GroupHRIS.EmployeeLeave.webFrmEmployeeLeaveSheet|webFrmEmployeeLeaveSheet : fillHistory()
2016-12-06 16:56:52.6123|DEBUG|GroupHRIS.EmployeeLeave.webFrmEmployeeLeaveSheet|webFrmEmployeeLeaveSheet : gvLeaveHistory_RowDataBound()
2016-12-06 16:56:52.6123|DEBUG|GroupHRIS.EmployeeLeave.webFrmEmployeeLeaveSheet|webFrmEmployeeLeaveSheet : gvLeaveHistory_RowDataBound()
2016-12-06 16:56:52.6233|DEBUG|GroupHRIS.EmployeeLeave.webFrmEmployeeLeaveSheet|webFrmEmployeeLeaveSheet : gvLeaveHistory_RowDataBound()
2016-12-06 16:56:52.6233|DEBUG|GroupHRIS.EmployeeLeave.webFrmEmployeeLeaveSheet|webFrmEmployeeLeaveSheet : gvLeaveHistory_RowDataBound()
2016-12-06 16:56:52.6233|DEBUG|GroupHRIS.EmployeeLeave.webFrmEmployeeLeaveSheet|webFrmEmployeeLeaveSheet : gvLeaveHistory_RowDataBound()
2016-12-06 16:56:52.6233|DEBUG|GroupHRIS.EmployeeLeave.webFrmEmployeeLeaveSheet|webFrmEmployeeLeaveSheet : gvLeaveHistory_RowDataBound()
2016-12-06 16:56:52.6233|DEBUG|GroupHRIS.EmployeeLeave.webFrmEmployeeLeaveSheet|webFrmEmployeeLeaveSheet : gvLeaveHistory_RowDataBound()
2016-12-06 16:57:11.9734|DEBUG|GroupHRIS.Employee.webFrmEmployeeSearch|Page_Load()
2016-12-06 16:57:11.9734|DEBUG|GroupHRIS.Employee.webFrmEmployeeSearch|fillCompanies()
2016-12-06 16:57:12.0034|DEBUG|GroupHRIS.Employee.webFrmEmployeeSearch|fillEmployeeStatus():
2016-12-06 16:57:18.3188|DEBUG|GroupHRIS.Employee.webFrmEmployeeSearch|Page_Load()
2016-12-06 16:57:20.2779|DEBUG|GroupHRIS.Employee.webFrmEmployeeSearch|Page_Load()
2016-12-06 16:57:22.6620|DEBUG|GroupHRIS.Employee.webFrmEmployeeSearch|Page_Load()
2016-12-06 16:57:23.8851|DEBUG|GroupHRIS.EmployeeLeave.webFrmEmployeeLeaveSheet|IP:::1webFrmEmployeeLeaveSheet : Page_Load
2016-12-06 16:57:37.8579|DEBUG|GroupHRIS.EmployeeLeave.webFrmEmployeeLeaveSheet|IP:::1webFrmEmployeeLeaveSheet : Page_Load
2016-12-06 16:57:57.9321|DEBUG|GroupHRIS.EmployeeLeave.webFrmEmployeeLeaveSheet|IP:::1webFrmEmployeeLeaveSheet : Page_Load
2016-12-06 16:57:58.1001|DEBUG|GroupHRIS.EmployeeLeave.webFrmEmployeeLeaveSheet|webFrmEmployeeLeaveSheet : btnApply_Click()
2016-12-06 16:57:58.3081|DEBUG|GroupHRIS.EmployeeLeave.webFrmEmployeeLeaveSheet|webFrmEmployeeLeaveSheet : isLeaveExist()
2016-12-06 16:57:58.3231|DEBUG|GroupHRIS.EmployeeLeave.webFrmEmployeeLeaveSheet|webFrmEmployeeLeaveSheet : gvLeaveSheet_RowDataBound()
2016-12-06 16:57:58.3231|DEBUG|GroupHRIS.EmployeeLeave.webFrmEmployeeLeaveSheet|webFrmEmployeeLeaveSheet : gvLeaveSheet_RowDataBound()
2016-12-06 16:57:58.3381|DEBUG|GroupHRIS.EmployeeLeave.webFrmEmployeeLeaveSheet|webFrmEmployeeLeaveSheet : gvLeaveSheet_RowDataBound()
2016-12-06 16:58:48.4389|DEBUG|GroupHRIS.EmployeeLeave.webFrmEmployeeLeaveSheet|IP:::1webFrmEmployeeLeaveSheet : Page_Load
2016-12-06 16:59:06.0379|DEBUG|GroupHRIS.EmployeeLeave.webFrmEmployeeLeaveSheet|IP:::1webFrmEmployeeLeaveSheet : Page_Load
2016-12-06 16:59:06.0379|DEBUG|GroupHRIS.EmployeeLeave.webFrmEmployeeLeaveSheet|webFrmEmployeeLeaveSheet : createLeaveBucket()
2016-12-06 16:59:06.0379|DEBUG|GroupHRIS.EmployeeLeave.webFrmEmployeeLeaveSheet|webFrmEmployeeLeaveSheet : fillHours()
2016-12-06 16:59:06.0379|DEBUG|GroupHRIS.EmployeeLeave.webFrmEmployeeLeaveSheet|webFrmEmployeeLeaveSheet : fillMinutes()
2016-12-06 16:59:06.0379|DEBUG|GroupHRIS.EmployeeLeave.webFrmEmployeeLeaveSheet|webFrmEmployeeLeaveSheet : fillHours()
2016-12-06 16:59:06.0379|DEBUG|GroupHRIS.EmployeeLeave.webFrmEmployeeLeaveSheet|webFrmEmployeeLeaveSheet : fillMinutes()
2016-12-06 16:59:06.0379|DEBUG|GroupHRIS.EmployeeLeave.webFrmEmployeeLeaveSheet|webFrmEmployeeLeaveSheet : fillLeaveSummary()
2016-12-06 16:59:06.2720|DEBUG|GroupHRIS.EmployeeLeave.webFrmEmployeeLeaveSheet|webFrmEmployeeLeaveSheet : getSupervisor()
2016-12-06 16:59:06.3080|DEBUG|GroupHRIS.EmployeeLeave.webFrmEmployeeLeaveSheet|webFrmEmployeeLeaveSheet : fillHistory()
2016-12-06 16:59:06.3240|DEBUG|GroupHRIS.EmployeeLeave.webFrmEmployeeLeaveSheet|webFrmEmployeeLeaveSheet : gvLeaveHistory_RowDataBound()
2016-12-06 16:59:06.3240|DEBUG|GroupHRIS.EmployeeLeave.webFrmEmployeeLeaveSheet|webFrmEmployeeLeaveSheet : gvLeaveHistory_RowDataBound()
2016-12-06 16:59:06.3240|DEBUG|GroupHRIS.EmployeeLeave.webFrmEmployeeLeaveSheet|webFrmEmployeeLeaveSheet : gvLeaveHistory_RowDataBound()
2016-12-06 16:59:06.3240|DEBUG|GroupHRIS.EmployeeLeave.webFrmEmployeeLeaveSheet|webFrmEmployeeLeaveSheet : gvLeaveHistory_RowDataBound()
2016-12-06 16:59:06.3240|DEBUG|GroupHRIS.EmployeeLeave.webFrmEmployeeLeaveSheet|webFrmEmployeeLeaveSheet : gvLeaveHistory_RowDataBound()
2016-12-06 16:59:06.3320|DEBUG|GroupHRIS.EmployeeLeave.webFrmEmployeeLeaveSheet|webFrmEmployeeLeaveSheet : gvLeaveHistory_RowDataBound()
2016-12-06 16:59:06.3320|DEBUG|GroupHRIS.EmployeeLeave.webFrmEmployeeLeaveSheet|webFrmEmployeeLeaveSheet : gvLeaveHistory_RowDataBound()
2016-12-06 16:59:12.5633|DEBUG|GroupHRIS.EmployeeLeave.webFrmEmployeeLeaveSheet|IP:::1webFrmEmployeeLeaveSheet : Page_Load
2016-12-06 16:59:23.3139|DEBUG|GroupHRIS.EmployeeLeave.webFrmEmployeeLeaveSheet|IP:::1webFrmEmployeeLeaveSheet : Page_Load
2016-12-06 16:59:23.3139|DEBUG|GroupHRIS.EmployeeLeave.webFrmEmployeeLeaveSheet|webFrmEmployeeLeaveSheet : createLeaveBucket()
2016-12-06 16:59:23.3139|DEBUG|GroupHRIS.EmployeeLeave.webFrmEmployeeLeaveSheet|webFrmEmployeeLeaveSheet : fillHours()
2016-12-06 16:59:23.3139|DEBUG|GroupHRIS.EmployeeLeave.webFrmEmployeeLeaveSheet|webFrmEmployeeLeaveSheet : fillMinutes()
2016-12-06 16:59:23.3139|DEBUG|GroupHRIS.EmployeeLeave.webFrmEmployeeLeaveSheet|webFrmEmployeeLeaveSheet : fillHours()
2016-12-06 16:59:23.3199|DEBUG|GroupHRIS.EmployeeLeave.webFrmEmployeeLeaveSheet|webFrmEmployeeLeaveSheet : fillMinutes()
2016-12-06 16:59:23.3199|DEBUG|GroupHRIS.EmployeeLeave.webFrmEmployeeLeaveSheet|webFrmEmployeeLeaveSheet : fillLeaveSummary()
2016-12-06 16:59:23.4829|DEBUG|GroupHRIS.EmployeeLeave.webFrmEmployeeLeaveSheet|webFrmEmployeeLeaveSheet : getSupervisor()
2016-12-06 16:59:23.5179|DEBUG|GroupHRIS.EmployeeLeave.webFrmEmployeeLeaveSheet|webFrmEmployeeLeaveSheet : fillHistory()
2016-12-06 16:59:23.6320|DEBUG|GroupHRIS.EmployeeLeave.webFrmEmployeeLeaveSheet|webFrmEmployeeLeaveSheet : gvLeaveHistory_RowDataBound()
2016-12-06 16:59:23.6320|DEBUG|GroupHRIS.EmployeeLeave.webFrmEmployeeLeaveSheet|webFrmEmployeeLeaveSheet : gvLeaveHistory_RowDataBound()
2016-12-06 16:59:23.6320|DEBUG|GroupHRIS.EmployeeLeave.webFrmEmployeeLeaveSheet|webFrmEmployeeLeaveSheet : gvLeaveHistory_RowDataBound()
2016-12-06 16:59:23.6320|DEBUG|GroupHRIS.EmployeeLeave.webFrmEmployeeLeaveSheet|webFrmEmployeeLeaveSheet : gvLeaveHistory_RowDataBound()
2016-12-06 16:59:23.6320|DEBUG|GroupHRIS.EmployeeLeave.webFrmEmployeeLeaveSheet|webFrmEmployeeLeaveSheet : gvLeaveHistory_RowDataBound()
2016-12-06 16:59:23.6320|DEBUG|GroupHRIS.EmployeeLeave.webFrmEmployeeLeaveSheet|webFrmEmployeeLeaveSheet : gvLeaveHistory_RowDataBound()
2016-12-06 16:59:23.6320|DEBUG|GroupHRIS.EmployeeLeave.webFrmEmployeeLeaveSheet|webFrmEmployeeLeaveSheet : gvLeaveHistory_RowDataBound()
2016-12-06 16:59:28.7522|DEBUG|GroupHRIS.Employee.webFrmEmployeeSearch|Page_Load()
2016-12-06 16:59:28.7522|DEBUG|GroupHRIS.Employee.webFrmEmployeeSearch|fillCompanies()
2016-12-06 16:59:28.7852|DEBUG|GroupHRIS.Employee.webFrmEmployeeSearch|fillEmployeeStatus():
2016-12-06 16:59:35.7046|DEBUG|GroupHRIS.Employee.webFrmEmployeeSearch|Page_Load()
2016-12-06 16:59:37.4847|DEBUG|GroupHRIS.Employee.webFrmEmployeeSearch|Page_Load()
2016-12-06 16:59:39.6129|DEBUG|GroupHRIS.EmployeeLeave.webFrmEmployeeLeaveSheet|IP:::1webFrmEmployeeLeaveSheet : Page_Load
2016-12-06 16:59:40.6709|DEBUG|GroupHRIS.Employee.webFrmEmployeeSearch|Page_Load()
2016-12-06 16:59:53.1666|DEBUG|GroupHRIS.EmployeeLeave.webFrmEmployeeLeaveSheet|IP:::1webFrmEmployeeLeaveSheet : Page_Load
2016-12-06 17:00:12.6098|DEBUG|GroupHRIS.EmployeeLeave.webFrmEmployeeLeaveSheet|IP:::1webFrmEmployeeLeaveSheet : Page_Load
2016-12-06 17:00:12.9328|DEBUG|GroupHRIS.EmployeeLeave.webFrmEmployeeLeaveSheet|webFrmEmployeeLeaveSheet : btnApply_Click()
2016-12-06 17:00:13.0248|DEBUG|GroupHRIS.EmployeeLeave.webFrmEmployeeLeaveSheet|webFrmEmployeeLeaveSheet : isLeaveExist()
2016-12-06 17:00:13.0438|DEBUG|GroupHRIS.EmployeeLeave.webFrmEmployeeLeaveSheet|webFrmEmployeeLeaveSheet : gvLeaveSheet_RowDataBound()
2016-12-06 17:00:13.0438|DEBUG|GroupHRIS.EmployeeLeave.webFrmEmployeeLeaveSheet|webFrmEmployeeLeaveSheet : gvLeaveSheet_RowDataBound()
2016-12-06 17:00:13.0638|DEBUG|GroupHRIS.EmployeeLeave.webFrmEmployeeLeaveSheet|webFrmEmployeeLeaveSheet : gvLeaveSheet_RowDataBound()
2016-12-06 17:00:17.0790|DEBUG|GroupHRIS.EmployeeLeave.webFrmEmployeeLeaveSheet|IP:::1webFrmEmployeeLeaveSheet : Page_Load
2016-12-06 17:00:17.0790|DEBUG|GroupHRIS.EmployeeLeave.webFrmEmployeeLeaveSheet|webFrmEmployeeLeaveSheet : ddlLeaveType_Update()
2016-12-06 17:00:17.0790|DEBUG|GroupHRIS.EmployeeLeave.webFrmEmployeeLeaveSheet|webFrmEmployeeLeaveSheet : gvLeaveSheet_RowDataBound()
2016-12-06 17:00:17.0790|DEBUG|GroupHRIS.EmployeeLeave.webFrmEmployeeLeaveSheet|webFrmEmployeeLeaveSheet : gvLeaveSheet_RowDataBound()
2016-12-06 17:00:17.1160|DEBUG|GroupHRIS.EmployeeLeave.webFrmEmployeeLeaveSheet|webFrmEmployeeLeaveSheet : gvLeaveSheet_RowDataBound()
2016-12-06 17:00:26.7816|DEBUG|GroupHRIS.EmployeeLeave.webFrmEmployeeLeaveSheet|IP:::1webFrmEmployeeLeaveSheet : Page_Load
2016-12-06 17:00:42.0674|DEBUG|GroupHRIS.EmployeeLeave.webFrmEmployeeLeaveSheet|IP:::1webFrmEmployeeLeaveSheet : Page_Load
2016-12-06 17:00:42.4535|DEBUG|GroupHRIS.EmployeeLeave.webFrmEmployeeLeaveSheet|webFrmEmployeeLeaveSheet : btnApply_Click()
2016-12-06 17:00:42.5255|DEBUG|GroupHRIS.EmployeeLeave.webFrmEmployeeLeaveSheet|webFrmEmployeeLeaveSheet : isLeaveExist()
2016-12-06 17:00:42.5385|DEBUG|GroupHRIS.EmployeeLeave.webFrmEmployeeLeaveSheet|webFrmEmployeeLeaveSheet : gvLeaveSheet_RowDataBound()
2016-12-06 17:00:42.5385|DEBUG|GroupHRIS.EmployeeLeave.webFrmEmployeeLeaveSheet|webFrmEmployeeLeaveSheet : gvLeaveSheet_RowDataBound()
2016-12-06 17:00:42.5385|DEBUG|GroupHRIS.EmployeeLeave.webFrmEmployeeLeaveSheet|webFrmEmployeeLeaveSheet : gvLeaveSheet_RowDataBound()
2016-12-06 17:00:42.5635|DEBUG|GroupHRIS.EmployeeLeave.webFrmEmployeeLeaveSheet|webFrmEmployeeLeaveSheet : gvLeaveSheet_RowDataBound()
2016-12-06 17:00:47.2347|DEBUG|GroupHRIS.EmployeeLeave.webFrmEmployeeLeaveSheet|IP:::1webFrmEmployeeLeaveSheet : Page_Load
2016-12-06 17:00:47.2347|DEBUG|GroupHRIS.EmployeeLeave.webFrmEmployeeLeaveSheet|webFrmEmployeeLeaveSheet : ddlLeaveType_Update()
2016-12-06 17:00:47.2347|DEBUG|GroupHRIS.EmployeeLeave.webFrmEmployeeLeaveSheet|webFrmEmployeeLeaveSheet : gvLeaveSheet_RowDataBound()
2016-12-06 17:00:47.2347|DEBUG|GroupHRIS.EmployeeLeave.webFrmEmployeeLeaveSheet|webFrmEmployeeLeaveSheet : gvLeaveSheet_RowDataBound()
2016-12-06 17:00:47.2557|DEBUG|GroupHRIS.EmployeeLeave.webFrmEmployeeLeaveSheet|webFrmEmployeeLeaveSheet : gvLeaveSheet_RowDataBound()
2016-12-06 17:00:47.2837|DEBUG|GroupHRIS.EmployeeLeave.webFrmEmployeeLeaveSheet|webFrmEmployeeLeaveSheet : gvLeaveSheet_RowDataBound()
2016-12-06 17:00:48.1518|DEBUG|GroupHRIS.EmployeeLeave.webFrmEmployeeLeaveSheet|IP:::1webFrmEmployeeLeaveSheet : Page_Load
2016-12-06 17:00:48.5508|DEBUG|GroupHRIS.EmployeeLeave.webFrmEmployeeLeaveSheet|webFrmEmployeeLeaveSheet : btnSave_Click()
2016-12-06 17:00:48.5508|DEBUG|GroupHRIS.EmployeeLeave.webFrmEmployeeLeaveSheet|webFrmEmployeeLeaveSheet : isLeaveTypeNotSelected()
2016-12-06 17:00:48.6978|DEBUG|GroupHRIS.EmployeeLeave.webFrmEmployeeLeaveSheet|webFrmEmployeeLeaveSheet : btnSave_Click() -> Insert
2016-12-06 17:00:48.7998|DEBUG|GroupHRIS.EmployeeLeave.webFrmEmployeeLeaveSheet|webFrmEmployeeLeaveSheet : fillHistory()
2016-12-06 17:00:48.8138|DEBUG|GroupHRIS.EmployeeLeave.webFrmEmployeeLeaveSheet|webFrmEmployeeLeaveSheet : gvLeaveHistory_RowDataBound()
2016-12-06 17:00:48.8138|DEBUG|GroupHRIS.EmployeeLeave.webFrmEmployeeLeaveSheet|webFrmEmployeeLeaveSheet : gvLeaveHistory_RowDataBound()
2016-12-06 17:00:48.8138|DEBUG|GroupHRIS.EmployeeLeave.webFrmEmployeeLeaveSheet|webFrmEmployeeLeaveSheet : gvLeaveHistory_RowDataBound()
2016-12-06 17:00:48.8138|DEBUG|GroupHRIS.EmployeeLeave.webFrmEmployeeLeaveSheet|webFrmEmployeeLeaveSheet : gvLeaveHistory_RowDataBound()
2016-12-06 17:00:48.8138|DEBUG|GroupHRIS.EmployeeLeave.webFrmEmployeeLeaveSheet|webFrmEmployeeLeaveSheet : gvLeaveHistory_RowDataBound()
2016-12-06 17:00:48.8138|DEBUG|GroupHRIS.EmployeeLeave.webFrmEmployeeLeaveSheet|webFrmEmployeeLeaveSheet : gvLeaveHistory_RowDataBound()
2016-12-06 17:00:48.8138|DEBUG|GroupHRIS.EmployeeLeave.webFrmEmployeeLeaveSheet|webFrmEmployeeLeaveSheet : gvLeaveHistory_RowDataBound()
2016-12-06 17:00:48.8138|DEBUG|GroupHRIS.EmployeeLeave.webFrmEmployeeLeaveSheet|webFrmEmployeeLeaveSheet : gvLeaveHistory_RowDataBound()
2016-12-06 17:00:48.8678|DEBUG|GroupHRIS.EmployeeLeave.webFrmEmployeeLeaveSheet|webFrmEmployeeLeaveSheet : getMailBodyHtml()
2016-12-06 17:01:25.3839|DEBUG|GroupHRIS.EmployeeLeave.WebFrmApprove|webFrmEmployeeLeaveSheet : getMailBodyHtml()
2016-12-06 17:01:34.3474|DEBUG|GroupHRIS.EmployeeLeave.WebFrmApprove|webFrmLeaveApproval : gvLeaves_RowCommand()
