2016-11-29 12:26:21.5554|DEBUG|GroupHRIS.TrainingAndDevelopment.WebFrmTrainingRequstApprove|IP:::1WebFrmTrainingRequstApprove : Page_Load
2016-11-29 12:26:31.2700|DEBUG|GroupHRIS.TrainingAndDevelopment.WebFrmTrainingRequstApprove|IP:::1WebFrmTrainingRequstApprove : Page_Load
2016-11-29 12:26:42.5846|DEBUG|GroupHRIS.TrainingAndDevelopment.WebFrmTrainingRequstApprove|IP:::1WebFrmTrainingRequstApprove : Page_Load
2016-11-29 12:26:42.9707|DEBUG|GroupHRIS.TrainingAndDevelopment.WebFrmTrainingRequstApprove|WebFrmTrainingRequstApprove : grdTrainingRequest_RowCommand
2016-11-29 12:26:44.7648|DEBUG|GroupHRIS.TrainingAndDevelopment.WebFrmTraingRequest|IP:::1WebFrmTraingRequest : Page_Load
2016-11-29 12:26:44.7698|DEBUG|GroupHRIS.TrainingAndDevelopment.WebFrmTraingRequest|fillCompanies()
2016-11-29 12:26:53.2153|DEBUG|GroupHRIS.TrainingAndDevelopment.WebFrmTraingRequest|fillDepartment() - companyId:CP25
2016-11-29 12:26:53.3403|DEBUG|GroupHRIS.TrainingAndDevelopment.WebFrmTraingRequest|fillDivisions() - departmentId:DP00026
2016-11-29 12:27:20.6928|DEBUG|GroupHRIS.TrainingAndDevelopment.WebFrmTraingRequest|IP:::1WebFrmTraingRequest : Page_Load
2016-11-29 12:27:40.9100|DEBUG|GroupHRIS.TrainingAndDevelopment.WebFrmTraingRequest|IP:::1WebFrmTraingRequest : Page_Load
2016-11-29 12:27:41.2688|DEBUG|GroupHRIS.TrainingAndDevelopment.WebFrmTraingRequest|btnSave_Click()
2016-11-29 12:27:52.1424|DEBUG|GroupHRIS.TrainingAndDevelopment.WebFrmTraingRequest|btnSave_Click() -> update
2016-11-29 12:33:56.8458|DEBUG|GroupHRIS.TrainingAndDevelopment.WebFrmTrainingRequstApprove|IP:::1WebFrmTrainingRequstApprove : Page_Load
2016-11-29 12:34:00.0259|DEBUG|GroupHRIS.TrainingAndDevelopment.WebFrmTrainingRequstApprove|IP:::1WebFrmTrainingRequstApprove : Page_Load
2016-11-29 12:34:00.3190|DEBUG|GroupHRIS.TrainingAndDevelopment.WebFrmTrainingRequstApprove|WebFrmTrainingRequstApprove : grdTrainingRequest_RowCommand
2016-11-29 12:34:00.3330|DEBUG|GroupHRIS.TrainingAndDevelopment.WebFrmTraingRequest|IP:::1WebFrmTraingRequest : Page_Load
2016-11-29 12:34:00.3330|DEBUG|GroupHRIS.TrainingAndDevelopment.WebFrmTraingRequest|fillCompanies()
2016-11-29 12:34:03.4281|DEBUG|GroupHRIS.TrainingAndDevelopment.WebFrmTraingRequest|fillDepartment() - companyId:CP27
2016-11-29 12:34:03.5331|DEBUG|GroupHRIS.TrainingAndDevelopment.WebFrmTraingRequest|fillDivisions() - departmentId:DP00037
2016-11-29 12:34:14.6598|DEBUG|GroupHRIS.TrainingAndDevelopment.WebFrmTraingRequest|IP:::1WebFrmTraingRequest : Page_Load
2016-11-29 12:34:39.0614|DEBUG|GroupHRIS.TrainingAndDevelopment.WebFrmTraingRequest|IP:::1WebFrmTraingRequest : Page_Load
2016-11-29 12:34:39.3578|DEBUG|GroupHRIS.TrainingAndDevelopment.WebFrmTraingRequest|btnSave_Click()
2016-11-29 12:34:42.6962|DEBUG|GroupHRIS.TrainingAndDevelopment.WebFrmTraingRequest|btnSave_Click() -> update
2016-11-29 12:34:58.4834|DEBUG|GroupHRIS.TrainingAndDevelopment.WebFrmTrainingRequstApprove|IP:::1WebFrmTrainingRequstApprove : Page_Load
2016-11-29 12:35:05.5658|DEBUG|GroupHRIS.TrainingAndDevelopment.WebFrmTrainingRequstApprove|IP:::1WebFrmTrainingRequstApprove : Page_Load
2016-11-29 13:08:50.5934|DEBUG|GroupHRIS.TrainingAndDevelopment.WebFrmTrainingRequstApprove|IP:::1WebFrmTrainingRequstApprove : Page_Load
2016-11-29 13:08:50.6870|DEBUG|GroupHRIS.TrainingAndDevelopment.WebFrmTrainingRequstApprove|WebFrmTrainingRequstApprove : grdTrainingRequest_RowCommand
2016-11-29 13:08:50.6870|DEBUG|GroupHRIS.TrainingAndDevelopment.WebFrmTraingRequest|IP:::1WebFrmTraingRequest : Page_Load
2016-11-29 13:08:50.6870|DEBUG|GroupHRIS.TrainingAndDevelopment.WebFrmTraingRequest|Session Expired
